[38;5;159m[Genesis] [16:58:45] [INFO] [38;5;121m╭───────────────────────────────────────────────╮[0m[38;5;159m[0m
[38;5;159m[Genesis] [16:58:45] [INFO] [38;5;121m│┈┉┈┉┈┉┈┉┈┉┈┉┈┉┈┉┈┉┈[0m[38;5;159m [38;5;121m[1m[3mGenesis[0m[38;5;159m [38;5;121m┈┉┈┉┈┉┈┉┈┉┈┉┈┉┈┉┈┉┈│[0m[38;5;159m[0m
[38;5;159m[Genesis] [16:58:45] [INFO] [38;5;121m╰───────────────────────────────────────────────╯[0m[38;5;159m[0m
[38;5;159m[Genesis] [16:58:46] [INFO] Running on [38;5;121m[4m[NVIDIA A100-SXM4-80GB][0m[38;5;159m with backend [38;5;121m[4mgs.cuda[0m[38;5;159m. Device memory: [38;5;121m[4m79.25[0m[38;5;159m GB.[0m
[38;5;159m[Genesis] [16:58:46] [INFO] 🚀 Genesis initialized. 🔖 version: [38;5;121m[4m0.3.6[0m[38;5;159m, 🎨 theme: [38;5;121m[4mdark[0m[38;5;159m, 🌱 seed: [38;5;121m[4mNone[0m[38;5;159m, 🐛 debug: [38;5;121m[4mFalse[0m[38;5;159m, 📏 precision: [38;5;121m[4m32[0m[38;5;159m, 🏎️ performance: [38;5;121m[4mFalse[0m[38;5;159m, 💬 verbose: [38;5;121m[4mINFO[0m[38;5;159m[0m
[38;5;159m[Genesis] [16:58:48] [INFO] Scene [38;5;121m[3m<2476dda>[0m[38;5;159m created.[0m
[38;5;159m[Genesis] [16:58:48] [INFO] Adding [38;5;121m<gs.RigidEntity>[0m[38;5;159m. idx: [38;5;121m0[0m[38;5;159m, uid: [38;5;121m[3m<1e8ce58>[0m[38;5;159m, morph: [38;5;121m<gs.morphs.URDF(file='/data/gck/maniladder/maniladder/assets/urdf/panda_leaphand/panda_leaphand_left.urdf')>[0m[38;5;159m, material: [38;5;121m<gs.materials.Rigid>[0m[38;5;159m.[0m
[38;5;159m[Genesis] [16:58:52] [INFO] Applying offset to base link's pose with user provided value in morph.[0m
[32m2026-06-16 16:58:54,888 - maniladder  - INFO - only loading the first pose of the given initial pose Pose(raw_pose=tensor([[-0.4500, -0.3500,  0.0000,  0.0000,  0.0000,  0.0000]],
       device='cuda:0')), parallel loading has not been implemented yet.[0m
[38;5;159m[Genesis] [16:58:54] [INFO] Adding [38;5;121m<gs.RigidEntity>[0m[38;5;159m. idx: [38;5;121m1[0m[38;5;159m, uid: [38;5;121m[3m<154b2d7>[0m[38;5;159m, morph: [38;5;121m<gs.morphs.URDF(file='/data/gck/maniladder/maniladder/assets/urdf/panda_leaphand/panda_leaphand.urdf')>[0m[38;5;159m, material: [38;5;121m<gs.materials.Rigid>[0m[38;5;159m.[0m
[38;5;159m[Genesis] [16:58:58] [INFO] Applying offset to base link's pose with user provided value in morph.[0m
[32m2026-06-16 16:59:00,399 - maniladder  - INFO - only loading the first pose of the given initial pose Pose(raw_pose=tensor([[-0.4500,  0.3000,  0.0000,  0.0000,  0.0000,  0.0000]],
       device='cuda:0')), parallel loading has not been implemented yet.[0m
[38;5;159m[Genesis] [16:59:00] [INFO] Adding [38;5;121m<gs.RigidEntity>[0m[38;5;159m. idx: [38;5;121m2[0m[38;5;159m, uid: [38;5;121m[3m<c1effec>[0m[38;5;159m, morph: [38;5;121m<gs.morphs.Mesh(file='/data/gck/maniladder/maniladder/assets/models/table.glb')>[0m[38;5;159m, material: [38;5;121m<gs.materials.Rigid>[0m[38;5;159m.[0m
[38;5;226m[Genesis] [16:59:00] [WARNING] GLTF is using y-up while Genesis uses z-up. Please set parse_glb_with_zup=True in morph options if you find the mesh is 90-degree rotated. We will set parse_glb_with_zup=True and rotate glb mesh by default later and gradually enforce this option.[0m
/data/gck/miniconda3/envs/maniladder/lib/python3.10/site-packages/pygltflib/__init__.py:830: UserWarning: pygltflib currently does not remove image data from the buffer when converting to data uri.Please open an issue at https://gitlab.com/dodgyville/pygltflib/issues
  warnings.warn("pygltflib currently does not remove image data "
[38;5;159m[Genesis] [16:59:00] [INFO] Adding [38;5;121m<gs.RigidEntity>[0m[38;5;159m. idx: [38;5;121m3[0m[38;5;159m, uid: [38;5;121m[3m<c284eb7>[0m[38;5;159m, morph: [38;5;121m<gs.morphs.Box>[0m[38;5;159m, material: [38;5;121m<gs.materials.Rigid>[0m[38;5;159m.[0m
[38;5;159m[Genesis] [16:59:00] [INFO] Adding [38;5;121m<gs.RigidEntity>[0m[38;5;159m. idx: [38;5;121m4[0m[38;5;159m, uid: [38;5;121m[3m<d21d3f7>[0m[38;5;159m, morph: [38;5;121m<gs.morphs.Plane>[0m[38;5;159m, material: [38;5;121m<gs.materials.Rigid>[0m[38;5;159m.[0m
[38;5;159m[Genesis] [16:59:00] [INFO] Adding [38;5;121m<gs.RigidEntity>[0m[38;5;159m. idx: [38;5;121m5[0m[38;5;159m, uid: [38;5;121m[3m<adc6c2e>[0m[38;5;159m, morph: [38;5;121m<gs.morphs.Box>[0m[38;5;159m, material: [38;5;121m<gs.materials.Rigid>[0m[38;5;159m.[0m
[38;5;159m[Genesis] [16:59:00] [INFO] Adding [38;5;121m<gs.RigidEntity>[0m[38;5;159m. idx: [38;5;121m6[0m[38;5;159m, uid: [38;5;121m[3m<5c15d72>[0m[38;5;159m, morph: [38;5;121m<gs.morphs.Box>[0m[38;5;159m, material: [38;5;121m<gs.materials.Rigid>[0m[38;5;159m.[0m
[38;5;159m[Genesis] [16:59:00] [INFO] Adding [38;5;121m<gs.RigidEntity>[0m[38;5;159m. idx: [38;5;121m7[0m[38;5;159m, uid: [38;5;121m[3m<2c8e6f6>[0m[38;5;159m, morph: [38;5;121m<gs.morphs.Box>[0m[38;5;159m, material: [38;5;121m<gs.materials.Rigid>[0m[38;5;159m.[0m
[38;5;159m[Genesis] [16:59:00] [INFO] Adding [38;5;121m<gs.RigidEntity>[0m[38;5;159m. idx: [38;5;121m8[0m[38;5;159m, uid: [38;5;121m[3m<c0b2303>[0m[38;5;159m, morph: [38;5;121m<gs.morphs.URDF(file='/data/gck/maniladder/maniladder/assets/models/pen_2/mobility.urdf')>[0m[38;5;159m, material: [38;5;121m<gs.materials.Rigid>[0m[38;5;159m.[0m
[38;5;159m[Genesis] [16:59:00] [INFO] Falling back to legacy URDF parser. Default values of physics properties may be off.[0m
[38;5;159m[Genesis] [16:59:00] [INFO] Applying offset to base link's pose with user provided value in morph.[0m
/data/gck/miniconda3/envs/maniladder/lib/python3.10/site-packages/trimesh/triangles.py:302: RuntimeWarning: invalid value encountered in divide
  center_mass = integrated[1:4] / volume
/data/gck/miniconda3/envs/maniladder/lib/python3.10/site-packages/trimesh/triangles.py:302: RuntimeWarning: divide by zero encountered in divide
  center_mass = integrated[1:4] / volume
/data/gck/miniconda3/envs/maniladder/lib/python3.10/site-packages/trimesh/triangles.py:319: RuntimeWarning: invalid value encountered in scalar multiply
  integrated[4] + integrated[6] - (volume * (center_mass[[0, 2]] ** 2).sum())
/data/gck/miniconda3/envs/maniladder/lib/python3.10/site-packages/trimesh/triangles.py:326: RuntimeWarning: invalid value encountered in scalar multiply
  inertia[0, 2] = -(integrated[9] - (volume * np.prod(center_mass[[0, 2]])))
[38;5;159m[Genesis] [16:59:01] [INFO] Adding [38;5;121m<gs.RigidEntity>[0m[38;5;159m. idx: [38;5;121m9[0m[38;5;159m, uid: [38;5;121m[3m<059a112>[0m[38;5;159m, morph: [38;5;121m<gs.morphs.Box>[0m[38;5;159m, material: [38;5;121m<gs.materials.Rigid>[0m[38;5;159m.[0m
[38;5;159m[Genesis] [16:59:01] [INFO] Building scene [38;5;121m[3m<2476dda>[0m[38;5;159m...[0m
[38;5;226m[Genesis] [16:59:05] [WARNING] Reference robot position exceeds joint limits.[0m
[38;5;226m[Genesis] [16:59:07] [WARNING] max_collision_pairs 500 is smaller than the theoretical maximal possible pairs 15593, it uses less memory but might lead to missing some collision pairs if there are too many collision pairs[0m
[38;5;159m[Genesis] [16:59:15] [INFO] Compiling simulation kernels...[0m
[38;5;159m[Genesis] [16:59:52] [INFO] Building visualizer...[0m
/data/gck/miniconda3/envs/maniladder/lib/python3.10/site-packages/torch/utils/_device.py:109: UserWarning: The given NumPy array is not writable, and PyTorch does not support non-writable tensors. This means writing to this tensor will result in undefined behavior. You may want to copy the array to protect its data or make it writable before converting it to a tensor. This type of warning will be suppressed for the rest of this program. (Triggered internally at /pytorch/torch/csrc/utils/tensor_numpy.cpp:213.)
  return func(*args, **kwargs)
Action space: Dict('panda_leaphand-1': Box(-1.0, 1.0, (22,), float32), 'panda_leaphand_left-0': Box(-1.0, 1.0, (22,), float32))
Generating 1 orbit video-only demos → /data/gck/maniladder/site/generated_demos/DualArmOpenPen-v1
  [ep 0/1, attempt 1] step 1/400  terminated=False  truncated=False
[OpenPen-success] step=20 success=False open=False disp=0.0849/0.2200 ends_above=True cap_z=0.2113 body_z=0.2112 min_z=0.1200 both_grasping=False left_close=False left_palm_dist=0.1732/0.1400 right_close=False right_palm_dist=0.3488/0.1400 hands_closed=False left_hand_dist=4.4260/1.2000 right_hand_dist=4.4260/1.2000
[OpenPen-success] step=40 success=False open=False disp=0.1441/0.2200 ends_above=True cap_z=0.2115 body_z=0.2112 min_z=0.1200 both_grasping=False left_close=True left_palm_dist=0.1185/0.1400 right_close=False right_palm_dist=0.3272/0.1400 hands_closed=False left_hand_dist=4.4260/1.2000 right_hand_dist=4.4259/1.2000
[OpenPen-success] step=60 success=False open=False disp=0.1848/0.2200 ends_above=True cap_z=0.2115 body_z=0.2112 min_z=0.1200 both_grasping=False left_close=True left_palm_dist=0.0877/0.1400 right_close=False right_palm_dist=0.2990/0.1400 hands_closed=False left_hand_dist=4.4259/1.2000 right_hand_dist=4.4258/1.2000
[OpenPen-success] step=80 success=False open=False disp=0.2126/0.2200 ends_above=True cap_z=0.2094 body_z=0.2130 min_z=0.1200 both_grasping=False left_close=True left_palm_dist=0.0680/0.1400 right_close=False right_palm_dist=0.2634/0.1400 hands_closed=False left_hand_dist=4.4259/1.2000 right_hand_dist=4.4258/1.2000
[OpenPen-success] step=100 success=False open=True disp=0.7300/0.2200 ends_above=False cap_z=0.0884 body_z=0.2305 min_z=0.1200 both_grasping=False left_close=True left_palm_dist=0.0473/0.1400 right_close=False right_palm_dist=0.6768/0.1400 hands_closed=False left_hand_dist=4.4259/1.2000 right_hand_dist=4.4257/1.2000
  [ep 0/1, attempt 1] step 101/400  terminated=False  truncated=False
[OpenPen-success] step=120 success=False open=True disp=0.8887/0.2200 ends_above=False cap_z=0.0630 body_z=0.2308 min_z=0.1200 both_grasping=False left_close=True left_palm_dist=0.0455/0.1400 right_close=False right_palm_dist=0.7896/0.1400 hands_closed=False left_hand_dist=4.4259/1.2000 right_hand_dist=4.4257/1.2000
[OpenPen-success] step=140 success=False open=True disp=0.8883/0.2200 ends_above=False cap_z=0.0629 body_z=0.2305 min_z=0.1200 both_grasping=False left_close=True left_palm_dist=0.0457/0.1400 right_close=False right_palm_dist=0.7399/0.1400 hands_closed=False left_hand_dist=4.4259/1.2000 right_hand_dist=4.4256/1.2000
[OpenPen-success] step=160 success=False open=True disp=0.8878/0.2200 ends_above=False cap_z=0.0627 body_z=0.2303 min_z=0.1200 both_grasping=False left_close=True left_palm_dist=0.0460/0.1400 right_close=False right_palm_dist=0.6916/0.1400 hands_closed=False left_hand_dist=4.4259/1.2000 right_hand_dist=4.4256/1.2000
[OpenPen-success] step=180 success=False open=True disp=0.8874/0.2200 ends_above=False cap_z=0.0626 body_z=0.2300 min_z=0.1200 both_grasping=False left_close=True left_palm_dist=0.0462/0.1400 right_close=False right_palm_dist=0.6511/0.1400 hands_closed=False left_hand_dist=4.4259/1.2000 right_hand_dist=4.4255/1.2000
[OpenPen-success] step=200 success=False open=True disp=0.8870/0.2200 ends_above=False cap_z=0.0624 body_z=0.2298 min_z=0.1200 both_grasping=False left_close=True left_palm_dist=0.0465/0.1400 right_close=False right_palm_dist=0.6384/0.1400 hands_closed=False left_hand_dist=4.4259/1.2000 right_hand_dist=4.4255/1.2000
  [ep 0/1, attempt 1] step 201/400  terminated=False  truncated=False
[OpenPen-success] step=220 success=False open=True disp=0.8866/0.2200 ends_above=False cap_z=0.0622 body_z=0.2295 min_z=0.1200 both_grasping=False left_close=True left_palm_dist=0.0467/0.1400 right_close=False right_palm_dist=0.6292/0.1400 hands_closed=False left_hand_dist=4.4259/1.2000 right_hand_dist=4.4255/1.2000
[OpenPen-success] step=240 success=False open=True disp=0.8861/0.2200 ends_above=False cap_z=0.0621 body_z=0.2293 min_z=0.1200 both_grasping=False left_close=True left_palm_dist=0.0469/0.1400 right_close=False right_palm_dist=0.6224/0.1400 hands_closed=False left_hand_dist=4.4259/1.2000 right_hand_dist=4.4255/1.2000
[OpenPen-success] step=260 success=False open=True disp=0.8857/0.2200 ends_above=False cap_z=0.0619 body_z=0.2290 min_z=0.1200 both_grasping=False left_close=True left_palm_dist=0.0472/0.1400 right_close=False right_palm_dist=0.6134/0.1400 hands_closed=False left_hand_dist=4.4259/1.2000 right_hand_dist=4.4255/1.2000
[OpenPen-success] step=280 success=False open=True disp=0.8852/0.2200 ends_above=False cap_z=0.0618 body_z=0.2288 min_z=0.1200 both_grasping=False left_close=True left_palm_dist=0.0475/0.1400 right_close=False right_palm_dist=0.6051/0.1400 hands_closed=False left_hand_dist=4.4259/1.2000 right_hand_dist=4.4255/1.2000
[OpenPen-success] step=300 success=False open=True disp=0.8848/0.2200 ends_above=False cap_z=0.0616 body_z=0.2285 min_z=0.1200 both_grasping=False left_close=True left_palm_dist=0.0477/0.1400 right_close=False right_palm_dist=0.6114/0.1400 hands_closed=False left_hand_dist=4.4259/1.2000 right_hand_dist=4.4255/1.2000
  [ep 0/1, attempt 1] step 301/400  terminated=False  truncated=False
[OpenPen-success] step=320 success=False open=True disp=0.8844/0.2200 ends_above=False cap_z=0.0615 body_z=0.2283 min_z=0.1200 both_grasping=False left_close=True left_palm_dist=0.0480/0.1400 right_close=False right_palm_dist=0.6041/0.1400 hands_closed=False left_hand_dist=4.4259/1.2000 right_hand_dist=4.4255/1.2000
[OpenPen-success] step=340 success=False open=True disp=0.8840/0.2200 ends_above=False cap_z=0.0613 body_z=0.2280 min_z=0.1200 both_grasping=False left_close=True left_palm_dist=0.0482/0.1400 right_close=False right_palm_dist=0.5975/0.1400 hands_closed=False left_hand_dist=4.4259/1.2000 right_hand_dist=4.4254/1.2000
[OpenPen-success] step=360 success=False open=True disp=0.8835/0.2200 ends_above=False cap_z=0.0611 body_z=0.2278 min_z=0.1200 both_grasping=False left_close=True left_palm_dist=0.0485/0.1400 right_close=False right_palm_dist=0.5927/0.1400 hands_closed=False left_hand_dist=4.4259/1.2000 right_hand_dist=4.4255/1.2000
[OpenPen-success] step=380 success=False open=True disp=0.8831/0.2200 ends_above=False cap_z=0.0610 body_z=0.2275 min_z=0.1200 both_grasping=False left_close=True left_palm_dist=0.0487/0.1400 right_close=False right_palm_dist=0.5879/0.1400 hands_closed=False left_hand_dist=4.4259/1.2000 right_hand_dist=4.4255/1.2000
[OpenPen-success] step=400 success=False open=True disp=0.8827/0.2200 ends_above=False cap_z=0.0608 body_z=0.2273 min_z=0.1200 both_grasping=False left_close=True left_palm_dist=0.0490/0.1400 right_close=False right_palm_dist=0.5832/0.1400 hands_closed=False left_hand_dist=4.4259/1.2000 right_hand_dist=4.4255/1.2000
  [ep 0/1, attempt 1] step 400/400  terminated=False  truncated=True
  [WARNING] Episode 0 attempt 1 truncated without success. Discarding and retrying...
  [Success Rate] overall: 0.0% (0/1) | moving avg (last 1): 0.0%
[ManiLadder Camera] stop_recording target=/data/gck/maniladder/site/generated_demos/DualArmOpenPen-v1/videos/orbit_camera_failed_ep0_attempt1.mp4
[38;5;159m[Genesis] [17:00:55] [INFO] Saving video to [38;5;121m"/data/gck/maniladder/site/generated_demos/DualArmOpenPen-v1/videos/orbit_camera_failed_ep0_attempt1.mp4"[0m[38;5;159m...[0m
[38;5;159m[Genesis] [17:00:57] [INFO] Video saved.[0m
  [ep 0/1, attempt 2] step 1/400  terminated=False  truncated=False
[OpenPen-success] step=20 success=False open=False disp=0.0482/0.2200 ends_above=True cap_z=0.2111 body_z=0.2110 min_z=0.1200 both_grasping=False left_close=False left_palm_dist=0.2745/0.1400 right_close=False right_palm_dist=0.3933/0.1400 hands_closed=False left_hand_dist=4.4260/1.2000 right_hand_dist=4.4260/1.2000
[OpenPen-success] step=40 success=False open=False disp=0.0735/0.2200 ends_above=True cap_z=0.2113 body_z=0.2111 min_z=0.1200 both_grasping=False left_close=False left_palm_dist=0.2208/0.1400 right_close=False right_palm_dist=0.3476/0.1400 hands_closed=False left_hand_dist=4.4260/1.2000 right_hand_dist=4.4259/1.2000
[OpenPen-success] step=60 success=False open=False disp=0.0769/0.2200 ends_above=True cap_z=0.2113 body_z=0.2111 min_z=0.1200 both_grasping=False left_close=False left_palm_dist=0.1803/0.1400 right_close=False right_palm_dist=0.2950/0.1400 hands_closed=False left_hand_dist=4.4259/1.2000 right_hand_dist=4.4258/1.2000
[OpenPen-success] step=80 success=False open=False disp=0.0584/0.2200 ends_above=True cap_z=0.2112 body_z=0.2111 min_z=0.1200 both_grasping=False left_close=False left_palm_dist=0.1433/0.1400 right_close=False right_palm_dist=0.2381/0.1400 hands_closed=False left_hand_dist=4.4259/1.2000 right_hand_dist=4.4258/1.2000
[OpenPen-success] step=100 success=False open=False disp=0.0176/0.2200 ends_above=True cap_z=0.2111 body_z=0.2111 min_z=0.1200 both_grasping=False left_close=True left_palm_dist=0.1093/0.1400 right_close=False right_palm_dist=0.1880/0.1400 hands_closed=False left_hand_dist=4.4259/1.2000 right_hand_dist=4.4257/1.2000
  [ep 0/1, attempt 2] step 101/400  terminated=False  truncated=False
[OpenPen-success] step=120 success=False open=False disp=-0.0000/0.2200 ends_above=True cap_z=0.2111 body_z=0.2111 min_z=0.1200 both_grasping=False left_close=True left_palm_dist=0.0897/0.1400 right_close=False right_palm_dist=0.1426/0.1400 hands_closed=False left_hand_dist=4.4258/1.2000 right_hand_dist=4.4257/1.2000
[OpenPen-success] step=140 success=False open=False disp=-0.0000/0.2200 ends_above=True cap_z=0.2111 body_z=0.2111 min_z=0.1200 both_grasping=False left_close=True left_palm_dist=0.0695/0.1400 right_close=True right_palm_dist=0.0988/0.1400 hands_closed=False left_hand_dist=4.4258/1.2000 right_hand_dist=4.4256/1.2000
[OpenPen-success] step=160 success=False open=False disp=-0.0000/0.2200 ends_above=True cap_z=0.2111 body_z=0.2111 min_z=0.1200 both_grasping=False left_close=True left_palm_dist=0.0689/0.1400 right_close=True right_palm_dist=0.0596/0.1400 hands_closed=False left_hand_dist=4.4258/1.2000 right_hand_dist=4.4256/1.2000
[OpenPen-success] step=180 success=False open=False disp=0.0077/0.2200 ends_above=True cap_z=0.2120 body_z=0.2121 min_z=0.1200 both_grasping=False left_close=True left_palm_dist=0.0502/0.1400 right_close=True right_palm_dist=0.0496/0.1400 hands_closed=False left_hand_dist=3.7914/1.2000 right_hand_dist=3.8099/1.2000
[OpenPen-success] step=200 success=False open=False disp=0.1136/0.2200 ends_above=True cap_z=0.2136 body_z=0.2157 min_z=0.1200 both_grasping=False left_close=True left_palm_dist=0.0692/0.1400 right_close=True right_palm_dist=0.0994/0.1400 hands_closed=False left_hand_dist=2.1808/1.2000 right_hand_dist=2.1813/1.2000
  [ep 0/1, attempt 2] step 201/400  terminated=False  truncated=False
[OpenPen-success] step=220 success=False open=False disp=0.1582/0.2200 ends_above=True cap_z=0.2133 body_z=0.2146 min_z=0.1200 both_grasping=False left_close=True left_palm_dist=0.0854/0.1400 right_close=True right_palm_dist=0.0919/0.1400 hands_closed=False left_hand_dist=1.4121/1.2000 right_hand_dist=1.3800/1.2000
[OpenPen-success] step=239 success=True open=True disp=0.2215/0.2200 ends_above=True cap_z=0.2138 body_z=0.2143 min_z=0.1200 both_grasping=True left_close=True left_palm_dist=0.0711/0.1400 right_close=True right_palm_dist=0.0993/0.1400 hands_closed=True left_hand_dist=1.0277/1.2000 right_hand_dist=1.0373/1.2000
  [ep 0/1, attempt 2] step 238/400  terminated=True  truncated=False
[OpenPen-success] step=240 success=True open=True disp=0.2221/0.2200 ends_above=True cap_z=0.2137 body_z=0.2142 min_z=0.1200 both_grasping=True left_close=True left_palm_dist=0.0706/0.1400 right_close=True right_palm_dist=0.0995/0.1400 hands_closed=True left_hand_dist=1.0185/1.2000 right_hand_dist=1.0295/1.2000
[OpenPen-success] step=241 success=True open=True disp=0.2223/0.2200 ends_above=True cap_z=0.2136 body_z=0.2141 min_z=0.1200 both_grasping=True left_close=True left_palm_dist=0.0701/0.1400 right_close=True right_palm_dist=0.0997/0.1400 hands_closed=True left_hand_dist=1.0098/1.2000 right_hand_dist=1.0218/1.2000
[OpenPen-success] step=242 success=True open=True disp=0.2224/0.2200 ends_above=True cap_z=0.2136 body_z=0.2141 min_z=0.1200 both_grasping=True left_close=True left_palm_dist=0.0696/0.1400 right_close=True right_palm_dist=0.1000/0.1400 hands_closed=True left_hand_dist=1.0014/1.2000 right_hand_dist=1.0147/1.2000
[OpenPen-success] step=243 success=True open=True disp=0.2225/0.2200 ends_above=True cap_z=0.2136 body_z=0.2140 min_z=0.1200 both_grasping=True left_close=True left_palm_dist=0.0692/0.1400 right_close=True right_palm_dist=0.1002/0.1400 hands_closed=True left_hand_dist=0.9934/1.2000 right_hand_dist=1.0077/1.2000
[OpenPen-success] step=244 success=True open=True disp=0.2226/0.2200 ends_above=True cap_z=0.2136 body_z=0.2140 min_z=0.1200 both_grasping=True left_close=True left_palm_dist=0.0687/0.1400 right_close=True right_palm_dist=0.1005/0.1400 hands_closed=True left_hand_dist=0.9858/1.2000 right_hand_dist=1.0008/1.2000
[OpenPen-success] step=245 success=True open=True disp=0.2227/0.2200 ends_above=True cap_z=0.2136 body_z=0.2140 min_z=0.1200 both_grasping=True left_close=True left_palm_dist=0.0682/0.1400 right_close=True right_palm_dist=0.1007/0.1400 hands_closed=True left_hand_dist=0.9785/1.2000 right_hand_dist=0.9944/1.2000
[OpenPen-success] step=246 success=True open=True disp=0.2228/0.2200 ends_above=True cap_z=0.2136 body_z=0.2140 min_z=0.1200 both_grasping=True left_close=True left_palm_dist=0.0677/0.1400 right_close=True right_palm_dist=0.1009/0.1400 hands_closed=True left_hand_dist=0.9716/1.2000 right_hand_dist=0.9883/1.2000
[OpenPen-success] step=247 success=True open=True disp=0.2229/0.2200 ends_above=True cap_z=0.2137 body_z=0.2139 min_z=0.1200 both_grasping=True left_close=True left_palm_dist=0.0673/0.1400 right_close=True right_palm_dist=0.1012/0.1400 hands_closed=True left_hand_dist=0.9650/1.2000 right_hand_dist=0.9822/1.2000
[OpenPen-success] step=248 success=True open=True disp=0.2230/0.2200 ends_above=True cap_z=0.2137 body_z=0.2139 min_z=0.1200 both_grasping=True left_close=True left_palm_dist=0.0668/0.1400 right_close=True right_palm_dist=0.1014/0.1400 hands_closed=True left_hand_dist=0.9586/1.2000 right_hand_dist=0.9764/1.2000
[OpenPen-success] step=249 success=True open=True disp=0.2231/0.2200 ends_above=True cap_z=0.2137 body_z=0.2139 min_z=0.1200 both_grasping=True left_close=True left_palm_dist=0.0663/0.1400 right_close=True right_palm_dist=0.1016/0.1400 hands_closed=True left_hand_dist=0.9526/1.2000 right_hand_dist=0.9707/1.2000
[OpenPen-success] step=250 success=True open=True disp=0.2232/0.2200 ends_above=True cap_z=0.2137 body_z=0.2138 min_z=0.1200 both_grasping=True left_close=True left_palm_dist=0.0659/0.1400 right_close=True right_palm_dist=0.1018/0.1400 hands_closed=True left_hand_dist=0.9469/1.2000 right_hand_dist=0.9650/1.2000
[OpenPen-success] step=251 success=True open=True disp=0.2234/0.2200 ends_above=True cap_z=0.2137 body_z=0.2138 min_z=0.1200 both_grasping=True left_close=True left_palm_dist=0.0654/0.1400 right_close=True right_palm_dist=0.1020/0.1400 hands_closed=True left_hand_dist=0.9413/1.2000 right_hand_dist=0.9595/1.2000
[OpenPen-success] step=252 success=True open=True disp=0.2235/0.2200 ends_above=True cap_z=0.2138 body_z=0.2138 min_z=0.1200 both_grasping=True left_close=True left_palm_dist=0.0650/0.1400 right_close=True right_palm_dist=0.1023/0.1400 hands_closed=True left_hand_dist=0.9360/1.2000 right_hand_dist=0.9543/1.2000
[OpenPen-success] step=253 success=True open=True disp=0.2236/0.2200 ends_above=True cap_z=0.2138 body_z=0.2138 min_z=0.1200 both_grasping=True left_close=True left_palm_dist=0.0645/0.1400 right_close=True right_palm_dist=0.1025/0.1400 hands_closed=True left_hand_dist=0.9309/1.2000 right_hand_dist=0.9493/1.2000
[OpenPen-success] step=254 success=True open=True disp=0.2236/0.2200 ends_above=True cap_z=0.2138 body_z=0.2137 min_z=0.1200 both_grasping=True left_close=True left_palm_dist=0.0641/0.1400 right_close=True right_palm_dist=0.1027/0.1400 hands_closed=True left_hand_dist=0.9260/1.2000 right_hand_dist=0.9448/1.2000
[OpenPen-success] step=255 success=True open=True disp=0.2237/0.2200 ends_above=True cap_z=0.2138 body_z=0.2137 min_z=0.1200 both_grasping=True left_close=True left_palm_dist=0.0637/0.1400 right_close=True right_palm_dist=0.1029/0.1400 hands_closed=True left_hand_dist=0.9214/1.2000 right_hand_dist=0.9411/1.2000
[OpenPen-success] step=256 success=True open=True disp=0.2239/0.2200 ends_above=True cap_z=0.2138 body_z=0.2137 min_z=0.1200 both_grasping=True left_close=True left_palm_dist=0.0633/0.1400 right_close=True right_palm_dist=0.1032/0.1400 hands_closed=True left_hand_dist=0.9170/1.2000 right_hand_dist=0.9366/1.2000
[OpenPen-success] step=257 success=True open=True disp=0.2240/0.2200 ends_above=True cap_z=0.2139 body_z=0.2137 min_z=0.1200 both_grasping=True left_close=True left_palm_dist=0.0628/0.1400 right_close=True right_palm_dist=0.1034/0.1400 hands_closed=True left_hand_dist=0.9128/1.2000 right_hand_dist=0.9322/1.2000
[OpenPen-success] step=258 success=True open=True disp=0.2241/0.2200 ends_above=True cap_z=0.2139 body_z=0.2137 min_z=0.1200 both_grasping=True left_close=True left_palm_dist=0.0624/0.1400 right_close=True right_palm_dist=0.1037/0.1400 hands_closed=True left_hand_dist=0.9087/1.2000 right_hand_dist=0.9282/1.2000
[OpenPen-success] step=259 success=True open=True disp=0.2242/0.2200 ends_above=True cap_z=0.2139 body_z=0.2136 min_z=0.1200 both_grasping=True left_close=True left_palm_dist=0.0620/0.1400 right_close=True right_palm_dist=0.1039/0.1400 hands_closed=True left_hand_dist=0.9047/1.2000 right_hand_dist=0.9240/1.2000
[OpenPen-success] step=260 success=True open=True disp=0.2244/0.2200 ends_above=True cap_z=0.2139 body_z=0.2136 min_z=0.1200 both_grasping=True left_close=True left_palm_dist=0.0616/0.1400 right_close=True right_palm_dist=0.1041/0.1400 hands_closed=True left_hand_dist=0.9009/1.2000 right_hand_dist=0.9200/1.2000
[OpenPen-success] step=261 success=True open=True disp=0.2245/0.2200 ends_above=True cap_z=0.2139 body_z=0.2136 min_z=0.1200 both_grasping=True left_close=True left_palm_dist=0.0613/0.1400 right_close=True right_palm_dist=0.1043/0.1400 hands_closed=True left_hand_dist=0.8972/1.2000 right_hand_dist=0.9161/1.2000
[OpenPen-success] step=262 success=True open=True disp=0.2247/0.2200 ends_above=True cap_z=0.2139 body_z=0.2136 min_z=0.1200 both_grasping=True left_close=True left_palm_dist=0.0609/0.1400 right_close=True right_palm_dist=0.1045/0.1400 hands_closed=True left_hand_dist=0.8937/1.2000 right_hand_dist=0.9123/1.2000
[OpenPen-success] step=263 success=True open=True disp=0.2248/0.2200 ends_above=True cap_z=0.2140 body_z=0.2136 min_z=0.1200 both_grasping=True left_close=True left_palm_dist=0.0605/0.1400 right_close=True right_palm_dist=0.1047/0.1400 hands_closed=True left_hand_dist=0.8903/1.2000 right_hand_dist=0.9086/1.2000
[OpenPen-success] step=264 success=True open=True disp=0.2250/0.2200 ends_above=True cap_z=0.2140 body_z=0.2136 min_z=0.1200 both_grasping=True left_close=True left_palm_dist=0.0601/0.1400 right_close=True right_palm_dist=0.1049/0.1400 hands_closed=True left_hand_dist=0.8871/1.2000 right_hand_dist=0.9051/1.2000
[OpenPen-success] step=265 success=True open=True disp=0.2251/0.2200 ends_above=True cap_z=0.2140 body_z=0.2136 min_z=0.1200 both_grasping=True left_close=True left_palm_dist=0.0598/0.1400 right_close=True right_palm_dist=0.1051/0.1400 hands_closed=True left_hand_dist=0.8840/1.2000 right_hand_dist=0.9018/1.2000
[OpenPen-success] step=266 success=True open=True disp=0.2253/0.2200 ends_above=True cap_z=0.2140 body_z=0.2136 min_z=0.1200 both_grasping=True left_close=True left_palm_dist=0.0594/0.1400 right_close=True right_palm_dist=0.1053/0.1400 hands_closed=True left_hand_dist=0.8811/1.2000 right_hand_dist=0.8989/1.2000
[OpenPen-success] step=267 success=True open=True disp=0.2254/0.2200 ends_above=True cap_z=0.2140 body_z=0.2136 min_z=0.1200 both_grasping=True left_close=True left_palm_dist=0.0591/0.1400 right_close=True right_palm_dist=0.1055/0.1400 hands_closed=True left_hand_dist=0.8782/1.2000 right_hand_dist=0.8961/1.2000
[OpenPen-success] step=268 success=True open=True disp=0.2255/0.2200 ends_above=True cap_z=0.2140 body_z=0.2136 min_z=0.1200 both_grasping=True left_close=True left_palm_dist=0.0587/0.1400 right_close=True right_palm_dist=0.1056/0.1400 hands_closed=True left_hand_dist=0.8752/1.2000 right_hand_dist=0.8934/1.2000
[OpenPen-success] step=269 success=True open=True disp=0.2256/0.2200 ends_above=True cap_z=0.2140 body_z=0.2136 min_z=0.1200 both_grasping=True left_close=True left_palm_dist=0.0584/0.1400 right_close=True right_palm_dist=0.1058/0.1400 hands_closed=True left_hand_dist=0.8725/1.2000 right_hand_dist=0.8909/1.2000
  [ep 0, attempt 2] Success at step 238, collected 30 extra steps.
  [Success Rate] overall: 50.0% (1/2) | moving avg (last 2): 50.0%
[ManiLadder Camera] stop_recording target=/data/gck/maniladder/site/generated_demos/DualArmOpenPen-v1/videos/orbit_camera_ep0.mp4
[38;5;159m[Genesis] [17:01:23] [INFO] Saving video to [38;5;121m"/data/gck/maniladder/site/generated_demos/DualArmOpenPen-v1/videos/orbit_camera_ep0.mp4"[0m[38;5;159m...[0m
[38;5;159m[Genesis] [17:01:24] [INFO] Video saved.[0m
  Saved video: /data/gck/maniladder/site/generated_demos/DualArmOpenPen-v1/videos/orbit_camera_ep0.mp4 exists=True
  Videos for episode 0 saved to /data/gck/maniladder/site/generated_demos/DualArmOpenPen-v1/videos

============================================================
Done. 1 demo trajectories saved to /data/gck/maniladder/site/generated_demos
Final   [Success Rate] overall: 50.0% (1/2) | moving avg (last 2): 50.0%
============================================================
[38;5;159m[Genesis] [17:01:25] [INFO] 💤 Exiting Genesis and caching compiled kernels...[0m
