[38;5;159m[Genesis] [18:12:37] [INFO] [38;5;121m╭───────────────────────────────────────────────╮[0m[38;5;159m[0m
[38;5;159m[Genesis] [18:12:37] [INFO] [38;5;121m│┈┉┈┉┈┉┈┉┈┉┈┉┈┉┈┉┈┉┈[0m[38;5;159m [38;5;121m[1m[3mGenesis[0m[38;5;159m [38;5;121m┈┉┈┉┈┉┈┉┈┉┈┉┈┉┈┉┈┉┈│[0m[38;5;159m[0m
[38;5;159m[Genesis] [18:12:37] [INFO] [38;5;121m╰───────────────────────────────────────────────╯[0m[38;5;159m[0m
[38;5;159m[Genesis] [18:12:38] [INFO] Running on [38;5;121m[4m[NVIDIA A100-SXM4-80GB][0m[38;5;159m with backend [38;5;121m[4mgs.cuda[0m[38;5;159m. Device memory: [38;5;121m[4m79.25[0m[38;5;159m GB.[0m
[38;5;159m[Genesis] [18:12:38] [INFO] 🚀 Genesis initialized. 🔖 version: [38;5;121m[4m0.3.6[0m[38;5;159m, 🎨 theme: [38;5;121m[4mdark[0m[38;5;159m, 🌱 seed: [38;5;121m[4mNone[0m[38;5;159m, 🐛 debug: [38;5;121m[4mFalse[0m[38;5;159m, 📏 precision: [38;5;121m[4m32[0m[38;5;159m, 🏎️ performance: [38;5;121m[4mFalse[0m[38;5;159m, 💬 verbose: [38;5;121m[4mINFO[0m[38;5;159m[0m
[33;1m2026-06-16 18:12:38,722 - maniladder  - WARNING - ('panda', 'panda') is not in the task's list of supported robots. Code may not run as intended[0m
[38;5;159m[Genesis] [18:12:40] [INFO] Scene [38;5;121m[3m<665ef8e>[0m[38;5;159m created.[0m
[38;5;159m[Genesis] [18:12:40] [INFO] Adding [38;5;121m<gs.RigidEntity>[0m[38;5;159m. idx: [38;5;121m0[0m[38;5;159m, uid: [38;5;121m[3m<5290fe5>[0m[38;5;159m, morph: [38;5;121m<gs.morphs.MJCF(file='/data/gck/maniladder/maniladder/assets/xml/franka_emika_panda/panda.xml')>[0m[38;5;159m, material: [38;5;121m<gs.materials.Rigid>[0m[38;5;159m.[0m
[38;5;226m[Genesis] [18:12:40] [WARNING] (MJCF) Approximating tendon by joint actuator for `finger_joint1`[0m
[38;5;226m[Genesis] [18:12:40] [WARNING] (MJCF) Actuator control gain and bias parameters cannot be reduced to a unique PD control position gain. Using max between gain and bias for joint `finger_joint1`.[0m
[38;5;226m[Genesis] [18:12:40] [WARNING] (MJCF) Approximating tendon by joint actuator for `finger_joint2`[0m
[38;5;226m[Genesis] [18:12:40] [WARNING] (MJCF) Actuator control gain and bias parameters cannot be reduced to a unique PD control position gain. Using max between gain and bias for joint `finger_joint2`.[0m
[38;5;159m[Genesis] [18:12:40] [INFO] Applying offset to base link's pose with user provided value in morph.[0m
[32m2026-06-16 18:12:41,408 - maniladder  - INFO - only loading the first pose of the given initial pose Pose(raw_pose=tensor([[ 0.0500,  0.9000,  0.0000,  0.0000,  0.0000, -1.5708]],
       device='cuda:0')), parallel loading has not been implemented yet.[0m
[38;5;159m[Genesis] [18:12:41] [INFO] Adding [38;5;121m<gs.RigidEntity>[0m[38;5;159m. idx: [38;5;121m1[0m[38;5;159m, uid: [38;5;121m[3m<6cf34bf>[0m[38;5;159m, morph: [38;5;121m<gs.morphs.MJCF(file='/data/gck/maniladder/maniladder/assets/xml/franka_emika_panda/panda.xml')>[0m[38;5;159m, material: [38;5;121m<gs.materials.Rigid>[0m[38;5;159m.[0m
[38;5;226m[Genesis] [18:12:41] [WARNING] (MJCF) Approximating tendon by joint actuator for `finger_joint1`[0m
[38;5;226m[Genesis] [18:12:41] [WARNING] (MJCF) Actuator control gain and bias parameters cannot be reduced to a unique PD control position gain. Using max between gain and bias for joint `finger_joint1`.[0m
[38;5;226m[Genesis] [18:12:41] [WARNING] (MJCF) Approximating tendon by joint actuator for `finger_joint2`[0m
[38;5;226m[Genesis] [18:12:41] [WARNING] (MJCF) Actuator control gain and bias parameters cannot be reduced to a unique PD control position gain. Using max between gain and bias for joint `finger_joint2`.[0m
[38;5;159m[Genesis] [18:12:41] [INFO] Applying offset to base link's pose with user provided value in morph.[0m
[32m2026-06-16 18:12:41,840 - maniladder  - INFO - only loading the first pose of the given initial pose Pose(raw_pose=tensor([[ 0.0500, -0.9000,  0.0000,  0.0000,  0.0000,  1.5708]],
       device='cuda:0')), parallel loading has not been implemented yet.[0m
[38;5;159m[Genesis] [18:12:41] [INFO] Adding [38;5;121m<gs.RigidEntity>[0m[38;5;159m. idx: [38;5;121m2[0m[38;5;159m, uid: [38;5;121m[3m<50e66b5>[0m[38;5;159m, morph: [38;5;121m<gs.morphs.Mesh(file='/data/gck/maniladder/maniladder/assets/models/table.glb')>[0m[38;5;159m, material: [38;5;121m<gs.materials.Rigid>[0m[38;5;159m.[0m
[38;5;226m[Genesis] [18:12:41] [WARNING] GLTF is using y-up while Genesis uses z-up. Please set parse_glb_with_zup=True in morph options if you find the mesh is 90-degree rotated. We will set parse_glb_with_zup=True and rotate glb mesh by default later and gradually enforce this option.[0m
/data/gck/miniconda3/envs/maniladder/lib/python3.10/site-packages/pygltflib/__init__.py:830: UserWarning: pygltflib currently does not remove image data from the buffer when converting to data uri.Please open an issue at https://gitlab.com/dodgyville/pygltflib/issues
  warnings.warn("pygltflib currently does not remove image data "
[38;5;159m[Genesis] [18:12:42] [INFO] Adding [38;5;121m<gs.RigidEntity>[0m[38;5;159m. idx: [38;5;121m3[0m[38;5;159m, uid: [38;5;121m[3m<f7bcc94>[0m[38;5;159m, morph: [38;5;121m<gs.morphs.Box>[0m[38;5;159m, material: [38;5;121m<gs.materials.Rigid>[0m[38;5;159m.[0m
[38;5;159m[Genesis] [18:12:42] [INFO] Adding [38;5;121m<gs.RigidEntity>[0m[38;5;159m. idx: [38;5;121m4[0m[38;5;159m, uid: [38;5;121m[3m<647dfb5>[0m[38;5;159m, morph: [38;5;121m<gs.morphs.Plane>[0m[38;5;159m, material: [38;5;121m<gs.materials.Rigid>[0m[38;5;159m.[0m
[38;5;159m[Genesis] [18:12:42] [INFO] Adding [38;5;121m<gs.RigidEntity>[0m[38;5;159m. idx: [38;5;121m5[0m[38;5;159m, uid: [38;5;121m[3m<b24cdaf>[0m[38;5;159m, morph: [38;5;121m<gs.morphs.Box>[0m[38;5;159m, material: [38;5;121m<gs.materials.Rigid>[0m[38;5;159m.[0m
[38;5;159m[Genesis] [18:12:42] [INFO] Adding [38;5;121m<gs.RigidEntity>[0m[38;5;159m. idx: [38;5;121m6[0m[38;5;159m, uid: [38;5;121m[3m<3cef71c>[0m[38;5;159m, morph: [38;5;121m<gs.morphs.Box>[0m[38;5;159m, material: [38;5;121m<gs.materials.Rigid>[0m[38;5;159m.[0m
[38;5;159m[Genesis] [18:12:42] [INFO] Adding [38;5;121m<gs.RigidEntity>[0m[38;5;159m. idx: [38;5;121m7[0m[38;5;159m, uid: [38;5;121m[3m<540a8a2>[0m[38;5;159m, morph: [38;5;121m<gs.morphs.Box>[0m[38;5;159m, material: [38;5;121m<gs.materials.Rigid>[0m[38;5;159m.[0m
[38;5;159m[Genesis] [18:12:42] [INFO] Adding [38;5;121m<gs.PBD2DEntity>[0m[38;5;159m. idx: [38;5;121m8[0m[38;5;159m, uid: [38;5;121m[3m<4bf0898>[0m[38;5;159m, morph: [38;5;121m<gs.morphs.Mesh(file='/data/gck/maniladder/maniladder/assets/meshes/deformable/shirt_obj.obj')>[0m[38;5;159m, material: [38;5;121m<gs.PBD.Cloth>[0m[38;5;159m.[0m
[38;5;159m[Genesis] [18:12:42] [INFO] Remeshing for tetrahedralization...[0m
[38;5;159m[Genesis] [18:12:43] [INFO] Adding [38;5;121m<gs.RigidEntity>[0m[38;5;159m. idx: [38;5;121m9[0m[38;5;159m, uid: [38;5;121m[3m<e1053ea>[0m[38;5;159m, morph: [38;5;121m<gs.morphs.Box>[0m[38;5;159m, material: [38;5;121m<gs.materials.Rigid>[0m[38;5;159m.[0m
[38;5;159m[Genesis] [18:12:43] [INFO] Preprocessing geom idx [38;5;121m[4m48[0m[38;5;159m.[0m
[38;5;159m[Genesis] [18:12:43] [INFO] Adding [38;5;121m<gs.RigidEntity>[0m[38;5;159m. idx: [38;5;121m10[0m[38;5;159m, uid: [38;5;121m[3m<c2773eb>[0m[38;5;159m, morph: [38;5;121m<gs.morphs.Box>[0m[38;5;159m, material: [38;5;121m<gs.materials.Rigid>[0m[38;5;159m.[0m
[38;5;159m[Genesis] [18:12:43] [INFO] Preprocessing geom idx [38;5;121m[4m49[0m[38;5;159m.[0m
[38;5;159m[Genesis] [18:12:43] [INFO] Adding [38;5;121m<gs.RigidEntity>[0m[38;5;159m. idx: [38;5;121m11[0m[38;5;159m, uid: [38;5;121m[3m<4ab2d98>[0m[38;5;159m, morph: [38;5;121m<gs.morphs.Box>[0m[38;5;159m, material: [38;5;121m<gs.materials.Rigid>[0m[38;5;159m.[0m
[38;5;159m[Genesis] [18:12:43] [INFO] Preprocessing geom idx [38;5;121m[4m50[0m[38;5;159m.[0m
[38;5;159m[Genesis] [18:12:44] [INFO] Adding [38;5;121m<gs.RigidEntity>[0m[38;5;159m. idx: [38;5;121m12[0m[38;5;159m, uid: [38;5;121m[3m<ce21f27>[0m[38;5;159m, morph: [38;5;121m<gs.morphs.Box>[0m[38;5;159m, material: [38;5;121m<gs.materials.Rigid>[0m[38;5;159m.[0m
[38;5;159m[Genesis] [18:12:44] [INFO] Preprocessing geom idx [38;5;121m[4m51[0m[38;5;159m.[0m
[38;5;159m[Genesis] [18:12:44] [INFO] Adding [38;5;121m<gs.RigidEntity>[0m[38;5;159m. idx: [38;5;121m13[0m[38;5;159m, uid: [38;5;121m[3m<8f7a8df>[0m[38;5;159m, morph: [38;5;121m<gs.morphs.Mesh(file='/data/gck/maniladder/maniladder/assets/meshes/deformable/cloth_hanger.obj')>[0m[38;5;159m, material: [38;5;121m<gs.materials.Rigid>[0m[38;5;159m.[0m
[38;5;159m[Genesis] [18:12:44] [INFO] Preprocessing geom idx [38;5;121m[4m52[0m[38;5;159m.[0m
[38;5;159m[Genesis] [18:12:44] [INFO] Building scene [38;5;121m[3m<665ef8e>[0m[38;5;159m...[0m
[38;5;226m[Genesis] [18:12:48] [WARNING] Reference robot position exceeds joint limits.[0m
[38;5;226m[Genesis] [18:12:50] [WARNING] max_collision_pairs 300 is smaller than the theoretical maximal possible pairs 1236, it uses less memory but might lead to missing some collision pairs if there are too many collision pairs[0m
[38;5;159m[Genesis] [18:12:58] [INFO] Compiling simulation kernels...[0m
[38;5;159m[Genesis] [18:13:46] [INFO] Building visualizer...[0m
/data/gck/miniconda3/envs/maniladder/lib/python3.10/site-packages/torch/utils/_device.py:109: UserWarning: The given NumPy array is not writable, and PyTorch does not support non-writable tensors. This means writing to this tensor will result in undefined behavior. You may want to copy the array to protect its data or make it writable before converting it to a tensor. This type of warning will be suppressed for the rest of this program. (Triggered internally at /pytorch/torch/csrc/utils/tensor_numpy.cpp:213.)
  return func(*args, **kwargs)
Action space: Dict('panda-0': Box(-1.0, 1.0, (7,), float32), 'panda-1': Box(-1.0, 1.0, (7,), float32))
Generating 1 orbit video-only demos → /data/gck/maniladder/site/generated_demos/DualArmClothHanger-v1
Traceback (most recent call last):
  File "/data/gck/maniladder/scripts/generate_demos.py", line 524, in <module>
    main()
  File "/data/gck/maniladder/scripts/generate_demos.py", line 399, in main
    action = task_env.scripted_policy()
AttributeError: 'ClothHangerEnv' object has no attribute 'scripted_policy'

[38;5;9m[Genesis] [18:13:58] [ERROR] AttributeError: 'ClothHangerEnv' object has no attribute 'scripted_policy'[0m
[38;5;159m[Genesis] [18:13:58] [INFO] 💤 Exiting Genesis and caching compiled kernels...[0m
