[38;5;159m[Genesis] [17:05:22] [INFO] [38;5;121m╭───────────────────────────────────────────────╮[0m[38;5;159m[0m
[38;5;159m[Genesis] [17:05:22] [INFO] [38;5;121m│┈┉┈┉┈┉┈┉┈┉┈┉┈┉┈┉┈┉┈[0m[38;5;159m [38;5;121m[1m[3mGenesis[0m[38;5;159m [38;5;121m┈┉┈┉┈┉┈┉┈┉┈┉┈┉┈┉┈┉┈│[0m[38;5;159m[0m
[38;5;159m[Genesis] [17:05:22] [INFO] [38;5;121m╰───────────────────────────────────────────────╯[0m[38;5;159m[0m
[38;5;159m[Genesis] [17:05:23] [INFO] Running on [38;5;121m[4m[NVIDIA A100-SXM4-80GB][0m[38;5;159m with backend [38;5;121m[4mgs.cuda[0m[38;5;159m. Device memory: [38;5;121m[4m79.25[0m[38;5;159m GB.[0m
[38;5;159m[Genesis] [17:05:23] [INFO] 🚀 Genesis initialized. 🔖 version: [38;5;121m[4m0.3.6[0m[38;5;159m, 🎨 theme: [38;5;121m[4mdark[0m[38;5;159m, 🌱 seed: [38;5;121m[4mNone[0m[38;5;159m, 🐛 debug: [38;5;121m[4mFalse[0m[38;5;159m, 📏 precision: [38;5;121m[4m32[0m[38;5;159m, 🏎️ performance: [38;5;121m[4mFalse[0m[38;5;159m, 💬 verbose: [38;5;121m[4mINFO[0m[38;5;159m[0m
[38;5;159m[Genesis] [17:05:26] [INFO] Scene [38;5;121m[3m<f04b9da>[0m[38;5;159m created.[0m
[38;5;159m[Genesis] [17:05:26] [INFO] Adding [38;5;121m<gs.RigidEntity>[0m[38;5;159m. idx: [38;5;121m0[0m[38;5;159m, uid: [38;5;121m[3m<7a79ee7>[0m[38;5;159m, morph: [38;5;121m<gs.morphs.URDF(file='/data/gck/maniladder/maniladder/assets/urdf/panda_leaphand/panda_leaphand.urdf')>[0m[38;5;159m, material: [38;5;121m<gs.materials.Rigid>[0m[38;5;159m.[0m
[38;5;159m[Genesis] [17:05:31] [INFO] Applying offset to base link's pose with user provided value in morph.[0m
[32m2026-06-16 17:05:33,935 - maniladder  - INFO - only loading the first pose of the given initial pose Pose(raw_pose=tensor([[ 0.0000,  0.7000,  0.0000,  0.0000,  0.0000, -1.5708]],
       device='cuda:0')), parallel loading has not been implemented yet.[0m
[38;5;159m[Genesis] [17:05:33] [INFO] Adding [38;5;121m<gs.RigidEntity>[0m[38;5;159m. idx: [38;5;121m1[0m[38;5;159m, uid: [38;5;121m[3m<833a9ca>[0m[38;5;159m, morph: [38;5;121m<gs.morphs.URDF(file='/data/gck/maniladder/maniladder/assets/urdf/panda_leaphand/panda_leaphand.urdf')>[0m[38;5;159m, material: [38;5;121m<gs.materials.Rigid>[0m[38;5;159m.[0m
[38;5;159m[Genesis] [17:05:37] [INFO] Applying offset to base link's pose with user provided value in morph.[0m
[32m2026-06-16 17:05:39,129 - maniladder  - INFO - only loading the first pose of the given initial pose Pose(raw_pose=tensor([[ 0.0000, -0.7000,  0.0000,  0.0000,  0.0000,  1.5708]],
       device='cuda:0')), parallel loading has not been implemented yet.[0m
[38;5;159m[Genesis] [17:05:39] [INFO] Adding [38;5;121m<gs.RigidEntity>[0m[38;5;159m. idx: [38;5;121m2[0m[38;5;159m, uid: [38;5;121m[3m<86d9151>[0m[38;5;159m, morph: [38;5;121m<gs.morphs.Mesh(file='/data/gck/maniladder/maniladder/assets/models/table.glb')>[0m[38;5;159m, material: [38;5;121m<gs.materials.Rigid>[0m[38;5;159m.[0m
[38;5;226m[Genesis] [17:05:39] [WARNING] GLTF is using y-up while Genesis uses z-up. Please set parse_glb_with_zup=True in morph options if you find the mesh is 90-degree rotated. We will set parse_glb_with_zup=True and rotate glb mesh by default later and gradually enforce this option.[0m
/data/gck/miniconda3/envs/maniladder/lib/python3.10/site-packages/pygltflib/__init__.py:830: UserWarning: pygltflib currently does not remove image data from the buffer when converting to data uri.Please open an issue at https://gitlab.com/dodgyville/pygltflib/issues
  warnings.warn("pygltflib currently does not remove image data "
[38;5;159m[Genesis] [17:05:39] [INFO] Adding [38;5;121m<gs.RigidEntity>[0m[38;5;159m. idx: [38;5;121m3[0m[38;5;159m, uid: [38;5;121m[3m<9356f1b>[0m[38;5;159m, morph: [38;5;121m<gs.morphs.Box>[0m[38;5;159m, material: [38;5;121m<gs.materials.Rigid>[0m[38;5;159m.[0m
[38;5;159m[Genesis] [17:05:39] [INFO] Adding [38;5;121m<gs.RigidEntity>[0m[38;5;159m. idx: [38;5;121m4[0m[38;5;159m, uid: [38;5;121m[3m<0164110>[0m[38;5;159m, morph: [38;5;121m<gs.morphs.Plane>[0m[38;5;159m, material: [38;5;121m<gs.materials.Rigid>[0m[38;5;159m.[0m
[38;5;159m[Genesis] [17:05:39] [INFO] Adding [38;5;121m<gs.RigidEntity>[0m[38;5;159m. idx: [38;5;121m5[0m[38;5;159m, uid: [38;5;121m[3m<013292f>[0m[38;5;159m, morph: [38;5;121m<gs.morphs.Box>[0m[38;5;159m, material: [38;5;121m<gs.materials.Rigid>[0m[38;5;159m.[0m
[38;5;159m[Genesis] [17:05:39] [INFO] Adding [38;5;121m<gs.RigidEntity>[0m[38;5;159m. idx: [38;5;121m6[0m[38;5;159m, uid: [38;5;121m[3m<0078198>[0m[38;5;159m, morph: [38;5;121m<gs.morphs.Box>[0m[38;5;159m, material: [38;5;121m<gs.materials.Rigid>[0m[38;5;159m.[0m
[38;5;159m[Genesis] [17:05:39] [INFO] Adding [38;5;121m<gs.RigidEntity>[0m[38;5;159m. idx: [38;5;121m7[0m[38;5;159m, uid: [38;5;121m[3m<e76a049>[0m[38;5;159m, morph: [38;5;121m<gs.morphs.Box>[0m[38;5;159m, material: [38;5;121m<gs.materials.Rigid>[0m[38;5;159m.[0m
[38;5;159m[Genesis] [17:05:39] [INFO] Adding [38;5;121m<gs.RigidEntity>[0m[38;5;159m. idx: [38;5;121m8[0m[38;5;159m, uid: [38;5;121m[3m<c0316dd>[0m[38;5;159m, morph: [38;5;121m<gs.morphs.Mesh(file='/data/gck/maniladder/maniladder/assets/meshes/deformable/tube.obj')>[0m[38;5;159m, material: [38;5;121m<gs.materials.Rigid>[0m[38;5;159m.[0m
[38;5;159m[Genesis] [17:05:39] [INFO] Convex hull is not accurate enough for collision detection (6.759). Falling back to more expensive convex decomposition (see FileMorph options).[0m
[38;5;159m[Genesis] [17:05:39] [INFO] Running convex decomposition.[0m
[2026-06-16 17:05:39.589] [CoACD] [info] threshold               0.1
[2026-06-16 17:05:39.590] [CoACD] [info] max # convex hull       -1
[2026-06-16 17:05:39.590] [CoACD] [info] preprocess mode         auto
[2026-06-16 17:05:39.590] [CoACD] [info] preprocess resolution   30
[2026-06-16 17:05:39.590] [CoACD] [info] pca                     false
[2026-06-16 17:05:39.590] [CoACD] [info] mcts max depth          3
[2026-06-16 17:05:39.590] [CoACD] [info] mcts nodes              20
[2026-06-16 17:05:39.590] [CoACD] [info] mcts iterations         100
[2026-06-16 17:05:39.590] [CoACD] [info] merge                   true
[2026-06-16 17:05:39.590] [CoACD] [info] decimate                false
[2026-06-16 17:05:39.590] [CoACD] [info] max_ch_vertex           256
[2026-06-16 17:05:39.590] [CoACD] [info] extrude                 false
[2026-06-16 17:05:39.590] [CoACD] [info] extrude margin          0.1
[2026-06-16 17:05:39.590] [CoACD] [info] approximate mode        ch
[2026-06-16 17:05:39.590] [CoACD] [info] seed                    0
[2026-06-16 17:05:39.590] [CoACD] [info]  - Manifold Check
[2026-06-16 17:05:39.591] [CoACD] [info] [1/3] Edge check finish
[2026-06-16 17:05:39.593] [CoACD] [info] [2/3] Self-intersection check finish
[2026-06-16 17:05:39.593] [CoACD] [info] [3/3] Triangle orientation check finish. Reversed: false
[2026-06-16 17:05:39.594] [CoACD] [info] Manifold Check Time: 0.002161s
[2026-06-16 17:05:39.594] [CoACD] [info] Mesh Manifoldness: true
[2026-06-16 17:05:39.594] [CoACD] [info] # Points: 512
[2026-06-16 17:05:39.594] [CoACD] [info] # Triangles: 1024
[2026-06-16 17:05:39.594] [CoACD] [info]  - Decomposition (MCTS)
[2026-06-16 17:05:39.594] [CoACD] [info] iter 0 ---- waiting pool: 1
[2026-06-16 17:05:39.597] [CoACD] [info] Processing [0.0%]
[2026-06-16 17:05:40.330] [CoACD] [info] Processing [100.0%]
[2026-06-16 17:05:40.330] [CoACD] [info] iter 1 ---- waiting pool: 2
[2026-06-16 17:05:40.330] [CoACD] [info] Processing [0.0%]
[2026-06-16 17:05:40.330] [CoACD] [info] Processing [50.0%]
[2026-06-16 17:05:40.748] [CoACD] [info] Processing [100.0%]
[2026-06-16 17:05:40.748] [CoACD] [info] iter 2 ---- waiting pool: 4
[2026-06-16 17:05:40.748] [CoACD] [info] Processing [0.0%]
[2026-06-16 17:05:40.748] [CoACD] [info] Processing [25.0%]
[2026-06-16 17:05:40.748] [CoACD] [info] Processing [50.0%]
[2026-06-16 17:05:40.748] [CoACD] [info] Processing [75.0%]
[2026-06-16 17:05:41.066] [CoACD] [info] Processing [100.0%]
[2026-06-16 17:05:41.066] [CoACD] [info] iter 3 ---- waiting pool: 8
[2026-06-16 17:05:41.066] [CoACD] [info] Processing [0.0%]
[2026-06-16 17:05:41.066] [CoACD] [info] Processing [37.5%]
[2026-06-16 17:05:41.066] [CoACD] [info] Processing [12.5%]
[2026-06-16 17:05:41.066] [CoACD] [info] Processing [25.0%]
[2026-06-16 17:05:41.066] [CoACD] [info] Processing [50.0%]
[2026-06-16 17:05:41.066] [CoACD] [info] Processing [75.0%]
[2026-06-16 17:05:41.066] [CoACD] [info] Processing [87.5%]
[2026-06-16 17:05:41.066] [CoACD] [info] Processing [62.5%]
[2026-06-16 17:05:41.324] [CoACD] [info] Processing [100.0%]
[2026-06-16 17:05:41.324] [CoACD] [info] iter 4 ---- waiting pool: 4
[2026-06-16 17:05:41.325] [CoACD] [info] Processing [50.0%]
[2026-06-16 17:05:41.325] [CoACD] [info] Processing [0.0%]
[2026-06-16 17:05:41.325] [CoACD] [info] Processing [25.0%]
[2026-06-16 17:05:41.325] [CoACD] [info] Processing [75.0%]
[2026-06-16 17:05:41.343] [CoACD] [info] Processing [100.0%]
[2026-06-16 17:05:41.343] [CoACD] [info]  - Merge Convex Hulls
[2026-06-16 17:05:41.591] [CoACD] [info] Compute Time: 1.9974756920710206s
[2026-06-16 17:05:41.591] [CoACD] [info] # Convex Hulls: 10
[38;5;159m[Genesis] [17:05:41] [INFO] Preprocessing geom idx [38;5;121m[4m164[0m[38;5;159m.[0m
[38;5;159m[Genesis] [17:05:41] [INFO] Preprocessing geom idx [38;5;121m[4m165[0m[38;5;159m.[0m
[38;5;159m[Genesis] [17:05:41] [INFO] Preprocessing geom idx [38;5;121m[4m166[0m[38;5;159m.[0m
[38;5;159m[Genesis] [17:05:42] [INFO] Preprocessing geom idx [38;5;121m[4m167[0m[38;5;159m.[0m
[38;5;159m[Genesis] [17:05:42] [INFO] Preprocessing geom idx [38;5;121m[4m168[0m[38;5;159m.[0m
[38;5;159m[Genesis] [17:05:42] [INFO] Preprocessing geom idx [38;5;121m[4m169[0m[38;5;159m.[0m
[38;5;159m[Genesis] [17:05:42] [INFO] Preprocessing geom idx [38;5;121m[4m170[0m[38;5;159m.[0m
[38;5;159m[Genesis] [17:05:42] [INFO] Preprocessing geom idx [38;5;121m[4m171[0m[38;5;159m.[0m
[38;5;159m[Genesis] [17:05:43] [INFO] Preprocessing geom idx [38;5;121m[4m172[0m[38;5;159m.[0m
[38;5;159m[Genesis] [17:05:43] [INFO] Preprocessing geom idx [38;5;121m[4m173[0m[38;5;159m.[0m
[38;5;159m[Genesis] [17:05:43] [INFO] Adding [38;5;121m<gs.PBD2DEntity>[0m[38;5;159m. idx: [38;5;121m9[0m[38;5;159m, uid: [38;5;121m[3m<7ed77d3>[0m[38;5;159m, morph: [38;5;121m<gs.morphs.Mesh(file='/data/gck/maniladder/maniladder/assets/meshes/deformable/cloth.obj')>[0m[38;5;159m, material: [38;5;121m<gs.PBD.Cloth>[0m[38;5;159m.[0m
[38;5;159m[Genesis] [17:05:43] [INFO] Remeshing for tetrahedralization...[0m
[38;5;159m[Genesis] [17:05:43] [INFO] Building scene [38;5;121m[3m<f04b9da>[0m[38;5;159m...[0m
[38;5;226m[Genesis] [17:05:47] [WARNING] Reference robot position exceeds joint limits.[0m
[38;5;226m[Genesis] [17:05:49] [WARNING] max_collision_pairs 300 is smaller than the theoretical maximal possible pairs 13938, it uses less memory but might lead to missing some collision pairs if there are too many collision pairs[0m
[38;5;159m[Genesis] [17:05:58] [INFO] Compiling simulation kernels...[0m
[38;5;159m[Genesis] [17:06:40] [INFO] Building visualizer...[0m
/data/gck/miniconda3/envs/maniladder/lib/python3.10/site-packages/torch/utils/_device.py:109: UserWarning: The given NumPy array is not writable, and PyTorch does not support non-writable tensors. This means writing to this tensor will result in undefined behavior. You may want to copy the array to protect its data or make it writable before converting it to a tensor. This type of warning will be suppressed for the rest of this program. (Triggered internally at /pytorch/torch/csrc/utils/tensor_numpy.cpp:213.)
  return func(*args, **kwargs)
Action space: Dict('panda_leaphand-0': Box(-1.0, 1.0, (22,), float32), 'panda_leaphand-1': Box(-1.0, 1.0, (22,), float32))
Generating 1 orbit video-only demos → /data/gck/maniladder/site/generated_demos/DualArmStuffCloth-v1
  [ep 0/1, attempt 1] step 1/600  terminated=False  truncated=False
  [ep 0/1, attempt 1] step 101/600  terminated=False  truncated=False
  [ep 0/1, attempt 1] step 201/600  terminated=False  truncated=False
  [ep 0/1, attempt 1] step 301/600  terminated=False  truncated=False
  [ep 0/1, attempt 1] step 376/600  terminated=True  truncated=False
  [ep 0, attempt 1] Success at step 376, collected 30 extra steps.
  [Success Rate] overall: 100.0% (1/1) | moving avg (last 1): 100.0%
[ManiLadder Camera] stop_recording target=/data/gck/maniladder/site/generated_demos/DualArmStuffCloth-v1/videos/orbit_camera_ep0.mp4
[38;5;159m[Genesis] [17:11:26] [INFO] Saving video to [38;5;121m"/data/gck/maniladder/site/generated_demos/DualArmStuffCloth-v1/videos/orbit_camera_ep0.mp4"[0m[38;5;159m...[0m
[38;5;159m[Genesis] [17:11:28] [INFO] Video saved.[0m
  Saved video: /data/gck/maniladder/site/generated_demos/DualArmStuffCloth-v1/videos/orbit_camera_ep0.mp4 exists=True
  Videos for episode 0 saved to /data/gck/maniladder/site/generated_demos/DualArmStuffCloth-v1/videos

============================================================
Done. 1 demo trajectories saved to /data/gck/maniladder/site/generated_demos
Final   [Success Rate] overall: 100.0% (1/1) | moving avg (last 1): 100.0%
============================================================
[38;5;159m[Genesis] [17:11:29] [INFO] 💤 Exiting Genesis and caching compiled kernels...[0m
