[38;5;159m[Genesis] [17:05:34] [INFO] [38;5;121m╭───────────────────────────────────────────────╮[0m[38;5;159m[0m
[38;5;159m[Genesis] [17:05:34] [INFO] [38;5;121m│┈┉┈┉┈┉┈┉┈┉┈┉┈┉┈┉┈┉┈[0m[38;5;159m [38;5;121m[1m[3mGenesis[0m[38;5;159m [38;5;121m┈┉┈┉┈┉┈┉┈┉┈┉┈┉┈┉┈┉┈│[0m[38;5;159m[0m
[38;5;159m[Genesis] [17:05:34] [INFO] [38;5;121m╰───────────────────────────────────────────────╯[0m[38;5;159m[0m
[38;5;159m[Genesis] [17:05:35] [INFO] Running on [38;5;121m[4m[NVIDIA A100-SXM4-80GB][0m[38;5;159m with backend [38;5;121m[4mgs.cuda[0m[38;5;159m. Device memory: [38;5;121m[4m79.25[0m[38;5;159m GB.[0m
[38;5;159m[Genesis] [17:05:35] [INFO] 🚀 Genesis initialized. 🔖 version: [38;5;121m[4m0.3.6[0m[38;5;159m, 🎨 theme: [38;5;121m[4mdark[0m[38;5;159m, 🌱 seed: [38;5;121m[4mNone[0m[38;5;159m, 🐛 debug: [38;5;121m[4mFalse[0m[38;5;159m, 📏 precision: [38;5;121m[4m32[0m[38;5;159m, 🏎️ performance: [38;5;121m[4mFalse[0m[38;5;159m, 💬 verbose: [38;5;121m[4mINFO[0m[38;5;159m[0m
[38;5;159m[Genesis] [17:05:37] [INFO] Scene [38;5;121m[3m<3328308>[0m[38;5;159m created.[0m
[38;5;159m[Genesis] [17:05:37] [INFO] Adding [38;5;121m<gs.RigidEntity>[0m[38;5;159m. idx: [38;5;121m0[0m[38;5;159m, uid: [38;5;121m[3m<d308d3e>[0m[38;5;159m, morph: [38;5;121m<gs.morphs.MJCF(file='/data/gck/maniladder/maniladder/assets/xml/franka_emika_panda/panda.xml')>[0m[38;5;159m, material: [38;5;121m<gs.materials.Rigid>[0m[38;5;159m.[0m
[38;5;226m[Genesis] [17:05:38] [WARNING] (MJCF) Approximating tendon by joint actuator for `finger_joint1`[0m
[38;5;226m[Genesis] [17:05:38] [WARNING] (MJCF) Actuator control gain and bias parameters cannot be reduced to a unique PD control position gain. Using max between gain and bias for joint `finger_joint1`.[0m
[38;5;226m[Genesis] [17:05:38] [WARNING] (MJCF) Approximating tendon by joint actuator for `finger_joint2`[0m
[38;5;226m[Genesis] [17:05:38] [WARNING] (MJCF) Actuator control gain and bias parameters cannot be reduced to a unique PD control position gain. Using max between gain and bias for joint `finger_joint2`.[0m
[38;5;159m[Genesis] [17:05:38] [INFO] Applying offset to base link's pose with user provided value in morph.[0m
[32m2026-06-16 17:05:38,406 - maniladder  - INFO - only loading the first pose of the given initial pose Pose(raw_pose=tensor([[  0.0000,   0.7500,   0.0000,   0.0000,   0.0000, -90.0000]],
       device='cuda:0')), parallel loading has not been implemented yet.[0m
[38;5;159m[Genesis] [17:05:38] [INFO] Adding [38;5;121m<gs.RigidEntity>[0m[38;5;159m. idx: [38;5;121m1[0m[38;5;159m, uid: [38;5;121m[3m<0392ed3>[0m[38;5;159m, morph: [38;5;121m<gs.morphs.MJCF(file='/data/gck/maniladder/maniladder/assets/xml/franka_emika_panda/panda.xml')>[0m[38;5;159m, material: [38;5;121m<gs.materials.Rigid>[0m[38;5;159m.[0m
[38;5;226m[Genesis] [17:05:38] [WARNING] (MJCF) Approximating tendon by joint actuator for `finger_joint1`[0m
[38;5;226m[Genesis] [17:05:38] [WARNING] (MJCF) Actuator control gain and bias parameters cannot be reduced to a unique PD control position gain. Using max between gain and bias for joint `finger_joint1`.[0m
[38;5;226m[Genesis] [17:05:38] [WARNING] (MJCF) Approximating tendon by joint actuator for `finger_joint2`[0m
[38;5;226m[Genesis] [17:05:38] [WARNING] (MJCF) Actuator control gain and bias parameters cannot be reduced to a unique PD control position gain. Using max between gain and bias for joint `finger_joint2`.[0m
[38;5;159m[Genesis] [17:05:38] [INFO] Applying offset to base link's pose with user provided value in morph.[0m
[32m2026-06-16 17:05:38,825 - maniladder  - INFO - only loading the first pose of the given initial pose Pose(raw_pose=tensor([[ 0.0000, -0.7500,  0.0000,  0.0000,  0.0000, 90.0000]],
       device='cuda:0')), parallel loading has not been implemented yet.[0m
[38;5;159m[Genesis] [17:05:38] [INFO] Adding [38;5;121m<gs.RigidEntity>[0m[38;5;159m. idx: [38;5;121m2[0m[38;5;159m, uid: [38;5;121m[3m<193949d>[0m[38;5;159m, morph: [38;5;121m<gs.morphs.Mesh(file='/data/gck/maniladder/maniladder/assets/models/table.glb')>[0m[38;5;159m, material: [38;5;121m<gs.materials.Rigid>[0m[38;5;159m.[0m
[38;5;226m[Genesis] [17:05:38] [WARNING] GLTF is using y-up while Genesis uses z-up. Please set parse_glb_with_zup=True in morph options if you find the mesh is 90-degree rotated. We will set parse_glb_with_zup=True and rotate glb mesh by default later and gradually enforce this option.[0m
/data/gck/miniconda3/envs/maniladder/lib/python3.10/site-packages/pygltflib/__init__.py:830: UserWarning: pygltflib currently does not remove image data from the buffer when converting to data uri.Please open an issue at https://gitlab.com/dodgyville/pygltflib/issues
  warnings.warn("pygltflib currently does not remove image data "
[38;5;159m[Genesis] [17:05:39] [INFO] Adding [38;5;121m<gs.RigidEntity>[0m[38;5;159m. idx: [38;5;121m3[0m[38;5;159m, uid: [38;5;121m[3m<d6f1531>[0m[38;5;159m, morph: [38;5;121m<gs.morphs.Box>[0m[38;5;159m, material: [38;5;121m<gs.materials.Rigid>[0m[38;5;159m.[0m
[38;5;159m[Genesis] [17:05:39] [INFO] Adding [38;5;121m<gs.RigidEntity>[0m[38;5;159m. idx: [38;5;121m4[0m[38;5;159m, uid: [38;5;121m[3m<0fd4579>[0m[38;5;159m, morph: [38;5;121m<gs.morphs.Plane>[0m[38;5;159m, material: [38;5;121m<gs.materials.Rigid>[0m[38;5;159m.[0m
[38;5;159m[Genesis] [17:05:39] [INFO] Adding [38;5;121m<gs.RigidEntity>[0m[38;5;159m. idx: [38;5;121m5[0m[38;5;159m, uid: [38;5;121m[3m<dc7c8fe>[0m[38;5;159m, morph: [38;5;121m<gs.morphs.Box>[0m[38;5;159m, material: [38;5;121m<gs.materials.Rigid>[0m[38;5;159m.[0m
[38;5;159m[Genesis] [17:05:39] [INFO] Adding [38;5;121m<gs.RigidEntity>[0m[38;5;159m. idx: [38;5;121m6[0m[38;5;159m, uid: [38;5;121m[3m<bac7729>[0m[38;5;159m, morph: [38;5;121m<gs.morphs.Box>[0m[38;5;159m, material: [38;5;121m<gs.materials.Rigid>[0m[38;5;159m.[0m
[38;5;159m[Genesis] [17:05:39] [INFO] Adding [38;5;121m<gs.RigidEntity>[0m[38;5;159m. idx: [38;5;121m7[0m[38;5;159m, uid: [38;5;121m[3m<66c31d6>[0m[38;5;159m, morph: [38;5;121m<gs.morphs.Box>[0m[38;5;159m, material: [38;5;121m<gs.materials.Rigid>[0m[38;5;159m.[0m
[38;5;159m[Genesis] [17:05:39] [INFO] Adding [38;5;121m<gs.RigidEntity>[0m[38;5;159m. idx: [38;5;121m8[0m[38;5;159m, uid: [38;5;121m[3m<c42b7ad>[0m[38;5;159m, morph: [38;5;121m<gs.morphs.MJCF(file='/data/gck/maniladder/maniladder/assets/xml/deformable/rope dual_arm.xml')>[0m[38;5;159m, material: [38;5;121m<gs.materials.Rigid>[0m[38;5;159m.[0m
[38;5;159m[Genesis] [17:05:41] [INFO] Applying offset to base link's pose with user provided value in morph.[0m
[38;5;159m[Genesis] [17:05:41] [INFO] Building scene [38;5;121m[3m<3328308>[0m[38;5;159m...[0m
[38;5;226m[Genesis] [17:05:44] [WARNING] Reference robot position exceeds joint limits.[0m
[38;5;226m[Genesis] [17:05:45] [WARNING] Constraint solver time constant should be greater than 2*substep_dt. timeconst is changed from `0.005` to `0.01`). Decrease simulation timestep or increase timeconst to avoid altering the original value.[0m
[38;5;226m[Genesis] [17:05:46] [WARNING] max_collision_pairs 500 is smaller than the theoretical maximal possible pairs 2778, it uses less memory but might lead to missing some collision pairs if there are too many collision pairs[0m
[38;5;159m[Genesis] [17:05:53] [INFO] Compiling simulation kernels...[0m
[38;5;159m[Genesis] [17:06:30] [INFO] Building visualizer...[0m
/data/gck/miniconda3/envs/maniladder/lib/python3.10/site-packages/torch/utils/_device.py:109: UserWarning: The given NumPy array is not writable, and PyTorch does not support non-writable tensors. This means writing to this tensor will result in undefined behavior. You may want to copy the array to protect its data or make it writable before converting it to a tensor. This type of warning will be suppressed for the rest of this program. (Triggered internally at /pytorch/torch/csrc/utils/tensor_numpy.cpp:213.)
  return func(*args, **kwargs)
/data/gck/miniconda3/envs/maniladder/lib/python3.10/site-packages/torch/utils/_device.py:109: UserWarning: To copy construct from a tensor, it is recommended to use sourceTensor.detach().clone() or sourceTensor.detach().clone().requires_grad_(True), rather than torch.tensor(sourceTensor).
  return func(*args, **kwargs)
Action space: Dict('panda-0': Box(-1.0, 1.0, (7,), float32), 'panda-1': Box(-1.0, 1.0, (7,), float32))
Generating 1 orbit video-only demos → /data/gck/maniladder/site/generated_demos/DualArmStraightenRope-v1
  [ep 0/1, attempt 1] step 1/500  terminated=False  truncated=False
  [ep 0/1, attempt 1] step 101/500  terminated=False  truncated=False
  [ep 0/1, attempt 1] step 201/500  terminated=False  truncated=False
  [ep 0/1, attempt 1] step 236/500  terminated=True  truncated=False
  [ep 0, attempt 1] Success at step 236, collected 30 extra steps.
  [Success Rate] overall: 100.0% (1/1) | moving avg (last 1): 100.0%
[ManiLadder Camera] stop_recording target=/data/gck/maniladder/site/generated_demos/DualArmStraightenRope-v1/videos/orbit_camera_ep0.mp4
[38;5;159m[Genesis] [17:11:28] [INFO] Saving video to [38;5;121m"/data/gck/maniladder/site/generated_demos/DualArmStraightenRope-v1/videos/orbit_camera_ep0.mp4"[0m[38;5;159m...[0m
[38;5;159m[Genesis] [17:11:29] [INFO] Video saved.[0m
  Saved video: /data/gck/maniladder/site/generated_demos/DualArmStraightenRope-v1/videos/orbit_camera_ep0.mp4 exists=True
  Videos for episode 0 saved to /data/gck/maniladder/site/generated_demos/DualArmStraightenRope-v1/videos

============================================================
Done. 1 demo trajectories saved to /data/gck/maniladder/site/generated_demos
Final   [Success Rate] overall: 100.0% (1/1) | moving avg (last 1): 100.0%
============================================================
[38;5;159m[Genesis] [17:11:29] [INFO] 💤 Exiting Genesis and caching compiled kernels...[0m
