[38;5;159m[Genesis] [18:16:44] [INFO] [38;5;121m╭───────────────────────────────────────────────╮[0m[38;5;159m[0m
[38;5;159m[Genesis] [18:16:44] [INFO] [38;5;121m│┈┉┈┉┈┉┈┉┈┉┈┉┈┉┈┉┈┉┈[0m[38;5;159m [38;5;121m[1m[3mGenesis[0m[38;5;159m [38;5;121m┈┉┈┉┈┉┈┉┈┉┈┉┈┉┈┉┈┉┈│[0m[38;5;159m[0m
[38;5;159m[Genesis] [18:16:44] [INFO] [38;5;121m╰───────────────────────────────────────────────╯[0m[38;5;159m[0m
[38;5;159m[Genesis] [18:16:45] [INFO] Running on [38;5;121m[4m[NVIDIA A100-SXM4-80GB][0m[38;5;159m with backend [38;5;121m[4mgs.cuda[0m[38;5;159m. Device memory: [38;5;121m[4m79.25[0m[38;5;159m GB.[0m
[38;5;159m[Genesis] [18:16:45] [INFO] 🚀 Genesis initialized. 🔖 version: [38;5;121m[4m0.3.6[0m[38;5;159m, 🎨 theme: [38;5;121m[4mdark[0m[38;5;159m, 🌱 seed: [38;5;121m[4mNone[0m[38;5;159m, 🐛 debug: [38;5;121m[4mFalse[0m[38;5;159m, 📏 precision: [38;5;121m[4m32[0m[38;5;159m, 🏎️ performance: [38;5;121m[4mFalse[0m[38;5;159m, 💬 verbose: [38;5;121m[4mINFO[0m[38;5;159m[0m
[38;5;159m[Genesis] [18:16:47] [INFO] Scene [38;5;121m[3m<8829727>[0m[38;5;159m created.[0m
[38;5;159m[Genesis] [18:16:47] [INFO] Adding [38;5;121m<gs.RigidEntity>[0m[38;5;159m. idx: [38;5;121m0[0m[38;5;159m, uid: [38;5;121m[3m<ce92e25>[0m[38;5;159m, morph: [38;5;121m<gs.morphs.URDF(file='/data/gck/maniladder/maniladder/assets/urdf/panda_leaphand/panda_leaphand_left.urdf')>[0m[38;5;159m, material: [38;5;121m<gs.materials.Rigid>[0m[38;5;159m.[0m
[38;5;159m[Genesis] [18:16:51] [INFO] Applying offset to base link's pose with user provided value in morph.[0m
[32m2026-06-16 18:16:53,951 - maniladder  - INFO - only loading the first pose of the given initial pose Pose(raw_pose=tensor([[-0.1500, -0.6500,  0.0000,  0.0000,  0.0000, 90.0000]],
       device='cuda:0')), parallel loading has not been implemented yet.[0m
[38;5;159m[Genesis] [18:16:53] [INFO] Adding [38;5;121m<gs.RigidEntity>[0m[38;5;159m. idx: [38;5;121m1[0m[38;5;159m, uid: [38;5;121m[3m<db73380>[0m[38;5;159m, morph: [38;5;121m<gs.morphs.URDF(file='/data/gck/maniladder/maniladder/assets/urdf/panda_leaphand/panda_leaphand.urdf')>[0m[38;5;159m, material: [38;5;121m<gs.materials.Rigid>[0m[38;5;159m.[0m
[38;5;159m[Genesis] [18:16:57] [INFO] Applying offset to base link's pose with user provided value in morph.[0m
[32m2026-06-16 18:16:59,544 - maniladder  - INFO - only loading the first pose of the given initial pose Pose(raw_pose=tensor([[ -0.1500,   0.6500,   0.0000,   0.0000,   0.0000, -90.0000]],
       device='cuda:0')), parallel loading has not been implemented yet.[0m
[38;5;159m[Genesis] [18:16:59] [INFO] Adding [38;5;121m<gs.RigidEntity>[0m[38;5;159m. idx: [38;5;121m2[0m[38;5;159m, uid: [38;5;121m[3m<93433db>[0m[38;5;159m, morph: [38;5;121m<gs.morphs.Mesh(file='/data/gck/maniladder/maniladder/assets/models/table.glb')>[0m[38;5;159m, material: [38;5;121m<gs.materials.Rigid>[0m[38;5;159m.[0m
[38;5;226m[Genesis] [18:16:59] [WARNING] GLTF is using y-up while Genesis uses z-up. Please set parse_glb_with_zup=True in morph options if you find the mesh is 90-degree rotated. We will set parse_glb_with_zup=True and rotate glb mesh by default later and gradually enforce this option.[0m
/data/gck/miniconda3/envs/maniladder/lib/python3.10/site-packages/pygltflib/__init__.py:830: UserWarning: pygltflib currently does not remove image data from the buffer when converting to data uri.Please open an issue at https://gitlab.com/dodgyville/pygltflib/issues
  warnings.warn("pygltflib currently does not remove image data "
[38;5;159m[Genesis] [18:16:59] [INFO] Adding [38;5;121m<gs.RigidEntity>[0m[38;5;159m. idx: [38;5;121m3[0m[38;5;159m, uid: [38;5;121m[3m<15e0830>[0m[38;5;159m, morph: [38;5;121m<gs.morphs.Box>[0m[38;5;159m, material: [38;5;121m<gs.materials.Rigid>[0m[38;5;159m.[0m
[38;5;159m[Genesis] [18:16:59] [INFO] Adding [38;5;121m<gs.RigidEntity>[0m[38;5;159m. idx: [38;5;121m4[0m[38;5;159m, uid: [38;5;121m[3m<5e56141>[0m[38;5;159m, morph: [38;5;121m<gs.morphs.Plane>[0m[38;5;159m, material: [38;5;121m<gs.materials.Rigid>[0m[38;5;159m.[0m
[38;5;159m[Genesis] [18:16:59] [INFO] Adding [38;5;121m<gs.RigidEntity>[0m[38;5;159m. idx: [38;5;121m5[0m[38;5;159m, uid: [38;5;121m[3m<dffa823>[0m[38;5;159m, morph: [38;5;121m<gs.morphs.Box>[0m[38;5;159m, material: [38;5;121m<gs.materials.Rigid>[0m[38;5;159m.[0m
[38;5;159m[Genesis] [18:16:59] [INFO] Adding [38;5;121m<gs.RigidEntity>[0m[38;5;159m. idx: [38;5;121m6[0m[38;5;159m, uid: [38;5;121m[3m<980774a>[0m[38;5;159m, morph: [38;5;121m<gs.morphs.Box>[0m[38;5;159m, material: [38;5;121m<gs.materials.Rigid>[0m[38;5;159m.[0m
[38;5;159m[Genesis] [18:16:59] [INFO] Adding [38;5;121m<gs.RigidEntity>[0m[38;5;159m. idx: [38;5;121m7[0m[38;5;159m, uid: [38;5;121m[3m<306b7f9>[0m[38;5;159m, morph: [38;5;121m<gs.morphs.Box>[0m[38;5;159m, material: [38;5;121m<gs.materials.Rigid>[0m[38;5;159m.[0m
[38;5;159m[Genesis] [18:16:59] [INFO] Adding [38;5;121m<gs.RigidEntity>[0m[38;5;159m. idx: [38;5;121m8[0m[38;5;159m, uid: [38;5;121m[3m<6c158f4>[0m[38;5;159m, morph: [38;5;121m<gs.morphs.Box>[0m[38;5;159m, material: [38;5;121m<gs.materials.Rigid>[0m[38;5;159m.[0m
[38;5;159m[Genesis] [18:17:00] [INFO] Adding [38;5;121m<gs.RigidEntity>[0m[38;5;159m. idx: [38;5;121m9[0m[38;5;159m, uid: [38;5;121m[3m<d60d4f3>[0m[38;5;159m, morph: [38;5;121m<gs.morphs.Box>[0m[38;5;159m, material: [38;5;121m<gs.materials.Rigid>[0m[38;5;159m.[0m
[38;5;159m[Genesis] [18:17:00] [INFO] Adding [38;5;121m<gs.RigidEntity>[0m[38;5;159m. idx: [38;5;121m10[0m[38;5;159m, uid: [38;5;121m[3m<e81102c>[0m[38;5;159m, morph: [38;5;121m<gs.morphs.Box>[0m[38;5;159m, material: [38;5;121m<gs.materials.Rigid>[0m[38;5;159m.[0m
[38;5;159m[Genesis] [18:17:00] [INFO] Adding [38;5;121m<gs.RigidEntity>[0m[38;5;159m. idx: [38;5;121m11[0m[38;5;159m, uid: [38;5;121m[3m<cf214de>[0m[38;5;159m, morph: [38;5;121m<gs.morphs.Box>[0m[38;5;159m, material: [38;5;121m<gs.materials.Rigid>[0m[38;5;159m.[0m
[38;5;159m[Genesis] [18:17:00] [INFO] Adding [38;5;121m<gs.RigidEntity>[0m[38;5;159m. idx: [38;5;121m12[0m[38;5;159m, uid: [38;5;121m[3m<cca4467>[0m[38;5;159m, morph: [38;5;121m<gs.morphs.Sphere>[0m[38;5;159m, material: [38;5;121m<gs.materials.Rigid>[0m[38;5;159m.[0m
[38;5;159m[Genesis] [18:17:00] [INFO] Adding [38;5;121m<gs.RigidEntity>[0m[38;5;159m. idx: [38;5;121m13[0m[38;5;159m, uid: [38;5;121m[3m<139cb85>[0m[38;5;159m, morph: [38;5;121m<gs.morphs.Box>[0m[38;5;159m, material: [38;5;121m<gs.materials.Rigid>[0m[38;5;159m.[0m
[38;5;159m[Genesis] [18:17:00] [INFO] Adding [38;5;121m<gs.RigidEntity>[0m[38;5;159m. idx: [38;5;121m14[0m[38;5;159m, uid: [38;5;121m[3m<ac20dfb>[0m[38;5;159m, morph: [38;5;121m<gs.morphs.Mesh(file='/data/gck/maniladder/maniladder/assets/models/pingpong_paddle/Pingpong_paddle_v1_L3.123cf4e7968b-5c66-4017-8f3a-ec1648c1b330/10519_Pingpong_paddle_v1_L3.obj')>[0m[38;5;159m, material: [38;5;121m<gs.materials.Rigid>[0m[38;5;159m.[0m
[38;5;159m[Genesis] [18:17:00] [INFO] Convex hull is not accurate enough for collision detection (0.743). Falling back to more expensive convex decomposition (see FileMorph options).[0m
[38;5;159m[Genesis] [18:17:00] [INFO] Building scene [38;5;121m[3m<8829727>[0m[38;5;159m...[0m
[38;5;226m[Genesis] [18:17:04] [WARNING] Reference robot position exceeds joint limits.[0m
[38;5;226m[Genesis] [18:17:06] [WARNING] max_collision_pairs 500 is smaller than the theoretical maximal possible pairs 13777, it uses less memory but might lead to missing some collision pairs if there are too many collision pairs[0m
[38;5;159m[Genesis] [18:17:14] [INFO] Compiling simulation kernels...[0m
[38;5;159m[Genesis] [18:17:47] [INFO] Building visualizer...[0m
/data/gck/miniconda3/envs/maniladder/lib/python3.10/site-packages/torch/utils/_device.py:109: UserWarning: The given NumPy array is not writable, and PyTorch does not support non-writable tensors. This means writing to this tensor will result in undefined behavior. You may want to copy the array to protect its data or make it writable before converting it to a tensor. This type of warning will be suppressed for the rest of this program. (Triggered internally at /pytorch/torch/csrc/utils/tensor_numpy.cpp:213.)
  return func(*args, **kwargs)
Action space: Dict('panda_leaphand-1': Box(-1.0, 1.0, (22,), float32), 'panda_leaphand_left-0': Box(-1.0, 1.0, (22,), float32))
Generating 1 orbit video-only demos → /data/gck/maniladder/site/generated_demos/DualArmSendPingpong-v1
  [ep 0/1, attempt 1] step 1/1000  terminated=False  truncated=False
  [ep 0/1, attempt 1] step 101/1000  terminated=False  truncated=False
  [ep 0/1, attempt 1] step 201/1000  terminated=False  truncated=False
  [ep 0/1, attempt 1] step 301/1000  terminated=False  truncated=False
  [ep 0/1, attempt 1] step 401/1000  terminated=False  truncated=False
  [ep 0/1, attempt 1] step 501/1000  terminated=False  truncated=False
  [ep 0/1, attempt 1] step 506/1000  terminated=True  truncated=False
  [ep 0, attempt 1] Success at step 506, collected 30 extra steps.
  [Success Rate] overall: 100.0% (1/1) | moving avg (last 1): 100.0%
[ManiLadder Camera] stop_recording target=/data/gck/maniladder/site/generated_demos/DualArmSendPingpong-v1/videos/orbit_camera_ep0.mp4
[38;5;159m[Genesis] [18:22:43] [INFO] Saving video to [38;5;121m"/data/gck/maniladder/site/generated_demos/DualArmSendPingpong-v1/videos/orbit_camera_ep0.mp4"[0m[38;5;159m...[0m
[38;5;159m[Genesis] [18:22:45] [INFO] Video saved.[0m
  Saved video: /data/gck/maniladder/site/generated_demos/DualArmSendPingpong-v1/videos/orbit_camera_ep0.mp4 exists=True
  Videos for episode 0 saved to /data/gck/maniladder/site/generated_demos/DualArmSendPingpong-v1/videos

============================================================
Done. 1 demo trajectories saved to /data/gck/maniladder/site/generated_demos
Final   [Success Rate] overall: 100.0% (1/1) | moving avg (last 1): 100.0%
============================================================
[38;5;159m[Genesis] [18:22:45] [INFO] 💤 Exiting Genesis and caching compiled kernels...[0m
