[38;5;159m[Genesis] [18:12:36] [INFO] [38;5;121m╭───────────────────────────────────────────────╮[0m[38;5;159m[0m
[38;5;159m[Genesis] [18:12:36] [INFO] [38;5;121m│┈┉┈┉┈┉┈┉┈┉┈┉┈┉┈┉┈┉┈[0m[38;5;159m [38;5;121m[1m[3mGenesis[0m[38;5;159m [38;5;121m┈┉┈┉┈┉┈┉┈┉┈┉┈┉┈┉┈┉┈│[0m[38;5;159m[0m
[38;5;159m[Genesis] [18:12:36] [INFO] [38;5;121m╰───────────────────────────────────────────────╯[0m[38;5;159m[0m
[38;5;159m[Genesis] [18:12:36] [INFO] Running on [38;5;121m[4m[NVIDIA A100-SXM4-80GB][0m[38;5;159m with backend [38;5;121m[4mgs.cuda[0m[38;5;159m. Device memory: [38;5;121m[4m79.25[0m[38;5;159m GB.[0m
[38;5;159m[Genesis] [18:12:36] [INFO] 🚀 Genesis initialized. 🔖 version: [38;5;121m[4m0.3.6[0m[38;5;159m, 🎨 theme: [38;5;121m[4mdark[0m[38;5;159m, 🌱 seed: [38;5;121m[4mNone[0m[38;5;159m, 🐛 debug: [38;5;121m[4mFalse[0m[38;5;159m, 📏 precision: [38;5;121m[4m32[0m[38;5;159m, 🏎️ performance: [38;5;121m[4mFalse[0m[38;5;159m, 💬 verbose: [38;5;121m[4mINFO[0m[38;5;159m[0m
[38;5;159m[Genesis] [18:12:39] [INFO] Scene [38;5;121m[3m<4143d4a>[0m[38;5;159m created.[0m
[38;5;159m[Genesis] [18:12:39] [INFO] Adding [38;5;121m<gs.RigidEntity>[0m[38;5;159m. idx: [38;5;121m0[0m[38;5;159m, uid: [38;5;121m[3m<9941c93>[0m[38;5;159m, morph: [38;5;121m<gs.morphs.URDF(file='/data/gck/maniladder/maniladder/assets/urdf/xarm7_leaphand/xarm7_leaphand.urdf')>[0m[38;5;159m, material: [38;5;121m<gs.materials.Rigid>[0m[38;5;159m.[0m
[38;5;159m[Genesis] [18:12:41] [INFO] Applying offset to base link's pose with user provided value in morph.[0m
[32m2026-06-16 18:12:43,165 - maniladder  - INFO - only loading the first pose of the given initial pose Pose(raw_pose=tensor([[ 0.0000,  0.9500,  0.0000,  0.0000,  0.0000, -1.5708]],
       device='cuda:0')), parallel loading has not been implemented yet.[0m
/data/gck/maniladder/maniladder/assets/urdf/xarm7_leaphand/xarm7_leaphand.urdf
[38;5;159m[Genesis] [18:12:43] [INFO] Adding [38;5;121m<gs.RigidEntity>[0m[38;5;159m. idx: [38;5;121m1[0m[38;5;159m, uid: [38;5;121m[3m<121ef22>[0m[38;5;159m, morph: [38;5;121m<gs.morphs.URDF(file='/data/gck/maniladder/maniladder/assets/urdf/xarm7_leaphand/xarm7_leaphand.urdf')>[0m[38;5;159m, material: [38;5;121m<gs.materials.Rigid>[0m[38;5;159m.[0m
[38;5;159m[Genesis] [18:12:45] [INFO] Applying offset to base link's pose with user provided value in morph.[0m
[32m2026-06-16 18:12:47,187 - maniladder  - INFO - only loading the first pose of the given initial pose Pose(raw_pose=tensor([[ 0.0000, -0.9500,  0.0000,  0.0000,  0.0000,  1.5708]],
       device='cuda:0')), parallel loading has not been implemented yet.[0m
/data/gck/maniladder/maniladder/assets/urdf/xarm7_leaphand/xarm7_leaphand.urdf
[38;5;159m[Genesis] [18:12:47] [INFO] Adding [38;5;121m<gs.RigidEntity>[0m[38;5;159m. idx: [38;5;121m2[0m[38;5;159m, uid: [38;5;121m[3m<e022a54>[0m[38;5;159m, morph: [38;5;121m<gs.morphs.Mesh(file='/data/gck/maniladder/maniladder/assets/models/table.glb')>[0m[38;5;159m, material: [38;5;121m<gs.materials.Rigid>[0m[38;5;159m.[0m
[38;5;226m[Genesis] [18:12:47] [WARNING] GLTF is using y-up while Genesis uses z-up. Please set parse_glb_with_zup=True in morph options if you find the mesh is 90-degree rotated. We will set parse_glb_with_zup=True and rotate glb mesh by default later and gradually enforce this option.[0m
/data/gck/miniconda3/envs/maniladder/lib/python3.10/site-packages/pygltflib/__init__.py:830: UserWarning: pygltflib currently does not remove image data from the buffer when converting to data uri.Please open an issue at https://gitlab.com/dodgyville/pygltflib/issues
  warnings.warn("pygltflib currently does not remove image data "
[38;5;159m[Genesis] [18:12:47] [INFO] Adding [38;5;121m<gs.RigidEntity>[0m[38;5;159m. idx: [38;5;121m3[0m[38;5;159m, uid: [38;5;121m[3m<02d62ba>[0m[38;5;159m, morph: [38;5;121m<gs.morphs.Box>[0m[38;5;159m, material: [38;5;121m<gs.materials.Rigid>[0m[38;5;159m.[0m
[38;5;159m[Genesis] [18:12:47] [INFO] Adding [38;5;121m<gs.RigidEntity>[0m[38;5;159m. idx: [38;5;121m4[0m[38;5;159m, uid: [38;5;121m[3m<8939af9>[0m[38;5;159m, morph: [38;5;121m<gs.morphs.Plane>[0m[38;5;159m, material: [38;5;121m<gs.materials.Rigid>[0m[38;5;159m.[0m
[38;5;159m[Genesis] [18:12:47] [INFO] Adding [38;5;121m<gs.RigidEntity>[0m[38;5;159m. idx: [38;5;121m5[0m[38;5;159m, uid: [38;5;121m[3m<d04441a>[0m[38;5;159m, morph: [38;5;121m<gs.morphs.Box>[0m[38;5;159m, material: [38;5;121m<gs.materials.Rigid>[0m[38;5;159m.[0m
[38;5;159m[Genesis] [18:12:47] [INFO] Adding [38;5;121m<gs.RigidEntity>[0m[38;5;159m. idx: [38;5;121m6[0m[38;5;159m, uid: [38;5;121m[3m<08656e5>[0m[38;5;159m, morph: [38;5;121m<gs.morphs.Box>[0m[38;5;159m, material: [38;5;121m<gs.materials.Rigid>[0m[38;5;159m.[0m
[38;5;159m[Genesis] [18:12:47] [INFO] Adding [38;5;121m<gs.RigidEntity>[0m[38;5;159m. idx: [38;5;121m7[0m[38;5;159m, uid: [38;5;121m[3m<4fbb014>[0m[38;5;159m, morph: [38;5;121m<gs.morphs.Box>[0m[38;5;159m, material: [38;5;121m<gs.materials.Rigid>[0m[38;5;159m.[0m
[38;5;159m[Genesis] [18:12:47] [INFO] Adding [38;5;121m<gs.RigidEntity>[0m[38;5;159m. idx: [38;5;121m8[0m[38;5;159m, uid: [38;5;121m[3m<65c51c1>[0m[38;5;159m, morph: [38;5;121m<gs.morphs.Box>[0m[38;5;159m, material: [38;5;121m<gs.materials.Rigid>[0m[38;5;159m.[0m
[38;5;159m[Genesis] [18:12:47] [INFO] Preprocessing geom idx [38;5;121m[4m160[0m[38;5;159m.[0m
[38;5;159m[Genesis] [18:12:48] [INFO] Adding [38;5;121m<gs.RigidEntity>[0m[38;5;159m. idx: [38;5;121m9[0m[38;5;159m, uid: [38;5;121m[3m<9995d06>[0m[38;5;159m, morph: [38;5;121m<gs.morphs.Box>[0m[38;5;159m, material: [38;5;121m<gs.materials.Rigid>[0m[38;5;159m.[0m
[38;5;159m[Genesis] [18:12:48] [INFO] Preprocessing geom idx [38;5;121m[4m161[0m[38;5;159m.[0m
[38;5;159m[Genesis] [18:12:48] [INFO] Adding [38;5;121m<gs.RigidEntity>[0m[38;5;159m. idx: [38;5;121m10[0m[38;5;159m, uid: [38;5;121m[3m<11088e4>[0m[38;5;159m, morph: [38;5;121m<gs.morphs.Box>[0m[38;5;159m, material: [38;5;121m<gs.materials.Rigid>[0m[38;5;159m.[0m
[38;5;159m[Genesis] [18:12:48] [INFO] Adding [38;5;121m<gs.RigidEntity>[0m[38;5;159m. idx: [38;5;121m11[0m[38;5;159m, uid: [38;5;121m[3m<2909d43>[0m[38;5;159m, morph: [38;5;121m<gs.morphs.Box>[0m[38;5;159m, material: [38;5;121m<gs.materials.Rigid>[0m[38;5;159m.[0m
[38;5;159m[Genesis] [18:12:48] [INFO] Adding [38;5;121m<gs.RigidEntity>[0m[38;5;159m. idx: [38;5;121m12[0m[38;5;159m, uid: [38;5;121m[3m<697f7d8>[0m[38;5;159m, morph: [38;5;121m<gs.morphs.Box>[0m[38;5;159m, material: [38;5;121m<gs.materials.Rigid>[0m[38;5;159m.[0m
[38;5;159m[Genesis] [18:12:48] [INFO] Adding [38;5;121m<gs.RigidEntity>[0m[38;5;159m. idx: [38;5;121m13[0m[38;5;159m, uid: [38;5;121m[3m<fc6b7fa>[0m[38;5;159m, morph: [38;5;121m<gs.morphs.Mesh(file='/data/gck/maniladder/maniladder/assets/meshes/deformable/sand_tray.obj')>[0m[38;5;159m, material: [38;5;121m<gs.materials.Rigid>[0m[38;5;159m.[0m
[38;5;159m[Genesis] [18:12:48] [INFO] Convex hull is not accurate enough for collision detection (3.770). Falling back to more expensive convex decomposition (see FileMorph options).[0m
[38;5;159m[Genesis] [18:12:48] [INFO] Running convex decomposition.[0m
[2026-06-16 18:12:48.287] [CoACD] [info] threshold               0.1
[2026-06-16 18:12:48.288] [CoACD] [info] max # convex hull       -1
[2026-06-16 18:12:48.288] [CoACD] [info] preprocess mode         auto
[2026-06-16 18:12:48.288] [CoACD] [info] preprocess resolution   30
[2026-06-16 18:12:48.288] [CoACD] [info] pca                     false
[2026-06-16 18:12:48.288] [CoACD] [info] mcts max depth          3
[2026-06-16 18:12:48.288] [CoACD] [info] mcts nodes              20
[2026-06-16 18:12:48.288] [CoACD] [info] mcts iterations         100
[2026-06-16 18:12:48.288] [CoACD] [info] merge                   true
[2026-06-16 18:12:48.288] [CoACD] [info] decimate                false
[2026-06-16 18:12:48.288] [CoACD] [info] max_ch_vertex           256
[2026-06-16 18:12:48.288] [CoACD] [info] extrude                 false
[2026-06-16 18:12:48.288] [CoACD] [info] extrude margin          0.1
[2026-06-16 18:12:48.288] [CoACD] [info] approximate mode        ch
[2026-06-16 18:12:48.288] [CoACD] [info] seed                    0
[2026-06-16 18:12:48.288] [CoACD] [info]  - Manifold Check
[2026-06-16 18:12:48.289] [CoACD] [info] 	Wrong triangle orientation
[2026-06-16 18:12:48.289] [CoACD] [info] Manifold Check Time: 0.000197s
[2026-06-16 18:12:48.289] [CoACD] [info] Mesh Manifoldness: false
[2026-06-16 18:12:48.290] [CoACD] [info]  - Preprocess
[2026-06-16 18:12:48.290] [CoACD] [info] Preprocess resolution: 30
[2026-06-16 18:12:48.560] [CoACD] [info] Preprocess Time: 14.063832s
[2026-06-16 18:12:48.561] [CoACD] [info] # Points: 10324
[2026-06-16 18:12:48.561] [CoACD] [info] # Triangles: 20644
[2026-06-16 18:12:48.561] [CoACD] [info]  - Decomposition (MCTS)
[2026-06-16 18:12:48.561] [CoACD] [info] iter 0 ---- waiting pool: 1
[2026-06-16 18:12:48.566] [CoACD] [info] Processing [0.0%]
[2026-06-16 18:12:51.900] [CoACD] [info] Processing [100.0%]
[2026-06-16 18:12:51.900] [CoACD] [info] iter 1 ---- waiting pool: 2
[2026-06-16 18:12:51.900] [CoACD] [info] Processing [0.0%]
[2026-06-16 18:12:51.900] [CoACD] [info] Processing [50.0%]
[2026-06-16 18:12:53.782] [CoACD] [info] Processing [100.0%]
[2026-06-16 18:12:53.782] [CoACD] [info] iter 2 ---- waiting pool: 4
[2026-06-16 18:12:53.782] [CoACD] [info] Processing [25.0%]
[2026-06-16 18:12:53.782] [CoACD] [info] Processing [0.0%]
[2026-06-16 18:12:53.782] [CoACD] [info] Processing [75.0%]
[2026-06-16 18:12:53.782] [CoACD] [info] Processing [50.0%]
[2026-06-16 18:12:55.015] [CoACD] [info] Processing [100.0%]
[2026-06-16 18:12:55.016] [CoACD] [info] iter 3 ---- waiting pool: 8
[2026-06-16 18:12:55.016] [CoACD] [info] Processing [25.0%]
[2026-06-16 18:12:55.016] [CoACD] [info] Processing [0.0%]
[2026-06-16 18:12:55.016] [CoACD] [info] Processing [12.5%]
[2026-06-16 18:12:55.016] [CoACD] [info] Processing [37.5%]
[2026-06-16 18:12:55.016] [CoACD] [info] Processing [50.0%]
[2026-06-16 18:12:55.016] [CoACD] [info] Processing [87.5%]
[2026-06-16 18:12:55.016] [CoACD] [info] Processing [62.5%]
[2026-06-16 18:12:55.017] [CoACD] [info] Processing [75.0%]
[2026-06-16 18:12:55.787] [CoACD] [info] Processing [100.0%]
[2026-06-16 18:12:55.787] [CoACD] [info] iter 4 ---- waiting pool: 8
[2026-06-16 18:12:55.788] [CoACD] [info] Processing [25.0%]
[2026-06-16 18:12:55.788] [CoACD] [info] Processing [75.0%]
[2026-06-16 18:12:55.788] [CoACD] [info] Processing [50.0%]
[2026-06-16 18:12:55.788] [CoACD] [info] Processing [37.5%]
[2026-06-16 18:12:55.788] [CoACD] [info] Processing [12.5%]
[2026-06-16 18:12:55.788] [CoACD] [info] Processing [87.5%]
[2026-06-16 18:12:55.788] [CoACD] [info] Processing [62.5%]
[2026-06-16 18:12:55.788] [CoACD] [info] Processing [0.0%]
[2026-06-16 18:12:55.816] [CoACD] [info] Processing [100.0%]
[2026-06-16 18:12:55.816] [CoACD] [info]  - Merge Convex Hulls
[2026-06-16 18:12:56.644] [CoACD] [info] Compute Time: 8.082756046205759s
[2026-06-16 18:12:56.644] [CoACD] [info] # Convex Hulls: 10
[38;5;159m[Genesis] [18:12:56] [INFO] Preprocessing geom idx [38;5;121m[4m165[0m[38;5;159m.[0m
[38;5;159m[Genesis] [18:12:57] [INFO] Preprocessing geom idx [38;5;121m[4m166[0m[38;5;159m.[0m
[38;5;159m[Genesis] [18:12:58] [INFO] Preprocessing geom idx [38;5;121m[4m167[0m[38;5;159m.[0m
[38;5;159m[Genesis] [18:12:58] [INFO] Preprocessing geom idx [38;5;121m[4m168[0m[38;5;159m.[0m
[38;5;159m[Genesis] [18:12:58] [INFO] Preprocessing geom idx [38;5;121m[4m169[0m[38;5;159m.[0m
[38;5;159m[Genesis] [18:12:58] [INFO] Preprocessing geom idx [38;5;121m[4m170[0m[38;5;159m.[0m
[38;5;159m[Genesis] [18:12:59] [INFO] Preprocessing geom idx [38;5;121m[4m171[0m[38;5;159m.[0m
[38;5;159m[Genesis] [18:12:59] [INFO] Preprocessing geom idx [38;5;121m[4m172[0m[38;5;159m.[0m
[38;5;159m[Genesis] [18:12:59] [INFO] Preprocessing geom idx [38;5;121m[4m173[0m[38;5;159m.[0m
[38;5;159m[Genesis] [18:12:59] [INFO] Preprocessing geom idx [38;5;121m[4m174[0m[38;5;159m.[0m
[38;5;159m[Genesis] [18:12:59] [INFO] Adding [38;5;121m<gs.RigidEntity>[0m[38;5;159m. idx: [38;5;121m14[0m[38;5;159m, uid: [38;5;121m[3m<3fcec38>[0m[38;5;159m, morph: [38;5;121m<gs.morphs.Mesh(file='/data/gck/maniladder/maniladder/assets/meshes/deformable/sand_tray.obj')>[0m[38;5;159m, material: [38;5;121m<gs.materials.Rigid>[0m[38;5;159m.[0m
[38;5;159m[Genesis] [18:12:59] [INFO] Convex hull is not accurate enough for collision detection (3.770). Falling back to more expensive convex decomposition (see FileMorph options).[0m
[38;5;159m[Genesis] [18:13:00] [INFO] Adding [38;5;121m<gs.RigidEntity>[0m[38;5;159m. idx: [38;5;121m15[0m[38;5;159m, uid: [38;5;121m[3m<a9994bb>[0m[38;5;159m, morph: [38;5;121m<gs.morphs.Mesh(file='/data/gck/maniladder/maniladder/assets/meshes/deformable/sand_tray.obj')>[0m[38;5;159m, material: [38;5;121m<gs.materials.Rigid>[0m[38;5;159m.[0m
[38;5;159m[Genesis] [18:13:00] [INFO] Convex hull is not accurate enough for collision detection (3.770). Falling back to more expensive convex decomposition (see FileMorph options).[0m
[38;5;159m[Genesis] [18:13:00] [INFO] Adding [38;5;121m<gs.RigidEntity>[0m[38;5;159m. idx: [38;5;121m16[0m[38;5;159m, uid: [38;5;121m[3m<fa3b685>[0m[38;5;159m, morph: [38;5;121m<gs.morphs.Mesh(file='/data/gck/maniladder/maniladder/assets/meshes/deformable/shovel.obj')>[0m[38;5;159m, material: [38;5;121m<gs.materials.Rigid>[0m[38;5;159m.[0m
[38;5;159m[Genesis] [18:13:00] [INFO] Convex hull is not accurate enough for collision detection (4.299). Falling back to more expensive convex decomposition (see FileMorph options).[0m
[38;5;159m[Genesis] [18:13:00] [INFO] Running convex decomposition.[0m
[2026-06-16 18:13:00.193] [CoACD] [info] threshold               0.1
[2026-06-16 18:13:00.193] [CoACD] [info] max # convex hull       -1
[2026-06-16 18:13:00.194] [CoACD] [info] preprocess mode         auto
[2026-06-16 18:13:00.194] [CoACD] [info] preprocess resolution   30
[2026-06-16 18:13:00.194] [CoACD] [info] pca                     false
[2026-06-16 18:13:00.194] [CoACD] [info] mcts max depth          3
[2026-06-16 18:13:00.194] [CoACD] [info] mcts nodes              20
[2026-06-16 18:13:00.194] [CoACD] [info] mcts iterations         100
[2026-06-16 18:13:00.194] [CoACD] [info] merge                   true
[2026-06-16 18:13:00.194] [CoACD] [info] decimate                false
[2026-06-16 18:13:00.194] [CoACD] [info] max_ch_vertex           256
[2026-06-16 18:13:00.194] [CoACD] [info] extrude                 false
[2026-06-16 18:13:00.194] [CoACD] [info] extrude margin          0.1
[2026-06-16 18:13:00.194] [CoACD] [info] approximate mode        ch
[2026-06-16 18:13:00.194] [CoACD] [info] seed                    0
[2026-06-16 18:13:00.194] [CoACD] [info]  - Manifold Check
[2026-06-16 18:13:00.195] [CoACD] [info] 	Unclosed mesh
[2026-06-16 18:13:00.195] [CoACD] [info] Manifold Check Time: 0.001167s
[2026-06-16 18:13:00.196] [CoACD] [info] Mesh Manifoldness: false
[2026-06-16 18:13:00.196] [CoACD] [info]  - Preprocess
[2026-06-16 18:13:00.196] [CoACD] [info] Preprocess resolution: 30
[2026-06-16 18:13:00.541] [CoACD] [info] Preprocess Time: 19.784764s
[2026-06-16 18:13:00.541] [CoACD] [info] # Points: 3294
[2026-06-16 18:13:00.542] [CoACD] [info] # Triangles: 6584
[2026-06-16 18:13:00.542] [CoACD] [info]  - Decomposition (MCTS)
[2026-06-16 18:13:00.542] [CoACD] [info] iter 0 ---- waiting pool: 1
[2026-06-16 18:13:00.542] [CoACD] [info] Processing [0.0%]
[2026-06-16 18:13:02.436] [CoACD] [info] Processing [100.0%]
[2026-06-16 18:13:02.437] [CoACD] [info] iter 1 ---- waiting pool: 2
[2026-06-16 18:13:02.442] [CoACD] [info] Processing [50.0%]
[2026-06-16 18:13:02.442] [CoACD] [info] Processing [0.0%]
[2026-06-16 18:13:03.996] [CoACD] [info] Processing [100.0%]
[2026-06-16 18:13:03.996] [CoACD] [info] iter 2 ---- waiting pool: 2
[2026-06-16 18:13:03.996] [CoACD] [info] Processing [50.0%]
[2026-06-16 18:13:03.996] [CoACD] [info] Processing [0.0%]
[2026-06-16 18:13:04.958] [CoACD] [info] Processing [100.0%]
[2026-06-16 18:13:04.958] [CoACD] [info] iter 3 ---- waiting pool: 4
[2026-06-16 18:13:04.958] [CoACD] [info] Processing [0.0%]
[2026-06-16 18:13:04.958] [CoACD] [info] Processing [25.0%]
[2026-06-16 18:13:04.958] [CoACD] [info] Processing [75.0%]
[2026-06-16 18:13:04.958] [CoACD] [info] Processing [50.0%]
[2026-06-16 18:13:05.703] [CoACD] [info] Processing [100.0%]
[2026-06-16 18:13:05.703] [CoACD] [info] iter 4 ---- waiting pool: 8
[2026-06-16 18:13:05.703] [CoACD] [info] Processing [25.0%]
[2026-06-16 18:13:05.703] [CoACD] [info] Processing [0.0%]
[2026-06-16 18:13:05.703] [CoACD] [info] Processing [37.5%]
[2026-06-16 18:13:05.703] [CoACD] [info] Processing [12.5%]
[2026-06-16 18:13:05.703] [CoACD] [info] Processing [62.5%]
[2026-06-16 18:13:05.703] [CoACD] [info] Processing [75.0%]
[2026-06-16 18:13:05.703] [CoACD] [info] Processing [50.0%]
[2026-06-16 18:13:05.703] [CoACD] [info] Processing [87.5%]
[2026-06-16 18:13:05.726] [CoACD] [info] Processing [100.0%]
[2026-06-16 18:13:05.726] [CoACD] [info]  - Merge Convex Hulls
[2026-06-16 18:13:05.828] [CoACD] [info] Compute Time: 5.286941324360669s
[2026-06-16 18:13:05.828] [CoACD] [info] # Convex Hulls: 9
[38;5;159m[Genesis] [18:13:05] [INFO] Preprocessing geom idx [38;5;121m[4m195[0m[38;5;159m.[0m
[38;5;159m[Genesis] [18:13:06] [INFO] Preprocessing geom idx [38;5;121m[4m196[0m[38;5;159m.[0m
[38;5;159m[Genesis] [18:13:06] [INFO] Preprocessing geom idx [38;5;121m[4m197[0m[38;5;159m.[0m
[38;5;159m[Genesis] [18:13:06] [INFO] Preprocessing geom idx [38;5;121m[4m198[0m[38;5;159m.[0m
[38;5;159m[Genesis] [18:13:06] [INFO] Preprocessing geom idx [38;5;121m[4m199[0m[38;5;159m.[0m
[38;5;159m[Genesis] [18:13:07] [INFO] Preprocessing geom idx [38;5;121m[4m200[0m[38;5;159m.[0m
[38;5;159m[Genesis] [18:13:07] [INFO] Preprocessing geom idx [38;5;121m[4m201[0m[38;5;159m.[0m
[38;5;159m[Genesis] [18:13:07] [INFO] Preprocessing geom idx [38;5;121m[4m202[0m[38;5;159m.[0m
[38;5;159m[Genesis] [18:13:08] [INFO] Preprocessing geom idx [38;5;121m[4m203[0m[38;5;159m.[0m
[38;5;159m[Genesis] [18:13:08] [INFO] Adding [38;5;121m<gs.RigidEntity>[0m[38;5;159m. idx: [38;5;121m17[0m[38;5;159m, uid: [38;5;121m[3m<b9a189e>[0m[38;5;159m, morph: [38;5;121m<gs.morphs.Mesh(file='/data/gck/maniladder/maniladder/assets/meshes/deformable/shovel.obj')>[0m[38;5;159m, material: [38;5;121m<gs.materials.Rigid>[0m[38;5;159m.[0m
[38;5;159m[Genesis] [18:13:08] [INFO] Convex hull is not accurate enough for collision detection (4.299). Falling back to more expensive convex decomposition (see FileMorph options).[0m
[38;5;159m[Genesis] [18:13:08] [INFO] Adding [38;5;121m<gs.MPMEntity>[0m[38;5;159m. idx: [38;5;121m18[0m[38;5;159m, uid: [38;5;121m[3m<2c906d1>[0m[38;5;159m, morph: [38;5;121m<gs.morphs.Box>[0m[38;5;159m, material: [38;5;121m<gs.materials.MPM.Sand>[0m[38;5;159m.[0m
[38;5;159m[Genesis] [18:13:08] [INFO] Sampling particles with [38;5;121mrandom[0m[38;5;159m sampler and generating `.ptc` file:[0m
[38;5;159m[Genesis] [18:13:08] [INFO] Sampled [38;5;121m[4m4,000[0m[38;5;159m particles.[0m
[38;5;159m[Genesis] [18:13:08] [INFO] Adding [38;5;121m<gs.MPMEntity>[0m[38;5;159m. idx: [38;5;121m19[0m[38;5;159m, uid: [38;5;121m[3m<cc4704c>[0m[38;5;159m, morph: [38;5;121m<gs.morphs.Box>[0m[38;5;159m, material: [38;5;121m<gs.materials.MPM.Sand>[0m[38;5;159m.[0m
[38;5;159m[Genesis] [18:13:08] [INFO] Sampled [38;5;121m[4m4,000[0m[38;5;159m particles.[0m
[38;5;159m[Genesis] [18:13:08] [INFO] Building scene [38;5;121m[3m<4143d4a>[0m[38;5;159m...[0m
[38;5;226m[Genesis] [18:13:14] [WARNING] max_collision_pairs 300 is smaller than the theoretical maximal possible pairs 20717, it uses less memory but might lead to missing some collision pairs if there are too many collision pairs[0m
[38;5;159m[Genesis] [18:13:26] [INFO] Compiling simulation kernels...[0m
[38;5;159m[Genesis] [18:14:10] [INFO] Building visualizer...[0m
/data/gck/miniconda3/envs/maniladder/lib/python3.10/site-packages/torch/utils/_device.py:109: UserWarning: The given NumPy array is not writable, and PyTorch does not support non-writable tensors. This means writing to this tensor will result in undefined behavior. You may want to copy the array to protect its data or make it writable before converting it to a tensor. This type of warning will be suppressed for the rest of this program. (Triggered internally at /pytorch/torch/csrc/utils/tensor_numpy.cpp:213.)
  return func(*args, **kwargs)
Action space: Dict('xarm7_leaphand-0': Box(-1.0, 1.0, (22,), float32), 'xarm7_leaphand-1': Box(-1.0, 1.0, (22,), float32))
Generating 1 orbit video-only demos → /data/gck/maniladder/site/generated_demos/DualArmSandShovel-v1
Traceback (most recent call last):
  File "/data/gck/maniladder/scripts/generate_demos.py", line 524, in <module>
    main()
  File "/data/gck/maniladder/scripts/generate_demos.py", line 399, in main
    action = task_env.scripted_policy()
AttributeError: 'SandShovelEnv' object has no attribute 'scripted_policy'

[38;5;9m[Genesis] [18:14:16] [ERROR] AttributeError: 'SandShovelEnv' object has no attribute 'scripted_policy'[0m
[38;5;159m[Genesis] [18:14:16] [INFO] 💤 Exiting Genesis and caching compiled kernels...[0m
