[38;5;159m[Genesis] [17:18:08] [INFO] [38;5;121m╭───────────────────────────────────────────────╮[0m[38;5;159m[0m
[38;5;159m[Genesis] [17:18:08] [INFO] [38;5;121m│┈┉┈┉┈┉┈┉┈┉┈┉┈┉┈┉┈┉┈[0m[38;5;159m [38;5;121m[1m[3mGenesis[0m[38;5;159m [38;5;121m┈┉┈┉┈┉┈┉┈┉┈┉┈┉┈┉┈┉┈│[0m[38;5;159m[0m
[38;5;159m[Genesis] [17:18:08] [INFO] [38;5;121m╰───────────────────────────────────────────────╯[0m[38;5;159m[0m
[38;5;159m[Genesis] [17:18:09] [INFO] Running on [38;5;121m[4m[NVIDIA A100-SXM4-80GB][0m[38;5;159m with backend [38;5;121m[4mgs.cuda[0m[38;5;159m. Device memory: [38;5;121m[4m79.25[0m[38;5;159m GB.[0m
[38;5;159m[Genesis] [17:18:09] [INFO] 🚀 Genesis initialized. 🔖 version: [38;5;121m[4m0.3.6[0m[38;5;159m, 🎨 theme: [38;5;121m[4mdark[0m[38;5;159m, 🌱 seed: [38;5;121m[4mNone[0m[38;5;159m, 🐛 debug: [38;5;121m[4mFalse[0m[38;5;159m, 📏 precision: [38;5;121m[4m32[0m[38;5;159m, 🏎️ performance: [38;5;121m[4mFalse[0m[38;5;159m, 💬 verbose: [38;5;121m[4mINFO[0m[38;5;159m[0m
[38;5;159m[Genesis] [17:18:12] [INFO] Scene [38;5;121m[3m<0d0219b>[0m[38;5;159m created.[0m
[38;5;159m[Genesis] [17:18:12] [INFO] Adding [38;5;121m<gs.RigidEntity>[0m[38;5;159m. idx: [38;5;121m0[0m[38;5;159m, uid: [38;5;121m[3m<31f887a>[0m[38;5;159m, morph: [38;5;121m<gs.morphs.URDF(file='/data/gck/maniladder/maniladder/assets/urdf/panda_leaphand/panda_leaphand_left.urdf')>[0m[38;5;159m, material: [38;5;121m<gs.materials.Rigid>[0m[38;5;159m.[0m
[38;5;159m[Genesis] [17:18:16] [INFO] Applying offset to base link's pose with user provided value in morph.[0m
[32m2026-06-16 17:18:18,110 - maniladder  - INFO - only loading the first pose of the given initial pose Pose(raw_pose=tensor([[-0.4000, -0.6000,  0.0000,  0.0000,  0.0000, 90.0000]],
       device='cuda:0')), parallel loading has not been implemented yet.[0m
[38;5;159m[Genesis] [17:18:18] [INFO] Adding [38;5;121m<gs.RigidEntity>[0m[38;5;159m. idx: [38;5;121m1[0m[38;5;159m, uid: [38;5;121m[3m<501e740>[0m[38;5;159m, morph: [38;5;121m<gs.morphs.URDF(file='/data/gck/maniladder/maniladder/assets/urdf/panda_leaphand/panda_leaphand.urdf')>[0m[38;5;159m, material: [38;5;121m<gs.materials.Rigid>[0m[38;5;159m.[0m
[38;5;159m[Genesis] [17:18:21] [INFO] Applying offset to base link's pose with user provided value in morph.[0m
[32m2026-06-16 17:18:23,199 - maniladder  - INFO - only loading the first pose of the given initial pose Pose(raw_pose=tensor([[ -0.4000,   0.6000,   0.0000,   0.0000,   0.0000, -90.0000]],
       device='cuda:0')), parallel loading has not been implemented yet.[0m
[38;5;159m[Genesis] [17:18:23] [INFO] Adding [38;5;121m<gs.RigidEntity>[0m[38;5;159m. idx: [38;5;121m2[0m[38;5;159m, uid: [38;5;121m[3m<b3a8b8e>[0m[38;5;159m, morph: [38;5;121m<gs.morphs.Mesh(file='/data/gck/maniladder/maniladder/assets/models/table.glb')>[0m[38;5;159m, material: [38;5;121m<gs.materials.Rigid>[0m[38;5;159m.[0m
[38;5;226m[Genesis] [17:18:23] [WARNING] GLTF is using y-up while Genesis uses z-up. Please set parse_glb_with_zup=True in morph options if you find the mesh is 90-degree rotated. We will set parse_glb_with_zup=True and rotate glb mesh by default later and gradually enforce this option.[0m
/data/gck/miniconda3/envs/maniladder/lib/python3.10/site-packages/pygltflib/__init__.py:830: UserWarning: pygltflib currently does not remove image data from the buffer when converting to data uri.Please open an issue at https://gitlab.com/dodgyville/pygltflib/issues
  warnings.warn("pygltflib currently does not remove image data "
[38;5;159m[Genesis] [17:18:23] [INFO] Adding [38;5;121m<gs.RigidEntity>[0m[38;5;159m. idx: [38;5;121m3[0m[38;5;159m, uid: [38;5;121m[3m<9a97cb9>[0m[38;5;159m, morph: [38;5;121m<gs.morphs.Box>[0m[38;5;159m, material: [38;5;121m<gs.materials.Rigid>[0m[38;5;159m.[0m
[38;5;159m[Genesis] [17:18:23] [INFO] Adding [38;5;121m<gs.RigidEntity>[0m[38;5;159m. idx: [38;5;121m4[0m[38;5;159m, uid: [38;5;121m[3m<9a8a11b>[0m[38;5;159m, morph: [38;5;121m<gs.morphs.Plane>[0m[38;5;159m, material: [38;5;121m<gs.materials.Rigid>[0m[38;5;159m.[0m
[38;5;159m[Genesis] [17:18:23] [INFO] Adding [38;5;121m<gs.RigidEntity>[0m[38;5;159m. idx: [38;5;121m5[0m[38;5;159m, uid: [38;5;121m[3m<894feb1>[0m[38;5;159m, morph: [38;5;121m<gs.morphs.Box>[0m[38;5;159m, material: [38;5;121m<gs.materials.Rigid>[0m[38;5;159m.[0m
[38;5;159m[Genesis] [17:18:23] [INFO] Adding [38;5;121m<gs.RigidEntity>[0m[38;5;159m. idx: [38;5;121m6[0m[38;5;159m, uid: [38;5;121m[3m<e34435e>[0m[38;5;159m, morph: [38;5;121m<gs.morphs.Box>[0m[38;5;159m, material: [38;5;121m<gs.materials.Rigid>[0m[38;5;159m.[0m
[38;5;159m[Genesis] [17:18:23] [INFO] Adding [38;5;121m<gs.RigidEntity>[0m[38;5;159m. idx: [38;5;121m7[0m[38;5;159m, uid: [38;5;121m[3m<0154ac0>[0m[38;5;159m, morph: [38;5;121m<gs.morphs.Box>[0m[38;5;159m, material: [38;5;121m<gs.materials.Rigid>[0m[38;5;159m.[0m
[38;5;159m[Genesis] [17:18:23] [INFO] Adding [38;5;121m<gs.RigidEntity>[0m[38;5;159m. idx: [38;5;121m8[0m[38;5;159m, uid: [38;5;121m[3m<39bcd72>[0m[38;5;159m, morph: [38;5;121m<gs.morphs.URDF(file='/data/gck/maniladder/maniladder/assets/models/folding_table/folding_table.urdf')>[0m[38;5;159m, material: [38;5;121m<gs.materials.Rigid>[0m[38;5;159m.[0m
[38;5;159m[Genesis] [17:18:23] [INFO] Falling back to legacy URDF parser. Default values of physics properties may be off.[0m
[38;5;159m[Genesis] [17:18:23] [INFO] Applying offset to base link's pose with user provided value in morph.[0m
[38;5;159m[Genesis] [17:18:23] [INFO] Preprocessing geom idx [38;5;121m[4m164[0m[38;5;159m.[0m
[38;5;159m[Genesis] [17:18:24] [INFO] Preprocessing geom idx [38;5;121m[4m165[0m[38;5;159m.[0m
Warning: Could not get table base link: Link not found for name: folding_table.
[38;5;159m[Genesis] [17:18:24] [INFO] Building scene [38;5;121m[3m<0d0219b>[0m[38;5;159m...[0m
[38;5;226m[Genesis] [17:18:28] [WARNING] Reference robot position exceeds joint limits.[0m
[38;5;226m[Genesis] [17:18:30] [WARNING] max_collision_pairs 500 is smaller than the theoretical maximal possible pairs 13124, it uses less memory but might lead to missing some collision pairs if there are too many collision pairs[0m
[38;5;159m[Genesis] [17:18:40] [INFO] Compiling simulation kernels...[0m
[38;5;159m[Genesis] [17:19:15] [INFO] Building visualizer...[0m
/data/gck/miniconda3/envs/maniladder/lib/python3.10/site-packages/torch/utils/_device.py:109: UserWarning: The given NumPy array is not writable, and PyTorch does not support non-writable tensors. This means writing to this tensor will result in undefined behavior. You may want to copy the array to protect its data or make it writable before converting it to a tensor. This type of warning will be suppressed for the rest of this program. (Triggered internally at /pytorch/torch/csrc/utils/tensor_numpy.cpp:213.)
  return func(*args, **kwargs)
Action space: Dict('panda_leaphand-1': Box(-1.0, 1.0, (22,), float32), 'panda_leaphand_left-0': Box(-1.0, 1.0, (22,), float32))
Generating 1 orbit video-only demos → /data/gck/maniladder/site/generated_demos/DualArmFlipTable-v1
  [ep 0/1, attempt 1] step 1/2400  terminated=False  truncated=False
  [ep 0/1, attempt 1] step 101/2400  terminated=False  truncated=False
  [ep 0/1, attempt 1] step 201/2400  terminated=False  truncated=False
transition to phase 3
  [ep 0/1, attempt 1] step 301/2400  terminated=False  truncated=False
  [ep 0/1, attempt 1] step 401/2400  terminated=False  truncated=False
  [ep 0/1, attempt 1] step 501/2400  terminated=False  truncated=False
transition to phase 8：ready to insert
  [ep 0/1, attempt 1] step 601/2400  terminated=False  truncated=False
transition to phase 9：lift up ,stage 2
  [ep 0/1, attempt 1] step 701/2400  terminated=False  truncated=False
  [ep 0/1, attempt 1] step 801/2400  terminated=False  truncated=False
  [ep 0/1, attempt 1] step 901/2400  terminated=False  truncated=False
  [ep 0/1, attempt 1] step 1001/2400  terminated=False  truncated=False
  [ep 0/1, attempt 1] step 1101/2400  terminated=False  truncated=False
  [ep 0/1, attempt 1] step 1201/2400  terminated=False  truncated=False
  [ep 0/1, attempt 1] step 1301/2400  terminated=False  truncated=False
  [ep 0/1, attempt 1] step 1401/2400  terminated=False  truncated=False
  [ep 0/1, attempt 1] step 1501/2400  terminated=False  truncated=False
  [ep 0/1, attempt 1] step 1601/2400  terminated=False  truncated=False
  [ep 0/1, attempt 1] step 1701/2400  terminated=False  truncated=False
  [ep 0/1, attempt 1] step 1801/2400  terminated=False  truncated=False
  [ep 0/1, attempt 1] step 1901/2400  terminated=False  truncated=False
  [ep 0/1, attempt 1] step 2001/2400  terminated=False  truncated=False
  [ep 0/1, attempt 1] step 2101/2400  terminated=False  truncated=False
  [ep 0/1, attempt 1] step 2201/2400  terminated=False  truncated=False
  [ep 0/1, attempt 1] step 2301/2400  terminated=False  truncated=False
  [ep 0/1, attempt 1] step 2400/2400  terminated=False  truncated=True
  [WARNING] Episode 0 attempt 1 truncated without success. Discarding and retrying...
  [Success Rate] overall: 0.0% (0/1) | moving avg (last 1): 0.0%
[ManiLadder Camera] stop_recording target=/data/gck/maniladder/site/generated_demos/DualArmFlipTable-v1/videos/orbit_camera_failed_ep0_attempt1.mp4
[38;5;159m[Genesis] [17:22:44] [INFO] Saving video to [38;5;121m"/data/gck/maniladder/site/generated_demos/DualArmFlipTable-v1/videos/orbit_camera_failed_ep0_attempt1.mp4"[0m[38;5;159m...[0m
[38;5;159m[Genesis] [17:22:53] [INFO] Video saved.[0m
  [ep 0/1, attempt 2] step 1/2400  terminated=False  truncated=False
  [ep 0/1, attempt 2] step 101/2400  terminated=False  truncated=False
  [ep 0/1, attempt 2] step 201/2400  terminated=False  truncated=False
transition to phase 3
  [ep 0/1, attempt 2] step 301/2400  terminated=False  truncated=False
  [ep 0/1, attempt 2] step 401/2400  terminated=False  truncated=False
transition to phase 8：ready to insert
  [ep 0/1, attempt 2] step 501/2400  terminated=False  truncated=False
transition to phase 9：lift up ,stage 2
  [ep 0/1, attempt 2] step 601/2400  terminated=False  truncated=False
  [ep 0/1, attempt 2] step 701/2400  terminated=False  truncated=False
  [ep 0/1, attempt 2] step 801/2400  terminated=False  truncated=False
  [ep 0/1, attempt 2] step 901/2400  terminated=False  truncated=False
  [ep 0/1, attempt 2] step 1001/2400  terminated=False  truncated=False
  [ep 0/1, attempt 2] step 1101/2400  terminated=False  truncated=False
  [ep 0/1, attempt 2] step 1201/2400  terminated=False  truncated=False
  [ep 0/1, attempt 2] step 1301/2400  terminated=False  truncated=False
  [ep 0/1, attempt 2] step 1401/2400  terminated=False  truncated=False
  [ep 0/1, attempt 2] step 1501/2400  terminated=False  truncated=False
  [ep 0/1, attempt 2] step 1601/2400  terminated=False  truncated=False
  [ep 0/1, attempt 2] step 1701/2400  terminated=False  truncated=False
  [ep 0/1, attempt 2] step 1801/2400  terminated=False  truncated=False
  [ep 0/1, attempt 2] step 1901/2400  terminated=False  truncated=False
  [ep 0/1, attempt 2] step 2001/2400  terminated=False  truncated=False
  [ep 0/1, attempt 2] step 2101/2400  terminated=False  truncated=False
  [ep 0/1, attempt 2] step 2201/2400  terminated=False  truncated=False
  [ep 0/1, attempt 2] step 2301/2400  terminated=False  truncated=False
  [ep 0/1, attempt 2] step 2400/2400  terminated=False  truncated=True
  [WARNING] Episode 0 attempt 2 truncated without success. Discarding and retrying...
  [Success Rate] overall: 0.0% (0/2) | moving avg (last 2): 0.0%
[ManiLadder Camera] stop_recording target=/data/gck/maniladder/site/generated_demos/DualArmFlipTable-v1/videos/orbit_camera_failed_ep0_attempt2.mp4
[38;5;159m[Genesis] [17:27:59] [INFO] Saving video to [38;5;121m"/data/gck/maniladder/site/generated_demos/DualArmFlipTable-v1/videos/orbit_camera_failed_ep0_attempt2.mp4"[0m[38;5;159m...[0m
[38;5;159m[Genesis] [17:28:06] [INFO] Video saved.[0m
  [ep 0/1, attempt 3] step 1/2400  terminated=False  truncated=False
  [ep 0/1, attempt 3] step 101/2400  terminated=False  truncated=False
  [ep 0/1, attempt 3] step 201/2400  terminated=False  truncated=False
transition to phase 3
  [ep 0/1, attempt 3] step 301/2400  terminated=False  truncated=False
  [ep 0/1, attempt 3] step 401/2400  terminated=False  truncated=False
  [ep 0/1, attempt 3] step 501/2400  terminated=False  truncated=False
transition to phase 8：ready to insert
  [ep 0/1, attempt 3] step 601/2400  terminated=False  truncated=False
transition to phase 9：lift up ,stage 2
  [ep 0/1, attempt 3] step 701/2400  terminated=False  truncated=False
  [ep 0/1, attempt 3] step 801/2400  terminated=False  truncated=False
  [ep 0/1, attempt 3] step 901/2400  terminated=False  truncated=False
  [ep 0/1, attempt 3] step 1001/2400  terminated=False  truncated=False
  [ep 0/1, attempt 3] step 1101/2400  terminated=False  truncated=False
  [ep 0/1, attempt 3] step 1201/2400  terminated=False  truncated=False
  [ep 0/1, attempt 3] step 1301/2400  terminated=False  truncated=False
  [ep 0/1, attempt 3] step 1401/2400  terminated=False  truncated=False
  [ep 0/1, attempt 3] step 1501/2400  terminated=False  truncated=False
  [ep 0/1, attempt 3] step 1601/2400  terminated=False  truncated=False
  [ep 0/1, attempt 3] step 1701/2400  terminated=False  truncated=False
  [ep 0/1, attempt 3] step 1801/2400  terminated=False  truncated=False
  [ep 0/1, attempt 3] step 1901/2400  terminated=False  truncated=False
  [ep 0/1, attempt 3] step 2001/2400  terminated=False  truncated=False
  [ep 0/1, attempt 3] step 2101/2400  terminated=False  truncated=False
  [ep 0/1, attempt 3] step 2201/2400  terminated=False  truncated=False
  [ep 0/1, attempt 3] step 2301/2400  terminated=False  truncated=False
  [ep 0/1, attempt 3] step 2400/2400  terminated=False  truncated=True
  [WARNING] Episode 0 attempt 3 truncated without success. Discarding and retrying...
  [Success Rate] overall: 0.0% (0/3) | moving avg (last 3): 0.0%
[ManiLadder Camera] stop_recording target=/data/gck/maniladder/site/generated_demos/DualArmFlipTable-v1/videos/orbit_camera_failed_ep0_attempt3.mp4
[38;5;159m[Genesis] [17:31:08] [INFO] Saving video to [38;5;121m"/data/gck/maniladder/site/generated_demos/DualArmFlipTable-v1/videos/orbit_camera_failed_ep0_attempt3.mp4"[0m[38;5;159m...[0m
[38;5;159m[Genesis] [17:31:17] [INFO] Video saved.[0m
  [ep 0/1, attempt 4] step 1/2400  terminated=False  truncated=False
  [ep 0/1, attempt 4] step 101/2400  terminated=False  truncated=False
  [ep 0/1, attempt 4] step 201/2400  terminated=False  truncated=False
transition to phase 3
  [ep 0/1, attempt 4] step 301/2400  terminated=False  truncated=False
  [ep 0/1, attempt 4] step 401/2400  terminated=False  truncated=False
  [ep 0/1, attempt 4] step 501/2400  terminated=False  truncated=False
transition to phase 8：ready to insert
  [ep 0/1, attempt 4] step 601/2400  terminated=False  truncated=False
transition to phase 9：lift up ,stage 2
  [ep 0/1, attempt 4] step 701/2400  terminated=False  truncated=False
  [ep 0/1, attempt 4] step 801/2400  terminated=False  truncated=False
  [ep 0/1, attempt 4] step 901/2400  terminated=False  truncated=False
  [ep 0/1, attempt 4] step 1001/2400  terminated=False  truncated=False
  [ep 0/1, attempt 4] step 1101/2400  terminated=False  truncated=False
  [ep 0/1, attempt 4] step 1201/2400  terminated=False  truncated=False
  [ep 0/1, attempt 4] step 1301/2400  terminated=False  truncated=False
  [ep 0/1, attempt 4] step 1401/2400  terminated=False  truncated=False
  [ep 0/1, attempt 4] step 1501/2400  terminated=False  truncated=False
  [ep 0/1, attempt 4] step 1601/2400  terminated=False  truncated=False
  [ep 0/1, attempt 4] step 1701/2400  terminated=False  truncated=False
  [ep 0/1, attempt 4] step 1801/2400  terminated=False  truncated=False
  [ep 0/1, attempt 4] step 1901/2400  terminated=False  truncated=False
  [ep 0/1, attempt 4] step 2001/2400  terminated=False  truncated=False
  [ep 0/1, attempt 4] step 2101/2400  terminated=False  truncated=False
  [ep 0/1, attempt 4] step 2201/2400  terminated=False  truncated=False
  [ep 0/1, attempt 4] step 2301/2400  terminated=False  truncated=False
  [ep 0/1, attempt 4] step 2400/2400  terminated=False  truncated=True
  [WARNING] Episode 0 attempt 4 truncated without success. Discarding and retrying...
  [Success Rate] overall: 0.0% (0/4) | moving avg (last 4): 0.0%
[ManiLadder Camera] stop_recording target=/data/gck/maniladder/site/generated_demos/DualArmFlipTable-v1/videos/orbit_camera_failed_ep0_attempt4.mp4
[38;5;159m[Genesis] [17:34:08] [INFO] Saving video to [38;5;121m"/data/gck/maniladder/site/generated_demos/DualArmFlipTable-v1/videos/orbit_camera_failed_ep0_attempt4.mp4"[0m[38;5;159m...[0m
[38;5;159m[Genesis] [17:34:17] [INFO] Video saved.[0m
  [ep 0/1, attempt 5] step 1/2400  terminated=False  truncated=False
  [ep 0/1, attempt 5] step 101/2400  terminated=False  truncated=False
  [ep 0/1, attempt 5] step 201/2400  terminated=False  truncated=False
transition to phase 3
  [ep 0/1, attempt 5] step 301/2400  terminated=False  truncated=False
  [ep 0/1, attempt 5] step 401/2400  terminated=False  truncated=False
  [ep 0/1, attempt 5] step 501/2400  terminated=False  truncated=False
transition to phase 8：ready to insert
  [ep 0/1, attempt 5] step 601/2400  terminated=False  truncated=False
transition to phase 9：lift up ,stage 2
  [ep 0/1, attempt 5] step 701/2400  terminated=False  truncated=False
  [ep 0/1, attempt 5] step 801/2400  terminated=False  truncated=False
  [ep 0/1, attempt 5] step 901/2400  terminated=False  truncated=False
  [ep 0/1, attempt 5] step 1001/2400  terminated=False  truncated=False
  [ep 0/1, attempt 5] step 1101/2400  terminated=False  truncated=False
  [ep 0/1, attempt 5] step 1201/2400  terminated=False  truncated=False
  [ep 0/1, attempt 5] step 1301/2400  terminated=False  truncated=False
  [ep 0/1, attempt 5] step 1401/2400  terminated=False  truncated=False
  [ep 0/1, attempt 5] step 1501/2400  terminated=False  truncated=False
  [ep 0/1, attempt 5] step 1601/2400  terminated=False  truncated=False
  [ep 0/1, attempt 5] step 1701/2400  terminated=False  truncated=False
  [ep 0/1, attempt 5] step 1801/2400  terminated=False  truncated=False
  [ep 0/1, attempt 5] step 1901/2400  terminated=False  truncated=False
  [ep 0/1, attempt 5] step 2001/2400  terminated=False  truncated=False
  [ep 0/1, attempt 5] step 2048/2400  terminated=True  truncated=False
  [ep 0, attempt 5] Success at step 2048, collected 30 extra steps.
  [Success Rate] overall: 20.0% (1/5) | moving avg (last 5): 20.0%
[ManiLadder Camera] stop_recording target=/data/gck/maniladder/site/generated_demos/DualArmFlipTable-v1/videos/orbit_camera_ep0.mp4
[38;5;159m[Genesis] [17:36:55] [INFO] Saving video to [38;5;121m"/data/gck/maniladder/site/generated_demos/DualArmFlipTable-v1/videos/orbit_camera_ep0.mp4"[0m[38;5;159m...[0m
[38;5;159m[Genesis] [17:37:02] [INFO] Video saved.[0m
  Saved video: /data/gck/maniladder/site/generated_demos/DualArmFlipTable-v1/videos/orbit_camera_ep0.mp4 exists=True
  Videos for episode 0 saved to /data/gck/maniladder/site/generated_demos/DualArmFlipTable-v1/videos

============================================================
Done. 1 demo trajectories saved to /data/gck/maniladder/site/generated_demos
Final   [Success Rate] overall: 20.0% (1/5) | moving avg (last 5): 20.0%
============================================================
[38;5;159m[Genesis] [17:37:03] [INFO] 💤 Exiting Genesis and caching compiled kernels...[0m
