[38;5;159m[Genesis] [16:54:35] [INFO] [38;5;121m╭───────────────────────────────────────────────╮[0m[38;5;159m[0m
[38;5;159m[Genesis] [16:54:35] [INFO] [38;5;121m│┈┉┈┉┈┉┈┉┈┉┈┉┈┉┈┉┈┉┈[0m[38;5;159m [38;5;121m[1m[3mGenesis[0m[38;5;159m [38;5;121m┈┉┈┉┈┉┈┉┈┉┈┉┈┉┈┉┈┉┈│[0m[38;5;159m[0m
[38;5;159m[Genesis] [16:54:35] [INFO] [38;5;121m╰───────────────────────────────────────────────╯[0m[38;5;159m[0m
[38;5;159m[Genesis] [16:54:40] [INFO] Running on [38;5;121m[4m[NVIDIA A100-SXM4-80GB][0m[38;5;159m with backend [38;5;121m[4mgs.cuda[0m[38;5;159m. Device memory: [38;5;121m[4m79.25[0m[38;5;159m GB.[0m
[38;5;159m[Genesis] [16:54:40] [INFO] 🚀 Genesis initialized. 🔖 version: [38;5;121m[4m0.3.6[0m[38;5;159m, 🎨 theme: [38;5;121m[4mdark[0m[38;5;159m, 🌱 seed: [38;5;121m[4mNone[0m[38;5;159m, 🐛 debug: [38;5;121m[4mFalse[0m[38;5;159m, 📏 precision: [38;5;121m[4m32[0m[38;5;159m, 🏎️ performance: [38;5;121m[4mFalse[0m[38;5;159m, 💬 verbose: [38;5;121m[4mINFO[0m[38;5;159m[0m
[38;5;159m[Genesis] [16:54:42] [INFO] Scene [38;5;121m[3m<afacfcf>[0m[38;5;159m created.[0m
[38;5;159m[Genesis] [16:54:42] [INFO] Adding [38;5;121m<gs.RigidEntity>[0m[38;5;159m. idx: [38;5;121m0[0m[38;5;159m, uid: [38;5;121m[3m<616d47b>[0m[38;5;159m, morph: [38;5;121m<gs.morphs.URDF(file='/data/gck/maniladder/maniladder/assets/urdf/panda_leaphand/panda_leaphand_left.urdf')>[0m[38;5;159m, material: [38;5;121m<gs.materials.Rigid>[0m[38;5;159m.[0m
[38;5;159m[Genesis] [16:54:47] [INFO] Applying offset to base link's pose with user provided value in morph.[0m
[32m2026-06-16 16:54:49,312 - maniladder  - INFO - only loading the first pose of the given initial pose Pose(raw_pose=tensor([[-0.1500, -0.6000,  0.0000,  0.0000,  0.0000, 90.0000]],
       device='cuda:0')), parallel loading has not been implemented yet.[0m
[38;5;159m[Genesis] [16:54:49] [INFO] Adding [38;5;121m<gs.RigidEntity>[0m[38;5;159m. idx: [38;5;121m1[0m[38;5;159m, uid: [38;5;121m[3m<2e07246>[0m[38;5;159m, morph: [38;5;121m<gs.morphs.URDF(file='/data/gck/maniladder/maniladder/assets/urdf/panda_leaphand/panda_leaphand.urdf')>[0m[38;5;159m, material: [38;5;121m<gs.materials.Rigid>[0m[38;5;159m.[0m
[38;5;159m[Genesis] [16:54:55] [INFO] Applying offset to base link's pose with user provided value in morph.[0m
[32m2026-06-16 16:54:57,167 - maniladder  - INFO - only loading the first pose of the given initial pose Pose(raw_pose=tensor([[ -0.1500,   0.6000,   0.0000,   0.0000,   0.0000, -90.0000]],
       device='cuda:0')), parallel loading has not been implemented yet.[0m
[38;5;159m[Genesis] [16:54:57] [INFO] Adding [38;5;121m<gs.RigidEntity>[0m[38;5;159m. idx: [38;5;121m2[0m[38;5;159m, uid: [38;5;121m[3m<d02217c>[0m[38;5;159m, morph: [38;5;121m<gs.morphs.Mesh(file='/data/gck/maniladder/maniladder/assets/models/table.glb')>[0m[38;5;159m, material: [38;5;121m<gs.materials.Rigid>[0m[38;5;159m.[0m
[38;5;226m[Genesis] [16:54:57] [WARNING] GLTF is using y-up while Genesis uses z-up. Please set parse_glb_with_zup=True in morph options if you find the mesh is 90-degree rotated. We will set parse_glb_with_zup=True and rotate glb mesh by default later and gradually enforce this option.[0m
/data/gck/miniconda3/envs/maniladder/lib/python3.10/site-packages/pygltflib/__init__.py:830: UserWarning: pygltflib currently does not remove image data from the buffer when converting to data uri.Please open an issue at https://gitlab.com/dodgyville/pygltflib/issues
  warnings.warn("pygltflib currently does not remove image data "
[38;5;159m[Genesis] [16:54:57] [INFO] Adding [38;5;121m<gs.RigidEntity>[0m[38;5;159m. idx: [38;5;121m3[0m[38;5;159m, uid: [38;5;121m[3m<156b462>[0m[38;5;159m, morph: [38;5;121m<gs.morphs.Box>[0m[38;5;159m, material: [38;5;121m<gs.materials.Rigid>[0m[38;5;159m.[0m
[38;5;159m[Genesis] [16:54:57] [INFO] Adding [38;5;121m<gs.RigidEntity>[0m[38;5;159m. idx: [38;5;121m4[0m[38;5;159m, uid: [38;5;121m[3m<714ce54>[0m[38;5;159m, morph: [38;5;121m<gs.morphs.Plane>[0m[38;5;159m, material: [38;5;121m<gs.materials.Rigid>[0m[38;5;159m.[0m
[38;5;159m[Genesis] [16:54:57] [INFO] Adding [38;5;121m<gs.RigidEntity>[0m[38;5;159m. idx: [38;5;121m5[0m[38;5;159m, uid: [38;5;121m[3m<1369f57>[0m[38;5;159m, morph: [38;5;121m<gs.morphs.Box>[0m[38;5;159m, material: [38;5;121m<gs.materials.Rigid>[0m[38;5;159m.[0m
[38;5;159m[Genesis] [16:54:57] [INFO] Adding [38;5;121m<gs.RigidEntity>[0m[38;5;159m. idx: [38;5;121m6[0m[38;5;159m, uid: [38;5;121m[3m<2c832da>[0m[38;5;159m, morph: [38;5;121m<gs.morphs.Box>[0m[38;5;159m, material: [38;5;121m<gs.materials.Rigid>[0m[38;5;159m.[0m
[38;5;159m[Genesis] [16:54:57] [INFO] Adding [38;5;121m<gs.RigidEntity>[0m[38;5;159m. idx: [38;5;121m7[0m[38;5;159m, uid: [38;5;121m[3m<df3fd76>[0m[38;5;159m, morph: [38;5;121m<gs.morphs.Box>[0m[38;5;159m, material: [38;5;121m<gs.materials.Rigid>[0m[38;5;159m.[0m
[38;5;159m[Genesis] [16:54:57] [INFO] Adding [38;5;121m<gs.RigidEntity>[0m[38;5;159m. idx: [38;5;121m8[0m[38;5;159m, uid: [38;5;121m[3m<876bbd2>[0m[38;5;159m, morph: [38;5;121m<gs.morphs.Box>[0m[38;5;159m, material: [38;5;121m<gs.materials.Rigid>[0m[38;5;159m.[0m
[38;5;159m[Genesis] [16:54:57] [INFO] Preprocessing geom idx [38;5;121m[4m164[0m[38;5;159m.[0m
[38;5;159m[Genesis] [16:54:58] [INFO] Adding [38;5;121m<gs.PBD2DEntity>[0m[38;5;159m. idx: [38;5;121m9[0m[38;5;159m, uid: [38;5;121m[3m<4e47499>[0m[38;5;159m, morph: [38;5;121m<gs.morphs.Mesh(file='/data/gck/maniladder/maniladder/assets/meshes/deformable/cloth.obj')>[0m[38;5;159m, material: [38;5;121m<gs.PBD.Cloth>[0m[38;5;159m.[0m
[38;5;159m[Genesis] [16:54:58] [INFO] Remeshing for tetrahedralization...[0m
[38;5;159m[Genesis] [16:54:59] [INFO] Building scene [38;5;121m[3m<afacfcf>[0m[38;5;159m...[0m
[38;5;226m[Genesis] [16:55:03] [WARNING] Reference robot position exceeds joint limits.[0m
[38;5;226m[Genesis] [16:55:06] [WARNING] max_collision_pairs 300 is smaller than the theoretical maximal possible pairs 12462, it uses less memory but might lead to missing some collision pairs if there are too many collision pairs[0m
[38;5;159m[Genesis] [16:55:16] [INFO] Compiling simulation kernels...[0m
[38;5;159m[Genesis] [16:55:58] [INFO] Building visualizer...[0m
/data/gck/miniconda3/envs/maniladder/lib/python3.10/site-packages/torch/utils/_device.py:109: UserWarning: The given NumPy array is not writable, and PyTorch does not support non-writable tensors. This means writing to this tensor will result in undefined behavior. You may want to copy the array to protect its data or make it writable before converting it to a tensor. This type of warning will be suppressed for the rest of this program. (Triggered internally at /pytorch/torch/csrc/utils/tensor_numpy.cpp:213.)
  return func(*args, **kwargs)
Action space: Dict('panda_leaphand-1': Box(-1.0, 1.0, (22,), float32), 'panda_leaphand_left-0': Box(-1.0, 1.0, (22,), float32))
Generating 1 orbit video-only demos → /data/gck/maniladder/site/generated_demos/DualArmCoverCloth-v1
[DualDexCoverRotPolicy] cached hand offsets: L=[ 0.243  -0.0154 -0.0191], R=[ 0.243   0.0154 -0.0191]
[DualDexCoverRotPolicy] phase=0 wait=0 cloth_yaw=-10.1 ped_yaw=+3.2 L_hand=[ 0.093 -0.141  0.354] R_hand=[0.093 0.141 0.354]
[DualDexCoverRotPolicy] planned rotation-aware anchors: L_uv=[0.72 0.22] R_uv=[0.28 0.78] | L_anchor=[ 0.059 -0.104  0.005] R_anchor=[-0.059  0.116  0.005] | L_target=[ 0.333 -0.091] R_target=[0.168 0.096]
[DualDexCoverRotPolicy] PHASE 0 -> 1. planned cloth-local to pedestal-local anchors
[DualDexCoverRotPolicy] return action: L_tgt=[ 0.059 -0.104  0.34 ] R_tgt=[-0.059  0.116  0.34 ] | L_tcp=[-0.184 -0.089  0.359] R_tcp=[-0.302  0.1    0.359] | L_q12=+0.000 R_q12=+0.000
  [ep 0/1, attempt 1] step 1/400  terminated=False  truncated=False
[DualDexCoverRotPolicy] phase=1 wait=0 cloth_yaw=-10.1 ped_yaw=+3.2 L_hand=[ 0.089 -0.136  0.352] R_hand=[0.089 0.136 0.352]
[DualDexCoverRotPolicy] return action: L_tgt=[ 0.059 -0.104  0.34 ] R_tgt=[-0.059  0.116  0.34 ] | L_tcp=[-0.184 -0.089  0.359] R_tcp=[-0.302  0.1    0.359] | L_q12=-0.000 R_q12=-0.000
[DualDexCoverRotPolicy] phase=1 wait=10 cloth_yaw=-10.1 ped_yaw=+3.2 L_hand=[ 0.061 -0.107  0.341] R_hand=[0.041 0.117 0.341]
[DualDexCoverRotPolicy] return action: L_tgt=[ 0.059 -0.104  0.34 ] R_tgt=[-0.059  0.116  0.34 ] | L_tcp=[-0.184 -0.089  0.359] R_tcp=[-0.302  0.1    0.359] | L_q12=-0.000 R_q12=-0.000
[DualDexCoverRotPolicy] phase=1 wait=20 cloth_yaw=-10.1 ped_yaw=+3.2 L_hand=[ 0.059 -0.105  0.34 ] R_hand=[-0.006  0.116  0.34 ]
[DualDexCoverRotPolicy] PHASE 1 -> 2. both hands reached above anchors
[DualDexCoverRotPolicy] return action: L_tgt=[ 0.059 -0.104  0.34 ] R_tgt=[-0.059  0.116  0.34 ] | L_tcp=[-0.184 -0.089  0.359] R_tcp=[-0.302  0.1    0.359] | L_q12=-0.000 R_q12=-0.000
[DualDexCoverRotPolicy] phase=2 wait=0 cloth_yaw=-10.1 ped_yaw=+3.2 L_hand=[ 0.059 -0.105  0.34 ] R_hand=[-0.025  0.116  0.34 ]
[DualDexCoverRotPolicy] return action: L_tgt=[ 0.059 -0.104  0.095] R_tgt=[-0.059  0.116  0.095] | L_tcp=[-0.184 -0.089  0.114] R_tcp=[-0.302  0.1    0.114] | L_q12=-0.000 R_q12=+0.000
[DualDexCoverRotPolicy] phase=2 wait=10 cloth_yaw=-10.1 ped_yaw=+3.2 L_hand=[ 0.059 -0.104  0.31 ] R_hand=[-0.053  0.116  0.309]
[DualDexCoverRotPolicy] return action: L_tgt=[ 0.059 -0.104  0.095] R_tgt=[-0.059  0.116  0.095] | L_tcp=[-0.184 -0.089  0.114] R_tcp=[-0.302  0.1    0.114] | L_q12=-0.000 R_q12=+0.000
[DualDexCoverRotPolicy] phase=2 wait=20 cloth_yaw=-10.1 ped_yaw=+3.2 L_hand=[ 0.059 -0.104  0.279] R_hand=[-0.058  0.116  0.278]
[DualDexCoverRotPolicy] return action: L_tgt=[ 0.059 -0.104  0.095] R_tgt=[-0.059  0.116  0.095] | L_tcp=[-0.184 -0.089  0.114] R_tcp=[-0.302  0.1    0.114] | L_q12=-0.000 R_q12=+0.000
[DualDexCoverRotPolicy] phase=2 wait=30 cloth_yaw=-10.1 ped_yaw=+3.2 L_hand=[ 0.059 -0.104  0.248] R_hand=[-0.058  0.116  0.248]
[DualDexCoverRotPolicy] return action: L_tgt=[ 0.059 -0.104  0.095] R_tgt=[-0.059  0.116  0.095] | L_tcp=[-0.184 -0.089  0.114] R_tcp=[-0.302  0.1    0.114] | L_q12=-0.000 R_q12=+0.000
[DualDexCoverRotPolicy] phase=2 wait=40 cloth_yaw=-10.1 ped_yaw=+3.2 L_hand=[ 0.059 -0.104  0.217] R_hand=[-0.059  0.116  0.217]
[DualDexCoverRotPolicy] PHASE 2 -> 3. both hands reached grasp height
[DualDexCoverRotPolicy] return action: L_tgt=[ 0.059 -0.104  0.095] R_tgt=[-0.059  0.116  0.095] | L_tcp=[-0.184 -0.089  0.114] R_tcp=[-0.302  0.1    0.114] | L_q12=-0.000 R_q12=+0.000
[DualDexCoverRotPolicy] phase=3 wait=0 cloth_yaw=-10.1 ped_yaw=+3.2 L_hand=[ 0.059 -0.104  0.201] R_hand=[-0.059  0.116  0.201]
[DualDexCoverRotPolicy] return action: L_tgt=[ 0.059 -0.104  0.095] R_tgt=[-0.059  0.116  0.095] | L_tcp=[-0.184 -0.089  0.114] R_tcp=[-0.302  0.1    0.114] | L_q12=-0.385 R_q12=+0.385
[DualDexCoverRotPolicy] phase=3 wait=10 cloth_yaw=-10.1 ped_yaw=+3.2 L_hand=[ 0.059 -0.104  0.171] R_hand=[-0.059  0.116  0.17 ]
[DualDexCoverRotPolicy] PHASE 3 -> 4. mirrored thumb pre-grasp finished
[DualDexCoverRotPolicy] return action: L_tgt=[ 0.059 -0.104  0.095] R_tgt=[-0.059  0.116  0.095] | L_tcp=[-0.184 -0.089  0.114] R_tcp=[-0.302  0.1    0.114] | L_q12=-0.642 R_q12=+0.642
[DualDexCoverRotPolicy] phase=4 wait=0 cloth_yaw=-10.1 ped_yaw=+3.2 L_hand=[ 0.059 -0.104  0.152] R_hand=[-0.059  0.116  0.152]
[DualDexCoverRotPolicy] return action: L_tgt=[ 0.059 -0.104  0.099] R_tgt=[-0.059  0.116  0.099] | L_tcp=[-0.184 -0.089  0.118] R_tcp=[-0.302  0.1    0.118] | L_q12=-0.762 R_q12=+0.762
[DualDexCoverRotPolicy] phase=4 wait=10 cloth_yaw=-10.1 ped_yaw=+3.2 L_hand=[ 0.059 -0.104  0.121] R_hand=[-0.059  0.116  0.121]
  [ep 0/1, attempt 1] step 101/400  terminated=False  truncated=False
[DualDexCoverRotPolicy] return action: L_tgt=[ 0.059 -0.104  0.099] R_tgt=[-0.059  0.116  0.099] | L_tcp=[-0.184 -0.089  0.118] R_tcp=[-0.302  0.1    0.118] | L_q12=-0.826 R_q12=+0.826
[DualDexCoverRotPolicy] phase=4 wait=20 cloth_yaw=-10.1 ped_yaw=+3.2 L_hand=[ 0.059 -0.104  0.102] R_hand=[-0.052  0.113  0.103]
[DualDexCoverRotPolicy] PHASE 4 -> 5. hands closed; attached L=True, R=True
[DualDexCoverRotPolicy] return action: L_tgt=[ 0.059 -0.104  0.099] R_tgt=[-0.059  0.116  0.099] | L_tcp=[-0.184 -0.089  0.118] R_tcp=[-0.302  0.1    0.118] | L_q12=-0.836 R_q12=+0.836
[DualDexCoverRotPolicy] phase=5 wait=0 cloth_yaw=-10.1 ped_yaw=+3.2 L_hand=[ 0.06  -0.104  0.101] R_hand=[-0.051  0.113  0.103]
[DualDexCoverRotPolicy] return action: L_tgt=[ 0.059 -0.104  0.24 ] R_tgt=[-0.059  0.116  0.24 ] | L_tcp=[-0.184 -0.089  0.259] R_tcp=[-0.302  0.1    0.259] | L_q12=-0.885 R_q12=+0.884
[DualDexCoverRotPolicy] phase=5 wait=10 cloth_yaw=-10.1 ped_yaw=+3.2 L_hand=[ 0.059 -0.104  0.16 ] R_hand=[-0.058  0.116  0.161]
[DualDexCoverRotPolicy] PHASE 5 -> 6. cloth lifted and hand-anchor offsets calibrated
[DualDexCoverRotPolicy] return action: L_tgt=[ 0.059 -0.104  0.24 ] R_tgt=[-0.059  0.116  0.24 ] | L_tcp=[-0.184 -0.089  0.259] R_tcp=[-0.302  0.1    0.259] | L_q12=-0.928 R_q12=+0.927
[DualDexCoverRotPolicy] phase=6 wait=0 cloth_yaw=-10.1 ped_yaw=+3.2 L_hand=[ 0.059 -0.104  0.219] R_hand=[-0.059  0.116  0.221]
[DualDexCoverRotPolicy] return action: L_tgt=[ 0.422 -0.105  0.24 ] R_tgt=[0.259 0.092 0.24 ] | L_tcp=[ 0.179 -0.09   0.259] R_tcp=[0.016 0.077 0.259] | L_q12=-0.971 R_q12=+0.977
[DualDexCoverRotPolicy] phase=6 wait=10 cloth_yaw=-10.1 ped_yaw=+3.2 L_hand=[ 0.118 -0.105  0.24 ] R_hand=[0.001 0.093 0.24 ]
[DualDexCoverRotPolicy] return action: L_tgt=[ 0.422 -0.105  0.24 ] R_tgt=[0.259 0.092 0.24 ] | L_tcp=[ 0.179 -0.09   0.259] R_tcp=[0.016 0.077 0.259] | L_q12=-1.006 R_q12=+1.005
[DualDexCoverRotPolicy] phase=6 wait=20 cloth_yaw=-10.1 ped_yaw=+3.2 L_hand=[ 0.178 -0.105  0.24 ] R_hand=[0.061 0.092 0.24 ]
[DualDexCoverRotPolicy] return action: L_tgt=[ 0.422 -0.105  0.24 ] R_tgt=[0.259 0.092 0.24 ] | L_tcp=[ 0.179 -0.09   0.259] R_tcp=[0.016 0.077 0.259] | L_q12=-0.983 R_q12=+1.011
[DualDexCoverRotPolicy] phase=6 wait=30 cloth_yaw=-10.1 ped_yaw=+3.2 L_hand=[ 0.238 -0.105  0.24 ] R_hand=[0.12  0.092 0.24 ]
[DualDexCoverRotPolicy] return action: L_tgt=[ 0.422 -0.105  0.24 ] R_tgt=[0.259 0.092 0.24 ] | L_tcp=[ 0.179 -0.09   0.259] R_tcp=[0.016 0.077 0.259] | L_q12=-0.946 R_q12=+0.978
[DualDexCoverRotPolicy] phase=6 wait=40 cloth_yaw=-10.1 ped_yaw=+3.2 L_hand=[ 0.298 -0.105  0.24 ] R_hand=[0.18  0.092 0.24 ]
[DualDexCoverRotPolicy] return action: L_tgt=[ 0.422 -0.105  0.24 ] R_tgt=[0.259 0.092 0.24 ] | L_tcp=[ 0.179 -0.09   0.259] R_tcp=[0.016 0.077 0.259] | L_q12=-0.917 R_q12=+0.950
[DualDexCoverRotPolicy] phase=6 wait=50 cloth_yaw=-10.1 ped_yaw=+3.2 L_hand=[ 0.357 -0.105  0.24 ] R_hand=[0.24  0.092 0.24 ]
[DualDexCoverRotPolicy] PHASE 6 -> 7. start closed-loop cloth COM correction
[DualDexCoverRotPolicy] return action: L_tgt=[ 0.422 -0.105  0.24 ] R_tgt=[0.259 0.092 0.24 ] | L_tcp=[ 0.179 -0.09   0.259] R_tcp=[0.016 0.077 0.259] | L_q12=-0.896 R_q12=+0.927
[DualDexCoverRotPolicy] phase=7 wait=0 cloth_yaw=-10.1 ped_yaw=+3.2 L_hand=[ 0.399 -0.105  0.24 ] R_hand=[0.258 0.092 0.24 ]
[DualDexCoverRotPolicy] return action: L_tgt=[ 0.438 -0.105  0.24 ] R_tgt=[0.275 0.092 0.24 ] | L_tcp=[ 0.195 -0.09   0.259] R_tcp=[0.032 0.077 0.259] | L_q12=-0.868 R_q12=+0.896
[DualDexCoverRotPolicy] phase=7 wait=10 cloth_yaw=-10.1 ped_yaw=+3.2 L_hand=[ 0.422 -0.105  0.24 ] R_hand=[0.275 0.092 0.24 ]
[DualDexCoverRotPolicy] PHASE 7 -> 8. cloth COM corrected before low-hover release
[DualDexCoverRotPolicy] return action: L_tgt=[ 0.436 -0.105  0.24 ] R_tgt=[0.273 0.092 0.24 ] | L_tcp=[ 0.193 -0.09   0.259] R_tcp=[0.03  0.077 0.259] | L_q12=-0.866 R_q12=+0.893
[DualDexCoverRotPolicy] phase=8 wait=0 cloth_yaw=-10.1 ped_yaw=+3.2 L_hand=[ 0.424 -0.105  0.24 ] R_hand=[0.275 0.092 0.24 ]
  [ep 0/1, attempt 1] step 201/400  terminated=False  truncated=False
[DualDexCoverRotPolicy] return action: L_tgt=[ 0.436 -0.105  0.135] R_tgt=[0.273 0.092 0.135] | L_tcp=[ 0.193 -0.09   0.154] R_tcp=[0.03  0.077 0.154] | L_q12=-0.840 R_q12=+0.871
[DualDexCoverRotPolicy] phase=8 wait=10 cloth_yaw=-10.1 ped_yaw=+3.2 L_hand=[ 0.435 -0.105  0.209] R_hand=[0.273 0.092 0.209]
[DualDexCoverRotPolicy] return action: L_tgt=[ 0.436 -0.105  0.135] R_tgt=[0.273 0.092 0.135] | L_tcp=[ 0.193 -0.09   0.154] R_tcp=[0.03  0.077 0.154] | L_q12=-0.811 R_q12=+0.852
[DualDexCoverRotPolicy] phase=8 wait=20 cloth_yaw=-10.1 ped_yaw=+3.2 L_hand=[ 0.436 -0.105  0.178] R_hand=[0.273 0.092 0.178]
[DualDexCoverRotPolicy] PHASE 8 -> 9. both hands reached low-hover release height
[DualDexCoverRotPolicy] return action: L_tgt=[ 0.436 -0.105  0.135] R_tgt=[0.273 0.092 0.135] | L_tcp=[ 0.193 -0.09   0.154] R_tcp=[0.03  0.077 0.154] | L_q12=-0.795 R_q12=+0.838
[DualDexCoverRotPolicy] phase=9 wait=0 cloth_yaw=-10.1 ped_yaw=+3.2 L_hand=[ 0.436 -0.105  0.16 ] R_hand=[0.273 0.092 0.16 ]
[DualDexCoverRotPolicy] return action: L_tgt=[ 0.436 -0.105  0.135] R_tgt=[0.273 0.092 0.135] | L_tcp=[ 0.193 -0.09   0.154] R_tcp=[0.03  0.077 0.154] | L_q12=-0.572 R_q12=+0.604
  [ep 0/1, attempt 1] step 232/400  terminated=True  truncated=False
[DualDexCoverRotPolicy] phase=9 wait=10 cloth_yaw=-10.1 ped_yaw=+3.2 L_hand=[ 0.436 -0.105  0.138] R_hand=[0.273 0.092 0.138]
[DualDexCoverRotPolicy] PHASE 9 -> 10. cloth released; lift hands vertically first
[DualDexCoverRotPolicy] return action: L_tgt=[ 0.436 -0.105  0.135] R_tgt=[0.273 0.092 0.135] | L_tcp=[ 0.193 -0.09   0.154] R_tcp=[0.03  0.077 0.154] | L_q12=-0.494 R_q12=+0.523
[DualDexCoverRotPolicy] phase=10 wait=0 cloth_yaw=-10.1 ped_yaw=+3.2 L_hand=[ 0.436 -0.105  0.136] R_hand=[0.273 0.092 0.136]
[DualDexCoverRotPolicy] return action: L_tgt=[ 0.436 -0.105  0.26 ] R_tgt=[0.273 0.092 0.26 ] | L_tcp=[ 0.193 -0.09   0.279] R_tcp=[0.03  0.077 0.279] | L_q12=-0.344 R_q12=+0.363
[DualDexCoverRotPolicy] phase=10 wait=10 cloth_yaw=-10.1 ped_yaw=+3.2 L_hand=[ 0.436 -0.105  0.167] R_hand=[0.273 0.092 0.167]
[DualDexCoverRotPolicy] PHASE 10 -> 11. hands lifted vertically; now retreat sideways
[DualDexCoverRotPolicy] return action: L_tgt=[ 0.436 -0.105  0.26 ] R_tgt=[0.273 0.092 0.26 ] | L_tcp=[ 0.193 -0.09   0.279] R_tcp=[0.03  0.077 0.279] | L_q12=-0.257 R_q12=+0.271
[DualDexCoverRotPolicy] phase=11 wait=0 cloth_yaw=-10.1 ped_yaw=+3.2 L_hand=[ 0.436 -0.105  0.192] R_hand=[0.273 0.092 0.192]
  [ep 0, attempt 1] Success at step 232, collected 30 extra steps.
  [Success Rate] overall: 100.0% (1/1) | moving avg (last 1): 100.0%
[ManiLadder Camera] stop_recording target=/data/gck/maniladder/site/generated_demos/DualArmCoverCloth-v1/videos/orbit_camera_ep0.mp4
[38;5;159m[Genesis] [16:56:33] [INFO] Saving video to [38;5;121m"/data/gck/maniladder/site/generated_demos/DualArmCoverCloth-v1/videos/orbit_camera_ep0.mp4"[0m[38;5;159m...[0m
[38;5;159m[Genesis] [16:56:34] [INFO] Video saved.[0m
  Saved video: /data/gck/maniladder/site/generated_demos/DualArmCoverCloth-v1/videos/orbit_camera_ep0.mp4 exists=True
  Videos for episode 0 saved to /data/gck/maniladder/site/generated_demos/DualArmCoverCloth-v1/videos

============================================================
Done. 1 demo trajectories saved to /data/gck/maniladder/site/generated_demos
Final   [Success Rate] overall: 100.0% (1/1) | moving avg (last 1): 100.0%
============================================================
[38;5;159m[Genesis] [16:56:35] [INFO] 💤 Exiting Genesis and caching compiled kernels...[0m
