[38;5;159m[Genesis] [18:00:28] [INFO] [38;5;121m╭───────────────────────────────────────────────╮[0m[38;5;159m[0m
[38;5;159m[Genesis] [18:00:28] [INFO] [38;5;121m│┈┉┈┉┈┉┈┉┈┉┈┉┈┉┈┉┈┉┈[0m[38;5;159m [38;5;121m[1m[3mGenesis[0m[38;5;159m [38;5;121m┈┉┈┉┈┉┈┉┈┉┈┉┈┉┈┉┈┉┈│[0m[38;5;159m[0m
[38;5;159m[Genesis] [18:00:28] [INFO] [38;5;121m╰───────────────────────────────────────────────╯[0m[38;5;159m[0m
[38;5;159m[Genesis] [18:00:31] [INFO] Running on [38;5;121m[4m[NVIDIA A100-SXM4-80GB][0m[38;5;159m with backend [38;5;121m[4mgs.cuda[0m[38;5;159m. Device memory: [38;5;121m[4m79.25[0m[38;5;159m GB.[0m
[38;5;159m[Genesis] [18:00:31] [INFO] 🚀 Genesis initialized. 🔖 version: [38;5;121m[4m0.3.6[0m[38;5;159m, 🎨 theme: [38;5;121m[4mdark[0m[38;5;159m, 🌱 seed: [38;5;121m[4mNone[0m[38;5;159m, 🐛 debug: [38;5;121m[4mFalse[0m[38;5;159m, 📏 precision: [38;5;121m[4m32[0m[38;5;159m, 🏎️ performance: [38;5;121m[4mFalse[0m[38;5;159m, 💬 verbose: [38;5;121m[4mINFO[0m[38;5;159m[0m
[33;1m2026-06-16 18:00:32,033 - maniladder  - WARNING - ('panda', 'panda') is not in the task's list of supported robots. Code may not run as intended[0m
[38;5;159m[Genesis] [18:00:33] [INFO] Scene [38;5;121m[3m<aab6fe4>[0m[38;5;159m created.[0m
[38;5;159m[Genesis] [18:00:33] [INFO] Adding [38;5;121m<gs.RigidEntity>[0m[38;5;159m. idx: [38;5;121m0[0m[38;5;159m, uid: [38;5;121m[3m<c842b82>[0m[38;5;159m, morph: [38;5;121m<gs.morphs.MJCF(file='/data/gck/maniladder/maniladder/assets/xml/franka_emika_panda/panda.xml')>[0m[38;5;159m, material: [38;5;121m<gs.materials.Rigid>[0m[38;5;159m.[0m
[38;5;226m[Genesis] [18:00:34] [WARNING] (MJCF) Approximating tendon by joint actuator for `finger_joint1`[0m
[38;5;226m[Genesis] [18:00:34] [WARNING] (MJCF) Actuator control gain and bias parameters cannot be reduced to a unique PD control position gain. Using max between gain and bias for joint `finger_joint1`.[0m
[38;5;226m[Genesis] [18:00:34] [WARNING] (MJCF) Approximating tendon by joint actuator for `finger_joint2`[0m
[38;5;226m[Genesis] [18:00:34] [WARNING] (MJCF) Actuator control gain and bias parameters cannot be reduced to a unique PD control position gain. Using max between gain and bias for joint `finger_joint2`.[0m
[38;5;159m[Genesis] [18:00:34] [INFO] Applying offset to base link's pose with user provided value in morph.[0m
[32m2026-06-16 18:00:34,680 - maniladder  - INFO - only loading the first pose of the given initial pose Pose(raw_pose=tensor([[  0.0000,   0.5500,   0.0000,   0.0000,   0.0000, -90.0000]],
       device='cuda:0')), parallel loading has not been implemented yet.[0m
[38;5;159m[Genesis] [18:00:34] [INFO] Adding [38;5;121m<gs.RigidEntity>[0m[38;5;159m. idx: [38;5;121m1[0m[38;5;159m, uid: [38;5;121m[3m<9546049>[0m[38;5;159m, morph: [38;5;121m<gs.morphs.MJCF(file='/data/gck/maniladder/maniladder/assets/xml/franka_emika_panda/panda.xml')>[0m[38;5;159m, material: [38;5;121m<gs.materials.Rigid>[0m[38;5;159m.[0m
[38;5;226m[Genesis] [18:00:34] [WARNING] (MJCF) Approximating tendon by joint actuator for `finger_joint1`[0m
[38;5;226m[Genesis] [18:00:34] [WARNING] (MJCF) Actuator control gain and bias parameters cannot be reduced to a unique PD control position gain. Using max between gain and bias for joint `finger_joint1`.[0m
[38;5;226m[Genesis] [18:00:34] [WARNING] (MJCF) Approximating tendon by joint actuator for `finger_joint2`[0m
[38;5;226m[Genesis] [18:00:34] [WARNING] (MJCF) Actuator control gain and bias parameters cannot be reduced to a unique PD control position gain. Using max between gain and bias for joint `finger_joint2`.[0m
[38;5;159m[Genesis] [18:00:34] [INFO] Applying offset to base link's pose with user provided value in morph.[0m
[32m2026-06-16 18:00:35,112 - maniladder  - INFO - only loading the first pose of the given initial pose Pose(raw_pose=tensor([[ 0.0000, -0.5500,  0.0000,  0.0000,  0.0000, 90.0000]],
       device='cuda:0')), parallel loading has not been implemented yet.[0m
[38;5;159m[Genesis] [18:00:35] [INFO] Adding [38;5;121m<gs.RigidEntity>[0m[38;5;159m. idx: [38;5;121m2[0m[38;5;159m, uid: [38;5;121m[3m<d3a5894>[0m[38;5;159m, morph: [38;5;121m<gs.morphs.Mesh(file='/data/gck/maniladder/maniladder/assets/models/table.glb')>[0m[38;5;159m, material: [38;5;121m<gs.materials.Rigid>[0m[38;5;159m.[0m
[38;5;226m[Genesis] [18:00:35] [WARNING] GLTF is using y-up while Genesis uses z-up. Please set parse_glb_with_zup=True in morph options if you find the mesh is 90-degree rotated. We will set parse_glb_with_zup=True and rotate glb mesh by default later and gradually enforce this option.[0m
/data/gck/miniconda3/envs/maniladder/lib/python3.10/site-packages/pygltflib/__init__.py:830: UserWarning: pygltflib currently does not remove image data from the buffer when converting to data uri.Please open an issue at https://gitlab.com/dodgyville/pygltflib/issues
  warnings.warn("pygltflib currently does not remove image data "
[38;5;159m[Genesis] [18:00:35] [INFO] Adding [38;5;121m<gs.RigidEntity>[0m[38;5;159m. idx: [38;5;121m3[0m[38;5;159m, uid: [38;5;121m[3m<59a438c>[0m[38;5;159m, morph: [38;5;121m<gs.morphs.Box>[0m[38;5;159m, material: [38;5;121m<gs.materials.Rigid>[0m[38;5;159m.[0m
[38;5;159m[Genesis] [18:00:35] [INFO] Adding [38;5;121m<gs.RigidEntity>[0m[38;5;159m. idx: [38;5;121m4[0m[38;5;159m, uid: [38;5;121m[3m<7f096cf>[0m[38;5;159m, morph: [38;5;121m<gs.morphs.Plane>[0m[38;5;159m, material: [38;5;121m<gs.materials.Rigid>[0m[38;5;159m.[0m
[38;5;159m[Genesis] [18:00:35] [INFO] Adding [38;5;121m<gs.RigidEntity>[0m[38;5;159m. idx: [38;5;121m5[0m[38;5;159m, uid: [38;5;121m[3m<82c13de>[0m[38;5;159m, morph: [38;5;121m<gs.morphs.Box>[0m[38;5;159m, material: [38;5;121m<gs.materials.Rigid>[0m[38;5;159m.[0m
[38;5;159m[Genesis] [18:00:35] [INFO] Adding [38;5;121m<gs.RigidEntity>[0m[38;5;159m. idx: [38;5;121m6[0m[38;5;159m, uid: [38;5;121m[3m<480abc8>[0m[38;5;159m, morph: [38;5;121m<gs.morphs.Box>[0m[38;5;159m, material: [38;5;121m<gs.materials.Rigid>[0m[38;5;159m.[0m
[38;5;159m[Genesis] [18:00:35] [INFO] Adding [38;5;121m<gs.RigidEntity>[0m[38;5;159m. idx: [38;5;121m7[0m[38;5;159m, uid: [38;5;121m[3m<5240331>[0m[38;5;159m, morph: [38;5;121m<gs.morphs.Box>[0m[38;5;159m, material: [38;5;121m<gs.materials.Rigid>[0m[38;5;159m.[0m
[38;5;159m[Genesis] [18:00:35] [INFO] Adding [38;5;121m<gs.RigidEntity>[0m[38;5;159m. idx: [38;5;121m8[0m[38;5;159m, uid: [38;5;121m[3m<4b83311>[0m[38;5;159m, morph: [38;5;121m<gs.morphs.Mesh(file='/data/gck/maniladder/maniladder/assets/models/tray/tray.obj')>[0m[38;5;159m, material: [38;5;121m<gs.materials.Rigid>[0m[38;5;159m.[0m
[38;5;159m[Genesis] [18:00:35] [INFO] Convex hull is not accurate enough for collision detection (3.770). Falling back to more expensive convex decomposition (see FileMorph options).[0m
[38;5;159m[Genesis] [18:00:35] [INFO] Running convex decomposition.[0m
[2026-06-16 18:00:35.603] [CoACD] [info] threshold               0.1
[2026-06-16 18:00:35.604] [CoACD] [info] max # convex hull       -1
[2026-06-16 18:00:35.604] [CoACD] [info] preprocess mode         auto
[2026-06-16 18:00:35.604] [CoACD] [info] preprocess resolution   30
[2026-06-16 18:00:35.604] [CoACD] [info] pca                     false
[2026-06-16 18:00:35.604] [CoACD] [info] mcts max depth          3
[2026-06-16 18:00:35.604] [CoACD] [info] mcts nodes              20
[2026-06-16 18:00:35.605] [CoACD] [info] mcts iterations         100
[2026-06-16 18:00:35.605] [CoACD] [info] merge                   true
[2026-06-16 18:00:35.605] [CoACD] [info] decimate                false
[2026-06-16 18:00:35.605] [CoACD] [info] max_ch_vertex           256
[2026-06-16 18:00:35.605] [CoACD] [info] extrude                 false
[2026-06-16 18:00:35.605] [CoACD] [info] extrude margin          0.1
[2026-06-16 18:00:35.605] [CoACD] [info] approximate mode        ch
[2026-06-16 18:00:35.605] [CoACD] [info] seed                    0
[2026-06-16 18:00:35.605] [CoACD] [info]  - Manifold Check
[2026-06-16 18:00:35.605] [CoACD] [info] 	Wrong triangle orientation
[2026-06-16 18:00:35.606] [CoACD] [info] Manifold Check Time: 0.000198s
[2026-06-16 18:00:35.606] [CoACD] [info] Mesh Manifoldness: false
[2026-06-16 18:00:35.606] [CoACD] [info]  - Preprocess
[2026-06-16 18:00:35.606] [CoACD] [info] Preprocess resolution: 30
[2026-06-16 18:00:35.777] [CoACD] [info] Preprocess Time: 11.836333s
[2026-06-16 18:00:35.779] [CoACD] [info] # Points: 9436
[2026-06-16 18:00:35.779] [CoACD] [info] # Triangles: 18868
[2026-06-16 18:00:35.780] [CoACD] [info]  - Decomposition (MCTS)
[2026-06-16 18:00:35.780] [CoACD] [info] iter 0 ---- waiting pool: 1
[2026-06-16 18:00:35.786] [CoACD] [info] Processing [0.0%]
[2026-06-16 18:00:39.033] [CoACD] [info] Processing [100.0%]
[2026-06-16 18:00:39.033] [CoACD] [info] iter 1 ---- waiting pool: 2
[2026-06-16 18:00:39.033] [CoACD] [info] Processing [0.0%]
[2026-06-16 18:00:39.033] [CoACD] [info] Processing [50.0%]
[2026-06-16 18:00:40.850] [CoACD] [info] Processing [100.0%]
[2026-06-16 18:00:40.850] [CoACD] [info] iter 2 ---- waiting pool: 4
[2026-06-16 18:00:40.850] [CoACD] [info] Processing [25.0%]
[2026-06-16 18:00:40.850] [CoACD] [info] Processing [0.0%]
[2026-06-16 18:00:40.850] [CoACD] [info] Processing [75.0%]
[2026-06-16 18:00:40.850] [CoACD] [info] Processing [50.0%]
[2026-06-16 18:00:42.050] [CoACD] [info] Processing [100.0%]
[2026-06-16 18:00:42.050] [CoACD] [info] iter 3 ---- waiting pool: 8
[2026-06-16 18:00:42.051] [CoACD] [info] Processing [12.5%]
[2026-06-16 18:00:42.051] [CoACD] [info] Processing [25.0%]
[2026-06-16 18:00:42.051] [CoACD] [info] Processing [37.5%]
[2026-06-16 18:00:42.051] [CoACD] [info] Processing [0.0%]
[2026-06-16 18:00:42.051] [CoACD] [info] Processing [75.0%]
[2026-06-16 18:00:42.051] [CoACD] [info] Processing [87.5%]
[2026-06-16 18:00:42.051] [CoACD] [info] Processing [62.5%]
[2026-06-16 18:00:42.051] [CoACD] [info] Processing [50.0%]
[2026-06-16 18:00:42.846] [CoACD] [info] Processing [100.0%]
[2026-06-16 18:00:42.846] [CoACD] [info] iter 4 ---- waiting pool: 8
[2026-06-16 18:00:42.846] [CoACD] [info] Processing [25.0%]
[2026-06-16 18:00:42.846] [CoACD] [info] Processing [37.5%]
[2026-06-16 18:00:42.846] [CoACD] [info] Processing [75.0%]
[2026-06-16 18:00:42.846] [CoACD] [info] Processing [50.0%]
[2026-06-16 18:00:42.846] [CoACD] [info] Processing [12.5%]
[2026-06-16 18:00:42.846] [CoACD] [info] Processing [0.0%]
[2026-06-16 18:00:42.846] [CoACD] [info] Processing [87.5%]
[2026-06-16 18:00:42.846] [CoACD] [info] Processing [62.5%]
[2026-06-16 18:00:43.499] [CoACD] [info] Processing [100.0%]
[2026-06-16 18:00:43.499] [CoACD] [info] iter 5 ---- waiting pool: 8
[2026-06-16 18:00:43.500] [CoACD] [info] Processing [75.0%]
[2026-06-16 18:00:43.500] [CoACD] [info] Processing [25.0%]
[2026-06-16 18:00:43.500] [CoACD] [info] Processing [87.5%]
[2026-06-16 18:00:43.500] [CoACD] [info] Processing [37.5%]
[2026-06-16 18:00:43.500] [CoACD] [info] Processing [50.0%]
[2026-06-16 18:00:43.500] [CoACD] [info] Processing [0.0%]
[2026-06-16 18:00:43.500] [CoACD] [info] Processing [62.5%]
[2026-06-16 18:00:43.500] [CoACD] [info] Processing [12.5%]
[2026-06-16 18:00:43.513] [CoACD] [info] Processing [100.0%]
[2026-06-16 18:00:43.513] [CoACD] [info]  - Merge Convex Hulls
[2026-06-16 18:00:45.091] [CoACD] [info] Compute Time: 9.312370427884161s
[2026-06-16 18:00:45.091] [CoACD] [info] # Convex Hulls: 13
[38;5;159m[Genesis] [18:00:45] [INFO] Preprocessing geom idx [38;5;121m[4m48[0m[38;5;159m.[0m
[38;5;159m[Genesis] [18:00:46] [INFO] Preprocessing geom idx [38;5;121m[4m49[0m[38;5;159m.[0m
[38;5;159m[Genesis] [18:00:46] [INFO] Preprocessing geom idx [38;5;121m[4m50[0m[38;5;159m.[0m
[38;5;159m[Genesis] [18:00:46] [INFO] Preprocessing geom idx [38;5;121m[4m51[0m[38;5;159m.[0m
[38;5;159m[Genesis] [18:00:46] [INFO] Preprocessing geom idx [38;5;121m[4m52[0m[38;5;159m.[0m
[38;5;159m[Genesis] [18:00:46] [INFO] Preprocessing geom idx [38;5;121m[4m53[0m[38;5;159m.[0m
[38;5;159m[Genesis] [18:00:46] [INFO] Preprocessing geom idx [38;5;121m[4m54[0m[38;5;159m.[0m
[38;5;159m[Genesis] [18:00:47] [INFO] Preprocessing geom idx [38;5;121m[4m55[0m[38;5;159m.[0m
[38;5;159m[Genesis] [18:00:47] [INFO] Preprocessing geom idx [38;5;121m[4m56[0m[38;5;159m.[0m
[38;5;159m[Genesis] [18:00:47] [INFO] Preprocessing geom idx [38;5;121m[4m57[0m[38;5;159m.[0m
[38;5;159m[Genesis] [18:00:47] [INFO] Preprocessing geom idx [38;5;121m[4m58[0m[38;5;159m.[0m
[38;5;159m[Genesis] [18:00:47] [INFO] Preprocessing geom idx [38;5;121m[4m59[0m[38;5;159m.[0m
[38;5;159m[Genesis] [18:00:47] [INFO] Preprocessing geom idx [38;5;121m[4m60[0m[38;5;159m.[0m
[38;5;159m[Genesis] [18:00:48] [INFO] Adding [38;5;121m<gs.RigidEntity>[0m[38;5;159m. idx: [38;5;121m9[0m[38;5;159m, uid: [38;5;121m[3m<802f5aa>[0m[38;5;159m, morph: [38;5;121m<gs.morphs.Box>[0m[38;5;159m, material: [38;5;121m<gs.materials.Rigid>[0m[38;5;159m.[0m
[38;5;159m[Genesis] [18:00:48] [INFO] Preprocessing geom idx [38;5;121m[4m61[0m[38;5;159m.[0m
[38;5;159m[Genesis] [18:00:48] [INFO] Adding [38;5;121m<gs.RigidEntity>[0m[38;5;159m. idx: [38;5;121m10[0m[38;5;159m, uid: [38;5;121m[3m<9a09a88>[0m[38;5;159m, morph: [38;5;121m<gs.morphs.URDF(file='/data/gck/maniladder/maniladder/assets/models/carton/100189/mobility.urdf')>[0m[38;5;159m, material: [38;5;121m<gs.materials.Rigid>[0m[38;5;159m.[0m
[38;5;159m[Genesis] [18:00:48] [INFO] Falling back to legacy URDF parser. Default values of physics properties may be off.[0m
[38;5;159m[Genesis] [18:00:48] [INFO] Applying offset to base link's pose with user provided value in morph.[0m
/data/gck/miniconda3/envs/maniladder/lib/python3.10/site-packages/trimesh/triangles.py:302: RuntimeWarning: invalid value encountered in divide
  center_mass = integrated[1:4] / volume
/data/gck/miniconda3/envs/maniladder/lib/python3.10/site-packages/trimesh/triangles.py:302: RuntimeWarning: divide by zero encountered in divide
  center_mass = integrated[1:4] / volume
/data/gck/miniconda3/envs/maniladder/lib/python3.10/site-packages/trimesh/triangles.py:316: RuntimeWarning: invalid value encountered in scalar multiply
  integrated[5] + integrated[6] - (volume * (center_mass[[1, 2]] ** 2).sum())
/data/gck/miniconda3/envs/maniladder/lib/python3.10/site-packages/trimesh/triangles.py:325: RuntimeWarning: invalid value encountered in scalar multiply
  inertia[1, 2] = -(integrated[8] - (volume * np.prod(center_mass[[1, 2]])))
[38;5;159m[Genesis] [18:00:49] [INFO] Preprocessing geom idx [38;5;121m[4m62[0m[38;5;159m.[0m
[38;5;159m[Genesis] [18:00:49] [INFO] Preprocessing geom idx [38;5;121m[4m63[0m[38;5;159m.[0m
[38;5;159m[Genesis] [18:00:49] [INFO] Preprocessing geom idx [38;5;121m[4m64[0m[38;5;159m.[0m
[38;5;159m[Genesis] [18:00:50] [INFO] Preprocessing geom idx [38;5;121m[4m65[0m[38;5;159m.[0m
[38;5;159m[Genesis] [18:00:50] [INFO] Adding [38;5;121m<gs.RigidEntity>[0m[38;5;159m. idx: [38;5;121m11[0m[38;5;159m, uid: [38;5;121m[3m<e90df3c>[0m[38;5;159m, morph: [38;5;121m<gs.morphs.Box>[0m[38;5;159m, material: [38;5;121m<gs.materials.Rigid>[0m[38;5;159m.[0m
[38;5;159m[Genesis] [18:00:50] [INFO] Preprocessing geom idx [38;5;121m[4m66[0m[38;5;159m.[0m
[38;5;159m[Genesis] [18:00:51] [INFO] Adding [38;5;121m<gs.RigidEntity>[0m[38;5;159m. idx: [38;5;121m12[0m[38;5;159m, uid: [38;5;121m[3m<ef0e565>[0m[38;5;159m, morph: [38;5;121m<gs.morphs.Box>[0m[38;5;159m, material: [38;5;121m<gs.materials.Rigid>[0m[38;5;159m.[0m
[38;5;159m[Genesis] [18:00:51] [INFO] Preprocessing geom idx [38;5;121m[4m67[0m[38;5;159m.[0m
[38;5;159m[Genesis] [18:00:51] [INFO] Adding [38;5;121m<gs.RigidEntity>[0m[38;5;159m. idx: [38;5;121m13[0m[38;5;159m, uid: [38;5;121m[3m<4cdce0a>[0m[38;5;159m, morph: [38;5;121m<gs.morphs.Box>[0m[38;5;159m, material: [38;5;121m<gs.materials.Rigid>[0m[38;5;159m.[0m
[38;5;159m[Genesis] [18:00:51] [INFO] Adding [38;5;121m<gs.RigidEntity>[0m[38;5;159m. idx: [38;5;121m14[0m[38;5;159m, uid: [38;5;121m[3m<790cf1b>[0m[38;5;159m, morph: [38;5;121m<gs.morphs.Box>[0m[38;5;159m, material: [38;5;121m<gs.materials.Rigid>[0m[38;5;159m.[0m
[38;5;159m[Genesis] [18:00:51] [INFO] Adding [38;5;121m<gs.RigidEntity>[0m[38;5;159m. idx: [38;5;121m15[0m[38;5;159m, uid: [38;5;121m[3m<6aaa718>[0m[38;5;159m, morph: [38;5;121m<gs.morphs.Box>[0m[38;5;159m, material: [38;5;121m<gs.materials.Rigid>[0m[38;5;159m.[0m
[38;5;159m[Genesis] [18:00:51] [INFO] Adding [38;5;121m<gs.RigidEntity>[0m[38;5;159m. idx: [38;5;121m16[0m[38;5;159m, uid: [38;5;121m[3m<cf621f0>[0m[38;5;159m, morph: [38;5;121m<gs.morphs.Box>[0m[38;5;159m, material: [38;5;121m<gs.materials.Rigid>[0m[38;5;159m.[0m
[38;5;159m[Genesis] [18:00:51] [INFO] Adding [38;5;121m<gs.RigidEntity>[0m[38;5;159m. idx: [38;5;121m17[0m[38;5;159m, uid: [38;5;121m[3m<8909589>[0m[38;5;159m, morph: [38;5;121m<gs.morphs.Box>[0m[38;5;159m, material: [38;5;121m<gs.materials.Rigid>[0m[38;5;159m.[0m
[38;5;159m[Genesis] [18:00:51] [INFO] Building scene [38;5;121m[3m<aab6fe4>[0m[38;5;159m...[0m
[38;5;226m[Genesis] [18:00:55] [WARNING] Reference robot position exceeds joint limits.[0m
[38;5;226m[Genesis] [18:00:55] [WARNING] Constraint solver time constant should be greater than 2*substep_dt. timeconst is changed from `0.005` to `0.02`). Decrease simulation timestep or increase timeconst to avoid altering the original value.[0m
[38;5;226m[Genesis] [18:00:57] [WARNING] max_collision_pairs 500 is smaller than the theoretical maximal possible pairs 2280, it uses less memory but might lead to missing some collision pairs if there are too many collision pairs[0m
[38;5;159m[Genesis] [18:01:06] [INFO] Compiling simulation kernels...[0m
[38;5;159m[Genesis] [18:01:51] [INFO] Building visualizer...[0m
/data/gck/miniconda3/envs/maniladder/lib/python3.10/site-packages/torch/utils/_device.py:109: UserWarning: The given NumPy array is not writable, and PyTorch does not support non-writable tensors. This means writing to this tensor will result in undefined behavior. You may want to copy the array to protect its data or make it writable before converting it to a tensor. This type of warning will be suppressed for the rest of this program. (Triggered internally at /pytorch/torch/csrc/utils/tensor_numpy.cpp:213.)
  return func(*args, **kwargs)

[TIMEOUT] exceeded --task_timeout_sec=900.0
