[38;5;159m[Genesis] [18:22:51] [INFO] [38;5;121m╭───────────────────────────────────────────────╮[0m[38;5;159m[0m
[38;5;159m[Genesis] [18:22:51] [INFO] [38;5;121m│┈┉┈┉┈┉┈┉┈┉┈┉┈┉┈┉┈┉┈[0m[38;5;159m [38;5;121m[1m[3mGenesis[0m[38;5;159m [38;5;121m┈┉┈┉┈┉┈┉┈┉┈┉┈┉┈┉┈┉┈│[0m[38;5;159m[0m
[38;5;159m[Genesis] [18:22:51] [INFO] [38;5;121m╰───────────────────────────────────────────────╯[0m[38;5;159m[0m
[38;5;159m[Genesis] [18:22:52] [INFO] Running on [38;5;121m[4m[NVIDIA A100-SXM4-80GB][0m[38;5;159m with backend [38;5;121m[4mgs.cuda[0m[38;5;159m. Device memory: [38;5;121m[4m79.25[0m[38;5;159m GB.[0m
[38;5;159m[Genesis] [18:22:52] [INFO] 🚀 Genesis initialized. 🔖 version: [38;5;121m[4m0.3.6[0m[38;5;159m, 🎨 theme: [38;5;121m[4mdark[0m[38;5;159m, 🌱 seed: [38;5;121m[4mNone[0m[38;5;159m, 🐛 debug: [38;5;121m[4mFalse[0m[38;5;159m, 📏 precision: [38;5;121m[4m32[0m[38;5;159m, 🏎️ performance: [38;5;121m[4mFalse[0m[38;5;159m, 💬 verbose: [38;5;121m[4mINFO[0m[38;5;159m[0m
[38;5;159m[Genesis] [18:22:54] [INFO] Scene [38;5;121m[3m<9927ba0>[0m[38;5;159m created.[0m
[38;5;159m[Genesis] [18:22:54] [INFO] Adding [38;5;121m<gs.RigidEntity>[0m[38;5;159m. idx: [38;5;121m0[0m[38;5;159m, uid: [38;5;121m[3m<2a257ec>[0m[38;5;159m, morph: [38;5;121m<gs.morphs.URDF(file='/data/gck/maniladder/maniladder/assets/urdf/panda_leaphand/panda_leaphand.urdf')>[0m[38;5;159m, material: [38;5;121m<gs.materials.Rigid>[0m[38;5;159m.[0m
[38;5;159m[Genesis] [18:22:58] [INFO] Applying offset to base link's pose with user provided value in morph.[0m
[38;5;159m[Genesis] [18:23:00] [INFO] Adding [38;5;121m<gs.RigidEntity>[0m[38;5;159m. idx: [38;5;121m1[0m[38;5;159m, uid: [38;5;121m[3m<f187e4e>[0m[38;5;159m, morph: [38;5;121m<gs.morphs.Mesh(file='/data/gck/maniladder/maniladder/assets/models/table.glb')>[0m[38;5;159m, material: [38;5;121m<gs.materials.Rigid>[0m[38;5;159m.[0m
[38;5;226m[Genesis] [18:23:00] [WARNING] GLTF is using y-up while Genesis uses z-up. Please set parse_glb_with_zup=True in morph options if you find the mesh is 90-degree rotated. We will set parse_glb_with_zup=True and rotate glb mesh by default later and gradually enforce this option.[0m
/data/gck/miniconda3/envs/maniladder/lib/python3.10/site-packages/pygltflib/__init__.py:830: UserWarning: pygltflib currently does not remove image data from the buffer when converting to data uri.Please open an issue at https://gitlab.com/dodgyville/pygltflib/issues
  warnings.warn("pygltflib currently does not remove image data "
[38;5;159m[Genesis] [18:23:00] [INFO] Adding [38;5;121m<gs.RigidEntity>[0m[38;5;159m. idx: [38;5;121m2[0m[38;5;159m, uid: [38;5;121m[3m<3db495f>[0m[38;5;159m, morph: [38;5;121m<gs.morphs.Box>[0m[38;5;159m, material: [38;5;121m<gs.materials.Rigid>[0m[38;5;159m.[0m
[38;5;159m[Genesis] [18:23:00] [INFO] Adding [38;5;121m<gs.RigidEntity>[0m[38;5;159m. idx: [38;5;121m3[0m[38;5;159m, uid: [38;5;121m[3m<914785b>[0m[38;5;159m, morph: [38;5;121m<gs.morphs.Plane>[0m[38;5;159m, material: [38;5;121m<gs.materials.Rigid>[0m[38;5;159m.[0m
[38;5;159m[Genesis] [18:23:00] [INFO] Adding [38;5;121m<gs.RigidEntity>[0m[38;5;159m. idx: [38;5;121m4[0m[38;5;159m, uid: [38;5;121m[3m<91268f1>[0m[38;5;159m, morph: [38;5;121m<gs.morphs.Box>[0m[38;5;159m, material: [38;5;121m<gs.materials.Rigid>[0m[38;5;159m.[0m
[38;5;159m[Genesis] [18:23:00] [INFO] Adding [38;5;121m<gs.RigidEntity>[0m[38;5;159m. idx: [38;5;121m5[0m[38;5;159m, uid: [38;5;121m[3m<79d54ec>[0m[38;5;159m, morph: [38;5;121m<gs.morphs.Box>[0m[38;5;159m, material: [38;5;121m<gs.materials.Rigid>[0m[38;5;159m.[0m
[38;5;159m[Genesis] [18:23:00] [INFO] Adding [38;5;121m<gs.RigidEntity>[0m[38;5;159m. idx: [38;5;121m6[0m[38;5;159m, uid: [38;5;121m[3m<41438a7>[0m[38;5;159m, morph: [38;5;121m<gs.morphs.Box>[0m[38;5;159m, material: [38;5;121m<gs.materials.Rigid>[0m[38;5;159m.[0m
[38;5;159m[Genesis] [18:23:00] [INFO] Adding [38;5;121m<gs.RigidEntity>[0m[38;5;159m. idx: [38;5;121m7[0m[38;5;159m, uid: [38;5;121m[3m<1b34b2a>[0m[38;5;159m, morph: [38;5;121m<gs.morphs.Sphere>[0m[38;5;159m, material: [38;5;121m<gs.materials.Rigid>[0m[38;5;159m.[0m
[38;5;159m[Genesis] [18:23:00] [INFO] Preprocessing geom idx [38;5;121m[4m83[0m[38;5;159m.[0m
[38;5;159m[Genesis] [18:23:01] [INFO] Adding [38;5;121m<gs.RigidEntity>[0m[38;5;159m. idx: [38;5;121m8[0m[38;5;159m, uid: [38;5;121m[3m<8706559>[0m[38;5;159m, morph: [38;5;121m<gs.morphs.Sphere>[0m[38;5;159m, material: [38;5;121m<gs.materials.Rigid>[0m[38;5;159m.[0m
[38;5;159m[Genesis] [18:23:01] [INFO] Building scene [38;5;121m[3m<9927ba0>[0m[38;5;159m...[0m
[38;5;226m[Genesis] [18:23:05] [WARNING] Reference robot position exceeds joint limits.[0m
[38;5;226m[Genesis] [18:23:07] [WARNING] max_collision_pairs 500 is smaller than the theoretical maximal possible pairs 3036, it uses less memory but might lead to missing some collision pairs if there are too many collision pairs[0m
[38;5;159m[Genesis] [18:23:16] [INFO] Compiling simulation kernels...[0m
[38;5;159m[Genesis] [18:23:52] [INFO] Building visualizer...[0m
/data/gck/miniconda3/envs/maniladder/lib/python3.10/site-packages/torch/utils/_device.py:109: UserWarning: The given NumPy array is not writable, and PyTorch does not support non-writable tensors. This means writing to this tensor will result in undefined behavior. You may want to copy the array to protect its data or make it writable before converting it to a tensor. This type of warning will be suppressed for the rest of this program. (Triggered internally at /pytorch/torch/csrc/utils/tensor_numpy.cpp:213.)
  return func(*args, **kwargs)
Action space: Box(-1.0, 1.0, (22,), float32)
Generating 1 orbit video-only demos → /data/gck/maniladder/site/generated_demos/FitnessBall-v1
[scripted_policy] ENTER phase=0 (GRASP)
  target  (sem): index=[+0.000, +0.600, +1.500, +1.800]  middle=[+0.000, +0.800, +0.800, +0.800]  ring=[+0.000, +1.200, +1.500, +1.800]  thumb=[+0.200, +0.700, +0.900, +2.000]
  current (sem): index=[-0.000, +0.600, +1.500, +1.800]  middle=[-0.000, +0.800, +0.800, +0.800]  ring=[-0.000, +1.200, +1.500, +1.800]  thumb=[+0.200, +0.700, +0.900, +1.970]
  err     (sem): index=[+0.000, -0.000, +0.000, +0.000]  middle=[+0.000, -0.000, -0.000, -0.000]  ring=[+0.000, -0.000, +0.000, +0.000]  thumb=[-0.000, +0.000, -0.000, +0.030]
  [ep 0/1, attempt 1] step 1/2000  terminated=False  truncated=False
[scripted_policy] EXIT  phase=0 (GRASP)
  target  (sem): index=[+0.000, +0.600, +1.500, +1.800]  middle=[+0.000, +0.800, +0.800, +0.800]  ring=[+0.000, +1.200, +1.500, +1.800]  thumb=[+0.200, +0.700, +0.900, +2.000]
  current (sem): index=[-0.000, +0.600, +1.500, +1.800]  middle=[-0.000, +0.800, +0.800, +0.800]  ring=[+0.000, +1.200, +1.500, +1.800]  thumb=[+0.200, +0.700, +0.900, +1.906]
  err     (sem): index=[+0.000, -0.000, +0.000, +0.000]  middle=[+0.000, +0.000, -0.000, -0.000]  ring=[-0.000, +0.000, +0.000, +0.000]  thumb=[-0.000, +0.000, -0.000, +0.094]
[scripted_policy] ENTER phase=1 (p1)
  target  (sem): index=[+0.800, +0.600, +1.500, +1.800]  middle=[+0.000, +0.800, +0.800, +0.800]  ring=[+0.100, +1.200, +1.500, +1.800]  thumb=[+0.200, +0.700, +0.900, +2.000]
  current (sem): index=[+0.000, +0.600, +1.500, +1.800]  middle=[-0.000, +0.800, +0.800, +0.800]  ring=[+0.000, +1.200, +1.500, +1.800]  thumb=[+0.200, +0.700, +0.900, +1.887]
  err     (sem): index=[+0.800, +0.000, -0.000, -0.000]  middle=[+0.000, +0.000, -0.000, -0.000]  ring=[+0.100, -0.000, +0.000, +0.000]  thumb=[-0.000, +0.000, -0.000, +0.113]
[scripted_policy] EXIT  phase=1 (p1)
  target  (sem): index=[+0.800, +0.600, +1.500, +1.800]  middle=[+0.000, +0.800, +0.800, +0.800]  ring=[+0.100, +1.200, +1.500, +1.800]  thumb=[+0.200, +0.700, +0.900, +2.000]
  current (sem): index=[+0.512, +0.588, +1.527, +1.800]  middle=[+0.082, +0.812, +0.811, +0.799]  ring=[+0.076, +1.200, +1.500, +1.800]  thumb=[+0.200, +0.700, +0.900, +1.881]
  err     (sem): index=[+0.288, +0.012, -0.027, -0.000]  middle=[-0.082, -0.012, -0.011, +0.001]  ring=[+0.024, -0.000, +0.000, +0.000]  thumb=[-0.000, +0.000, -0.000, +0.119]
[scripted_policy] ENTER phase=2 (p2)
  target  (sem): index=[+0.800, +0.600, +1.500, +1.800]  middle=[+0.000, +0.000, +0.800, +0.800]  ring=[+1.300, +1.200, +1.500, +1.800]  thumb=[+0.200, +0.700, +0.900, +2.000]
  current (sem): index=[+0.513, +0.587, +1.529, +1.800]  middle=[+0.088, +0.813, +0.811, +0.799]  ring=[+0.077, +1.200, +1.500, +1.800]  thumb=[+0.200, +0.700, +0.900, +1.881]
  err     (sem): index=[+0.287, +0.013, -0.029, -0.000]  middle=[-0.088, -0.813, -0.011, +0.001]  ring=[+1.223, -0.000, +0.000, +0.000]  thumb=[-0.000, +0.000, -0.000, +0.119]
[scripted_policy] EXIT  phase=2 (p2)
  target  (sem): index=[+0.800, +0.600, +1.500, +1.800]  middle=[+0.000, +0.000, +0.800, +0.800]  ring=[+1.300, +1.200, +1.500, +1.800]  thumb=[+0.200, +0.700, +0.900, +2.000]
  current (sem): index=[+0.692, +0.554, +1.504, +1.800]  middle=[+0.051, +0.239, +0.816, +0.797]  ring=[+1.004, +1.200, +1.500, +1.800]  thumb=[+0.200, +0.700, +0.900, +1.881]
  err     (sem): index=[+0.108, +0.046, -0.004, -0.000]  middle=[-0.051, -0.239, -0.016, +0.003]  ring=[+0.296, +0.000, +0.000, +0.000]  thumb=[-0.000, +0.000, -0.000, +0.119]
[scripted_policy] ENTER phase=3 (p3)
  target  (sem): index=[+0.000, +0.600, +1.500, +1.800]  middle=[+0.000, +0.000, +0.800, +0.800]  ring=[+0.200, +1.200, +1.500, +1.800]  thumb=[+0.500, +0.700, +0.900, +2.000]
  current (sem): index=[+0.696, +0.556, +1.504, +1.800]  middle=[+0.049, +0.231, +0.815, +0.797]  ring=[+1.014, +1.200, +1.500, +1.800]  thumb=[+0.200, +0.700, +0.900, +1.881]
  err     (sem): index=[-0.696, +0.044, -0.004, -0.000]  middle=[-0.049, -0.231, -0.015, +0.003]  ring=[-0.814, +0.000, +0.000, +0.000]  thumb=[+0.300, +0.000, -0.000, +0.119]
  [ep 0/1, attempt 1] step 101/2000  terminated=False  truncated=False
[scripted_policy] EXIT  phase=3 (p3)
  target  (sem): index=[+0.000, +0.600, +1.500, +1.800]  middle=[+0.000, +0.000, +0.800, +0.800]  ring=[+0.200, +1.200, +1.500, +1.800]  thumb=[+0.500, +0.700, +0.900, +2.000]
  current (sem): index=[+0.169, +0.589, +1.501, +1.800]  middle=[+0.012, +0.056, +0.804, +0.799]  ring=[+0.397, +1.200, +1.500, +1.800]  thumb=[+0.427, +0.700, +0.900, +1.881]
  err     (sem): index=[-0.169, +0.011, -0.001, +0.000]  middle=[-0.012, -0.056, -0.004, +0.001]  ring=[-0.197, +0.000, +0.000, +0.000]  thumb=[+0.073, -0.000, -0.000, +0.119]
[scripted_policy] ENTER phase=4 (p31)
  target  (sem): index=[-0.800, +0.500, +1.500, +1.800]  middle=[+0.000, +0.800, +0.500, +1.600]  ring=[-0.800, +1.200, +1.500, +1.800]  thumb=[+0.500, +0.500, +0.900, +2.000]
  current (sem): index=[+0.163, +0.590, +1.501, +1.800]  middle=[+0.011, +0.054, +0.804, +0.799]  ring=[+0.390, +1.200, +1.500, +1.800]  thumb=[+0.430, +0.700, +0.900, +1.881]
  err     (sem): index=[-0.963, -0.090, -0.001, +0.000]  middle=[-0.011, +0.746, -0.304, +0.801]  ring=[-1.190, +0.000, +0.000, +0.000]  thumb=[+0.070, -0.200, -0.000, +0.119]
[scripted_policy] EXIT  phase=4 (p31)
  target  (sem): index=[-0.800, +0.500, +1.500, +1.800]  middle=[+0.000, +0.800, +0.500, +1.600]  ring=[-0.800, +1.200, +1.500, +1.800]  thumb=[+0.500, +0.500, +0.900, +2.000]
  current (sem): index=[-0.106, +0.565, +1.501, +1.800]  middle=[+0.008, +0.262, +0.719, +1.022]  ring=[+0.059, +1.200, +1.500, +1.800]  thumb=[+0.449, +0.644, +0.900, +1.881]
  err     (sem): index=[-0.694, -0.065, -0.001, +0.000]  middle=[-0.008, +0.538, -0.219, +0.578]  ring=[-0.859, -0.000, -0.000, +0.000]  thumb=[+0.051, -0.144, -0.000, +0.119]
[scripted_policy] ENTER phase=5 (p4)
  target  (sem): index=[+0.000, +0.500, +1.500, +1.800]  middle=[+0.000, +0.800, +0.500, +1.600]  ring=[-0.800, +1.200, +1.500, +1.800]  thumb=[+0.700, +0.150, +1.750, +1.500]
  current (sem): index=[-0.130, +0.562, +1.501, +1.800]  middle=[+0.008, +0.281, +0.711, +1.043]  ring=[+0.028, +1.200, +1.500, +1.800]  thumb=[+0.451, +0.639, +0.900, +1.881]
  err     (sem): index=[+0.130, -0.062, -0.001, +0.000]  middle=[-0.008, +0.519, -0.211, +0.557]  ring=[-0.828, -0.000, -0.000, +0.000]  thumb=[+0.249, -0.489, +0.850, -0.381]
[scripted_policy] EXIT  phase=5 (p4)
  target  (sem): index=[+0.000, +0.500, +1.500, +1.800]  middle=[+0.000, +0.800, +0.500, +1.600]  ring=[-0.800, +1.200, +1.500, +1.800]  thumb=[+0.700, +0.150, +1.750, +1.500]
  current (sem): index=[-0.042, +0.456, +1.540, +1.882]  middle=[+0.002, +0.674, +0.551, +1.465]  ring=[-0.600, +1.200, +1.500, +1.800]  thumb=[+0.594, +0.475, +1.290, +1.491]
  err     (sem): index=[+0.042, +0.044, -0.040, -0.082]  middle=[-0.002, +0.126, -0.051, +0.135]  ring=[-0.200, -0.000, -0.000, +0.000]  thumb=[+0.106, -0.325, +0.460, +0.009]
[scripted_policy] ENTER phase=6 (phase6)
  target  (sem): index=[+0.000, +0.500, +1.500, +1.800]  middle=[+0.000, +0.800, +0.500, +0.800]  ring=[-0.800, +1.200, +1.500, +1.800]  thumb=[+0.500, +0.700, +0.900, +2.000]
  current (sem): index=[-0.041, +0.454, +1.540, +1.884]  middle=[+0.002, +0.679, +0.549, +1.470]  ring=[-0.607, +1.200, +1.500, +1.800]  thumb=[+0.596, +0.474, +1.294, +1.486]
  err     (sem): index=[+0.041, +0.046, -0.040, -0.084]  middle=[-0.002, +0.121, -0.049, -0.670]  ring=[-0.193, -0.000, -0.000, +0.000]  thumb=[-0.096, +0.226, -0.394, +0.514]
[scripted_policy] EXIT  phase=6 (phase6)
  target  (sem): index=[+0.000, +0.500, +1.500, +1.800]  middle=[+0.000, +0.800, +0.500, +0.800]  ring=[-0.800, +1.200, +1.500, +1.800]  thumb=[+0.500, +0.700, +0.900, +2.000]
  current (sem): index=[-0.029, +0.466, +1.529, +1.861]  middle=[+0.001, +0.712, +0.536, +1.283]  ring=[-0.661, +1.200, +1.500, +1.800]  thumb=[+0.570, +0.537, +1.182, +1.625]
  err     (sem): index=[+0.029, +0.034, -0.029, -0.061]  middle=[-0.001, +0.088, -0.036, -0.483]  ring=[-0.139, -0.000, -0.000, +0.000]  thumb=[-0.070, +0.163, -0.282, +0.375]
[scripted_policy] ENTER phase=0 (GRASP)
  target  (sem): index=[+0.000, +0.600, +1.500, +1.800]  middle=[+0.000, +0.800, +0.800, +0.800]  ring=[+0.000, +1.200, +1.500, +1.800]  thumb=[+0.200, +0.700, +0.900, +2.000]
  current (sem): index=[-0.028, +0.467, +1.528, +1.859]  middle=[+0.001, +0.716, +0.534, +1.266]  ring=[-0.666, +1.200, +1.500, +1.800]  thumb=[+0.567, +0.543, +1.171, +1.637]
  err     (sem): index=[+0.028, +0.133, -0.028, -0.059]  middle=[-0.001, +0.084, +0.266, -0.466]  ring=[+0.666, -0.000, -0.000, +0.000]  thumb=[-0.367, +0.157, -0.271, +0.363]
[scripted_policy] EXIT  phase=0 (GRASP)
  target  (sem): index=[+0.000, +0.600, +1.500, +1.800]  middle=[+0.000, +0.800, +0.800, +0.800]  ring=[+0.000, +1.200, +1.500, +1.800]  thumb=[+0.200, +0.700, +0.900, +2.000]
  current (sem): index=[-0.027, +0.472, +1.527, +1.856]  middle=[+0.001, +0.719, +0.543, +1.250]  ring=[-0.643, +1.200, +1.500, +1.800]  thumb=[+0.555, +0.549, +1.161, +1.650]
  err     (sem): index=[+0.027, +0.128, -0.027, -0.056]  middle=[-0.001, +0.081, +0.257, -0.450]  ring=[+0.643, -0.000, -0.000, +0.000]  thumb=[-0.355, +0.151, -0.261, +0.350]
[scripted_policy] ENTER phase=1 (p1)
  target  (sem): index=[+0.800, +0.600, +1.500, +1.800]  middle=[+0.000, +0.800, +0.800, +0.800]  ring=[+0.100, +1.200, +1.500, +1.800]  thumb=[+0.200, +0.700, +0.900, +2.000]
  current (sem): index=[-0.026, +0.477, +1.526, +1.854]  middle=[+0.001, +0.722, +0.553, +1.233]  ring=[-0.620, +1.200, +1.500, +1.800]  thumb=[+0.542, +0.554, +1.152, +1.663]
  err     (sem): index=[+0.826, +0.123, -0.026, -0.054]  middle=[-0.001, +0.078, +0.247, -0.433]  ring=[+0.720, -0.000, -0.000, +0.000]  thumb=[-0.342, +0.146, -0.252, +0.337]
  [ep 0/1, attempt 1] step 201/2000  terminated=False  truncated=False
[scripted_policy] EXIT  phase=1 (p1)
  target  (sem): index=[+0.800, +0.600, +1.500, +1.800]  middle=[+0.000, +0.800, +0.800, +0.800]  ring=[+0.100, +1.200, +1.500, +1.800]  thumb=[+0.200, +0.700, +0.900, +2.000]
  current (sem): index=[+0.509, +0.563, +1.537, +1.813]  middle=[+0.084, +0.788, +0.748, +0.905]  ring=[-0.074, +1.200, +1.500, +1.800]  thumb=[+0.283, +0.665, +0.961, +1.881]
  err     (sem): index=[+0.291, +0.037, -0.037, -0.013]  middle=[-0.084, +0.012, +0.052, -0.105]  ring=[+0.174, +0.000, +0.000, +0.000]  thumb=[-0.083, +0.035, -0.061, +0.119]
[scripted_policy] ENTER phase=2 (p2)
  target  (sem): index=[+0.800, +0.600, +1.500, +1.800]  middle=[+0.000, +0.000, +0.800, +0.800]  ring=[+1.300, +1.200, +1.500, +1.800]  thumb=[+0.200, +0.700, +0.900, +2.000]
  current (sem): index=[+0.513, +0.564, +1.538, +1.813]  middle=[+0.087, +0.789, +0.750, +0.901]  ring=[-0.068, +1.200, +1.500, +1.800]  thumb=[+0.280, +0.666, +0.959, +1.881]
  err     (sem): index=[+0.287, +0.036, -0.038, -0.013]  middle=[-0.087, -0.789, +0.050, -0.101]  ring=[+1.368, +0.000, +0.000, +0.000]  thumb=[-0.080, +0.034, -0.059, +0.119]
[scripted_policy] EXIT  phase=2 (p2)
  target  (sem): index=[+0.800, +0.600, +1.500, +1.800]  middle=[+0.000, +0.000, +0.800, +0.800]  ring=[+1.300, +1.200, +1.500, +1.800]  thumb=[+0.200, +0.700, +0.900, +2.000]
  current (sem): index=[+0.711, +0.569, +1.508, +1.803]  middle=[+0.037, +0.214, +0.795, +0.823]  ring=[+0.969, +1.200, +1.500, +1.800]  thumb=[+0.219, +0.692, +0.914, +1.881]
  err     (sem): index=[+0.089, +0.031, -0.008, -0.003]  middle=[-0.037, -0.214, +0.005, -0.023]  ring=[+0.331, +0.000, +0.000, +0.000]  thumb=[-0.019, +0.008, -0.014, +0.119]
[scripted_policy] ENTER phase=3 (p3)
  target  (sem): index=[+0.000, +0.600, +1.500, +1.800]  middle=[+0.000, +0.000, +0.800, +0.800]  ring=[+0.200, +1.200, +1.500, +1.800]  thumb=[+0.500, +0.700, +0.900, +2.000]
  current (sem): index=[+0.714, +0.570, +1.508, +1.803]  middle=[+0.036, +0.206, +0.795, +0.822]  ring=[+0.980, +1.200, +1.500, +1.800]  thumb=[+0.219, +0.692, +0.914, +1.881]
  err     (sem): index=[-0.714, +0.030, -0.008, -0.003]  middle=[-0.036, -0.206, +0.005, -0.022]  ring=[-0.780, +0.000, +0.000, +0.000]  thumb=[+0.281, +0.008, -0.014, +0.119]
  [ep 0/1, attempt 1] step 301/2000  terminated=False  truncated=False
[scripted_policy] EXIT  phase=3 (p3)
  target  (sem): index=[+0.000, +0.600, +1.500, +1.800]  middle=[+0.000, +0.000, +0.800, +0.800]  ring=[+0.200, +1.200, +1.500, +1.800]  thumb=[+0.500, +0.700, +0.900, +2.000]
  current (sem): index=[+0.173, +0.593, +1.502, +1.801]  middle=[+0.009, +0.050, +0.799, +0.805]  ring=[+0.389, +1.200, +1.500, +1.800]  thumb=[+0.432, +0.698, +0.903, +1.881]
  err     (sem): index=[-0.173, +0.007, -0.002, -0.001]  middle=[-0.009, -0.050, +0.001, -0.005]  ring=[-0.189, +0.000, -0.000, +0.000]  thumb=[+0.068, +0.002, -0.003, +0.119]
[scripted_policy] ENTER phase=4 (p31)
  target  (sem): index=[-0.800, +0.500, +1.500, +1.800]  middle=[+0.000, +0.800, +0.500, +1.600]  ring=[-0.800, +1.200, +1.500, +1.800]  thumb=[+0.500, +0.500, +0.900, +2.000]
  current (sem): index=[+0.167, +0.593, +1.502, +1.801]  middle=[+0.008, +0.048, +0.799, +0.805]  ring=[+0.382, +1.200, +1.500, +1.800]  thumb=[+0.434, +0.698, +0.903, +1.881]
  err     (sem): index=[-0.967, -0.093, -0.002, -0.001]  middle=[-0.008, +0.752, -0.299, +0.795]  ring=[-1.182, +0.000, -0.000, +0.000]  thumb=[+0.066, -0.198, -0.003, +0.119]
[scripted_policy] EXIT  phase=4 (p31)
  target  (sem): index=[-0.800, +0.500, +1.500, +1.800]  middle=[+0.000, +0.800, +0.500, +1.600]  ring=[-0.800, +1.200, +1.500, +1.800]  thumb=[+0.500, +0.500, +0.900, +2.000]
  current (sem): index=[-0.102, +0.567, +1.501, +1.800]  middle=[+0.006, +0.257, +0.716, +1.027]  ring=[+0.053, +1.200, +1.500, +1.800]  thumb=[+0.453, +0.643, +0.902, +1.881]
  err     (sem): index=[-0.698, -0.067, -0.001, -0.000]  middle=[-0.006, +0.543, -0.216, +0.573]  ring=[-0.853, +0.000, -0.000, +0.000]  thumb=[+0.047, -0.143, -0.002, +0.119]
[scripted_policy] ENTER phase=5 (p4)
  target  (sem): index=[+0.000, +0.500, +1.500, +1.800]  middle=[+0.000, +0.800, +0.500, +1.600]  ring=[-0.800, +1.200, +1.500, +1.800]  thumb=[+0.700, +0.150, +1.750, +1.500]
  current (sem): index=[-0.127, +0.565, +1.501, +1.800]  middle=[+0.006, +0.277, +0.708, +1.047]  ring=[+0.022, +1.200, +1.500, +1.800]  thumb=[+0.454, +0.638, +0.902, +1.881]
  err     (sem): index=[+0.127, -0.065, -0.001, -0.000]  middle=[-0.006, +0.523, -0.208, +0.553]  ring=[-0.822, +0.000, -0.000, +0.000]  thumb=[+0.246, -0.488, +0.848, -0.381]
[scripted_policy] EXIT  phase=5 (p4)
  target  (sem): index=[+0.000, +0.500, +1.500, +1.800]  middle=[+0.000, +0.800, +0.500, +1.600]  ring=[-0.800, +1.200, +1.500, +1.800]  thumb=[+0.700, +0.150, +1.750, +1.500]
  current (sem): index=[-0.041, +0.457, +1.540, +1.882]  middle=[+0.001, +0.673, +0.550, +1.466]  ring=[-0.601, +1.200, +1.500, +1.800]  thumb=[+0.594, +0.476, +1.291, +1.491]
  err     (sem): index=[+0.041, +0.043, -0.040, -0.082]  middle=[-0.001, +0.127, -0.050, +0.134]  ring=[-0.199, -0.000, -0.000, +0.000]  thumb=[+0.106, -0.326, +0.459, +0.009]
[scripted_policy] ENTER phase=6 (phase6)
  target  (sem): index=[+0.000, +0.500, +1.500, +1.800]  middle=[+0.000, +0.800, +0.500, +0.800]  ring=[-0.800, +1.200, +1.500, +1.800]  thumb=[+0.500, +0.700, +0.900, +2.000]
  current (sem): index=[-0.040, +0.455, +1.541, +1.884]  middle=[+0.001, +0.678, +0.549, +1.471]  ring=[-0.608, +1.200, +1.500, +1.800]  thumb=[+0.596, +0.475, +1.295, +1.486]
  err     (sem): index=[+0.040, +0.045, -0.041, -0.084]  middle=[-0.001, +0.122, -0.049, -0.671]  ring=[-0.192, -0.000, -0.000, +0.000]  thumb=[-0.096, +0.225, -0.395, +0.514]
[scripted_policy] EXIT  phase=6 (phase6)
  target  (sem): index=[+0.000, +0.500, +1.500, +1.800]  middle=[+0.000, +0.800, +0.500, +0.800]  ring=[-0.800, +1.200, +1.500, +1.800]  thumb=[+0.500, +0.700, +0.900, +2.000]
  current (sem): index=[-0.029, +0.467, +1.529, +1.861]  middle=[+0.001, +0.712, +0.535, +1.284]  ring=[-0.662, +1.200, +1.500, +1.800]  thumb=[+0.570, +0.538, +1.182, +1.624]
  err     (sem): index=[+0.029, +0.033, -0.029, -0.061]  middle=[-0.001, +0.088, -0.035, -0.484]  ring=[-0.138, -0.000, -0.000, +0.000]  thumb=[-0.070, +0.162, -0.282, +0.376]
[scripted_policy] ENTER phase=0 (GRASP)
  target  (sem): index=[+0.000, +0.600, +1.500, +1.800]  middle=[+0.000, +0.800, +0.800, +0.800]  ring=[+0.000, +1.200, +1.500, +1.800]  thumb=[+0.200, +0.700, +0.900, +2.000]
  current (sem): index=[-0.028, +0.468, +1.528, +1.859]  middle=[+0.001, +0.715, +0.534, +1.267]  ring=[-0.667, +1.200, +1.500, +1.800]  thumb=[+0.567, +0.544, +1.172, +1.637]
  err     (sem): index=[+0.028, +0.132, -0.028, -0.059]  middle=[-0.001, +0.085, +0.266, -0.467]  ring=[+0.667, -0.000, -0.000, +0.000]  thumb=[-0.367, +0.156, -0.272, +0.363]
[scripted_policy] EXIT  phase=0 (GRASP)
  target  (sem): index=[+0.000, +0.600, +1.500, +1.800]  middle=[+0.000, +0.800, +0.800, +0.800]  ring=[+0.000, +1.200, +1.500, +1.800]  thumb=[+0.200, +0.700, +0.900, +2.000]
  current (sem): index=[-0.027, +0.473, +1.527, +1.856]  middle=[+0.001, +0.718, +0.543, +1.250]  ring=[-0.644, +1.200, +1.500, +1.800]  thumb=[+0.555, +0.549, +1.162, +1.650]
  err     (sem): index=[+0.027, +0.127, -0.027, -0.056]  middle=[-0.001, +0.082, +0.257, -0.450]  ring=[+0.644, -0.000, -0.000, +0.000]  thumb=[-0.355, +0.151, -0.262, +0.350]
[scripted_policy] ENTER phase=1 (p1)
  target  (sem): index=[+0.800, +0.600, +1.500, +1.800]  middle=[+0.000, +0.800, +0.800, +0.800]  ring=[+0.100, +1.200, +1.500, +1.800]  thumb=[+0.200, +0.700, +0.900, +2.000]
  current (sem): index=[-0.026, +0.477, +1.526, +1.854]  middle=[+0.001, +0.721, +0.552, +1.234]  ring=[-0.620, +1.200, +1.500, +1.800]  thumb=[+0.542, +0.555, +1.153, +1.662]
  err     (sem): index=[+0.826, +0.123, -0.026, -0.054]  middle=[-0.001, +0.079, +0.248, -0.434]  ring=[+0.720, -0.000, -0.000, +0.000]  thumb=[-0.342, +0.145, -0.253, +0.338]
  [ep 0/1, attempt 1] step 401/2000  terminated=False  truncated=False
[scripted_policy] EXIT  phase=1 (p1)
  target  (sem): index=[+0.800, +0.600, +1.500, +1.800]  middle=[+0.000, +0.800, +0.800, +0.800]  ring=[+0.100, +1.200, +1.500, +1.800]  thumb=[+0.200, +0.700, +0.900, +2.000]
  current (sem): index=[+0.509, +0.563, +1.537, +1.813]  middle=[+0.084, +0.788, +0.748, +0.905]  ring=[-0.074, +1.200, +1.500, +1.800]  thumb=[+0.283, +0.665, +0.961, +1.881]
  err     (sem): index=[+0.291, +0.037, -0.037, -0.013]  middle=[-0.084, +0.012, +0.052, -0.105]  ring=[+0.174, +0.000, +0.000, +0.000]  thumb=[-0.083, +0.035, -0.061, +0.119]
[scripted_policy] ENTER phase=2 (p2)
  target  (sem): index=[+0.800, +0.600, +1.500, +1.800]  middle=[+0.000, +0.000, +0.800, +0.800]  ring=[+1.300, +1.200, +1.500, +1.800]  thumb=[+0.200, +0.700, +0.900, +2.000]
  current (sem): index=[+0.513, +0.564, +1.539, +1.813]  middle=[+0.087, +0.789, +0.750, +0.902]  ring=[-0.068, +1.200, +1.500, +1.800]  thumb=[+0.280, +0.666, +0.959, +1.881]
  err     (sem): index=[+0.287, +0.036, -0.039, -0.013]  middle=[-0.087, -0.789, +0.050, -0.102]  ring=[+1.368, +0.000, +0.000, +0.000]  thumb=[-0.080, +0.034, -0.059, +0.119]
[scripted_policy] EXIT  phase=2 (p2)
  target  (sem): index=[+0.800, +0.600, +1.500, +1.800]  middle=[+0.000, +0.000, +0.800, +0.800]  ring=[+1.300, +1.200, +1.500, +1.800]  thumb=[+0.200, +0.700, +0.900, +2.000]
  current (sem): index=[+0.711, +0.569, +1.508, +1.803]  middle=[+0.037, +0.214, +0.795, +0.823]  ring=[+0.969, +1.200, +1.500, +1.800]  thumb=[+0.219, +0.692, +0.914, +1.881]
  err     (sem): index=[+0.089, +0.031, -0.008, -0.003]  middle=[-0.037, -0.214, +0.005, -0.023]  ring=[+0.331, +0.000, +0.000, +0.000]  thumb=[-0.019, +0.008, -0.014, +0.119]
[scripted_policy] ENTER phase=3 (p3)
  target  (sem): index=[+0.000, +0.600, +1.500, +1.800]  middle=[+0.000, +0.000, +0.800, +0.800]  ring=[+0.200, +1.200, +1.500, +1.800]  thumb=[+0.500, +0.700, +0.900, +2.000]
  current (sem): index=[+0.714, +0.570, +1.508, +1.803]  middle=[+0.036, +0.206, +0.795, +0.822]  ring=[+0.980, +1.200, +1.500, +1.800]  thumb=[+0.219, +0.692, +0.914, +1.881]
  err     (sem): index=[-0.714, +0.030, -0.008, -0.003]  middle=[-0.036, -0.206, +0.005, -0.022]  ring=[-0.780, +0.000, +0.000, +0.000]  thumb=[+0.281, +0.008, -0.014, +0.119]
[scripted_policy] EXIT  phase=3 (p3)
  target  (sem): index=[+0.000, +0.600, +1.500, +1.800]  middle=[+0.000, +0.000, +0.800, +0.800]  ring=[+0.200, +1.200, +1.500, +1.800]  thumb=[+0.500, +0.700, +0.900, +2.000]
  current (sem): index=[+0.173, +0.593, +1.502, +1.801]  middle=[+0.009, +0.050, +0.799, +0.805]  ring=[+0.389, +1.200, +1.500, +1.800]  thumb=[+0.432, +0.698, +0.903, +1.881]
  err     (sem): index=[-0.173, +0.007, -0.002, -0.001]  middle=[-0.009, -0.050, +0.001, -0.005]  ring=[-0.189, +0.000, -0.000, +0.000]  thumb=[+0.068, +0.002, -0.003, +0.119]
[scripted_policy] ENTER phase=4 (p31)
  target  (sem): index=[-0.800, +0.500, +1.500, +1.800]  middle=[+0.000, +0.800, +0.500, +1.600]  ring=[-0.800, +1.200, +1.500, +1.800]  thumb=[+0.500, +0.500, +0.900, +2.000]
  current (sem): index=[+0.167, +0.593, +1.502, +1.801]  middle=[+0.008, +0.048, +0.799, +0.805]  ring=[+0.382, +1.200, +1.500, +1.800]  thumb=[+0.434, +0.698, +0.903, +1.881]
  err     (sem): index=[-0.967, -0.093, -0.002, -0.001]  middle=[-0.008, +0.752, -0.299, +0.795]  ring=[-1.182, +0.000, -0.000, +0.000]  thumb=[+0.066, -0.198, -0.003, +0.119]
[scripted_policy] EXIT  phase=4 (p31)
  target  (sem): index=[-0.800, +0.500, +1.500, +1.800]  middle=[+0.000, +0.800, +0.500, +1.600]  ring=[-0.800, +1.200, +1.500, +1.800]  thumb=[+0.500, +0.500, +0.900, +2.000]
  current (sem): index=[-0.102, +0.567, +1.501, +1.800]  middle=[+0.006, +0.257, +0.716, +1.027]  ring=[+0.053, +1.200, +1.500, +1.800]  thumb=[+0.453, +0.643, +0.902, +1.881]
  err     (sem): index=[-0.698, -0.067, -0.001, -0.000]  middle=[-0.006, +0.543, -0.216, +0.573]  ring=[-0.853, +0.000, -0.000, +0.000]  thumb=[+0.047, -0.143, -0.002, +0.119]
[scripted_policy] ENTER phase=5 (p4)
  target  (sem): index=[+0.000, +0.500, +1.500, +1.800]  middle=[+0.000, +0.800, +0.500, +1.600]  ring=[-0.800, +1.200, +1.500, +1.800]  thumb=[+0.700, +0.150, +1.750, +1.500]
  current (sem): index=[-0.127, +0.565, +1.501, +1.800]  middle=[+0.006, +0.277, +0.708, +1.047]  ring=[+0.022, +1.200, +1.500, +1.800]  thumb=[+0.454, +0.638, +0.902, +1.881]
  err     (sem): index=[+0.127, -0.065, -0.001, -0.000]  middle=[-0.006, +0.523, -0.208, +0.553]  ring=[-0.822, +0.000, -0.000, +0.000]  thumb=[+0.246, -0.488, +0.848, -0.381]
  [ep 0/1, attempt 1] step 501/2000  terminated=False  truncated=False
[scripted_policy] EXIT  phase=5 (p4)
  target  (sem): index=[+0.000, +0.500, +1.500, +1.800]  middle=[+0.000, +0.800, +0.500, +1.600]  ring=[-0.800, +1.200, +1.500, +1.800]  thumb=[+0.700, +0.150, +1.750, +1.500]
  current (sem): index=[-0.041, +0.457, +1.540, +1.882]  middle=[+0.001, +0.673, +0.550, +1.466]  ring=[-0.601, +1.200, +1.500, +1.800]  thumb=[+0.594, +0.476, +1.291, +1.491]
  err     (sem): index=[+0.041, +0.043, -0.040, -0.082]  middle=[-0.001, +0.127, -0.050, +0.134]  ring=[-0.199, -0.000, -0.000, +0.000]  thumb=[+0.106, -0.326, +0.459, +0.009]
[scripted_policy] ENTER phase=6 (phase6)
  target  (sem): index=[+0.000, +0.500, +1.500, +1.800]  middle=[+0.000, +0.800, +0.500, +0.800]  ring=[-0.800, +1.200, +1.500, +1.800]  thumb=[+0.500, +0.700, +0.900, +2.000]
  current (sem): index=[-0.040, +0.455, +1.541, +1.884]  middle=[+0.001, +0.678, +0.549, +1.471]  ring=[-0.608, +1.200, +1.500, +1.800]  thumb=[+0.596, +0.475, +1.295, +1.486]
  err     (sem): index=[+0.040, +0.045, -0.041, -0.084]  middle=[-0.001, +0.122, -0.049, -0.671]  ring=[-0.192, -0.000, -0.000, +0.000]  thumb=[-0.096, +0.225, -0.395, +0.514]
[scripted_policy] EXIT  phase=6 (phase6)
  target  (sem): index=[+0.000, +0.500, +1.500, +1.800]  middle=[+0.000, +0.800, +0.500, +0.800]  ring=[-0.800, +1.200, +1.500, +1.800]  thumb=[+0.500, +0.700, +0.900, +2.000]
  current (sem): index=[-0.029, +0.467, +1.529, +1.861]  middle=[+0.001, +0.712, +0.535, +1.284]  ring=[-0.662, +1.200, +1.500, +1.800]  thumb=[+0.570, +0.538, +1.182, +1.624]
  err     (sem): index=[+0.029, +0.033, -0.029, -0.061]  middle=[-0.001, +0.088, -0.035, -0.484]  ring=[-0.138, -0.000, -0.000, +0.000]  thumb=[-0.070, +0.162, -0.282, +0.376]
[scripted_policy] ENTER phase=0 (GRASP)
  target  (sem): index=[+0.000, +0.600, +1.500, +1.800]  middle=[+0.000, +0.800, +0.800, +0.800]  ring=[+0.000, +1.200, +1.500, +1.800]  thumb=[+0.200, +0.700, +0.900, +2.000]
  current (sem): index=[-0.028, +0.468, +1.528, +1.859]  middle=[+0.001, +0.715, +0.534, +1.267]  ring=[-0.667, +1.200, +1.500, +1.800]  thumb=[+0.567, +0.544, +1.172, +1.637]
  err     (sem): index=[+0.028, +0.132, -0.028, -0.059]  middle=[-0.001, +0.085, +0.266, -0.467]  ring=[+0.667, -0.000, -0.000, +0.000]  thumb=[-0.367, +0.156, -0.272, +0.363]
[scripted_policy] EXIT  phase=0 (GRASP)
  target  (sem): index=[+0.000, +0.600, +1.500, +1.800]  middle=[+0.000, +0.800, +0.800, +0.800]  ring=[+0.000, +1.200, +1.500, +1.800]  thumb=[+0.200, +0.700, +0.900, +2.000]
  current (sem): index=[-0.027, +0.473, +1.527, +1.856]  middle=[+0.001, +0.718, +0.543, +1.250]  ring=[-0.644, +1.200, +1.500, +1.800]  thumb=[+0.555, +0.549, +1.162, +1.650]
  err     (sem): index=[+0.027, +0.127, -0.027, -0.056]  middle=[-0.001, +0.082, +0.257, -0.450]  ring=[+0.644, -0.000, -0.000, +0.000]  thumb=[-0.355, +0.151, -0.262, +0.350]
[scripted_policy] ENTER phase=1 (p1)
  target  (sem): index=[+0.800, +0.600, +1.500, +1.800]  middle=[+0.000, +0.800, +0.800, +0.800]  ring=[+0.100, +1.200, +1.500, +1.800]  thumb=[+0.200, +0.700, +0.900, +2.000]
  current (sem): index=[-0.026, +0.477, +1.526, +1.854]  middle=[+0.001, +0.721, +0.552, +1.234]  ring=[-0.620, +1.200, +1.500, +1.800]  thumb=[+0.542, +0.555, +1.153, +1.662]
  err     (sem): index=[+0.826, +0.123, -0.026, -0.054]  middle=[-0.001, +0.079, +0.248, -0.434]  ring=[+0.720, -0.000, -0.000, +0.000]  thumb=[-0.342, +0.145, -0.253, +0.338]
[scripted_policy] EXIT  phase=1 (p1)
  target  (sem): index=[+0.800, +0.600, +1.500, +1.800]  middle=[+0.000, +0.800, +0.800, +0.800]  ring=[+0.100, +1.200, +1.500, +1.800]  thumb=[+0.200, +0.700, +0.900, +2.000]
  current (sem): index=[+0.509, +0.563, +1.537, +1.813]  middle=[+0.084, +0.788, +0.748, +0.905]  ring=[-0.074, +1.200, +1.500, +1.800]  thumb=[+0.283, +0.665, +0.961, +1.881]
  err     (sem): index=[+0.291, +0.037, -0.037, -0.013]  middle=[-0.084, +0.012, +0.052, -0.105]  ring=[+0.174, +0.000, +0.000, +0.000]  thumb=[-0.083, +0.035, -0.061, +0.119]
[scripted_policy] ENTER phase=2 (p2)
  target  (sem): index=[+0.800, +0.600, +1.500, +1.800]  middle=[+0.000, +0.000, +0.800, +0.800]  ring=[+1.300, +1.200, +1.500, +1.800]  thumb=[+0.200, +0.700, +0.900, +2.000]
  current (sem): index=[+0.513, +0.564, +1.539, +1.813]  middle=[+0.087, +0.789, +0.750, +0.902]  ring=[-0.068, +1.200, +1.500, +1.800]  thumb=[+0.280, +0.666, +0.959, +1.881]
  err     (sem): index=[+0.287, +0.036, -0.039, -0.013]  middle=[-0.087, -0.789, +0.050, -0.102]  ring=[+1.368, +0.000, +0.000, +0.000]  thumb=[-0.080, +0.034, -0.059, +0.119]
  [ep 0/1, attempt 1] step 601/2000  terminated=False  truncated=False
[scripted_policy] EXIT  phase=2 (p2)
  target  (sem): index=[+0.800, +0.600, +1.500, +1.800]  middle=[+0.000, +0.000, +0.800, +0.800]  ring=[+1.300, +1.200, +1.500, +1.800]  thumb=[+0.200, +0.700, +0.900, +2.000]
  current (sem): index=[+0.711, +0.569, +1.508, +1.803]  middle=[+0.037, +0.214, +0.795, +0.823]  ring=[+0.969, +1.200, +1.500, +1.800]  thumb=[+0.219, +0.692, +0.914, +1.881]
  err     (sem): index=[+0.089, +0.031, -0.008, -0.003]  middle=[-0.037, -0.214, +0.005, -0.023]  ring=[+0.331, +0.000, +0.000, +0.000]  thumb=[-0.019, +0.008, -0.014, +0.119]
[scripted_policy] ENTER phase=3 (p3)
  target  (sem): index=[+0.000, +0.600, +1.500, +1.800]  middle=[+0.000, +0.000, +0.800, +0.800]  ring=[+0.200, +1.200, +1.500, +1.800]  thumb=[+0.500, +0.700, +0.900, +2.000]
  current (sem): index=[+0.714, +0.570, +1.508, +1.803]  middle=[+0.036, +0.206, +0.795, +0.822]  ring=[+0.980, +1.200, +1.500, +1.800]  thumb=[+0.219, +0.692, +0.914, +1.881]
  err     (sem): index=[-0.714, +0.030, -0.008, -0.003]  middle=[-0.036, -0.206, +0.005, -0.022]  ring=[-0.780, +0.000, +0.000, +0.000]  thumb=[+0.281, +0.008, -0.014, +0.119]
[scripted_policy] EXIT  phase=3 (p3)
  target  (sem): index=[+0.000, +0.600, +1.500, +1.800]  middle=[+0.000, +0.000, +0.800, +0.800]  ring=[+0.200, +1.200, +1.500, +1.800]  thumb=[+0.500, +0.700, +0.900, +2.000]
  current (sem): index=[+0.173, +0.593, +1.502, +1.801]  middle=[+0.009, +0.050, +0.799, +0.805]  ring=[+0.389, +1.200, +1.500, +1.800]  thumb=[+0.432, +0.698, +0.903, +1.881]
  err     (sem): index=[-0.173, +0.007, -0.002, -0.001]  middle=[-0.009, -0.050, +0.001, -0.005]  ring=[-0.189, +0.000, -0.000, +0.000]  thumb=[+0.068, +0.002, -0.003, +0.119]
[scripted_policy] ENTER phase=4 (p31)
  target  (sem): index=[-0.800, +0.500, +1.500, +1.800]  middle=[+0.000, +0.800, +0.500, +1.600]  ring=[-0.800, +1.200, +1.500, +1.800]  thumb=[+0.500, +0.500, +0.900, +2.000]
  current (sem): index=[+0.167, +0.593, +1.502, +1.801]  middle=[+0.008, +0.048, +0.799, +0.805]  ring=[+0.382, +1.200, +1.500, +1.800]  thumb=[+0.434, +0.698, +0.903, +1.881]
  err     (sem): index=[-0.967, -0.093, -0.002, -0.001]  middle=[-0.008, +0.752, -0.299, +0.795]  ring=[-1.182, +0.000, -0.000, +0.000]  thumb=[+0.066, -0.198, -0.003, +0.119]
[scripted_policy] EXIT  phase=4 (p31)
  target  (sem): index=[-0.800, +0.500, +1.500, +1.800]  middle=[+0.000, +0.800, +0.500, +1.600]  ring=[-0.800, +1.200, +1.500, +1.800]  thumb=[+0.500, +0.500, +0.900, +2.000]
  current (sem): index=[-0.102, +0.567, +1.501, +1.800]  middle=[+0.006, +0.257, +0.716, +1.027]  ring=[+0.053, +1.200, +1.500, +1.800]  thumb=[+0.453, +0.643, +0.902, +1.881]
  err     (sem): index=[-0.698, -0.067, -0.001, -0.000]  middle=[-0.006, +0.543, -0.216, +0.573]  ring=[-0.853, +0.000, -0.000, +0.000]  thumb=[+0.047, -0.143, -0.002, +0.119]
[scripted_policy] ENTER phase=5 (p4)
  target  (sem): index=[+0.000, +0.500, +1.500, +1.800]  middle=[+0.000, +0.800, +0.500, +1.600]  ring=[-0.800, +1.200, +1.500, +1.800]  thumb=[+0.700, +0.150, +1.750, +1.500]
  current (sem): index=[-0.127, +0.565, +1.501, +1.800]  middle=[+0.006, +0.277, +0.708, +1.047]  ring=[+0.022, +1.200, +1.500, +1.800]  thumb=[+0.454, +0.638, +0.902, +1.881]
  err     (sem): index=[+0.127, -0.065, -0.001, -0.000]  middle=[-0.006, +0.523, -0.208, +0.553]  ring=[-0.822, +0.000, -0.000, +0.000]  thumb=[+0.246, -0.488, +0.848, -0.381]
  [ep 0/1, attempt 1] step 701/2000  terminated=False  truncated=False
[scripted_policy] EXIT  phase=5 (p4)
  target  (sem): index=[+0.000, +0.500, +1.500, +1.800]  middle=[+0.000, +0.800, +0.500, +1.600]  ring=[-0.800, +1.200, +1.500, +1.800]  thumb=[+0.700, +0.150, +1.750, +1.500]
  current (sem): index=[-0.041, +0.457, +1.540, +1.882]  middle=[+0.001, +0.673, +0.550, +1.466]  ring=[-0.601, +1.200, +1.500, +1.800]  thumb=[+0.594, +0.476, +1.291, +1.491]
  err     (sem): index=[+0.041, +0.043, -0.040, -0.082]  middle=[-0.001, +0.127, -0.050, +0.134]  ring=[-0.199, -0.000, -0.000, +0.000]  thumb=[+0.106, -0.326, +0.459, +0.009]
[scripted_policy] ENTER phase=6 (phase6)
  target  (sem): index=[+0.000, +0.500, +1.500, +1.800]  middle=[+0.000, +0.800, +0.500, +0.800]  ring=[-0.800, +1.200, +1.500, +1.800]  thumb=[+0.500, +0.700, +0.900, +2.000]
  current (sem): index=[-0.040, +0.455, +1.541, +1.884]  middle=[+0.001, +0.678, +0.549, +1.471]  ring=[-0.608, +1.200, +1.500, +1.800]  thumb=[+0.596, +0.475, +1.295, +1.486]
  err     (sem): index=[+0.040, +0.045, -0.041, -0.084]  middle=[-0.001, +0.122, -0.049, -0.671]  ring=[-0.192, -0.000, -0.000, +0.000]  thumb=[-0.096, +0.225, -0.395, +0.514]
[scripted_policy] EXIT  phase=6 (phase6)
  target  (sem): index=[+0.000, +0.500, +1.500, +1.800]  middle=[+0.000, +0.800, +0.500, +0.800]  ring=[-0.800, +1.200, +1.500, +1.800]  thumb=[+0.500, +0.700, +0.900, +2.000]
  current (sem): index=[-0.029, +0.467, +1.529, +1.861]  middle=[+0.001, +0.712, +0.535, +1.284]  ring=[-0.662, +1.200, +1.500, +1.800]  thumb=[+0.570, +0.538, +1.182, +1.624]
  err     (sem): index=[+0.029, +0.033, -0.029, -0.061]  middle=[-0.001, +0.088, -0.035, -0.484]  ring=[-0.138, -0.000, -0.000, +0.000]  thumb=[-0.070, +0.162, -0.282, +0.376]
[scripted_policy] ENTER phase=0 (GRASP)
  target  (sem): index=[+0.000, +0.600, +1.500, +1.800]  middle=[+0.000, +0.800, +0.800, +0.800]  ring=[+0.000, +1.200, +1.500, +1.800]  thumb=[+0.200, +0.700, +0.900, +2.000]
  current (sem): index=[-0.028, +0.468, +1.528, +1.859]  middle=[+0.001, +0.715, +0.534, +1.267]  ring=[-0.667, +1.200, +1.500, +1.800]  thumb=[+0.567, +0.544, +1.172, +1.637]
  err     (sem): index=[+0.028, +0.132, -0.028, -0.059]  middle=[-0.001, +0.085, +0.266, -0.467]  ring=[+0.667, -0.000, -0.000, +0.000]  thumb=[-0.367, +0.156, -0.272, +0.363]
[scripted_policy] EXIT  phase=0 (GRASP)
  target  (sem): index=[+0.000, +0.600, +1.500, +1.800]  middle=[+0.000, +0.800, +0.800, +0.800]  ring=[+0.000, +1.200, +1.500, +1.800]  thumb=[+0.200, +0.700, +0.900, +2.000]
  current (sem): index=[-0.027, +0.473, +1.527, +1.856]  middle=[+0.001, +0.718, +0.543, +1.250]  ring=[-0.644, +1.200, +1.500, +1.800]  thumb=[+0.555, +0.549, +1.162, +1.650]
  err     (sem): index=[+0.027, +0.127, -0.027, -0.056]  middle=[-0.001, +0.082, +0.257, -0.450]  ring=[+0.644, -0.000, -0.000, +0.000]  thumb=[-0.355, +0.151, -0.262, +0.350]
[scripted_policy] ENTER phase=1 (p1)
  target  (sem): index=[+0.800, +0.600, +1.500, +1.800]  middle=[+0.000, +0.800, +0.800, +0.800]  ring=[+0.100, +1.200, +1.500, +1.800]  thumb=[+0.200, +0.700, +0.900, +2.000]
  current (sem): index=[-0.026, +0.477, +1.526, +1.854]  middle=[+0.001, +0.721, +0.552, +1.234]  ring=[-0.620, +1.200, +1.500, +1.800]  thumb=[+0.542, +0.555, +1.153, +1.662]
  err     (sem): index=[+0.826, +0.123, -0.026, -0.054]  middle=[-0.001, +0.079, +0.248, -0.434]  ring=[+0.720, -0.000, -0.000, +0.000]  thumb=[-0.342, +0.145, -0.253, +0.338]
[scripted_policy] EXIT  phase=1 (p1)
  target  (sem): index=[+0.800, +0.600, +1.500, +1.800]  middle=[+0.000, +0.800, +0.800, +0.800]  ring=[+0.100, +1.200, +1.500, +1.800]  thumb=[+0.200, +0.700, +0.900, +2.000]
  current (sem): index=[+0.509, +0.563, +1.537, +1.813]  middle=[+0.084, +0.788, +0.748, +0.905]  ring=[-0.074, +1.200, +1.500, +1.800]  thumb=[+0.283, +0.665, +0.961, +1.881]
  err     (sem): index=[+0.291, +0.037, -0.037, -0.013]  middle=[-0.084, +0.012, +0.052, -0.105]  ring=[+0.174, +0.000, +0.000, +0.000]  thumb=[-0.083, +0.035, -0.061, +0.119]
[scripted_policy] ENTER phase=2 (p2)
  target  (sem): index=[+0.800, +0.600, +1.500, +1.800]  middle=[+0.000, +0.000, +0.800, +0.800]  ring=[+1.300, +1.200, +1.500, +1.800]  thumb=[+0.200, +0.700, +0.900, +2.000]
  current (sem): index=[+0.513, +0.564, +1.539, +1.813]  middle=[+0.087, +0.789, +0.750, +0.902]  ring=[-0.068, +1.200, +1.500, +1.800]  thumb=[+0.280, +0.666, +0.959, +1.881]
  err     (sem): index=[+0.287, +0.036, -0.039, -0.013]  middle=[-0.087, -0.789, +0.050, -0.102]  ring=[+1.368, +0.000, +0.000, +0.000]  thumb=[-0.080, +0.034, -0.059, +0.119]
  [ep 0/1, attempt 1] step 801/2000  terminated=False  truncated=False
[scripted_policy] EXIT  phase=2 (p2)
  target  (sem): index=[+0.800, +0.600, +1.500, +1.800]  middle=[+0.000, +0.000, +0.800, +0.800]  ring=[+1.300, +1.200, +1.500, +1.800]  thumb=[+0.200, +0.700, +0.900, +2.000]
  current (sem): index=[+0.711, +0.569, +1.508, +1.803]  middle=[+0.037, +0.214, +0.795, +0.823]  ring=[+0.969, +1.200, +1.500, +1.800]  thumb=[+0.219, +0.692, +0.914, +1.881]
  err     (sem): index=[+0.089, +0.031, -0.008, -0.003]  middle=[-0.037, -0.214, +0.005, -0.023]  ring=[+0.331, +0.000, +0.000, +0.000]  thumb=[-0.019, +0.008, -0.014, +0.119]
[scripted_policy] ENTER phase=3 (p3)
  target  (sem): index=[+0.000, +0.600, +1.500, +1.800]  middle=[+0.000, +0.000, +0.800, +0.800]  ring=[+0.200, +1.200, +1.500, +1.800]  thumb=[+0.500, +0.700, +0.900, +2.000]
  current (sem): index=[+0.714, +0.570, +1.508, +1.803]  middle=[+0.036, +0.206, +0.795, +0.822]  ring=[+0.980, +1.200, +1.500, +1.800]  thumb=[+0.219, +0.692, +0.914, +1.881]
  err     (sem): index=[-0.714, +0.030, -0.008, -0.003]  middle=[-0.036, -0.206, +0.005, -0.022]  ring=[-0.780, +0.000, +0.000, +0.000]  thumb=[+0.281, +0.008, -0.014, +0.119]
[scripted_policy] EXIT  phase=3 (p3)
  target  (sem): index=[+0.000, +0.600, +1.500, +1.800]  middle=[+0.000, +0.000, +0.800, +0.800]  ring=[+0.200, +1.200, +1.500, +1.800]  thumb=[+0.500, +0.700, +0.900, +2.000]
  current (sem): index=[+0.173, +0.593, +1.502, +1.801]  middle=[+0.009, +0.050, +0.799, +0.805]  ring=[+0.389, +1.200, +1.500, +1.800]  thumb=[+0.432, +0.698, +0.903, +1.881]
  err     (sem): index=[-0.173, +0.007, -0.002, -0.001]  middle=[-0.009, -0.050, +0.001, -0.005]  ring=[-0.189, +0.000, -0.000, +0.000]  thumb=[+0.068, +0.002, -0.003, +0.119]
[scripted_policy] ENTER phase=4 (p31)
  target  (sem): index=[-0.800, +0.500, +1.500, +1.800]  middle=[+0.000, +0.800, +0.500, +1.600]  ring=[-0.800, +1.200, +1.500, +1.800]  thumb=[+0.500, +0.500, +0.900, +2.000]
  current (sem): index=[+0.167, +0.593, +1.502, +1.801]  middle=[+0.008, +0.048, +0.799, +0.805]  ring=[+0.382, +1.200, +1.500, +1.800]  thumb=[+0.434, +0.698, +0.903, +1.881]
  err     (sem): index=[-0.967, -0.093, -0.002, -0.001]  middle=[-0.008, +0.752, -0.299, +0.795]  ring=[-1.182, +0.000, -0.000, +0.000]  thumb=[+0.066, -0.198, -0.003, +0.119]
[scripted_policy] EXIT  phase=4 (p31)
  target  (sem): index=[-0.800, +0.500, +1.500, +1.800]  middle=[+0.000, +0.800, +0.500, +1.600]  ring=[-0.800, +1.200, +1.500, +1.800]  thumb=[+0.500, +0.500, +0.900, +2.000]
  current (sem): index=[-0.102, +0.567, +1.501, +1.800]  middle=[+0.006, +0.257, +0.716, +1.027]  ring=[+0.053, +1.200, +1.500, +1.800]  thumb=[+0.453, +0.643, +0.902, +1.881]
  err     (sem): index=[-0.698, -0.067, -0.001, -0.000]  middle=[-0.006, +0.543, -0.216, +0.573]  ring=[-0.853, +0.000, -0.000, +0.000]  thumb=[+0.047, -0.143, -0.002, +0.119]
[scripted_policy] ENTER phase=5 (p4)
  target  (sem): index=[+0.000, +0.500, +1.500, +1.800]  middle=[+0.000, +0.800, +0.500, +1.600]  ring=[-0.800, +1.200, +1.500, +1.800]  thumb=[+0.700, +0.150, +1.750, +1.500]
  current (sem): index=[-0.127, +0.565, +1.501, +1.800]  middle=[+0.006, +0.277, +0.708, +1.047]  ring=[+0.022, +1.200, +1.500, +1.800]  thumb=[+0.454, +0.638, +0.902, +1.881]
  err     (sem): index=[+0.127, -0.065, -0.001, -0.000]  middle=[-0.006, +0.523, -0.208, +0.553]  ring=[-0.822, +0.000, -0.000, +0.000]  thumb=[+0.246, -0.488, +0.848, -0.381]
[scripted_policy] EXIT  phase=5 (p4)
  target  (sem): index=[+0.000, +0.500, +1.500, +1.800]  middle=[+0.000, +0.800, +0.500, +1.600]  ring=[-0.800, +1.200, +1.500, +1.800]  thumb=[+0.700, +0.150, +1.750, +1.500]
  current (sem): index=[-0.041, +0.457, +1.540, +1.882]  middle=[+0.001, +0.673, +0.550, +1.466]  ring=[-0.601, +1.200, +1.500, +1.800]  thumb=[+0.594, +0.476, +1.291, +1.491]
  err     (sem): index=[+0.041, +0.043, -0.040, -0.082]  middle=[-0.001, +0.127, -0.050, +0.134]  ring=[-0.199, -0.000, -0.000, +0.000]  thumb=[+0.106, -0.326, +0.459, +0.009]
[scripted_policy] ENTER phase=6 (phase6)
  target  (sem): index=[+0.000, +0.500, +1.500, +1.800]  middle=[+0.000, +0.800, +0.500, +0.800]  ring=[-0.800, +1.200, +1.500, +1.800]  thumb=[+0.500, +0.700, +0.900, +2.000]
  current (sem): index=[-0.040, +0.455, +1.541, +1.884]  middle=[+0.001, +0.678, +0.549, +1.471]  ring=[-0.608, +1.200, +1.500, +1.800]  thumb=[+0.596, +0.475, +1.295, +1.486]
  err     (sem): index=[+0.040, +0.045, -0.041, -0.084]  middle=[-0.001, +0.122, -0.049, -0.671]  ring=[-0.192, -0.000, -0.000, +0.000]  thumb=[-0.096, +0.225, -0.395, +0.514]
  [ep 0/1, attempt 1] step 901/2000  terminated=False  truncated=False
[scripted_policy] EXIT  phase=6 (phase6)
  target  (sem): index=[+0.000, +0.500, +1.500, +1.800]  middle=[+0.000, +0.800, +0.500, +0.800]  ring=[-0.800, +1.200, +1.500, +1.800]  thumb=[+0.500, +0.700, +0.900, +2.000]
  current (sem): index=[-0.029, +0.467, +1.529, +1.861]  middle=[+0.001, +0.712, +0.535, +1.284]  ring=[-0.662, +1.200, +1.500, +1.800]  thumb=[+0.570, +0.538, +1.182, +1.624]
  err     (sem): index=[+0.029, +0.033, -0.029, -0.061]  middle=[-0.001, +0.088, -0.035, -0.484]  ring=[-0.138, -0.000, -0.000, +0.000]  thumb=[-0.070, +0.162, -0.282, +0.376]
[scripted_policy] ENTER phase=0 (GRASP)
  target  (sem): index=[+0.000, +0.600, +1.500, +1.800]  middle=[+0.000, +0.800, +0.800, +0.800]  ring=[+0.000, +1.200, +1.500, +1.800]  thumb=[+0.200, +0.700, +0.900, +2.000]
  current (sem): index=[-0.028, +0.468, +1.528, +1.859]  middle=[+0.001, +0.715, +0.534, +1.267]  ring=[-0.667, +1.200, +1.500, +1.800]  thumb=[+0.567, +0.544, +1.172, +1.637]
  err     (sem): index=[+0.028, +0.132, -0.028, -0.059]  middle=[-0.001, +0.085, +0.266, -0.467]  ring=[+0.667, -0.000, -0.000, +0.000]  thumb=[-0.367, +0.156, -0.272, +0.363]
[scripted_policy] EXIT  phase=0 (GRASP)
  target  (sem): index=[+0.000, +0.600, +1.500, +1.800]  middle=[+0.000, +0.800, +0.800, +0.800]  ring=[+0.000, +1.200, +1.500, +1.800]  thumb=[+0.200, +0.700, +0.900, +2.000]
  current (sem): index=[-0.027, +0.473, +1.527, +1.856]  middle=[+0.001, +0.718, +0.543, +1.250]  ring=[-0.644, +1.200, +1.500, +1.800]  thumb=[+0.555, +0.549, +1.162, +1.650]
  err     (sem): index=[+0.027, +0.127, -0.027, -0.056]  middle=[-0.001, +0.082, +0.257, -0.450]  ring=[+0.644, -0.000, -0.000, +0.000]  thumb=[-0.355, +0.151, -0.262, +0.350]
[scripted_policy] ENTER phase=1 (p1)
  target  (sem): index=[+0.800, +0.600, +1.500, +1.800]  middle=[+0.000, +0.800, +0.800, +0.800]  ring=[+0.100, +1.200, +1.500, +1.800]  thumb=[+0.200, +0.700, +0.900, +2.000]
  current (sem): index=[-0.026, +0.477, +1.526, +1.854]  middle=[+0.001, +0.721, +0.552, +1.234]  ring=[-0.620, +1.200, +1.500, +1.800]  thumb=[+0.542, +0.555, +1.153, +1.662]
  err     (sem): index=[+0.826, +0.123, -0.026, -0.054]  middle=[-0.001, +0.079, +0.248, -0.434]  ring=[+0.720, -0.000, -0.000, +0.000]  thumb=[-0.342, +0.145, -0.253, +0.338]
[scripted_policy] EXIT  phase=1 (p1)
  target  (sem): index=[+0.800, +0.600, +1.500, +1.800]  middle=[+0.000, +0.800, +0.800, +0.800]  ring=[+0.100, +1.200, +1.500, +1.800]  thumb=[+0.200, +0.700, +0.900, +2.000]
  current (sem): index=[+0.509, +0.563, +1.537, +1.813]  middle=[+0.084, +0.788, +0.748, +0.905]  ring=[-0.074, +1.200, +1.500, +1.800]  thumb=[+0.283, +0.665, +0.961, +1.881]
  err     (sem): index=[+0.291, +0.037, -0.037, -0.013]  middle=[-0.084, +0.012, +0.052, -0.105]  ring=[+0.174, +0.000, +0.000, +0.000]  thumb=[-0.083, +0.035, -0.061, +0.119]
[scripted_policy] ENTER phase=2 (p2)
  target  (sem): index=[+0.800, +0.600, +1.500, +1.800]  middle=[+0.000, +0.000, +0.800, +0.800]  ring=[+1.300, +1.200, +1.500, +1.800]  thumb=[+0.200, +0.700, +0.900, +2.000]
  current (sem): index=[+0.513, +0.564, +1.539, +1.813]  middle=[+0.087, +0.789, +0.750, +0.902]  ring=[-0.068, +1.200, +1.500, +1.800]  thumb=[+0.280, +0.666, +0.959, +1.881]
  err     (sem): index=[+0.287, +0.036, -0.039, -0.013]  middle=[-0.087, -0.789, +0.050, -0.102]  ring=[+1.368, +0.000, +0.000, +0.000]  thumb=[-0.080, +0.034, -0.059, +0.119]
[scripted_policy] EXIT  phase=2 (p2)
  target  (sem): index=[+0.800, +0.600, +1.500, +1.800]  middle=[+0.000, +0.000, +0.800, +0.800]  ring=[+1.300, +1.200, +1.500, +1.800]  thumb=[+0.200, +0.700, +0.900, +2.000]
  current (sem): index=[+0.711, +0.569, +1.508, +1.803]  middle=[+0.037, +0.214, +0.795, +0.823]  ring=[+0.969, +1.200, +1.500, +1.800]  thumb=[+0.219, +0.692, +0.914, +1.881]
  err     (sem): index=[+0.089, +0.031, -0.008, -0.003]  middle=[-0.037, -0.214, +0.005, -0.023]  ring=[+0.331, +0.000, +0.000, +0.000]  thumb=[-0.019, +0.008, -0.014, +0.119]
[scripted_policy] ENTER phase=3 (p3)
  target  (sem): index=[+0.000, +0.600, +1.500, +1.800]  middle=[+0.000, +0.000, +0.800, +0.800]  ring=[+0.200, +1.200, +1.500, +1.800]  thumb=[+0.500, +0.700, +0.900, +2.000]
  current (sem): index=[+0.714, +0.570, +1.508, +1.803]  middle=[+0.036, +0.206, +0.795, +0.822]  ring=[+0.980, +1.200, +1.500, +1.800]  thumb=[+0.219, +0.692, +0.914, +1.881]
  err     (sem): index=[-0.714, +0.030, -0.008, -0.003]  middle=[-0.036, -0.206, +0.005, -0.022]  ring=[-0.780, +0.000, +0.000, +0.000]  thumb=[+0.281, +0.008, -0.014, +0.119]
  [ep 0/1, attempt 1] step 1001/2000  terminated=False  truncated=False
[scripted_policy] EXIT  phase=3 (p3)
  target  (sem): index=[+0.000, +0.600, +1.500, +1.800]  middle=[+0.000, +0.000, +0.800, +0.800]  ring=[+0.200, +1.200, +1.500, +1.800]  thumb=[+0.500, +0.700, +0.900, +2.000]
  current (sem): index=[+0.173, +0.593, +1.502, +1.801]  middle=[+0.009, +0.050, +0.799, +0.805]  ring=[+0.389, +1.200, +1.500, +1.800]  thumb=[+0.432, +0.698, +0.903, +1.881]
  err     (sem): index=[-0.173, +0.007, -0.002, -0.001]  middle=[-0.009, -0.050, +0.001, -0.005]  ring=[-0.189, +0.000, -0.000, +0.000]  thumb=[+0.068, +0.002, -0.003, +0.119]
[scripted_policy] ENTER phase=4 (p31)
  target  (sem): index=[-0.800, +0.500, +1.500, +1.800]  middle=[+0.000, +0.800, +0.500, +1.600]  ring=[-0.800, +1.200, +1.500, +1.800]  thumb=[+0.500, +0.500, +0.900, +2.000]
  current (sem): index=[+0.167, +0.593, +1.502, +1.801]  middle=[+0.008, +0.048, +0.799, +0.805]  ring=[+0.382, +1.200, +1.500, +1.800]  thumb=[+0.434, +0.698, +0.903, +1.881]
  err     (sem): index=[-0.967, -0.093, -0.002, -0.001]  middle=[-0.008, +0.752, -0.299, +0.795]  ring=[-1.182, +0.000, -0.000, +0.000]  thumb=[+0.066, -0.198, -0.003, +0.119]
[scripted_policy] EXIT  phase=4 (p31)
  target  (sem): index=[-0.800, +0.500, +1.500, +1.800]  middle=[+0.000, +0.800, +0.500, +1.600]  ring=[-0.800, +1.200, +1.500, +1.800]  thumb=[+0.500, +0.500, +0.900, +2.000]
  current (sem): index=[-0.102, +0.567, +1.501, +1.800]  middle=[+0.006, +0.257, +0.716, +1.027]  ring=[+0.053, +1.200, +1.500, +1.800]  thumb=[+0.453, +0.643, +0.902, +1.881]
  err     (sem): index=[-0.698, -0.067, -0.001, -0.000]  middle=[-0.006, +0.543, -0.216, +0.573]  ring=[-0.853, +0.000, -0.000, +0.000]  thumb=[+0.047, -0.143, -0.002, +0.119]
[scripted_policy] ENTER phase=5 (p4)
  target  (sem): index=[+0.000, +0.500, +1.500, +1.800]  middle=[+0.000, +0.800, +0.500, +1.600]  ring=[-0.800, +1.200, +1.500, +1.800]  thumb=[+0.700, +0.150, +1.750, +1.500]
  current (sem): index=[-0.127, +0.565, +1.501, +1.800]  middle=[+0.006, +0.277, +0.708, +1.047]  ring=[+0.022, +1.200, +1.500, +1.800]  thumb=[+0.454, +0.638, +0.902, +1.881]
  err     (sem): index=[+0.127, -0.065, -0.001, -0.000]  middle=[-0.006, +0.523, -0.208, +0.553]  ring=[-0.822, +0.000, -0.000, +0.000]  thumb=[+0.246, -0.488, +0.848, -0.381]
[scripted_policy] EXIT  phase=5 (p4)
  target  (sem): index=[+0.000, +0.500, +1.500, +1.800]  middle=[+0.000, +0.800, +0.500, +1.600]  ring=[-0.800, +1.200, +1.500, +1.800]  thumb=[+0.700, +0.150, +1.750, +1.500]
  current (sem): index=[-0.041, +0.457, +1.540, +1.882]  middle=[+0.001, +0.673, +0.550, +1.466]  ring=[-0.601, +1.200, +1.500, +1.800]  thumb=[+0.594, +0.476, +1.291, +1.491]
  err     (sem): index=[+0.041, +0.043, -0.040, -0.082]  middle=[-0.001, +0.127, -0.050, +0.134]  ring=[-0.199, -0.000, -0.000, +0.000]  thumb=[+0.106, -0.326, +0.459, +0.009]
[scripted_policy] ENTER phase=6 (phase6)
  target  (sem): index=[+0.000, +0.500, +1.500, +1.800]  middle=[+0.000, +0.800, +0.500, +0.800]  ring=[-0.800, +1.200, +1.500, +1.800]  thumb=[+0.500, +0.700, +0.900, +2.000]
  current (sem): index=[-0.040, +0.455, +1.541, +1.884]  middle=[+0.001, +0.678, +0.549, +1.471]  ring=[-0.608, +1.200, +1.500, +1.800]  thumb=[+0.596, +0.475, +1.295, +1.486]
  err     (sem): index=[+0.040, +0.045, -0.041, -0.084]  middle=[-0.001, +0.122, -0.049, -0.671]  ring=[-0.192, -0.000, -0.000, +0.000]  thumb=[-0.096, +0.225, -0.395, +0.514]
[scripted_policy] EXIT  phase=6 (phase6)
  target  (sem): index=[+0.000, +0.500, +1.500, +1.800]  middle=[+0.000, +0.800, +0.500, +0.800]  ring=[-0.800, +1.200, +1.500, +1.800]  thumb=[+0.500, +0.700, +0.900, +2.000]
  current (sem): index=[-0.029, +0.467, +1.529, +1.861]  middle=[+0.001, +0.712, +0.535, +1.284]  ring=[-0.662, +1.200, +1.500, +1.800]  thumb=[+0.570, +0.538, +1.182, +1.624]
  err     (sem): index=[+0.029, +0.033, -0.029, -0.061]  middle=[-0.001, +0.088, -0.035, -0.484]  ring=[-0.138, -0.000, -0.000, +0.000]  thumb=[-0.070, +0.162, -0.282, +0.376]
[scripted_policy] ENTER phase=0 (GRASP)
  target  (sem): index=[+0.000, +0.600, +1.500, +1.800]  middle=[+0.000, +0.800, +0.800, +0.800]  ring=[+0.000, +1.200, +1.500, +1.800]  thumb=[+0.200, +0.700, +0.900, +2.000]
  current (sem): index=[-0.028, +0.468, +1.528, +1.859]  middle=[+0.001, +0.715, +0.534, +1.267]  ring=[-0.667, +1.200, +1.500, +1.800]  thumb=[+0.567, +0.544, +1.172, +1.637]
  err     (sem): index=[+0.028, +0.132, -0.028, -0.059]  middle=[-0.001, +0.085, +0.266, -0.467]  ring=[+0.667, -0.000, -0.000, +0.000]  thumb=[-0.367, +0.156, -0.272, +0.363]
[scripted_policy] EXIT  phase=0 (GRASP)
  target  (sem): index=[+0.000, +0.600, +1.500, +1.800]  middle=[+0.000, +0.800, +0.800, +0.800]  ring=[+0.000, +1.200, +1.500, +1.800]  thumb=[+0.200, +0.700, +0.900, +2.000]
  current (sem): index=[-0.027, +0.473, +1.527, +1.856]  middle=[+0.001, +0.718, +0.543, +1.250]  ring=[-0.644, +1.200, +1.500, +1.800]  thumb=[+0.555, +0.549, +1.162, +1.650]
  err     (sem): index=[+0.027, +0.127, -0.027, -0.056]  middle=[-0.001, +0.082, +0.257, -0.450]  ring=[+0.644, -0.000, -0.000, +0.000]  thumb=[-0.355, +0.151, -0.262, +0.350]
[scripted_policy] ENTER phase=1 (p1)
  target  (sem): index=[+0.800, +0.600, +1.500, +1.800]  middle=[+0.000, +0.800, +0.800, +0.800]  ring=[+0.100, +1.200, +1.500, +1.800]  thumb=[+0.200, +0.700, +0.900, +2.000]
  current (sem): index=[-0.026, +0.477, +1.526, +1.854]  middle=[+0.001, +0.721, +0.552, +1.234]  ring=[-0.620, +1.200, +1.500, +1.800]  thumb=[+0.542, +0.555, +1.153, +1.662]
  err     (sem): index=[+0.826, +0.123, -0.026, -0.054]  middle=[-0.001, +0.079, +0.248, -0.434]  ring=[+0.720, -0.000, -0.000, +0.000]  thumb=[-0.342, +0.145, -0.253, +0.338]
  [ep 0/1, attempt 1] step 1101/2000  terminated=False  truncated=False
[scripted_policy] EXIT  phase=1 (p1)
  target  (sem): index=[+0.800, +0.600, +1.500, +1.800]  middle=[+0.000, +0.800, +0.800, +0.800]  ring=[+0.100, +1.200, +1.500, +1.800]  thumb=[+0.200, +0.700, +0.900, +2.000]
  current (sem): index=[+0.509, +0.563, +1.537, +1.813]  middle=[+0.084, +0.788, +0.748, +0.905]  ring=[-0.074, +1.200, +1.500, +1.800]  thumb=[+0.283, +0.665, +0.961, +1.881]
  err     (sem): index=[+0.291, +0.037, -0.037, -0.013]  middle=[-0.084, +0.012, +0.052, -0.105]  ring=[+0.174, +0.000, +0.000, +0.000]  thumb=[-0.083, +0.035, -0.061, +0.119]
[scripted_policy] ENTER phase=2 (p2)
  target  (sem): index=[+0.800, +0.600, +1.500, +1.800]  middle=[+0.000, +0.000, +0.800, +0.800]  ring=[+1.300, +1.200, +1.500, +1.800]  thumb=[+0.200, +0.700, +0.900, +2.000]
  current (sem): index=[+0.513, +0.564, +1.539, +1.813]  middle=[+0.087, +0.789, +0.750, +0.902]  ring=[-0.068, +1.200, +1.500, +1.800]  thumb=[+0.280, +0.666, +0.959, +1.881]
  err     (sem): index=[+0.287, +0.036, -0.039, -0.013]  middle=[-0.087, -0.789, +0.050, -0.102]  ring=[+1.368, +0.000, +0.000, +0.000]  thumb=[-0.080, +0.034, -0.059, +0.119]
  [ep 0/1, attempt 1] step 1151/2000  terminated=True  truncated=False
[scripted_policy] EXIT  phase=2 (p2)
  target  (sem): index=[+0.800, +0.600, +1.500, +1.800]  middle=[+0.000, +0.000, +0.800, +0.800]  ring=[+1.300, +1.200, +1.500, +1.800]  thumb=[+0.200, +0.700, +0.900, +2.000]
  current (sem): index=[+0.711, +0.569, +1.508, +1.803]  middle=[+0.037, +0.214, +0.795, +0.823]  ring=[+0.969, +1.200, +1.500, +1.800]  thumb=[+0.219, +0.692, +0.914, +1.881]
  err     (sem): index=[+0.089, +0.031, -0.008, -0.003]  middle=[-0.037, -0.214, +0.005, -0.023]  ring=[+0.331, +0.000, +0.000, +0.000]  thumb=[-0.019, +0.008, -0.014, +0.119]
[scripted_policy] ENTER phase=3 (p3)
  target  (sem): index=[+0.000, +0.600, +1.500, +1.800]  middle=[+0.000, +0.000, +0.800, +0.800]  ring=[+0.200, +1.200, +1.500, +1.800]  thumb=[+0.500, +0.700, +0.900, +2.000]
  current (sem): index=[+0.714, +0.570, +1.508, +1.803]  middle=[+0.036, +0.206, +0.795, +0.822]  ring=[+0.980, +1.200, +1.500, +1.800]  thumb=[+0.219, +0.692, +0.914, +1.881]
  err     (sem): index=[-0.714, +0.030, -0.008, -0.003]  middle=[-0.036, -0.206, +0.005, -0.022]  ring=[-0.780, +0.000, +0.000, +0.000]  thumb=[+0.281, +0.008, -0.014, +0.119]
  [ep 0, attempt 1] Success at step 1151, collected 30 extra steps.
  [Success Rate] overall: 100.0% (1/1) | moving avg (last 1): 100.0%
[ManiLadder Camera] stop_recording target=/data/gck/maniladder/site/generated_demos/FitnessBall-v1/videos/orbit_camera_ep0.mp4
[38;5;159m[Genesis] [18:28:55] [INFO] Saving video to [38;5;121m"/data/gck/maniladder/site/generated_demos/FitnessBall-v1/videos/orbit_camera_ep0.mp4"[0m[38;5;159m...[0m
[38;5;159m[Genesis] [18:28:59] [INFO] Video saved.[0m
  Saved video: /data/gck/maniladder/site/generated_demos/FitnessBall-v1/videos/orbit_camera_ep0.mp4 exists=True
  Videos for episode 0 saved to /data/gck/maniladder/site/generated_demos/FitnessBall-v1/videos

============================================================
Done. 1 demo trajectories saved to /data/gck/maniladder/site/generated_demos
Final   [Success Rate] overall: 100.0% (1/1) | moving avg (last 1): 100.0%
============================================================
[38;5;159m[Genesis] [18:29:00] [INFO] 💤 Exiting Genesis and caching compiled kernels...[0m
