[38;5;159m[Genesis] [17:28:25] [INFO] [38;5;121m╭───────────────────────────────────────────────╮[0m[38;5;159m[0m
[38;5;159m[Genesis] [17:28:25] [INFO] [38;5;121m│┈┉┈┉┈┉┈┉┈┉┈┉┈┉┈┉┈┉┈[0m[38;5;159m [38;5;121m[1m[3mGenesis[0m[38;5;159m [38;5;121m┈┉┈┉┈┉┈┉┈┉┈┉┈┉┈┉┈┉┈│[0m[38;5;159m[0m
[38;5;159m[Genesis] [17:28:25] [INFO] [38;5;121m╰───────────────────────────────────────────────╯[0m[38;5;159m[0m
[38;5;159m[Genesis] [17:28:26] [INFO] Running on [38;5;121m[4m[NVIDIA A100-SXM4-80GB][0m[38;5;159m with backend [38;5;121m[4mgs.cuda[0m[38;5;159m. Device memory: [38;5;121m[4m79.25[0m[38;5;159m GB.[0m
[38;5;159m[Genesis] [17:28:26] [INFO] 🚀 Genesis initialized. 🔖 version: [38;5;121m[4m0.3.6[0m[38;5;159m, 🎨 theme: [38;5;121m[4mdark[0m[38;5;159m, 🌱 seed: [38;5;121m[4mNone[0m[38;5;159m, 🐛 debug: [38;5;121m[4mFalse[0m[38;5;159m, 📏 precision: [38;5;121m[4m32[0m[38;5;159m, 🏎️ performance: [38;5;121m[4mFalse[0m[38;5;159m, 💬 verbose: [38;5;121m[4mINFO[0m[38;5;159m[0m
[38;5;159m[Genesis] [17:28:28] [INFO] Scene [38;5;121m[3m<80b8f22>[0m[38;5;159m created.[0m
[38;5;159m[Genesis] [17:28:28] [INFO] Adding [38;5;121m<gs.RigidEntity>[0m[38;5;159m. idx: [38;5;121m0[0m[38;5;159m, uid: [38;5;121m[3m<78e1ec3>[0m[38;5;159m, morph: [38;5;121m<gs.morphs.MJCF(file='/data/gck/maniladder/maniladder/assets/xml/franka_emika_panda/panda.xml')>[0m[38;5;159m, material: [38;5;121m<gs.materials.Rigid>[0m[38;5;159m.[0m
[38;5;226m[Genesis] [17:28:28] [WARNING] (MJCF) Approximating tendon by joint actuator for `finger_joint1`[0m
[38;5;226m[Genesis] [17:28:28] [WARNING] (MJCF) Actuator control gain and bias parameters cannot be reduced to a unique PD control position gain. Using max between gain and bias for joint `finger_joint1`.[0m
[38;5;226m[Genesis] [17:28:28] [WARNING] (MJCF) Approximating tendon by joint actuator for `finger_joint2`[0m
[38;5;226m[Genesis] [17:28:28] [WARNING] (MJCF) Actuator control gain and bias parameters cannot be reduced to a unique PD control position gain. Using max between gain and bias for joint `finger_joint2`.[0m
[38;5;159m[Genesis] [17:28:28] [INFO] Applying offset to base link's pose with user provided value in morph.[0m
[38;5;159m[Genesis] [17:28:29] [INFO] Adding [38;5;121m<gs.RigidEntity>[0m[38;5;159m. idx: [38;5;121m1[0m[38;5;159m, uid: [38;5;121m[3m<0ca439f>[0m[38;5;159m, morph: [38;5;121m<gs.morphs.Mesh(file='/data/gck/maniladder/maniladder/assets/models/table.glb')>[0m[38;5;159m, material: [38;5;121m<gs.materials.Rigid>[0m[38;5;159m.[0m
[38;5;226m[Genesis] [17:28:29] [WARNING] GLTF is using y-up while Genesis uses z-up. Please set parse_glb_with_zup=True in morph options if you find the mesh is 90-degree rotated. We will set parse_glb_with_zup=True and rotate glb mesh by default later and gradually enforce this option.[0m
/data/gck/miniconda3/envs/maniladder/lib/python3.10/site-packages/pygltflib/__init__.py:830: UserWarning: pygltflib currently does not remove image data from the buffer when converting to data uri.Please open an issue at https://gitlab.com/dodgyville/pygltflib/issues
  warnings.warn("pygltflib currently does not remove image data "
[38;5;159m[Genesis] [17:28:29] [INFO] Adding [38;5;121m<gs.RigidEntity>[0m[38;5;159m. idx: [38;5;121m2[0m[38;5;159m, uid: [38;5;121m[3m<7b36149>[0m[38;5;159m, morph: [38;5;121m<gs.morphs.Box>[0m[38;5;159m, material: [38;5;121m<gs.materials.Rigid>[0m[38;5;159m.[0m
[38;5;159m[Genesis] [17:28:29] [INFO] Adding [38;5;121m<gs.RigidEntity>[0m[38;5;159m. idx: [38;5;121m3[0m[38;5;159m, uid: [38;5;121m[3m<9ac3232>[0m[38;5;159m, morph: [38;5;121m<gs.morphs.Plane>[0m[38;5;159m, material: [38;5;121m<gs.materials.Rigid>[0m[38;5;159m.[0m
[38;5;159m[Genesis] [17:28:29] [INFO] Adding [38;5;121m<gs.RigidEntity>[0m[38;5;159m. idx: [38;5;121m4[0m[38;5;159m, uid: [38;5;121m[3m<3989ba3>[0m[38;5;159m, morph: [38;5;121m<gs.morphs.Box>[0m[38;5;159m, material: [38;5;121m<gs.materials.Rigid>[0m[38;5;159m.[0m
[38;5;159m[Genesis] [17:28:29] [INFO] Adding [38;5;121m<gs.RigidEntity>[0m[38;5;159m. idx: [38;5;121m5[0m[38;5;159m, uid: [38;5;121m[3m<4448d8f>[0m[38;5;159m, morph: [38;5;121m<gs.morphs.Box>[0m[38;5;159m, material: [38;5;121m<gs.materials.Rigid>[0m[38;5;159m.[0m
[38;5;159m[Genesis] [17:28:29] [INFO] Adding [38;5;121m<gs.RigidEntity>[0m[38;5;159m. idx: [38;5;121m6[0m[38;5;159m, uid: [38;5;121m[3m<ba077d1>[0m[38;5;159m, morph: [38;5;121m<gs.morphs.Box>[0m[38;5;159m, material: [38;5;121m<gs.materials.Rigid>[0m[38;5;159m.[0m
[38;5;159m[Genesis] [17:28:29] [INFO] Adding [38;5;121m<gs.RigidEntity>[0m[38;5;159m. idx: [38;5;121m7[0m[38;5;159m, uid: [38;5;121m[3m<af7edb3>[0m[38;5;159m, morph: [38;5;121m<gs.morphs.Mesh(file='/data/gck/maniladder/maniladder/assets/models/kit_tray/kit_tray2_front.obj')>[0m[38;5;159m, material: [38;5;121m<gs.materials.Rigid>[0m[38;5;159m.[0m
[38;5;159m[Genesis] [17:28:29] [INFO] Convex hull is not accurate enough for collision detection (0.219). Falling back to more expensive convex decomposition (see FileMorph options).[0m
[38;5;159m[Genesis] [17:28:29] [INFO] Running convex decomposition.[0m
[2026-06-16 17:28:29.629] [CoACD] [info] threshold               0.1
[2026-06-16 17:28:29.630] [CoACD] [info] max # convex hull       -1
[2026-06-16 17:28:29.630] [CoACD] [info] preprocess mode         auto
[2026-06-16 17:28:29.630] [CoACD] [info] preprocess resolution   30
[2026-06-16 17:28:29.630] [CoACD] [info] pca                     false
[2026-06-16 17:28:29.630] [CoACD] [info] mcts max depth          3
[2026-06-16 17:28:29.630] [CoACD] [info] mcts nodes              20
[2026-06-16 17:28:29.630] [CoACD] [info] mcts iterations         100
[2026-06-16 17:28:29.630] [CoACD] [info] merge                   true
[2026-06-16 17:28:29.630] [CoACD] [info] decimate                false
[2026-06-16 17:28:29.631] [CoACD] [info] max_ch_vertex           256
[2026-06-16 17:28:29.631] [CoACD] [info] extrude                 false
[2026-06-16 17:28:29.631] [CoACD] [info] extrude margin          0.1
[2026-06-16 17:28:29.631] [CoACD] [info] approximate mode        ch
[2026-06-16 17:28:29.631] [CoACD] [info] seed                    0
[2026-06-16 17:28:29.631] [CoACD] [info]  - Manifold Check
[2026-06-16 17:28:29.631] [CoACD] [info] [1/3] Edge check finish
[2026-06-16 17:28:29.632] [CoACD] [info] [2/3] Self-intersection check finish
[2026-06-16 17:28:29.632] [CoACD] [info] [3/3] Triangle orientation check finish. Reversed: false
[2026-06-16 17:28:29.632] [CoACD] [info] Manifold Check Time: 0.001199s
[2026-06-16 17:28:29.632] [CoACD] [info] Mesh Manifoldness: true
[2026-06-16 17:28:29.633] [CoACD] [info] # Points: 56
[2026-06-16 17:28:29.633] [CoACD] [info] # Triangles: 108
[2026-06-16 17:28:29.633] [CoACD] [info]  - Decomposition (MCTS)
[2026-06-16 17:28:29.633] [CoACD] [info] iter 0 ---- waiting pool: 1
[2026-06-16 17:28:29.636] [CoACD] [info] Processing [0.0%]
[2026-06-16 17:28:29.900] [CoACD] [info] Processing [100.0%]
[2026-06-16 17:28:29.900] [CoACD] [info] iter 1 ---- waiting pool: 2
[2026-06-16 17:28:29.900] [CoACD] [info] Processing [0.0%]
[2026-06-16 17:28:29.900] [CoACD] [info] Processing [50.0%]
[2026-06-16 17:28:30.233] [CoACD] [info] Processing [100.0%]
[2026-06-16 17:28:30.234] [CoACD] [info] iter 2 ---- waiting pool: 2
[2026-06-16 17:28:30.234] [CoACD] [info] Processing [0.0%]
[2026-06-16 17:28:30.234] [CoACD] [info] Processing [50.0%]
[2026-06-16 17:28:30.510] [CoACD] [info] Processing [100.0%]
[2026-06-16 17:28:30.510] [CoACD] [info] iter 3 ---- waiting pool: 4
[2026-06-16 17:28:30.510] [CoACD] [info] Processing [25.0%]
[2026-06-16 17:28:30.510] [CoACD] [info] Processing [0.0%]
[2026-06-16 17:28:30.510] [CoACD] [info] Processing [75.0%]
[2026-06-16 17:28:30.510] [CoACD] [info] Processing [50.0%]
[2026-06-16 17:28:30.762] [CoACD] [info] Processing [100.0%]
[2026-06-16 17:28:30.762] [CoACD] [info] iter 4 ---- waiting pool: 8
[2026-06-16 17:28:30.762] [CoACD] [info] Processing [25.0%]
[2026-06-16 17:28:30.762] [CoACD] [info] Processing [62.5%]
[2026-06-16 17:28:30.762] [CoACD] [info] Processing [12.5%]
[2026-06-16 17:28:30.762] [CoACD] [info] Processing [0.0%]
[2026-06-16 17:28:30.762] [CoACD] [info] Processing [37.5%]
[2026-06-16 17:28:30.762] [CoACD] [info] Processing [75.0%]
[2026-06-16 17:28:30.762] [CoACD] [info] Processing [87.5%]
[2026-06-16 17:28:30.762] [CoACD] [info] Processing [50.0%]
[2026-06-16 17:28:30.974] [CoACD] [info] Processing [100.0%]
[2026-06-16 17:28:30.974] [CoACD] [info] iter 5 ---- waiting pool: 12
[2026-06-16 17:28:30.974] [CoACD] [info] Processing [0.0%]
[2026-06-16 17:28:30.974] [CoACD] [info] Processing [16.7%]
[2026-06-16 17:28:30.974] [CoACD] [info] Processing [33.3%]
[2026-06-16 17:28:30.974] [CoACD] [info] Processing [50.0%]
[2026-06-16 17:28:30.974] [CoACD] [info] Processing [66.7%]
[2026-06-16 17:28:30.974] [CoACD] [info] Processing [83.3%]
[2026-06-16 17:28:30.993] [CoACD] [info] Processing [100.0%]
[2026-06-16 17:28:30.993] [CoACD] [info]  - Merge Convex Hulls
[2026-06-16 17:28:31.378] [CoACD] [info] Compute Time: 1.7451141448691487s
[2026-06-16 17:28:31.378] [CoACD] [info] # Convex Hulls: 12
[38;5;159m[Genesis] [17:28:31] [INFO] Preprocessing geom idx [38;5;121m[4m25[0m[38;5;159m.[0m
[38;5;159m[Genesis] [17:28:31] [INFO] Preprocessing geom idx [38;5;121m[4m26[0m[38;5;159m.[0m
[38;5;159m[Genesis] [17:28:32] [INFO] Preprocessing geom idx [38;5;121m[4m27[0m[38;5;159m.[0m
[38;5;159m[Genesis] [17:28:32] [INFO] Preprocessing geom idx [38;5;121m[4m28[0m[38;5;159m.[0m
[38;5;159m[Genesis] [17:28:32] [INFO] Preprocessing geom idx [38;5;121m[4m29[0m[38;5;159m.[0m
[38;5;159m[Genesis] [17:28:32] [INFO] Preprocessing geom idx [38;5;121m[4m30[0m[38;5;159m.[0m
[38;5;159m[Genesis] [17:28:32] [INFO] Preprocessing geom idx [38;5;121m[4m31[0m[38;5;159m.[0m
[38;5;159m[Genesis] [17:28:32] [INFO] Preprocessing geom idx [38;5;121m[4m32[0m[38;5;159m.[0m
[38;5;159m[Genesis] [17:28:33] [INFO] Preprocessing geom idx [38;5;121m[4m33[0m[38;5;159m.[0m
[38;5;159m[Genesis] [17:28:33] [INFO] Preprocessing geom idx [38;5;121m[4m34[0m[38;5;159m.[0m
[38;5;159m[Genesis] [17:28:33] [INFO] Preprocessing geom idx [38;5;121m[4m35[0m[38;5;159m.[0m
[38;5;159m[Genesis] [17:28:34] [INFO] Preprocessing geom idx [38;5;121m[4m36[0m[38;5;159m.[0m
[38;5;159m[Genesis] [17:28:34] [INFO] Adding [38;5;121m<gs.RigidEntity>[0m[38;5;159m. idx: [38;5;121m8[0m[38;5;159m, uid: [38;5;121m[3m<5e515df>[0m[38;5;159m, morph: [38;5;121m<gs.morphs.Box>[0m[38;5;159m, material: [38;5;121m<gs.materials.Rigid>[0m[38;5;159m.[0m
[38;5;159m[Genesis] [17:28:34] [INFO] Preprocessing geom idx [38;5;121m[4m37[0m[38;5;159m.[0m
[38;5;159m[Genesis] [17:28:35] [INFO] Adding [38;5;121m<gs.RigidEntity>[0m[38;5;159m. idx: [38;5;121m9[0m[38;5;159m, uid: [38;5;121m[3m<f27021a>[0m[38;5;159m, morph: [38;5;121m<gs.morphs.Mesh(file='/data/gck/maniladder/maniladder/assets/models/kits/00_front.obj')>[0m[38;5;159m, material: [38;5;121m<gs.materials.Rigid>[0m[38;5;159m.[0m
[38;5;159m[Genesis] [17:28:35] [INFO] Preprocessing geom idx [38;5;121m[4m38[0m[38;5;159m.[0m
[38;5;159m[Genesis] [17:28:35] [INFO] Adding [38;5;121m<gs.RigidEntity>[0m[38;5;159m. idx: [38;5;121m10[0m[38;5;159m, uid: [38;5;121m[3m<7de802f>[0m[38;5;159m, morph: [38;5;121m<gs.morphs.Mesh(file='/data/gck/maniladder/maniladder/assets/models/kits/02_front.obj')>[0m[38;5;159m, material: [38;5;121m<gs.materials.Rigid>[0m[38;5;159m.[0m
[38;5;159m[Genesis] [17:28:35] [INFO] Convex hull is not accurate enough for collision detection (0.183). Falling back to more expensive convex decomposition (see FileMorph options).[0m
[38;5;159m[Genesis] [17:28:35] [INFO] Running convex decomposition.[0m
[2026-06-16 17:28:35.383] [CoACD] [info] threshold               0.1
[2026-06-16 17:28:35.384] [CoACD] [info] max # convex hull       -1
[2026-06-16 17:28:35.384] [CoACD] [info] preprocess mode         auto
[2026-06-16 17:28:35.384] [CoACD] [info] preprocess resolution   30
[2026-06-16 17:28:35.384] [CoACD] [info] pca                     false
[2026-06-16 17:28:35.384] [CoACD] [info] mcts max depth          3
[2026-06-16 17:28:35.384] [CoACD] [info] mcts nodes              20
[2026-06-16 17:28:35.384] [CoACD] [info] mcts iterations         100
[2026-06-16 17:28:35.384] [CoACD] [info] merge                   true
[2026-06-16 17:28:35.384] [CoACD] [info] decimate                false
[2026-06-16 17:28:35.384] [CoACD] [info] max_ch_vertex           256
[2026-06-16 17:28:35.384] [CoACD] [info] extrude                 false
[2026-06-16 17:28:35.384] [CoACD] [info] extrude margin          0.1
[2026-06-16 17:28:35.384] [CoACD] [info] approximate mode        ch
[2026-06-16 17:28:35.384] [CoACD] [info] seed                    0
[2026-06-16 17:28:35.384] [CoACD] [info]  - Manifold Check
[2026-06-16 17:28:35.384] [CoACD] [info] [1/3] Edge check finish
[2026-06-16 17:28:35.384] [CoACD] [info] [2/3] Self-intersection check finish
[2026-06-16 17:28:35.385] [CoACD] [info] [3/3] Triangle orientation check finish. Reversed: false
[2026-06-16 17:28:35.385] [CoACD] [info] Manifold Check Time: 0.000144s
[2026-06-16 17:28:35.385] [CoACD] [info] Mesh Manifoldness: true
[2026-06-16 17:28:35.385] [CoACD] [info] # Points: 24
[2026-06-16 17:28:35.385] [CoACD] [info] # Triangles: 44
[2026-06-16 17:28:35.385] [CoACD] [info]  - Decomposition (MCTS)
[2026-06-16 17:28:35.385] [CoACD] [info] iter 0 ---- waiting pool: 1
[2026-06-16 17:28:35.385] [CoACD] [info] Processing [0.0%]
[2026-06-16 17:28:35.535] [CoACD] [info] Processing [100.0%]
[2026-06-16 17:28:35.535] [CoACD] [info] iter 1 ---- waiting pool: 2
[2026-06-16 17:28:35.541] [CoACD] [info] Processing [0.0%]
[2026-06-16 17:28:35.541] [CoACD] [info] Processing [50.0%]
[2026-06-16 17:28:35.683] [CoACD] [info] Processing [100.0%]
[2026-06-16 17:28:35.683] [CoACD] [info] iter 2 ---- waiting pool: 2
[2026-06-16 17:28:35.683] [CoACD] [info] Processing [0.0%]
[2026-06-16 17:28:35.683] [CoACD] [info] Processing [50.0%]
[2026-06-16 17:28:35.732] [CoACD] [info] Processing [100.0%]
[2026-06-16 17:28:35.732] [CoACD] [info]  - Merge Convex Hulls
[2026-06-16 17:28:36.004] [CoACD] [info] Compute Time: 0.6192549020051956s
[2026-06-16 17:28:36.004] [CoACD] [info] # Convex Hulls: 3
[38;5;159m[Genesis] [17:28:36] [INFO] Preprocessing geom idx [38;5;121m[4m39[0m[38;5;159m.[0m
[38;5;159m[Genesis] [17:28:36] [INFO] Preprocessing geom idx [38;5;121m[4m40[0m[38;5;159m.[0m
[38;5;159m[Genesis] [17:28:36] [INFO] Preprocessing geom idx [38;5;121m[4m41[0m[38;5;159m.[0m
[38;5;159m[Genesis] [17:28:36] [INFO] Adding [38;5;121m<gs.RigidEntity>[0m[38;5;159m. idx: [38;5;121m11[0m[38;5;159m, uid: [38;5;121m[3m<4bfad5a>[0m[38;5;159m, morph: [38;5;121m<gs.morphs.Mesh(file='/data/gck/maniladder/maniladder/assets/models/kits/05_front.obj')>[0m[38;5;159m, material: [38;5;121m<gs.materials.Rigid>[0m[38;5;159m.[0m
[38;5;159m[Genesis] [17:28:36] [INFO] Preprocessing geom idx [38;5;121m[4m42[0m[38;5;159m.[0m
[38;5;159m[Genesis] [17:28:36] [INFO] Adding [38;5;121m<gs.RigidEntity>[0m[38;5;159m. idx: [38;5;121m12[0m[38;5;159m, uid: [38;5;121m[3m<e6d4276>[0m[38;5;159m, morph: [38;5;121m<gs.morphs.Mesh(file='/data/gck/maniladder/maniladder/assets/models/kits/06_front.obj')>[0m[38;5;159m, material: [38;5;121m<gs.materials.Rigid>[0m[38;5;159m.[0m
[38;5;159m[Genesis] [17:28:36] [INFO] Preprocessing geom idx [38;5;121m[4m43[0m[38;5;159m.[0m
[38;5;159m[Genesis] [17:28:36] [INFO] Building scene [38;5;121m[3m<80b8f22>[0m[38;5;159m...[0m
[W 06/16/26 17:28:36.807 1671914] [kernel_compilation_manager.cpp:KernelCompilationManager@69] Lock /home/gck/.cache/gstaichi/ticache/kernel_compilation_manager/ticache.lock failed. Please run 'ti cache clean -p /home/gck/.cache/gstaichi/ticache/kernel_compilation_manager' and try again.
[38;5;226m[Genesis] [17:28:39] [WARNING] Reference robot position exceeds joint limits.[0m
[38;5;226m[Genesis] [17:28:39] [WARNING] Constraint solver time constant should be greater than 2*substep_dt. timeconst is changed from `0.005` to `0.02`). Decrease simulation timestep or increase timeconst to avoid altering the original value.[0m
[38;5;159m[Genesis] [17:28:49] [INFO] Compiling simulation kernels...[0m
[38;5;159m[Genesis] [17:29:27] [INFO] Building visualizer...[0m
/data/gck/miniconda3/envs/maniladder/lib/python3.10/site-packages/torch/utils/_device.py:109: UserWarning: The given NumPy array is not writable, and PyTorch does not support non-writable tensors. This means writing to this tensor will result in undefined behavior. You may want to copy the array to protect its data or make it writable before converting it to a tensor. This type of warning will be suppressed for the rest of this program. (Triggered internally at /pytorch/torch/csrc/utils/tensor_numpy.cpp:213.)
  return func(*args, **kwargs)
Action space: Box(-1.0, 1.0, (7,), float32)
Generating 1 orbit video-only demos → /data/gck/maniladder/site/generated_demos/KitAssembly-v1
object_positions: [ 0.08 -0.24  0.06], target_positions: [0.003 0.05  0.04 ]
  [ep 0/1, attempt 1] step 1/1600  terminated=False  truncated=False
object_positions: [ 0.08       -0.24        0.04528501], target_positions: [0.003 0.05  0.04 ]
object_positions: [ 0.08       -0.24        0.00604501], target_positions: [0.003 0.05  0.04 ]
object_positions: [ 0.07999968 -0.23999968 -0.0013537 ], target_positions: [0.003 0.05  0.04 ]
object_positions: [ 0.07999972 -0.2399997  -0.00038145], target_positions: [0.003 0.05  0.04 ]
object_positions: [ 7.9999715e-02 -2.3999970e-01 -1.7328015e-04], target_positions: [0.003 0.05  0.04 ]
object_positions: [ 7.9999737e-02 -2.3999982e-01 -1.1613333e-04], target_positions: [0.003 0.05  0.04 ]
object_positions: [ 7.9999678e-02 -2.3999958e-01 -1.0991645e-04], target_positions: [0.003 0.05  0.04 ]
object_positions: [ 7.9999670e-02 -2.3999958e-01 -1.0828138e-04], target_positions: [0.003 0.05  0.04 ]
object_positions: [ 7.9999678e-02 -2.3999959e-01 -1.0787388e-04], target_positions: [0.003 0.05  0.04 ]
object_positions: [ 7.9999655e-02 -2.3999955e-01 -1.0259307e-04], target_positions: [0.003 0.05  0.04 ]
object_positions: [ 7.9999708e-02 -2.3999961e-01 -1.0650262e-04], target_positions: [0.003 0.05  0.04 ]
object_positions: [ 7.9999648e-02 -2.3999953e-01 -1.0461857e-04], target_positions: [0.003 0.05  0.04 ]
object_positions: [ 7.99996555e-02 -2.39999548e-01 -1.06956926e-04], target_positions: [0.003 0.05  0.04 ]
object_positions: [ 7.9999655e-02 -2.3999955e-01 -1.0754395e-04], target_positions: [0.003 0.05  0.04 ]
object_positions: [ 7.99996555e-02 -2.39999548e-01 -1.07691245e-04], target_positions: [0.003 0.05  0.04 ]
object_positions: [ 7.9999693e-02 -2.3999953e-01 -1.0332095e-04], target_positions: [0.003 0.05  0.04 ]
object_positions: [ 7.9999708e-02 -2.3999953e-01 -1.0662864e-04], target_positions: [0.003 0.05  0.04 ]
object_positions: [ 7.9999693e-02 -2.3999952e-01 -1.0745912e-04], target_positions: [0.003 0.05  0.04 ]
object_positions: [ 7.9999655e-02 -2.3999947e-01 -1.0605029e-04], target_positions: [0.003 0.05  0.04 ]
object_positions: [ 7.9999655e-02 -2.3999947e-01 -1.0731772e-04], target_positions: [0.003 0.05  0.04 ]
object_positions: [ 7.99996555e-02 -2.39999473e-01 -1.07634114e-04], target_positions: [0.003 0.05  0.04 ]
object_positions: [ 7.9999655e-02 -2.3999947e-01 -1.0771333e-04], target_positions: [0.003 0.05  0.04 ]
object_positions: [ 7.9999700e-02 -2.3999947e-01 -1.0438907e-04], target_positions: [0.003 0.05  0.04 ]
object_positions: [ 7.99996927e-02 -2.39999473e-01 -1.06898726e-04], target_positions: [0.003 0.05  0.04 ]
object_positions: [ 7.99996853e-02 -2.39999503e-01 -1.07528256e-04], target_positions: [0.003 0.05  0.04 ]
object_positions: [ 7.9999648e-02 -2.3999947e-01 -1.0646044e-04], target_positions: [0.003 0.05  0.04 ]
object_positions: [ 7.9999648e-02 -2.3999947e-01 -1.0742007e-04], target_positions: [0.003 0.05  0.04 ]
object_positions: [ 7.9999648e-02 -2.3999947e-01 -1.0766000e-04], target_positions: [0.003 0.05  0.04 ]
object_positions: [ 7.9999648e-02 -2.3999947e-01 -1.0771982e-04], target_positions: [0.003 0.05  0.04 ]
object_positions: [ 7.99996629e-02 -2.39999473e-01 -1.05200066e-04], target_positions: [0.003 0.05  0.04 ]
object_positions: [ 7.9999648e-02 -2.3999949e-01 -1.0710301e-04], target_positions: [0.003 0.05  0.04 ]
object_positions: [ 7.9999737e-02 -2.3999959e-01 -1.0371101e-04], target_positions: [0.003 0.05  0.04 ]
object_positions: [ 7.9999588e-02 -2.3999946e-01 -1.0676982e-04], target_positions: [0.003 0.05  0.04 ]
object_positions: [ 7.99995884e-02 -2.39999458e-01 -1.07497784e-04], target_positions: [0.003 0.05  0.04 ]
object_positions: [ 7.9999588e-02 -2.3999946e-01 -1.0767960e-04], target_positions: [0.003 0.05  0.04 ]
object_positions: [ 7.9999469e-02 -2.3999943e-01 -9.9705423e-05], target_positions: [0.003 0.05  0.04 ]
object_positions: [ 7.9999641e-02 -2.3999944e-01 -1.0581242e-04], target_positions: [0.003 0.05  0.04 ]
object_positions: [ 7.9999655e-02 -2.3999940e-01 -1.0725526e-04], target_positions: [0.003 0.05  0.04 ]
object_positions: [ 7.99996555e-02 -2.39999399e-01 -1.07618005e-04], target_positions: [0.003 0.05  0.04 ]
object_positions: [ 7.9999663e-02 -2.3999934e-01 -1.0404873e-04], target_positions: [0.003 0.05  0.04 ]
object_positions: [ 7.99996629e-02 -2.39999324e-01 -1.06820415e-04], target_positions: [0.003 0.05  0.04 ]
grasp target: [ 0.10999962 -0.2199994   0.10989104]
grasp target: [ 0.10999963 -0.2199994   0.10989196]
grasp target: [ 0.10999963 -0.2199994   0.10989219]
grasp target: [ 0.10999952 -0.21999946  0.10990324]
grasp target: [ 0.10999967 -0.21999933  0.10989489]
grasp target: [ 0.10999968 -0.21999933  0.10989291]
grasp target: [ 0.10999968 -0.21999933  0.10989241]
grasp target: [ 0.10999964 -0.2199994   0.10989206]
grasp target: [ 0.10999963 -0.2199994   0.10989222]
grasp target: [ 0.10999969 -0.21999934  0.10989571]
grasp target: [ 0.10999969 -0.21999934  0.10989312]
grasp target: [ 0.1099997  -0.21999934  0.10989247]
grasp target: [ 0.10999964 -0.2199994   0.109892  ]
grasp target: [ 0.10999963 -0.2199994   0.1098922 ]
grasp target: [ 0.10999969 -0.21999936  0.10989682]
grasp target: [ 0.10999969 -0.21999934  0.1098934 ]
grasp target: [ 0.1099997  -0.21999934  0.10989254]
grasp target: [ 0.10999964 -0.2199994   0.10989191]
grasp target: [ 0.10999963 -0.2199994   0.10989217]
grasp target: [ 0.10999968 -0.21999936  0.10989827]
grasp target: [ 0.10999969 -0.21999934  0.10989376]
grasp target: [ 0.1099997  -0.21999934  0.10989263]
grasp target: [ 0.10999963 -0.21999939  0.10989182]
grasp target: [ 0.10999964 -0.2199994   0.10989215]
grasp target: [ 0.10999969 -0.21999936  0.10990015]
grasp target: [ 0.10999969 -0.21999936  0.10989425]
grasp target: [ 0.1099997  -0.21999936  0.10989276]
grasp target: [ 0.10999981 -0.21999936  0.10989159]
grasp target: [ 0.10999964 -0.2199994   0.10989211]
grasp target: [ 0.10999953 -0.21999946  0.10990322]
grasp target: [ 0.10999969 -0.21999936  0.10989488]
grasp target: [ 0.10999971 -0.21999936  0.10989291]
grasp target: [ 0.10999971 -0.21999936  0.10989241]
grasp target: [ 0.10999964 -0.2199994   0.10989206]
grasp target: [ 0.10999963 -0.2199994   0.10989222]
grasp target: [ 0.10999969 -0.21999936  0.10989571]
grasp target: [ 0.10999971 -0.21999936  0.10989312]
grasp target: [ 0.10999971 -0.21999936  0.10989247]
grasp target: [ 0.10999964 -0.2199994   0.109892  ]
grasp target: [ 0.10999963 -0.2199994   0.1098922 ]
grasp target: [ 0.10999969 -0.21999937  0.10989682]
grasp target: [ 0.1099997  -0.21999936  0.1098934 ]
grasp target: [ 0.10999971 -0.21999936  0.10989254]
grasp target: [ 0.10999966 -0.2199994   0.10989191]
grasp target: [ 0.10999969 -0.2199994   0.10989217]
  [ep 0/1, attempt 1] step 101/1600  terminated=False  truncated=False
place target: [0.003      0.05       0.16000001], object_position: [-0.02554372  0.02002346  0.25481042], distance: 0.19999448955059052
  [ep 0/1, attempt 1] step 201/1600  terminated=False  truncated=False
place target: [0.003      0.05       0.16000001], object_position: [-0.02584141  0.02073586  0.24921323], distance: 0.19435755908489227
place target: [0.003      0.05       0.16000001], object_position: [-0.02588561  0.02122307  0.24333139], distance: 0.18846476078033447
place target: [0.003      0.05       0.16000001], object_position: [-0.0259402   0.02161261  0.2374543 ], distance: 0.18257124722003937
place target: [0.003      0.05       0.16000001], object_position: [-0.02598706  0.02186908  0.23158076], distance: 0.17667968571186066
place target: [0.003      0.05       0.16000001], object_position: [-0.02603339  0.02204575  0.22570422], distance: 0.17078816890716553
place target: [0.003      0.05       0.16000001], object_position: [-0.02607107  0.02208165  0.2198002 ], distance: 0.16489669680595398
place target: [0.003      0.05       0.16000001], object_position: [-0.02611932  0.02223042  0.2139402 ], distance: 0.15900471806526184
place target: [0.003      0.05       0.16000001], object_position: [-0.0261653   0.02230526  0.20806654], distance: 0.1531122922897339
place target: [0.003      0.05       0.16000001], object_position: [-0.02622127  0.02242484  0.20222557], distance: 0.1472196877002716
place target: [0.003      0.05       0.16000001], object_position: [-0.02626005  0.02239961  0.19633028], distance: 0.14132675528526306
place target: [0.003      0.05       0.16000001], object_position: [-0.02629915  0.02240281  0.19044155], distance: 0.1354335993528366
place target: [0.003      0.05       0.16000001], object_position: [-0.02633912  0.02240745  0.1845636 ], distance: 0.12953992187976837
place target: [0.003      0.05       0.16000001], object_position: [-0.02636991  0.02237013  0.17867452], distance: 0.12365256249904633
place target: [0.003      0.05       0.16000001], object_position: [-0.02640761  0.02240356  0.1728105 ], distance: 0.11777405440807343
place target: [0.003      0.05       0.16000001], object_position: [-0.02646495  0.02235861  0.16695397], distance: 0.11190374195575714
place target: [0.003      0.05       0.16000001], object_position: [-0.02648379  0.02241306  0.1611103 ], distance: 0.10604209452867508
place target: [0.003      0.05       0.16000001], object_position: [-0.02650308  0.02242291  0.1552682 ], distance: 0.10018809139728546
place target: [0.003      0.05       0.16000001], object_position: [-0.02652103  0.02242428  0.14943188], distance: 0.09434153139591217
place target: [0.003      0.05       0.16000001], object_position: [-0.02653654  0.02242392  0.14360021], distance: 0.08850251883268356
place target: [0.003      0.05       0.16000001], object_position: [-0.02650425  0.02244534  0.1377922 ], distance: 0.08267078548669815
place target: [0.003      0.05       0.16000001], object_position: [-0.02655073  0.02245358  0.13199629], distance: 0.0768454447388649
place target: [0.003      0.05       0.16000001], object_position: [-0.02655837  0.02244764  0.12617439], distance: 0.07102712243795395
place target: [0.003      0.05       0.16000001], object_position: [-0.02656375  0.02243417  0.12036202], distance: 0.06521499902009964
place target: [0.003      0.05       0.16000001], object_position: [-0.0265645   0.02244449  0.1145548 ], distance: 0.059408653527498245
place target: [0.003      0.05       0.16000001], object_position: [-0.02656192  0.02245788  0.10875458], distance: 0.053608134388923645
place target: [0.003      0.05       0.16000001], object_position: [-0.02654726  0.02249626  0.10296252], distance: 0.04781307280063629
place target: [0.003      0.05       0.16000001], object_position: [-0.02654513  0.02244918  0.09717697], distance: 0.04202314093708992
place target: [0.003      0.05       0.16000001], object_position: [-0.02653794  0.02244924  0.09139142], distance: 0.03623783215880394
place target: [0.003      0.05       0.16000001], object_position: [-0.02652684  0.02245103  0.08560961], distance: 0.030457202345132828
place target: [0.003      0.05       0.16000001], object_position: [-0.02651383  0.02244001  0.07983256], distance: 0.024681080132722855
place target: [0.003      0.05       0.16000001], object_position: [-0.02649081  0.0224754   0.07406157], distance: 0.01890847459435463
place target: [0.003      0.05       0.16000001], object_position: [-0.02649931  0.02243727  0.0685495 ], distance: 0.01339668221771717
place target: [0.003      0.05       0.16000001], object_position: [-0.02653348  0.02244599  0.06456362], distance: 0.009405720978975296
place target: [0.003      0.05       0.16000001], object_position: [-0.02653042  0.02244579  0.06176916], distance: 0.0066060870885849
place target: [0.003      0.05       0.16000001], object_position: [-0.02651013  0.02244901  0.05980437], distance: 0.004639901220798492
object_positions: [-0.02543041  0.02672112  0.04794381], target_positions: [0.003 0.05  0.04 ]
object_positions: [-0.02538699  0.02672208  0.04793224], target_positions: [0.003 0.05  0.04 ]
object_positions: [-3.9999966e-02  1.8999982e-01 -3.4618817e-05], target_positions: [0.098 0.05  0.04 ]
object_positions: [-0.02534352  0.02672304  0.04792068], target_positions: [0.003 0.05  0.04 ]
object_positions: [-3.9999977e-02  1.8999982e-01 -3.6080812e-05], target_positions: [0.098 0.05  0.04 ]
object_positions: [-0.02529999  0.02672399  0.0479091 ], target_positions: [0.003 0.05  0.04 ]
object_positions: [-3.9999992e-02  1.8999980e-01 -3.2168104e-05], target_positions: [0.098 0.05  0.04 ]
object_positions: [-0.02525642  0.02672495  0.04789752], target_positions: [0.003 0.05  0.04 ]
object_positions: [-3.9999966e-02  1.8999982e-01 -3.5633300e-05], target_positions: [0.098 0.05  0.04 ]
object_positions: [-0.02521279  0.0267259   0.04788594], target_positions: [0.003 0.05  0.04 ]
object_positions: [-3.9999980e-02  1.8999982e-01 -3.6173722e-05], target_positions: [0.098 0.05  0.04 ]
object_positions: [-0.02516912  0.02672685  0.04787435], target_positions: [0.003 0.05  0.04 ]
object_positions: [-3.9999966e-02  1.8999980e-01 -3.4588011e-05], target_positions: [0.098 0.05  0.04 ]
object_positions: [-0.02512541  0.0267278   0.04786276], target_positions: [0.003 0.05  0.04 ]
object_positions: [-3.9999980e-02  1.8999982e-01 -3.6033798e-05], target_positions: [0.098 0.05  0.04 ]
object_positions: [-0.02508164  0.02672875  0.04785116], target_positions: [0.003 0.05  0.04 ]
object_positions: [-3.9999962e-02  1.8999982e-01 -3.3339114e-05], target_positions: [0.098 0.05  0.04 ]
object_positions: [-0.02503784  0.0267297   0.04783957], target_positions: [0.003 0.05  0.04 ]
object_positions: [-3.9999966e-02  1.8999980e-01 -3.5798566e-05], target_positions: [0.098 0.05  0.04 ]
  [ep 0/1, attempt 1] step 301/1600  terminated=False  truncated=False
object_positions: [-0.02499401  0.02673065  0.04782797], target_positions: [0.003 0.05  0.04 ]
object_positions: [-3.9999980e-02  1.8999980e-01 -3.6217145e-05], target_positions: [0.098 0.05  0.04 ]
object_positions: [-0.02495012  0.0267316   0.04781637], target_positions: [0.003 0.05  0.04 ]
object_positions: [-3.9999980e-02  1.8999980e-01 -3.5693032e-05], target_positions: [0.098 0.05  0.04 ]
object_positions: [-0.02490618  0.02673256  0.04780476], target_positions: [0.003 0.05  0.04 ]
object_positions: [-3.9999977e-02  1.8999980e-01 -3.6189358e-05], target_positions: [0.098 0.05  0.04 ]
object_positions: [-0.02486218  0.02673351  0.04779314], target_positions: [0.003 0.05  0.04 ]
object_positions: [-3.9999954e-02  1.8999980e-01 -3.5411933e-05], target_positions: [0.098 0.05  0.04 ]
object_positions: [-0.02481815  0.02673446  0.04778152], target_positions: [0.003 0.05  0.04 ]
object_positions: [-3.9999984e-02  1.8999982e-01 -3.6110541e-05], target_positions: [0.098 0.05  0.04 ]
object_positions: [-0.02477405  0.02673542  0.0477699 ], target_positions: [0.003 0.05  0.04 ]
object_positions: [-3.9999966e-02  1.8999980e-01 -3.4040120e-05], target_positions: [0.098 0.05  0.04 ]
object_positions: [-0.0247299   0.02673637  0.04775827], target_positions: [0.003 0.05  0.04 ]
object_positions: [-3.9999962e-02  1.8999979e-01 -3.6057674e-05], target_positions: [0.098 0.05  0.04 ]
object_positions: [-0.02468572  0.02673732  0.04774664], target_positions: [0.003 0.05  0.04 ]
object_positions: [-3.9999977e-02  1.8999980e-01 -3.6285564e-05], target_positions: [0.098 0.05  0.04 ]
object_positions: [-0.02464148  0.02673828  0.047735  ], target_positions: [0.003 0.05  0.04 ]
object_positions: [-3.9999958e-02  1.8999980e-01 -3.5281930e-05], target_positions: [0.098 0.05  0.04 ]
object_positions: [-0.0245972   0.02673924  0.04772336], target_positions: [0.003 0.05  0.04 ]
object_positions: [-3.9999977e-02  1.8999980e-01 -3.6076752e-05], target_positions: [0.098 0.05  0.04 ]
object_positions: [-0.02455287  0.02674019  0.04771172], target_positions: [0.003 0.05  0.04 ]
object_positions: [-3.9999962e-02  1.8999982e-01 -3.4029155e-05], target_positions: [0.098 0.05  0.04 ]
object_positions: [-0.02450849  0.02674115  0.04770006], target_positions: [0.003 0.05  0.04 ]
object_positions: [-3.9999973e-02  1.8999982e-01 -3.5929217e-05], target_positions: [0.098 0.05  0.04 ]
object_positions: [-0.02446406  0.02674212  0.04768841], target_positions: [0.003 0.05  0.04 ]
object_positions: [-3.9999992e-02  1.8999980e-01 -3.2128355e-05], target_positions: [0.098 0.05  0.04 ]
object_positions: [-0.02441958  0.02674307  0.04767675], target_positions: [0.003 0.05  0.04 ]
object_positions: [-3.9999966e-02  1.8999982e-01 -3.5622645e-05], target_positions: [0.098 0.05  0.04 ]
object_positions: [-0.02437505  0.02674404  0.04766509], target_positions: [0.003 0.05  0.04 ]
object_positions: [-3.9999977e-02  1.8999980e-01 -3.6171237e-05], target_positions: [0.098 0.05  0.04 ]
object_positions: [-0.02433049  0.02674502  0.04765341], target_positions: [0.003 0.05  0.04 ]
object_positions: [-3.9999973e-02  1.8999982e-01 -3.5681660e-05], target_positions: [0.098 0.05  0.04 ]
object_positions: [-0.02428585  0.02674599  0.04764173], target_positions: [0.003 0.05  0.04 ]
object_positions: [-3.9999977e-02  1.8999980e-01 -3.6186477e-05], target_positions: [0.098 0.05  0.04 ]
object_positions: [-0.02424116  0.02674697  0.04763005], target_positions: [0.003 0.05  0.04 ]
object_positions: [-3.9999973e-02  1.8999982e-01 -3.5685047e-05], target_positions: [0.098 0.05  0.04 ]
object_positions: [-0.02419644  0.02674794  0.04761837], target_positions: [0.003 0.05  0.04 ]
object_positions: [-3.9999980e-02  1.8999980e-01 -3.6187783e-05], target_positions: [0.098 0.05  0.04 ]
object_positions: [-0.02415166  0.02674902  0.0476067 ], target_positions: [0.003 0.05  0.04 ]
object_positions: [-3.9999954e-02  1.8999980e-01 -3.5411704e-05], target_positions: [0.098 0.05  0.04 ]
grasp target: [-0.00999998  0.20999981  0.10996389]
grasp target: [-0.00999996  0.20999981  0.10996425]
grasp target: [-0.00999998  0.20999981  0.1099638 ]
grasp target: [-0.00999997  0.20999981  0.10996493]
grasp target: [-0.00999997  0.2099998   0.1099638 ]
grasp target: [-0.00999998  0.20999981  0.10996368]
grasp target: [-0.00999997  0.2099998   0.10996427]
grasp target: [-0.00999998  0.2099998   0.1099638 ]
grasp target: [-0.00999998  0.2099998   0.10996431]
grasp target: [-0.00999998  0.20999981  0.10996381]
grasp target: [-0.00999997  0.20999981  0.10996431]
grasp target: [-0.00999997  0.2099998   0.10996381]
grasp target: [-0.00999995  0.2099998   0.10996459]
grasp target: [-0.00999998  0.20999981  0.10996389]
grasp target: [-0.00999996  0.20999983  0.10996425]
grasp target: [-0.00999998  0.20999981  0.1099638 ]
grasp target: [-0.00999996  0.20999981  0.10996474]
grasp target: [-0.00999998  0.20999981  0.10996393]
grasp target: [-0.00999997  0.20999981  0.10996597]
grasp target: [-0.00999997  0.20999981  0.10996407]
grasp target: [-0.00999999  0.2099998   0.10996644]
grasp target: [-0.00999998  0.20999981  0.10996415]
grasp target: [-0.00999999  0.20999978  0.10996646]
grasp target: [-0.00999998  0.20999981  0.10996415]
grasp target: [-0.01        0.20999978  0.10996789]
grasp target: [-0.00999997  0.2099998   0.10996468]
grasp target: [-0.00999998  0.20999981  0.10996377]
grasp target: [-0.00999998  0.20999978  0.10996636]
grasp target: [-0.00999998  0.20999981  0.10996412]
grasp target: [-0.00999999  0.20999978  0.10996646]
grasp target: [-0.00999997  0.20999978  0.1099641 ]
grasp target: [-0.00999998  0.2099998   0.10996375]
grasp target: [-0.00999996  0.2099998   0.10996457]
grasp target: [-0.00999998  0.20999981  0.10996389]
grasp target: [-0.00999996  0.2099998   0.10996477]
grasp target: [-0.00999998  0.20999981  0.10996393]
grasp target: [-0.00999997  0.20999981  0.10996597]
grasp target: [-0.00999997  0.20999981  0.10996407]
grasp target: [-0.00999996  0.2099998   0.10996567]
grasp target: [-0.00999997  0.2099998   0.10996404]
grasp target: [-0.00999996  0.20999981  0.10996566]
grasp target: [-0.00999997  0.2099998   0.10996404]
grasp target: [-0.00999996  0.20999981  0.10996566]
grasp target: [-0.00999997  0.2099998   0.10996404]
grasp target: [-0.00999996  0.2099998   0.10996667]
  [ep 0/1, attempt 1] step 401/1600  terminated=False  truncated=False
place target: [0.098      0.05       0.16000001], object_position: [0.06843406 0.02581748 0.25491238], distance: 0.20000547170639038
place target: [0.098      0.05       0.16000001], object_position: [0.06830357 0.02496031 0.24932988], distance: 0.19438087940216064
place target: [0.098      0.05       0.16000001], object_position: [0.06833369 0.02430957 0.24341573], distance: 0.1884712427854538
place target: [0.098      0.05       0.16000001], object_position: [0.06831727 0.02383244 0.23752834], distance: 0.18257658183574677
place target: [0.098      0.05       0.16000001], object_position: [0.06830177 0.02351268 0.23163927], distance: 0.17668293416500092
place target: [0.098      0.05       0.16000001], object_position: [0.06827261 0.0233461  0.22576734], distance: 0.17078973352909088
place target: [0.098      0.05       0.16000001], object_position: [0.06830252 0.02309806 0.21987976], distance: 0.16489678621292114
place target: [0.098      0.05       0.16000001], object_position: [0.06825125 0.02300404 0.21400185], distance: 0.15900389850139618
place target: [0.098      0.05       0.16000001], object_position: [0.06823302 0.02294665 0.20810509], distance: 0.15311099588871002
place target: [0.098      0.05       0.16000001], object_position: [0.06822046 0.02290672 0.20221078], distance: 0.14721788465976715
place target: [0.098      0.05       0.16000001], object_position: [0.06820046 0.02286241 0.1963224 ], distance: 0.14132487773895264
place target: [0.098      0.05       0.16000001], object_position: [0.06814621 0.02291185 0.19045126], distance: 0.13543185591697693
place target: [0.098      0.05       0.16000001], object_position: [0.06814334 0.02284913 0.18455318], distance: 0.12953875958919525
place target: [0.098      0.05       0.16000001], object_position: [0.06814884 0.02281743 0.17866251], distance: 0.12364577502012253
place target: [0.098      0.05       0.16000001], object_position: [0.06813052 0.02279717 0.17277631], distance: 0.11775276809930801
place target: [0.098      0.05       0.16000001], object_position: [0.06809375 0.02278336 0.16689847], distance: 0.11185940355062485
place target: [0.098      0.05       0.16000001], object_position: [0.06808698 0.02278549 0.1610076 ], distance: 0.10596640408039093
place target: [0.098      0.05       0.16000001], object_position: [0.06808901 0.02282542 0.15512191], distance: 0.10007351636886597
place target: [0.098      0.05       0.16000001], object_position: [0.06807054 0.02278633 0.14923164], distance: 0.09417998790740967
place target: [0.098      0.05       0.16000001], object_position: [0.06805284 0.02277526 0.14334388], distance: 0.08828632533550262
place target: [0.098      0.05       0.16000001], object_position: [0.06801015 0.02286802 0.13747792], distance: 0.08239224553108215
place target: [0.098      0.05       0.16000001], object_position: [0.06800503 0.022804   0.13157685], distance: 0.07649780064821243
place target: [0.098      0.05       0.16000001], object_position: [0.06801128 0.02278268 0.12568235], distance: 0.07060271501541138
place target: [0.098      0.05       0.16000001], object_position: [0.06799152 0.02276839 0.11979489], distance: 0.06470755487680435
place target: [0.098      0.05       0.16000001], object_position: [0.0679343  0.02285783 0.11392209], distance: 0.058811888098716736
place target: [0.098      0.05       0.16000001], object_position: [0.06793348 0.02280219 0.10801941], distance: 0.05291571468114853
place target: [0.098      0.05       0.16000001], object_position: [0.06794289 0.02278137 0.10211985], distance: 0.04701913148164749
place target: [0.098      0.05       0.16000001], object_position: [0.06792486 0.022766   0.09622958], distance: 0.04112239554524422
place target: [0.098      0.05       0.16000001], object_position: [0.06788581 0.02275225 0.09034773], distance: 0.035225216299295425
place target: [0.098      0.05       0.16000001], object_position: [0.06787909 0.02276099 0.08445299], distance: 0.02932770363986492
place target: [0.098      0.05       0.16000001], object_position: [0.06786958 0.02275868 0.0785576 ], distance: 0.023429928347468376
place target: [0.098      0.05       0.16000001], object_position: [0.06786343 0.02271383 0.07269408], distance: 0.017532065510749817
place target: [0.098      0.05       0.16000001], object_position: [0.06784181 0.02275016 0.06749056], distance: 0.01233117375522852
place target: [0.098      0.05       0.16000001], object_position: [0.06781895 0.02274322 0.06378911], distance: 0.00863092765212059
place target: [0.098      0.05       0.16000001], object_position: [0.06781998 0.02272748 0.06121412], distance: 0.006042424589395523
place target: [0.098      0.05       0.16000001], object_position: [0.06784977 0.02274344 0.0593968 ], distance: 0.004229859448969364
  [ep 0/1, attempt 1] step 501/1600  terminated=False  truncated=False
object_positions: [0.06920132 0.02338796 0.04638508], target_positions: [0.098 0.05  0.04 ]
object_positions: [-0.02348678  0.0282835   0.04732536], target_positions: [0.003 0.05  0.04 ]
object_positions: [0.06920122 0.02338808 0.04638482], target_positions: [0.098 0.05  0.04 ]
object_positions: [-4.0000636e-02 -2.3999858e-01 -1.1974170e-04], target_positions: [ 0.003 -0.045  0.04 ]
object_positions: [-0.02348683  0.02828845  0.04732505], target_positions: [0.003 0.05  0.04 ]
object_positions: [0.06920115 0.02338819 0.04638472], target_positions: [0.098 0.05  0.04 ]
object_positions: [-4.00006361e-02 -2.39998579e-01 -1.19741744e-04], target_positions: [ 0.003 -0.045  0.04 ]
object_positions: [-0.02348688  0.02829341  0.04732474], target_positions: [0.003 0.05  0.04 ]
object_positions: [0.06920104 0.02338831 0.04638464], target_positions: [0.098 0.05  0.04 ]
object_positions: [-4.00006361e-02 -2.39998579e-01 -1.19741744e-04], target_positions: [ 0.003 -0.045  0.04 ]
object_positions: [-0.02348693  0.02829837  0.04732443], target_positions: [0.003 0.05  0.04 ]
object_positions: [0.06920098 0.02338841 0.04638474], target_positions: [0.098 0.05  0.04 ]
object_positions: [-4.0000636e-02 -2.3999858e-01 -1.1974171e-04], target_positions: [ 0.003 -0.045  0.04 ]
object_positions: [-0.02348698  0.02830332  0.04732412], target_positions: [0.003 0.05  0.04 ]
object_positions: [0.06920091 0.02338852 0.04638456], target_positions: [0.098 0.05  0.04 ]
object_positions: [-4.0000636e-02 -2.3999858e-01 -1.1974170e-04], target_positions: [ 0.003 -0.045  0.04 ]
object_positions: [-0.02348703  0.02830828  0.04732381], target_positions: [0.003 0.05  0.04 ]
object_positions: [0.06920085 0.02338862 0.04638494], target_positions: [0.098 0.05  0.04 ]
object_positions: [-4.0000636e-02 -2.3999858e-01 -1.1974174e-04], target_positions: [ 0.003 -0.045  0.04 ]
object_positions: [-0.02348708  0.02831324  0.0473235 ], target_positions: [0.003 0.05  0.04 ]
object_positions: [0.06920078 0.02338872 0.04638487], target_positions: [0.098 0.05  0.04 ]
object_positions: [-4.0000636e-02 -2.3999858e-01 -1.1974174e-04], target_positions: [ 0.003 -0.045  0.04 ]
object_positions: [-0.02348713  0.0283182   0.04732318], target_positions: [0.003 0.05  0.04 ]
object_positions: [0.06920069 0.02338884 0.04638393], target_positions: [0.098 0.05  0.04 ]
object_positions: [-4.0000636e-02 -2.3999858e-01 -1.1974174e-04], target_positions: [ 0.003 -0.045  0.04 ]
object_positions: [-0.02348718  0.02832316  0.04732288], target_positions: [0.003 0.05  0.04 ]
object_positions: [0.06920063 0.02338894 0.04638369], target_positions: [0.098 0.05  0.04 ]
object_positions: [-4.0000636e-02 -2.3999858e-01 -1.1974171e-04], target_positions: [ 0.003 -0.045  0.04 ]
object_positions: [-0.02348723  0.02832811  0.04732256], target_positions: [0.003 0.05  0.04 ]
object_positions: [0.06920058 0.02338904 0.0463835 ], target_positions: [0.098 0.05  0.04 ]
object_positions: [-4.0000636e-02 -2.3999858e-01 -1.1974168e-04], target_positions: [ 0.003 -0.045  0.04 ]
object_positions: [-0.02348728  0.02833307  0.04732225], target_positions: [0.003 0.05  0.04 ]
object_positions: [0.06920028 0.02338922 0.04638328], target_positions: [0.098 0.05  0.04 ]
object_positions: [-4.0000636e-02 -2.3999858e-01 -1.1974163e-04], target_positions: [ 0.003 -0.045  0.04 ]
object_positions: [-0.02348733  0.02833803  0.04732195], target_positions: [0.003 0.05  0.04 ]
object_positions: [0.06920033 0.02338929 0.04638321], target_positions: [0.098 0.05  0.04 ]
object_positions: [-4.00006361e-02 -2.39998579e-01 -1.19741635e-04], target_positions: [ 0.003 -0.045  0.04 ]
object_positions: [-0.02348738  0.02834298  0.04732163], target_positions: [0.003 0.05  0.04 ]
object_positions: [0.06920037 0.02338936 0.0463829 ], target_positions: [0.098 0.05  0.04 ]
object_positions: [-4.00006361e-02 -2.39998579e-01 -1.19741664e-04], target_positions: [ 0.003 -0.045  0.04 ]
object_positions: [-0.02348743  0.02834794  0.04732132], target_positions: [0.003 0.05  0.04 ]
object_positions: [0.0692004  0.02338944 0.04638269], target_positions: [0.098 0.05  0.04 ]
object_positions: [-4.0000636e-02 -2.3999858e-01 -1.1974164e-04], target_positions: [ 0.003 -0.045  0.04 ]
object_positions: [-0.02348747  0.0283529   0.04732101], target_positions: [0.003 0.05  0.04 ]
object_positions: [0.06920022 0.02338958 0.04638286], target_positions: [0.098 0.05  0.04 ]
object_positions: [-4.0000636e-02 -2.3999858e-01 -1.1974171e-04], target_positions: [ 0.003 -0.045  0.04 ]
object_positions: [-0.02348753  0.02835785  0.0473207 ], target_positions: [0.003 0.05  0.04 ]
object_positions: [0.06920025 0.02338966 0.04638309], target_positions: [0.098 0.05  0.04 ]
object_positions: [-4.0000636e-02 -2.3999858e-01 -1.1974169e-04], target_positions: [ 0.003 -0.045  0.04 ]
object_positions: [-0.02348758  0.02836281  0.04732039], target_positions: [0.003 0.05  0.04 ]
object_positions: [0.06920029 0.02338974 0.04638372], target_positions: [0.098 0.05  0.04 ]
object_positions: [-4.0000636e-02 -2.3999858e-01 -1.1974174e-04], target_positions: [ 0.003 -0.045  0.04 ]
object_positions: [-0.02348763  0.02836776  0.04732008], target_positions: [0.003 0.05  0.04 ]
object_positions: [0.06920033 0.02338981 0.0463833 ], target_positions: [0.098 0.05  0.04 ]
object_positions: [-4.0000636e-02 -2.3999858e-01 -1.1974173e-04], target_positions: [ 0.003 -0.045  0.04 ]
object_positions: [-0.02348767  0.02837272  0.04731977], target_positions: [0.003 0.05  0.04 ]
object_positions: [0.06920014 0.02338997 0.04638365], target_positions: [0.098 0.05  0.04 ]
object_positions: [-4.0000636e-02 -2.3999858e-01 -1.1974173e-04], target_positions: [ 0.003 -0.045  0.04 ]
object_positions: [-0.02348772  0.02837767  0.04731946], target_positions: [0.003 0.05  0.04 ]
object_positions: [0.06920019 0.02339004 0.0463832 ], target_positions: [0.098 0.05  0.04 ]
object_positions: [-4.0000636e-02 -2.3999858e-01 -1.1974173e-04], target_positions: [ 0.003 -0.045  0.04 ]
object_positions: [-0.02348777  0.02838263  0.04731915], target_positions: [0.003 0.05  0.04 ]
object_positions: [0.06920023 0.02339012 0.04638318], target_positions: [0.098 0.05  0.04 ]
object_positions: [-4.0000636e-02 -2.3999858e-01 -1.1974173e-04], target_positions: [ 0.003 -0.045  0.04 ]
object_positions: [-0.02348783  0.02838758  0.04731883], target_positions: [0.003 0.05  0.04 ]
object_positions: [0.06920026 0.0233902  0.04638318], target_positions: [0.098 0.05  0.04 ]
object_positions: [-4.0000636e-02 -2.3999858e-01 -1.1974167e-04], target_positions: [ 0.003 -0.045  0.04 ]
object_positions: [-0.02348788  0.02839253  0.04731853], target_positions: [0.003 0.05  0.04 ]
object_positions: [0.0692003  0.02339027 0.04638318], target_positions: [0.098 0.05  0.04 ]
object_positions: [-4.0000636e-02 -2.3999858e-01 -1.1974165e-04], target_positions: [ 0.003 -0.045  0.04 ]
object_positions: [-0.02348793  0.02839749  0.04731822], target_positions: [0.003 0.05  0.04 ]
object_positions: [0.06920011 0.02339042 0.04638331], target_positions: [0.098 0.05  0.04 ]
object_positions: [-4.0000636e-02 -2.3999858e-01 -1.1974167e-04], target_positions: [ 0.003 -0.045  0.04 ]
object_positions: [-0.02348798  0.02840245  0.04731791], target_positions: [0.003 0.05  0.04 ]
object_positions: [0.06920014 0.0233905  0.04638268], target_positions: [0.098 0.05  0.04 ]
object_positions: [-4.0000636e-02 -2.3999858e-01 -1.1974173e-04], target_positions: [ 0.003 -0.045  0.04 ]
object_positions: [-0.02348803  0.0284074   0.0473176 ], target_positions: [0.003 0.05  0.04 ]
object_positions: [0.06920018 0.02339058 0.04638249], target_positions: [0.098 0.05  0.04 ]
object_positions: [-4.0000636e-02 -2.3999858e-01 -1.1974173e-04], target_positions: [ 0.003 -0.045  0.04 ]
object_positions: [-0.02348808  0.02841236  0.04731729], target_positions: [0.003 0.05  0.04 ]
object_positions: [0.06920022 0.02339065 0.04638258], target_positions: [0.098 0.05  0.04 ]
object_positions: [-4.00006361e-02 -2.39998579e-01 -1.19741715e-04], target_positions: [ 0.003 -0.045  0.04 ]
object_positions: [-0.02348812  0.02841731  0.04731698], target_positions: [0.003 0.05  0.04 ]
object_positions: [0.06920011 0.02339078 0.04638263], target_positions: [0.098 0.05  0.04 ]
object_positions: [-4.00006361e-02 -2.39998579e-01 -1.19741715e-04], target_positions: [ 0.003 -0.045  0.04 ]
object_positions: [-0.02348818  0.02842226  0.04731666], target_positions: [0.003 0.05  0.04 ]
object_positions: [0.06920014 0.02339085 0.04638303], target_positions: [0.098 0.05  0.04 ]
object_positions: [-4.0000636e-02 -2.3999858e-01 -1.1974174e-04], target_positions: [ 0.003 -0.045  0.04 ]
object_positions: [-0.02348823  0.02842722  0.04731635], target_positions: [0.003 0.05  0.04 ]
object_positions: [0.06920018 0.02339093 0.04638261], target_positions: [0.098 0.05  0.04 ]
object_positions: [-4.0000636e-02 -2.3999858e-01 -1.1974173e-04], target_positions: [ 0.003 -0.045  0.04 ]
object_positions: [-0.02348827  0.02843218  0.04731604], target_positions: [0.003 0.05  0.04 ]
object_positions: [0.06920018 0.02339102 0.04638357], target_positions: [0.098 0.05  0.04 ]
object_positions: [-4.0000636e-02 -2.3999858e-01 -1.1974174e-04], target_positions: [ 0.003 -0.045  0.04 ]
object_positions: [-0.02348832  0.02843713  0.04731573], target_positions: [0.003 0.05  0.04 ]
object_positions: [0.06919996 0.02339118 0.04638368], target_positions: [0.098 0.05  0.04 ]
object_positions: [-4.0000636e-02 -2.3999858e-01 -1.1974172e-04], target_positions: [ 0.003 -0.045  0.04 ]
object_positions: [-0.02348838  0.02844208  0.04731542], target_positions: [0.003 0.05  0.04 ]
object_positions: [0.0692     0.02339126 0.04638329], target_positions: [0.098 0.05  0.04 ]
object_positions: [-4.0000636e-02 -2.3999858e-01 -1.1974174e-04], target_positions: [ 0.003 -0.045  0.04 ]
object_positions: [-0.02348843  0.02844704  0.04731511], target_positions: [0.003 0.05  0.04 ]
object_positions: [0.06920004 0.02339133 0.04638344], target_positions: [0.098 0.05  0.04 ]
object_positions: [-4.0000636e-02 -2.3999858e-01 -1.1974173e-04], target_positions: [ 0.003 -0.045  0.04 ]
object_positions: [-0.02348848  0.02845199  0.0473148 ], target_positions: [0.003 0.05  0.04 ]
object_positions: [0.06920008 0.02339141 0.04638303], target_positions: [0.098 0.05  0.04 ]
object_positions: [-4.0000636e-02 -2.3999858e-01 -1.1974172e-04], target_positions: [ 0.003 -0.045  0.04 ]
object_positions: [-0.02348853  0.02845695  0.04731449], target_positions: [0.003 0.05  0.04 ]
object_positions: [0.06920011 0.02339149 0.04638314], target_positions: [0.098 0.05  0.04 ]
object_positions: [-4.0000636e-02 -2.3999858e-01 -1.1974174e-04], target_positions: [ 0.003 -0.045  0.04 ]
object_positions: [-0.02348858  0.0284619   0.04731418], target_positions: [0.003 0.05  0.04 ]
object_positions: [0.06920008 0.02339158 0.04638385], target_positions: [0.098 0.05  0.04 ]
object_positions: [-4.0000636e-02 -2.3999858e-01 -1.1974174e-04], target_positions: [ 0.003 -0.045  0.04 ]
object_positions: [-0.02348863  0.02846686  0.04731387], target_positions: [0.003 0.05  0.04 ]
object_positions: [0.06920008 0.02339168 0.04638306], target_positions: [0.098 0.05  0.04 ]
object_positions: [-4.0000636e-02 -2.3999858e-01 -1.1974173e-04], target_positions: [ 0.003 -0.045  0.04 ]
object_positions: [-0.02348868  0.02847181  0.04731356], target_positions: [0.003 0.05  0.04 ]
object_positions: [0.06919996 0.02339181 0.04638231], target_positions: [0.098 0.05  0.04 ]
object_positions: [-4.0000636e-02 -2.3999858e-01 -1.1974174e-04], target_positions: [ 0.003 -0.045  0.04 ]
object_positions: [-0.02348873  0.02847677  0.04731325], target_positions: [0.003 0.05  0.04 ]
object_positions: [0.0692     0.02339188 0.04638262], target_positions: [0.098 0.05  0.04 ]
object_positions: [-4.0000636e-02 -2.3999858e-01 -1.1974174e-04], target_positions: [ 0.003 -0.045  0.04 ]
object_positions: [-0.02348878  0.02848172  0.04731294], target_positions: [0.003 0.05  0.04 ]
object_positions: [0.06920004 0.02339196 0.04638293], target_positions: [0.098 0.05  0.04 ]
object_positions: [-4.0000636e-02 -2.3999858e-01 -1.1974172e-04], target_positions: [ 0.003 -0.045  0.04 ]
object_positions: [-0.02348883  0.02848668  0.04731263], target_positions: [0.003 0.05  0.04 ]
object_positions: [0.06919986 0.0233921  0.04638296], target_positions: [0.098 0.05  0.04 ]
object_positions: [-4.0000636e-02 -2.3999858e-01 -1.1974172e-04], target_positions: [ 0.003 -0.045  0.04 ]
object_positions: [-0.02348888  0.02849163  0.04731232], target_positions: [0.003 0.05  0.04 ]
object_positions: [0.0691999  0.02339218 0.04638292], target_positions: [0.098 0.05  0.04 ]
object_positions: [-4.0000636e-02 -2.3999858e-01 -1.1974172e-04], target_positions: [ 0.003 -0.045  0.04 ]
object_positions: [-0.02348893  0.02849659  0.04731201], target_positions: [0.003 0.05  0.04 ]
object_positions: [0.06919993 0.02339225 0.04638241], target_positions: [0.098 0.05  0.04 ]
object_positions: [-4.0000636e-02 -2.3999858e-01 -1.1974173e-04], target_positions: [ 0.003 -0.045  0.04 ]
object_positions: [-0.02348898  0.02850154  0.0473117 ], target_positions: [0.003 0.05  0.04 ]
object_positions: [0.06919997 0.02339233 0.04638256], target_positions: [0.098 0.05  0.04 ]
object_positions: [-4.0000636e-02 -2.3999858e-01 -1.1974172e-04], target_positions: [ 0.003 -0.045  0.04 ]
object_positions: [-0.02348903  0.02850649  0.04731139], target_positions: [0.003 0.05  0.04 ]
object_positions: [0.06919986 0.02339246 0.04638298], target_positions: [0.098 0.05  0.04 ]
object_positions: [-4.0000636e-02 -2.3999858e-01 -1.1974174e-04], target_positions: [ 0.003 -0.045  0.04 ]
object_positions: [-0.02348908  0.02851145  0.04731108], target_positions: [0.003 0.05  0.04 ]
object_positions: [0.0691999  0.02339254 0.04638312], target_positions: [0.098 0.05  0.04 ]
object_positions: [-4.0000636e-02 -2.3999858e-01 -1.1974173e-04], target_positions: [ 0.003 -0.045  0.04 ]
object_positions: [-0.02348913  0.0285164   0.04731077], target_positions: [0.003 0.05  0.04 ]
object_positions: [0.06919993 0.02339262 0.04638316], target_positions: [0.098 0.05  0.04 ]
object_positions: [-4.0000636e-02 -2.3999858e-01 -1.1974173e-04], target_positions: [ 0.003 -0.045  0.04 ]
grasp target: [-0.01000064 -0.21999858  0.10988026]
grasp target: [-0.01000064 -0.21999858  0.10988026]
  [ep 0/1, attempt 1] step 601/1600  terminated=False  truncated=False
grasp target: [-0.01000064 -0.21999858  0.10988026]
grasp target: [-0.01000064 -0.21999858  0.10988026]
grasp target: [-0.01000064 -0.21999858  0.10988026]
grasp target: [-0.01000064 -0.21999858  0.10988026]
grasp target: [-0.01000064 -0.21999858  0.10988026]
grasp target: [-0.01000064 -0.21999858  0.10988026]
grasp target: [-0.01000064 -0.21999858  0.10988026]
grasp target: [-0.01000064 -0.21999858  0.10988026]
grasp target: [-0.01000064 -0.21999858  0.10988026]
grasp target: [-0.01000064 -0.21999858  0.10988026]
grasp target: [-0.01000064 -0.21999858  0.10988026]
grasp target: [-0.01000064 -0.21999858  0.10988026]
grasp target: [-0.01000064 -0.21999858  0.10988026]
grasp target: [-0.01000064 -0.21999858  0.10988026]
grasp target: [-0.01000064 -0.21999858  0.10988026]
grasp target: [-0.01000064 -0.21999858  0.10988026]
grasp target: [-0.01000064 -0.21999858  0.10988026]
grasp target: [-0.01000064 -0.21999858  0.10988026]
grasp target: [-0.01000064 -0.21999858  0.10988026]
grasp target: [-0.01000064 -0.21999858  0.10988026]
grasp target: [-0.01000064 -0.21999858  0.10988026]
grasp target: [-0.01000064 -0.21999858  0.10988026]
grasp target: [-0.01000064 -0.21999858  0.10988026]
grasp target: [-0.01000064 -0.21999858  0.10988026]
grasp target: [-0.01000064 -0.21999858  0.10988026]
grasp target: [-0.01000064 -0.21999858  0.10988026]
grasp target: [-0.01000064 -0.21999858  0.10988026]
grasp target: [-0.01000064 -0.21999858  0.10988026]
grasp target: [-0.01000064 -0.21999858  0.10988026]
grasp target: [-0.01000064 -0.21999858  0.10988026]
grasp target: [-0.01000064 -0.21999858  0.10988026]
grasp target: [-0.01000064 -0.21999858  0.10988026]
grasp target: [-0.01000064 -0.21999858  0.10988026]
grasp target: [-0.01000064 -0.21999858  0.10988026]
grasp target: [-0.01000064 -0.21999858  0.10988026]
grasp target: [-0.01000064 -0.21999858  0.10988026]
grasp target: [-0.01000064 -0.21999858  0.10988026]
grasp target: [-0.01000064 -0.21999858  0.10988026]
grasp target: [-0.01000064 -0.21999858  0.10988026]
grasp target: [-0.01000064 -0.21999858  0.10988026]
grasp target: [-0.01000064 -0.21999858  0.10988026]
grasp target: [-0.01000064 -0.21999858  0.10988026]
grasp target: [-0.01000064 -0.21999858  0.10988026]
  [ep 0/1, attempt 1] step 701/1600  terminated=False  truncated=False
place target: [ 0.003      -0.045       0.16000001], object_position: [-0.02628632 -0.07519578  0.25508928], distance: 0.2000119537115097
place target: [ 0.003      -0.045       0.16000001], object_position: [-0.02660749 -0.0742004   0.24946575], distance: 0.1943707913160324
place target: [ 0.003      -0.045       0.16000001], object_position: [-0.02663268 -0.07362363  0.24359417], distance: 0.18848060071468353
place target: [ 0.003      -0.045       0.16000001], object_position: [-0.02668949 -0.07319883  0.2377197 ], distance: 0.1825898438692093
place target: [ 0.003      -0.045       0.16000001], object_position: [-0.02673053 -0.07287544  0.23186107], distance: 0.17670108377933502
place target: [ 0.003      -0.045       0.16000001], object_position: [-0.02676545 -0.07269458  0.2259951 ], distance: 0.1708124279975891
place target: [ 0.003      -0.045       0.16000001], object_position: [-0.02682374 -0.07253138  0.22010714], distance: 0.16492368280887604
place target: [ 0.003      -0.045       0.16000001], object_position: [-0.02689061 -0.07233049  0.21423164], distance: 0.15903444588184357
place target: [ 0.003      -0.045       0.16000001], object_position: [-0.02692878 -0.07230879  0.20834866], distance: 0.15314488112926483
place target: [ 0.003      -0.045       0.16000001], object_position: [-0.0270379  -0.07221046  0.20251918], distance: 0.1472548246383667
place target: [ 0.003      -0.045       0.16000001], object_position: [-0.02705342 -0.07220084  0.19661485], distance: 0.14136455953121185
place target: [ 0.003      -0.045       0.16000001], object_position: [-0.02707994 -0.07218961  0.19072542], distance: 0.13547353446483612
place target: [ 0.003      -0.045       0.16000001], object_position: [-0.02710612 -0.07215561  0.18484224], distance: 0.12958239018917084
place target: [ 0.003      -0.045       0.16000001], object_position: [-0.02719019 -0.07212359  0.17899747], distance: 0.12369733303785324
place target: [ 0.003      -0.045       0.16000001], object_position: [-0.0272058  -0.07213933  0.173119  ], distance: 0.11782070249319077
place target: [ 0.003      -0.045       0.16000001], object_position: [-0.02722053 -0.07213908  0.16726282], distance: 0.11195299029350281
place target: [ 0.003      -0.045       0.16000001], object_position: [-0.02720063 -0.07214405  0.16146456], distance: 0.10609328746795654
place target: [ 0.003      -0.045       0.16000001], object_position: [-0.02724093 -0.07216796  0.15559393], distance: 0.10024163872003555
place target: [ 0.003      -0.045       0.16000001], object_position: [-0.02727134 -0.0721649   0.14974044], distance: 0.09439769387245178
place target: [ 0.003      -0.045       0.16000001], object_position: [-0.0273138  -0.07207698  0.14389072], distance: 0.08856111764907837
place target: [ 0.003      -0.045       0.16000001], object_position: [-0.0273184  -0.07212818  0.13807406], distance: 0.08273167908191681
place target: [ 0.003      -0.045       0.16000001], object_position: [-0.02732353 -0.07214705  0.13225879], distance: 0.07690884172916412
place target: [ 0.003      -0.045       0.16000001], object_position: [-0.02739133 -0.07210101  0.12649766], distance: 0.07109291106462479
place target: [ 0.003      -0.045       0.16000001], object_position: [-0.02737208 -0.07212652  0.12067539], distance: 0.06528312712907791
place target: [ 0.003      -0.045       0.16000001], object_position: [-0.02735895 -0.07214315  0.11486716], distance: 0.05947931110858917
place target: [ 0.003      -0.045       0.16000001], object_position: [-0.02730625 -0.07214329  0.10912137], distance: 0.053681086748838425
place target: [ 0.003      -0.045       0.16000001], object_position: [-0.02731514 -0.07217451  0.1033105 ], distance: 0.047888174653053284
place target: [ 0.003      -0.045       0.16000001], object_position: [-0.02731648 -0.07217631  0.0975095 ], distance: 0.042100489139556885
place target: [ 0.003      -0.045       0.16000001], object_position: [-0.02733233 -0.07209362  0.09172041], distance: 0.03631725162267685
place target: [ 0.003      -0.045       0.16000001], object_position: [-0.02731011 -0.07214443  0.08594076], distance: 0.030538568273186684
place target: [ 0.003      -0.045       0.16000001], object_position: [-0.02728914 -0.07216243  0.08016602], distance: 0.02476383000612259
place target: [ 0.003      -0.045       0.16000001], object_position: [-0.02733545 -0.07211006  0.07444666], distance: 0.018992695957422256
place target: [ 0.003      -0.045       0.16000001], object_position: [-0.02730754 -0.07213523  0.06889591], distance: 0.013462175615131855
place target: [ 0.003      -0.045       0.16000001], object_position: [-0.02733011 -0.07214721  0.06487633], distance: 0.009453216567635536
place target: [ 0.003      -0.045       0.16000001], object_position: [-0.02736085 -0.07208999  0.06209728], distance: 0.006641222629696131
place target: [ 0.003      -0.045       0.16000001], object_position: [-0.02729363 -0.07225131  0.06013124], distance: 0.004665931686758995
  [ep 0/1, attempt 1] step 801/1600  terminated=False  truncated=False
object_positions: [-0.03218522 -0.07397725  0.03228067], target_positions: [ 0.003 -0.045  0.04 ]
object_positions: [-0.02350143  0.02906298  0.04727565], target_positions: [0.003 0.05  0.04 ]
object_positions: [0.06919638 0.02341436 0.04638259], target_positions: [0.098 0.05  0.04 ]
object_positions: [-0.03219108 -0.07397643  0.03228073], target_positions: [ 0.003 -0.045  0.04 ]
object_positions: [ 7.9998441e-02  1.8999873e-01 -1.0772870e-04], target_positions: [ 0.11 -0.04  0.04]
object_positions: [-0.02350143  0.02906298  0.04727565], target_positions: [0.003 0.05  0.04 ]
object_positions: [0.06919642 0.02341444 0.04638281], target_positions: [0.098 0.05  0.04 ]
object_positions: [-0.03219665 -0.07397565  0.03228078], target_positions: [ 0.003 -0.045  0.04 ]
object_positions: [ 7.9998441e-02  1.8999873e-01 -1.0772870e-04], target_positions: [ 0.11 -0.04  0.04]
object_positions: [-0.02350143  0.02906298  0.04727565], target_positions: [0.003 0.05  0.04 ]
object_positions: [0.06919646 0.02341451 0.04638219], target_positions: [0.098 0.05  0.04 ]
object_positions: [-0.03220194 -0.07397489  0.03228083], target_positions: [ 0.003 -0.045  0.04 ]
object_positions: [ 7.9998441e-02  1.8999873e-01 -1.0772870e-04], target_positions: [ 0.11 -0.04  0.04]
object_positions: [-0.02350143  0.02906298  0.04727565], target_positions: [0.003 0.05  0.04 ]
object_positions: [0.06919645 0.0234146  0.0463831 ], target_positions: [0.098 0.05  0.04 ]
object_positions: [-0.03220696 -0.07397418  0.03228087], target_positions: [ 0.003 -0.045  0.04 ]
object_positions: [ 7.9998441e-02  1.8999873e-01 -1.0772870e-04], target_positions: [ 0.11 -0.04  0.04]
object_positions: [-0.02350143  0.02906298  0.04727565], target_positions: [0.003 0.05  0.04 ]
object_positions: [0.06919634 0.02341472 0.04638318], target_positions: [0.098 0.05  0.04 ]
object_positions: [-0.03221172 -0.07397351  0.03228091], target_positions: [ 0.003 -0.045  0.04 ]
object_positions: [ 7.9998441e-02  1.8999873e-01 -1.0772870e-04], target_positions: [ 0.11 -0.04  0.04]
object_positions: [-0.02350143  0.02906298  0.04727565], target_positions: [0.003 0.05  0.04 ]
object_positions: [0.06919637 0.02341476 0.04638362], target_positions: [0.098 0.05  0.04 ]
object_positions: [-0.03221624 -0.07397287  0.03228095], target_positions: [ 0.003 -0.045  0.04 ]
object_positions: [ 7.9998441e-02  1.8999873e-01 -1.0772870e-04], target_positions: [ 0.11 -0.04  0.04]
object_positions: [-0.02350143  0.02906298  0.04727565], target_positions: [0.003 0.05  0.04 ]
object_positions: [0.06919641 0.02341478 0.04638321], target_positions: [0.098 0.05  0.04 ]
object_positions: [-0.03222053 -0.07397228  0.03228099], target_positions: [ 0.003 -0.045  0.04 ]
object_positions: [ 7.99984410e-02  1.89998731e-01 -1.07728665e-04], target_positions: [ 0.11 -0.04  0.04]
object_positions: [-0.02350143  0.02906298  0.04727565], target_positions: [0.003 0.05  0.04 ]
object_positions: [0.06919628 0.02341489 0.04638353], target_positions: [0.098 0.05  0.04 ]
object_positions: [-0.03222461 -0.0739717   0.03228102], target_positions: [ 0.003 -0.045  0.04 ]
object_positions: [ 7.99984410e-02  1.89998731e-01 -1.07728694e-04], target_positions: [ 0.11 -0.04  0.04]
object_positions: [-0.02350143  0.02906298  0.04727565], target_positions: [0.003 0.05  0.04 ]
object_positions: [0.06919632 0.02341496 0.04638314], target_positions: [0.098 0.05  0.04 ]
object_positions: [-0.03222847 -0.07397115  0.03228106], target_positions: [ 0.003 -0.045  0.04 ]
object_positions: [ 7.9998441e-02  1.8999873e-01 -1.0772870e-04], target_positions: [ 0.11 -0.04  0.04]
object_positions: [-0.02350143  0.02906298  0.04727565], target_positions: [0.003 0.05  0.04 ]
object_positions: [0.06919637 0.02341502 0.04638292], target_positions: [0.098 0.05  0.04 ]
object_positions: [-0.03223213 -0.07397063  0.0322811 ], target_positions: [ 0.003 -0.045  0.04 ]
object_positions: [ 7.9998441e-02  1.8999873e-01 -1.0772870e-04], target_positions: [ 0.11 -0.04  0.04]
object_positions: [-0.02350143  0.02906298  0.04727565], target_positions: [0.003 0.05  0.04 ]
object_positions: [0.06919638 0.02341507 0.04638367], target_positions: [0.098 0.05  0.04 ]
object_positions: [-0.0322356  -0.07397015  0.03228113], target_positions: [ 0.003 -0.045  0.04 ]
object_positions: [ 7.9998441e-02  1.8999873e-01 -1.0772870e-04], target_positions: [ 0.11 -0.04  0.04]
object_positions: [-0.02350143  0.02906298  0.04727565], target_positions: [0.003 0.05  0.04 ]
object_positions: [0.06919622 0.02341521 0.04638309], target_positions: [0.098 0.05  0.04 ]
object_positions: [-0.03223889 -0.07396968  0.03228116], target_positions: [ 0.003 -0.045  0.04 ]
object_positions: [ 7.99984410e-02  1.89998731e-01 -1.07728694e-04], target_positions: [ 0.11 -0.04  0.04]
object_positions: [-0.02350143  0.02906298  0.04727565], target_positions: [0.003 0.05  0.04 ]
object_positions: [0.06919626 0.02341529 0.04638292], target_positions: [0.098 0.05  0.04 ]
object_positions: [-0.03224202 -0.07396924  0.03228119], target_positions: [ 0.003 -0.045  0.04 ]
object_positions: [ 7.9998441e-02  1.8999873e-01 -1.0772871e-04], target_positions: [ 0.11 -0.04  0.04]
object_positions: [-0.02350143  0.02906298  0.04727565], target_positions: [0.003 0.05  0.04 ]
object_positions: [0.0691963  0.02341536 0.04638295], target_positions: [0.098 0.05  0.04 ]
object_positions: [-0.03224497 -0.07396882  0.03228122], target_positions: [ 0.003 -0.045  0.04 ]
object_positions: [ 7.9998441e-02  1.8999873e-01 -1.0772871e-04], target_positions: [ 0.11 -0.04  0.04]
object_positions: [-0.02350143  0.02906298  0.04727565], target_positions: [0.003 0.05  0.04 ]
object_positions: [0.06919634 0.02341544 0.04638327], target_positions: [0.098 0.05  0.04 ]
object_positions: [-0.03224777 -0.07396842  0.03228124], target_positions: [ 0.003 -0.045  0.04 ]
object_positions: [ 7.9998441e-02  1.8999873e-01 -1.0772871e-04], target_positions: [ 0.11 -0.04  0.04]
object_positions: [-0.02350143  0.02906298  0.04727565], target_positions: [0.003 0.05  0.04 ]
object_positions: [0.06919632 0.02341553 0.04638278], target_positions: [0.098 0.05  0.04 ]
object_positions: [-0.03225043 -0.07396805  0.03228126], target_positions: [ 0.003 -0.045  0.04 ]
object_positions: [ 7.9998441e-02  1.8999873e-01 -1.0772871e-04], target_positions: [ 0.11 -0.04  0.04]
object_positions: [-0.02350143  0.02906298  0.04727565], target_positions: [0.003 0.05  0.04 ]
object_positions: [0.06919616 0.02341563 0.04638354], target_positions: [0.098 0.05  0.04 ]
object_positions: [-0.03225296 -0.07396769  0.03228128], target_positions: [ 0.003 -0.045  0.04 ]
object_positions: [ 7.9998441e-02  1.8999873e-01 -1.0772871e-04], target_positions: [ 0.11 -0.04  0.04]
object_positions: [-0.02350143  0.02906298  0.04727565], target_positions: [0.003 0.05  0.04 ]
object_positions: [0.0691962  0.02341568 0.04638319], target_positions: [0.098 0.05  0.04 ]
object_positions: [-0.03225535 -0.07396735  0.03228131], target_positions: [ 0.003 -0.045  0.04 ]
object_positions: [ 7.9998441e-02  1.8999873e-01 -1.0772871e-04], target_positions: [ 0.11 -0.04  0.04]
object_positions: [-0.02350143  0.02906298  0.04727565], target_positions: [0.003 0.05  0.04 ]
object_positions: [0.06919624 0.02341574 0.04638316], target_positions: [0.098 0.05  0.04 ]
object_positions: [-0.03225763 -0.07396702  0.03228132], target_positions: [ 0.003 -0.045  0.04 ]
object_positions: [ 7.9998441e-02  1.8999873e-01 -1.0772871e-04], target_positions: [ 0.11 -0.04  0.04]
object_positions: [-0.02350143  0.02906298  0.04727565], target_positions: [0.003 0.05  0.04 ]
object_positions: [0.06919605 0.0234159  0.04638349], target_positions: [0.098 0.05  0.04 ]
object_positions: [-0.03225979 -0.07396673  0.03228135], target_positions: [ 0.003 -0.045  0.04 ]
object_positions: [ 7.9998441e-02  1.8999873e-01 -1.0772871e-04], target_positions: [ 0.11 -0.04  0.04]
object_positions: [-0.02350143  0.02906298  0.04727565], target_positions: [0.003 0.05  0.04 ]
object_positions: [0.06919609 0.02341596 0.04638345], target_positions: [0.098 0.05  0.04 ]
object_positions: [-0.03226184 -0.07396643  0.03228137], target_positions: [ 0.003 -0.045  0.04 ]
object_positions: [ 7.9998441e-02  1.8999873e-01 -1.0772870e-04], target_positions: [ 0.11 -0.04  0.04]
object_positions: [-0.02350143  0.02906298  0.04727565], target_positions: [0.003 0.05  0.04 ]
object_positions: [0.06919613 0.02341603 0.04638279], target_positions: [0.098 0.05  0.04 ]
object_positions: [-0.03226379 -0.07396616  0.03228138], target_positions: [ 0.003 -0.045  0.04 ]
object_positions: [ 7.99984410e-02  1.89998731e-01 -1.07728694e-04], target_positions: [ 0.11 -0.04  0.04]
object_positions: [-0.02350143  0.02906298  0.04727565], target_positions: [0.003 0.05  0.04 ]
object_positions: [0.06919616 0.02341609 0.04638299], target_positions: [0.098 0.05  0.04 ]
object_positions: [-0.03226564 -0.0739659   0.0322814 ], target_positions: [ 0.003 -0.045  0.04 ]
object_positions: [ 7.9998441e-02  1.8999873e-01 -1.0772870e-04], target_positions: [ 0.11 -0.04  0.04]
object_positions: [-0.02350143  0.02906298  0.04727565], target_positions: [0.003 0.05  0.04 ]
object_positions: [0.0691962  0.02341615 0.04638275], target_positions: [0.098 0.05  0.04 ]
object_positions: [-0.0322676  -0.07396545  0.03228612], target_positions: [ 0.003 -0.045  0.04 ]
object_positions: [ 7.9998441e-02  1.8999873e-01 -1.0772871e-04], target_positions: [ 0.11 -0.04  0.04]
object_positions: [-0.02350143  0.02906298  0.04727565], target_positions: [0.003 0.05  0.04 ]
object_positions: [0.0691961  0.02341626 0.04638275], target_positions: [0.098 0.05  0.04 ]
object_positions: [-0.03226935 -0.07396538  0.03228373], target_positions: [ 0.003 -0.045  0.04 ]
object_positions: [ 7.9998441e-02  1.8999873e-01 -1.0772870e-04], target_positions: [ 0.11 -0.04  0.04]
object_positions: [-0.02350143  0.02906298  0.04727565], target_positions: [0.003 0.05  0.04 ]
object_positions: [0.06919613 0.02341633 0.0463826 ], target_positions: [0.098 0.05  0.04 ]
object_positions: [-0.032271   -0.07396518  0.03228261], target_positions: [ 0.003 -0.045  0.04 ]
object_positions: [ 7.99984410e-02  1.89998731e-01 -1.07728694e-04], target_positions: [ 0.11 -0.04  0.04]
object_positions: [-0.02350143  0.02906298  0.04727565], target_positions: [0.003 0.05  0.04 ]
object_positions: [0.06919603 0.02341644 0.04638331], target_positions: [0.098 0.05  0.04 ]
object_positions: [-0.03227285 -0.07396467  0.03228599], target_positions: [ 0.003 -0.045  0.04 ]
object_positions: [ 7.9998441e-02  1.8999873e-01 -1.0772870e-04], target_positions: [ 0.11 -0.04  0.04]
object_positions: [-0.02350143  0.02906298  0.04727565], target_positions: [0.003 0.05  0.04 ]
object_positions: [0.06919608 0.02341651 0.0463828 ], target_positions: [0.098 0.05  0.04 ]
object_positions: [-0.03227444 -0.07396451  0.03228358], target_positions: [ 0.003 -0.045  0.04 ]
object_positions: [ 7.9998441e-02  1.8999873e-01 -1.0772872e-04], target_positions: [ 0.11 -0.04  0.04]
object_positions: [-0.02350143  0.02906298  0.04727565], target_positions: [0.003 0.05  0.04 ]
object_positions: [0.06919612 0.02341659 0.04638247], target_positions: [0.098 0.05  0.04 ]
object_positions: [-0.03227594 -0.07396407  0.0322868 ], target_positions: [ 0.003 -0.045  0.04 ]
object_positions: [ 7.9998441e-02  1.8999873e-01 -1.0772870e-04], target_positions: [ 0.11 -0.04  0.04]
object_positions: [-0.02350143  0.02906298  0.04727565], target_positions: [0.003 0.05  0.04 ]
object_positions: [0.06919613 0.02341668 0.04638303], target_positions: [0.098 0.05  0.04 ]
object_positions: [-0.03227754 -0.07396393  0.03228386], target_positions: [ 0.003 -0.045  0.04 ]
object_positions: [ 7.9998441e-02  1.8999873e-01 -1.0772868e-04], target_positions: [ 0.11 -0.04  0.04]
object_positions: [-0.02350143  0.02906298  0.04727565], target_positions: [0.003 0.05  0.04 ]
object_positions: [0.0691959  0.02341684 0.04638328], target_positions: [0.098 0.05  0.04 ]
object_positions: [-0.03227897 -0.07396373  0.03228252], target_positions: [ 0.003 -0.045  0.04 ]
object_positions: [ 7.9998441e-02  1.8999873e-01 -1.0772870e-04], target_positions: [ 0.11 -0.04  0.04]
object_positions: [-0.02350143  0.02906298  0.04727565], target_positions: [0.003 0.05  0.04 ]
object_positions: [0.06919594 0.0234169  0.04638257], target_positions: [0.098 0.05  0.04 ]
object_positions: [-0.0322803  -0.07396351  0.03228192], target_positions: [ 0.003 -0.045  0.04 ]
object_positions: [ 7.9998441e-02  1.8999873e-01 -1.0772870e-04], target_positions: [ 0.11 -0.04  0.04]
object_positions: [-0.02350143  0.02906298  0.04727565], target_positions: [0.003 0.05  0.04 ]
object_positions: [0.06919598 0.02341697 0.04638312], target_positions: [0.098 0.05  0.04 ]
object_positions: [-0.03228186 -0.07396257  0.03228551], target_positions: [ 0.003 -0.045  0.04 ]
object_positions: [ 7.9998441e-02  1.8999873e-01 -1.0772871e-04], target_positions: [ 0.11 -0.04  0.04]
object_positions: [-0.02350143  0.02906298  0.04727565], target_positions: [0.003 0.05  0.04 ]
object_positions: [0.06919602 0.02341705 0.04638252], target_positions: [0.098 0.05  0.04 ]
object_positions: [-0.03228343 -0.07396161  0.03228877], target_positions: [ 0.003 -0.045  0.04 ]
object_positions: [ 7.9998441e-02  1.8999873e-01 -1.0772870e-04], target_positions: [ 0.11 -0.04  0.04]
object_positions: [-0.02350143  0.02906298  0.04727565], target_positions: [0.003 0.05  0.04 ]
object_positions: [0.06919586 0.02341719 0.04638265], target_positions: [0.098 0.05  0.04 ]
object_positions: [-0.03228461 -0.07396162  0.03228512], target_positions: [ 0.003 -0.045  0.04 ]
object_positions: [ 7.9998441e-02  1.8999873e-01 -1.0772871e-04], target_positions: [ 0.11 -0.04  0.04]
object_positions: [-0.02350143  0.02906298  0.04727565], target_positions: [0.003 0.05  0.04 ]
object_positions: [0.0691959  0.02341727 0.04638304], target_positions: [0.098 0.05  0.04 ]
object_positions: [-0.03228594 -0.07396121  0.03228609], target_positions: [ 0.003 -0.045  0.04 ]
object_positions: [ 7.9998441e-02  1.8999873e-01 -1.0772871e-04], target_positions: [ 0.11 -0.04  0.04]
object_positions: [-0.02350143  0.02906298  0.04727565], target_positions: [0.003 0.05  0.04 ]
object_positions: [0.06919593 0.02341734 0.04638314], target_positions: [0.098 0.05  0.04 ]
object_positions: [-0.03228706 -0.07396153  0.03228344], target_positions: [ 0.003 -0.045  0.04 ]
object_positions: [ 7.99984410e-02  1.89998731e-01 -1.07728716e-04], target_positions: [ 0.11 -0.04  0.04]
object_positions: [-0.02350143  0.02906298  0.04727565], target_positions: [0.003 0.05  0.04 ]
object_positions: [0.06919597 0.02341742 0.04638294], target_positions: [0.098 0.05  0.04 ]
object_positions: [-0.03228804 -0.07396161  0.03228224], target_positions: [ 0.003 -0.045  0.04 ]
object_positions: [ 7.9998441e-02  1.8999873e-01 -1.0772871e-04], target_positions: [ 0.11 -0.04  0.04]
object_positions: [-0.02350143  0.02906298  0.04727565], target_positions: [0.003 0.05  0.04 ]
object_positions: [0.06919599 0.02341751 0.04638258], target_positions: [0.098 0.05  0.04 ]
object_positions: [-0.03228936 -0.0739608   0.03228591], target_positions: [ 0.003 -0.045  0.04 ]
object_positions: [ 7.9998441e-02  1.8999873e-01 -1.0772870e-04], target_positions: [ 0.11 -0.04  0.04]
object_positions: [-0.02350143  0.02906298  0.04727565], target_positions: [0.003 0.05  0.04 ]
object_positions: [0.06919581 0.02341764 0.0463832 ], target_positions: [0.098 0.05  0.04 ]
object_positions: [-0.03229072 -0.07396045  0.03228715], target_positions: [ 0.003 -0.045  0.04 ]
object_positions: [ 7.9998441e-02  1.8999873e-01 -1.0772870e-04], target_positions: [ 0.11 -0.04  0.04]
object_positions: [-0.02350143  0.02906298  0.04727565], target_positions: [0.003 0.05  0.04 ]
object_positions: [0.06919585 0.02341769 0.04638304], target_positions: [0.098 0.05  0.04 ]
object_positions: [-0.03229186 -0.07395963  0.03229074], target_positions: [ 0.003 -0.045  0.04 ]
object_positions: [ 7.9998441e-02  1.8999873e-01 -1.0772870e-04], target_positions: [ 0.11 -0.04  0.04]
object_positions: [-0.02350143  0.02906298  0.04727565], target_positions: [0.003 0.05  0.04 ]
object_positions: [0.06919589 0.02341777 0.04638315], target_positions: [0.098 0.05  0.04 ]
object_positions: [-0.03229278 -0.07395999  0.03228493], target_positions: [ 0.003 -0.045  0.04 ]
object_positions: [ 7.9998441e-02  1.8999873e-01 -1.0772870e-04], target_positions: [ 0.11 -0.04  0.04]
object_positions: [-0.02350143  0.02906298  0.04727565], target_positions: [0.003 0.05  0.04 ]
object_positions: [0.06919593 0.02341782 0.04638312], target_positions: [0.098 0.05  0.04 ]
object_positions: [-0.03229372 -0.07395978  0.03228593], target_positions: [ 0.003 -0.045  0.04 ]
object_positions: [ 7.9998441e-02  1.8999873e-01 -1.0772871e-04], target_positions: [ 0.11 -0.04  0.04]
object_positions: [-0.02350143  0.02906298  0.04727565], target_positions: [0.003 0.05  0.04 ]
object_positions: [0.06919574 0.02341798 0.04638344], target_positions: [0.098 0.05  0.04 ]
object_positions: [-0.03229458 -0.07395975  0.03228354], target_positions: [ 0.003 -0.045  0.04 ]
object_positions: [ 7.9998441e-02  1.8999873e-01 -1.0772870e-04], target_positions: [ 0.11 -0.04  0.04]
object_positions: [-0.02350143  0.02906298  0.04727565], target_positions: [0.003 0.05  0.04 ]
object_positions: [0.06919578 0.02341806 0.04638274], target_positions: [0.098 0.05  0.04 ]
object_positions: [-0.03229526 -0.07395934  0.03228796], target_positions: [ 0.003 -0.045  0.04 ]
object_positions: [ 7.9998441e-02  1.8999873e-01 -1.0772870e-04], target_positions: [ 0.11 -0.04  0.04]
grasp target: [0.09999844 0.20999873 0.10989227]
grasp target: [0.09999844 0.20999873 0.10989227]
grasp target: [0.09999844 0.20999873 0.10989227]
grasp target: [0.09999844 0.20999873 0.10989227]
grasp target: [0.09999844 0.20999873 0.10989227]
grasp target: [0.09999844 0.20999873 0.10989227]
grasp target: [0.09999844 0.20999873 0.10989227]
grasp target: [0.09999844 0.20999873 0.10989227]
grasp target: [0.09999844 0.20999873 0.10989227]
grasp target: [0.09999844 0.20999873 0.10989227]
grasp target: [0.09999844 0.20999873 0.10989227]
grasp target: [0.09999844 0.20999873 0.10989227]
grasp target: [0.09999844 0.20999873 0.10989227]
grasp target: [0.09999844 0.20999873 0.10989227]
grasp target: [0.09999844 0.20999873 0.10989227]
grasp target: [0.09999844 0.20999873 0.10989227]
grasp target: [0.09999844 0.20999873 0.10989227]
grasp target: [0.09999844 0.20999873 0.10989227]
grasp target: [0.09999844 0.20999873 0.10989227]
grasp target: [0.09999844 0.20999873 0.10989227]
grasp target: [0.09999844 0.20999873 0.10989227]
grasp target: [0.09999844 0.20999873 0.10989227]
grasp target: [0.09999844 0.20999873 0.10989227]
  [ep 0/1, attempt 1] step 901/1600  terminated=False  truncated=False
grasp target: [0.09999844 0.20999873 0.10989227]
grasp target: [0.09999844 0.20999873 0.10989227]
grasp target: [0.09999844 0.20999873 0.10989227]
grasp target: [0.09999844 0.20999873 0.10989227]
grasp target: [0.09999844 0.20999873 0.10989227]
grasp target: [0.09999844 0.20999873 0.10989227]
grasp target: [0.09999844 0.20999873 0.10989227]
grasp target: [0.09999844 0.20999873 0.10989227]
grasp target: [0.09999844 0.20999873 0.10989227]
grasp target: [0.09999844 0.20999873 0.10989227]
grasp target: [0.09999844 0.20999873 0.10989227]
grasp target: [0.09999844 0.20999873 0.10989227]
grasp target: [0.09999844 0.20999873 0.10989227]
grasp target: [0.09999844 0.20999873 0.10989227]
grasp target: [0.09999844 0.20999873 0.10989227]
grasp target: [0.09999844 0.20999873 0.10989227]
grasp target: [0.09999844 0.20999873 0.10989227]
grasp target: [0.09999844 0.20999873 0.10989227]
grasp target: [0.09999844 0.20999873 0.10989227]
grasp target: [0.09999844 0.20999873 0.10989227]
grasp target: [0.09999844 0.20999873 0.10989227]
  [ep 0/1, attempt 1] step 1001/1600  terminated=False  truncated=False
place target: [ 0.11       -0.04        0.16000001], object_position: [ 0.09066658 -0.06459417  0.25500816], distance: 0.200005441904068
place target: [ 0.11       -0.04        0.16000001], object_position: [ 0.09048987 -0.06527849  0.24942386], distance: 0.1943853497505188
place target: [ 0.11       -0.04        0.16000001], object_position: [ 0.09050304 -0.06586795  0.24353035], distance: 0.1884758472442627
place target: [ 0.11       -0.04        0.16000001], object_position: [ 0.09045862 -0.06621806  0.23762819], distance: 0.18258307874202728
place target: [ 0.11       -0.04        0.16000001], object_position: [ 0.09040882 -0.06643388  0.2317346 ], distance: 0.17669059336185455
place target: [ 0.11       -0.04        0.16000001], object_position: [ 0.09038582 -0.06658861  0.22585985], distance: 0.17079851031303406
place target: [ 0.11       -0.04        0.16000001], object_position: [ 0.09036476 -0.06668579  0.21995588], distance: 0.16490644216537476
place target: [ 0.11       -0.04        0.16000001], object_position: [ 0.09034456 -0.06677064  0.21408795], distance: 0.15901434421539307
place target: [ 0.11       -0.04        0.16000001], object_position: [ 0.0903362  -0.06688904  0.20818397], distance: 0.15312227606773376
place target: [ 0.11       -0.04        0.16000001], object_position: [ 0.09034453 -0.06696717  0.2023019 ], distance: 0.14723041653633118
place target: [ 0.11       -0.04        0.16000001], object_position: [ 0.09031088 -0.06695978  0.19642097], distance: 0.14133858680725098
place target: [ 0.11       -0.04        0.16000001], object_position: [ 0.09027664 -0.06695875  0.19051921], distance: 0.1354464292526245
place target: [ 0.11       -0.04        0.16000001], object_position: [ 0.0903112  -0.06704625  0.18465328], distance: 0.12955404818058014
place target: [ 0.11       -0.04        0.16000001], object_position: [ 0.09028022 -0.06704256  0.17874898], distance: 0.12366145104169846
place target: [ 0.11       -0.04        0.16000001], object_position: [ 0.09019397 -0.06700329  0.17281157], distance: 0.11776874214410782
place target: [ 0.11       -0.04        0.16000001], object_position: [ 0.09020752 -0.06702054  0.16695075], distance: 0.11187547445297241
place target: [ 0.11       -0.04        0.16000001], object_position: [ 0.09020868 -0.06703596  0.16106568], distance: 0.1059814915060997
place target: [ 0.11       -0.04        0.16000001], object_position: [ 0.09018817 -0.06698649  0.1551814 ], distance: 0.10008741915225983
place target: [ 0.11       -0.04        0.16000001], object_position: [ 0.09018356 -0.06703131  0.1492905 ], distance: 0.09419334679841995
place target: [ 0.11       -0.04        0.16000001], object_position: [ 0.09011734 -0.06699852  0.14342822], distance: 0.08829859644174576
place target: [ 0.11       -0.04        0.16000001], object_position: [ 0.09012827 -0.06702904  0.13751468], distance: 0.08240336924791336
place target: [ 0.11       -0.04        0.16000001], object_position: [ 0.090121   -0.06701254  0.13161701], distance: 0.07650790363550186
place target: [ 0.11       -0.04        0.16000001], object_position: [ 0.09009641 -0.06708475  0.12571523], distance: 0.07061213999986649
place target: [ 0.11       -0.04        0.16000001], object_position: [ 0.09009699 -0.06705845  0.11983068], distance: 0.06471540033817291
place target: [ 0.11       -0.04        0.16000001], object_position: [ 0.09009176 -0.06705496  0.11393496], distance: 0.058818742632865906
place target: [ 0.11       -0.04        0.16000001], object_position: [ 0.09010182 -0.06707212  0.1080529 ], distance: 0.0529220886528492
place target: [ 0.11       -0.04        0.16000001], object_position: [ 0.09005766 -0.06697414  0.1021513 ], distance: 0.04702458903193474
place target: [ 0.11       -0.04        0.16000001], object_position: [ 0.09004877 -0.06702888  0.09625553], distance: 0.041126761585474014
place target: [ 0.11       -0.04        0.16000001], object_position: [ 0.09002425 -0.06704898  0.09041994], distance: 0.03522872552275658
  [ep 0/1, attempt 1] step 1060/1600  terminated=True  truncated=False
place target: [ 0.11       -0.04        0.16000001], object_position: [ 0.0900168  -0.06705137  0.08449667], distance: 0.02933032438158989
place target: [ 0.11       -0.04        0.16000001], object_position: [ 0.09004556 -0.06707288  0.0785704 ], distance: 0.023431627079844475
place target: [ 0.11       -0.04        0.16000001], object_position: [ 0.09001097 -0.06706101  0.07267649], distance: 0.017532534897327423
place target: [ 0.11       -0.04        0.16000001], object_position: [ 0.08997475 -0.06705277  0.0674773 ], distance: 0.012329952791333199
place target: [ 0.11       -0.04        0.16000001], object_position: [ 0.08993228 -0.06700811  0.06379156], distance: 0.008627318777143955
place target: [ 0.11       -0.04        0.16000001], object_position: [ 0.08993755 -0.06702062  0.06119512], distance: 0.006038276012986898
place target: [ 0.11       -0.04        0.16000001], object_position: [ 0.08997376 -0.06703705  0.05938847], distance: 0.004226360935717821
  [ep 0, attempt 1] Success at step 1060, collected 30 extra steps.
  [Success Rate] overall: 100.0% (1/1) | moving avg (last 1): 100.0%
[ManiLadder Camera] stop_recording target=/data/gck/maniladder/site/generated_demos/KitAssembly-v1/videos/orbit_camera_ep0.mp4
[38;5;159m[Genesis] [17:30:54] [INFO] Saving video to [38;5;121m"/data/gck/maniladder/site/generated_demos/KitAssembly-v1/videos/orbit_camera_ep0.mp4"[0m[38;5;159m...[0m
[38;5;159m[Genesis] [17:30:59] [INFO] Video saved.[0m
  Saved video: /data/gck/maniladder/site/generated_demos/KitAssembly-v1/videos/orbit_camera_ep0.mp4 exists=True
  Videos for episode 0 saved to /data/gck/maniladder/site/generated_demos/KitAssembly-v1/videos

============================================================
Done. 1 demo trajectories saved to /data/gck/maniladder/site/generated_demos
Final   [Success Rate] overall: 100.0% (1/1) | moving avg (last 1): 100.0%
============================================================
[38;5;159m[Genesis] [17:30:59] [INFO] 💤 Exiting Genesis and caching compiled kernels...[0m
