[38;5;159m[Genesis] [18:26:53] [INFO] [38;5;121m╭───────────────────────────────────────────────╮[0m[38;5;159m[0m
[38;5;159m[Genesis] [18:26:53] [INFO] [38;5;121m│┈┉┈┉┈┉┈┉┈┉┈┉┈┉┈┉┈┉┈[0m[38;5;159m [38;5;121m[1m[3mGenesis[0m[38;5;159m [38;5;121m┈┉┈┉┈┉┈┉┈┉┈┉┈┉┈┉┈┉┈│[0m[38;5;159m[0m
[38;5;159m[Genesis] [18:26:53] [INFO] [38;5;121m╰───────────────────────────────────────────────╯[0m[38;5;159m[0m
[38;5;159m[Genesis] [18:26:54] [INFO] Running on [38;5;121m[4m[NVIDIA A100-SXM4-80GB][0m[38;5;159m with backend [38;5;121m[4mgs.cuda[0m[38;5;159m. Device memory: [38;5;121m[4m79.25[0m[38;5;159m GB.[0m
[38;5;159m[Genesis] [18:26:54] [INFO] 🚀 Genesis initialized. 🔖 version: [38;5;121m[4m0.3.6[0m[38;5;159m, 🎨 theme: [38;5;121m[4mdark[0m[38;5;159m, 🌱 seed: [38;5;121m[4mNone[0m[38;5;159m, 🐛 debug: [38;5;121m[4mFalse[0m[38;5;159m, 📏 precision: [38;5;121m[4m32[0m[38;5;159m, 🏎️ performance: [38;5;121m[4mFalse[0m[38;5;159m, 💬 verbose: [38;5;121m[4mINFO[0m[38;5;159m[0m
[38;5;159m[Genesis] [18:26:56] [INFO] Scene [38;5;121m[3m<cecd022>[0m[38;5;159m created.[0m
[38;5;159m[Genesis] [18:26:56] [INFO] Adding [38;5;121m<gs.RigidEntity>[0m[38;5;159m. idx: [38;5;121m0[0m[38;5;159m, uid: [38;5;121m[3m<6a8ac0b>[0m[38;5;159m, morph: [38;5;121m<gs.morphs.URDF(file='/data/gck/maniladder/maniladder/assets/urdf/panda_allegro_hora/panda_allegro_hora.urdf')>[0m[38;5;159m, material: [38;5;121m<gs.materials.Rigid>[0m[38;5;159m.[0m
[38;5;159m[Genesis] [18:26:59] [INFO] Falling back to legacy URDF parser. Default values of physics properties may be off.[0m
[38;5;159m[Genesis] [18:26:59] [INFO] Applying offset to base link's pose with user provided value in morph.[0m
[38;5;159m[Genesis] [18:26:59] [INFO] Preprocessing geom idx [38;5;121m[4m0[0m[38;5;159m.[0m
[38;5;159m[Genesis] [18:26:59] [INFO] Preprocessing geom idx [38;5;121m[4m1[0m[38;5;159m.[0m
[38;5;159m[Genesis] [18:27:00] [INFO] Preprocessing geom idx [38;5;121m[4m2[0m[38;5;159m.[0m
[38;5;159m[Genesis] [18:27:00] [INFO] Preprocessing geom idx [38;5;121m[4m3[0m[38;5;159m.[0m
[38;5;159m[Genesis] [18:27:00] [INFO] Preprocessing geom idx [38;5;121m[4m4[0m[38;5;159m.[0m
[38;5;159m[Genesis] [18:27:00] [INFO] Preprocessing geom idx [38;5;121m[4m5[0m[38;5;159m.[0m
[38;5;159m[Genesis] [18:27:00] [INFO] Preprocessing geom idx [38;5;121m[4m6[0m[38;5;159m.[0m
[38;5;159m[Genesis] [18:27:01] [INFO] Preprocessing geom idx [38;5;121m[4m7[0m[38;5;159m.[0m
[38;5;159m[Genesis] [18:27:01] [INFO] Preprocessing geom idx [38;5;121m[4m8[0m[38;5;159m.[0m
[38;5;159m[Genesis] [18:27:01] [INFO] Preprocessing geom idx [38;5;121m[4m9[0m[38;5;159m.[0m
[38;5;159m[Genesis] [18:27:01] [INFO] Preprocessing geom idx [38;5;121m[4m10[0m[38;5;159m.[0m
[38;5;159m[Genesis] [18:27:01] [INFO] Preprocessing geom idx [38;5;121m[4m11[0m[38;5;159m.[0m
[38;5;159m[Genesis] [18:27:01] [INFO] Preprocessing geom idx [38;5;121m[4m12[0m[38;5;159m.[0m
[38;5;159m[Genesis] [18:27:01] [INFO] Preprocessing geom idx [38;5;121m[4m13[0m[38;5;159m.[0m
[38;5;159m[Genesis] [18:27:01] [INFO] Preprocessing geom idx [38;5;121m[4m17[0m[38;5;159m.[0m
[38;5;159m[Genesis] [18:27:01] [INFO] Preprocessing geom idx [38;5;121m[4m20[0m[38;5;159m.[0m
[38;5;159m[Genesis] [18:27:02] [INFO] Preprocessing geom idx [38;5;121m[4m21[0m[38;5;159m.[0m
[38;5;159m[Genesis] [18:27:02] [INFO] Preprocessing geom idx [38;5;121m[4m27[0m[38;5;159m.[0m
[38;5;159m[Genesis] [18:27:02] [INFO] Preprocessing geom idx [38;5;121m[4m28[0m[38;5;159m.[0m
[38;5;159m[Genesis] [18:27:02] [INFO] Preprocessing geom idx [38;5;121m[4m34[0m[38;5;159m.[0m
[38;5;159m[Genesis] [18:27:02] [INFO] Preprocessing geom idx [38;5;121m[4m36[0m[38;5;159m.[0m
[38;5;159m[Genesis] [18:27:02] [INFO] Preprocessing geom idx [38;5;121m[4m39[0m[38;5;159m.[0m
[38;5;159m[Genesis] [18:27:02] [INFO] Preprocessing geom idx [38;5;121m[4m41[0m[38;5;159m.[0m
[38;5;159m[Genesis] [18:27:02] [INFO] Preprocessing geom idx [38;5;121m[4m42[0m[38;5;159m.[0m
[38;5;159m[Genesis] [18:27:02] [INFO] Preprocessing geom idx [38;5;121m[4m44[0m[38;5;159m.[0m
[38;5;159m[Genesis] [18:27:02] [INFO] Preprocessing geom idx [38;5;121m[4m46[0m[38;5;159m.[0m
[38;5;159m[Genesis] [18:27:03] [INFO] Adding [38;5;121m<gs.RigidEntity>[0m[38;5;159m. idx: [38;5;121m1[0m[38;5;159m, uid: [38;5;121m[3m<efa7ff5>[0m[38;5;159m, morph: [38;5;121m<gs.morphs.Mesh(file='/data/gck/maniladder/maniladder/assets/models/table.glb')>[0m[38;5;159m, material: [38;5;121m<gs.materials.Rigid>[0m[38;5;159m.[0m
[38;5;226m[Genesis] [18:27:03] [WARNING] GLTF is using y-up while Genesis uses z-up. Please set parse_glb_with_zup=True in morph options if you find the mesh is 90-degree rotated. We will set parse_glb_with_zup=True and rotate glb mesh by default later and gradually enforce this option.[0m
/data/gck/miniconda3/envs/maniladder/lib/python3.10/site-packages/pygltflib/__init__.py:830: UserWarning: pygltflib currently does not remove image data from the buffer when converting to data uri.Please open an issue at https://gitlab.com/dodgyville/pygltflib/issues
  warnings.warn("pygltflib currently does not remove image data "
[38;5;159m[Genesis] [18:27:03] [INFO] Adding [38;5;121m<gs.RigidEntity>[0m[38;5;159m. idx: [38;5;121m2[0m[38;5;159m, uid: [38;5;121m[3m<bfa5ebb>[0m[38;5;159m, morph: [38;5;121m<gs.morphs.Box>[0m[38;5;159m, material: [38;5;121m<gs.materials.Rigid>[0m[38;5;159m.[0m
[38;5;159m[Genesis] [18:27:03] [INFO] Adding [38;5;121m<gs.RigidEntity>[0m[38;5;159m. idx: [38;5;121m3[0m[38;5;159m, uid: [38;5;121m[3m<6bf6de3>[0m[38;5;159m, morph: [38;5;121m<gs.morphs.Plane>[0m[38;5;159m, material: [38;5;121m<gs.materials.Rigid>[0m[38;5;159m.[0m
[38;5;159m[Genesis] [18:27:03] [INFO] Adding [38;5;121m<gs.RigidEntity>[0m[38;5;159m. idx: [38;5;121m4[0m[38;5;159m, uid: [38;5;121m[3m<cd15ad2>[0m[38;5;159m, morph: [38;5;121m<gs.morphs.Box>[0m[38;5;159m, material: [38;5;121m<gs.materials.Rigid>[0m[38;5;159m.[0m
[38;5;159m[Genesis] [18:27:03] [INFO] Adding [38;5;121m<gs.RigidEntity>[0m[38;5;159m. idx: [38;5;121m5[0m[38;5;159m, uid: [38;5;121m[3m<0623606>[0m[38;5;159m, morph: [38;5;121m<gs.morphs.Box>[0m[38;5;159m, material: [38;5;121m<gs.materials.Rigid>[0m[38;5;159m.[0m
[38;5;159m[Genesis] [18:27:03] [INFO] Adding [38;5;121m<gs.RigidEntity>[0m[38;5;159m. idx: [38;5;121m6[0m[38;5;159m, uid: [38;5;121m[3m<e3d7680>[0m[38;5;159m, morph: [38;5;121m<gs.morphs.Box>[0m[38;5;159m, material: [38;5;121m<gs.materials.Rigid>[0m[38;5;159m.[0m
[38;5;159m[Genesis] [18:27:03] [INFO] Adding [38;5;121m<gs.RigidEntity>[0m[38;5;159m. idx: [38;5;121m7[0m[38;5;159m, uid: [38;5;121m[3m<9c5b15d>[0m[38;5;159m, morph: [38;5;121m<gs.morphs.URDF(file='/data/gck/maniladder/maniladder/assets/urdf/penspin/cylinder/pencil-5-7/0000.urdf')>[0m[38;5;159m, material: [38;5;121m<gs.materials.Rigid>[0m[38;5;159m.[0m
[38;5;159m[Genesis] [18:27:03] [INFO] Applying offset to base link's pose with user provided value in morph.[0m
[38;5;159m[Genesis] [18:27:03] [INFO] Preprocessing geom idx [38;5;121m[4m67[0m[38;5;159m.[0m
[38;5;159m[Genesis] [18:27:04] [INFO] Building scene [38;5;121m[3m<cecd022>[0m[38;5;159m...[0m
[38;5;226m[Genesis] [18:27:07] [WARNING] Reference robot position exceeds joint limits.[0m
[38;5;226m[Genesis] [18:27:08] [WARNING] max_collision_pairs 500 is smaller than the theoretical maximal possible pairs 2076, it uses less memory but might lead to missing some collision pairs if there are too many collision pairs[0m
[38;5;159m[Genesis] [18:27:16] [INFO] Compiling simulation kernels...[0m
[38;5;159m[Genesis] [18:27:52] [INFO] Building visualizer...[0m
/data/gck/miniconda3/envs/maniladder/lib/python3.10/site-packages/torch/utils/_device.py:109: UserWarning: The given NumPy array is not writable, and PyTorch does not support non-writable tensors. This means writing to this tensor will result in undefined behavior. You may want to copy the array to protect its data or make it writable before converting it to a tensor. This type of warning will be suppressed for the rest of this program. (Triggered internally at /pytorch/torch/csrc/utils/tensor_numpy.cpp:213.)
  return func(*args, **kwargs)
[38;5;226m[Genesis] [18:27:54] [WARNING] This property is deprecated and will be removed in future release. Please use 'dofs_idx_local' instead.[0m
[38;5;226m[Genesis] [18:27:54] [WARNING] This property is deprecated and will be removed in future release. Please use 'dofs_idx_local' instead.[0m
[38;5;226m[Genesis] [18:27:54] [WARNING] This property is deprecated and will be removed in future release. Please use 'dofs_idx_local' instead.[0m
[38;5;226m[Genesis] [18:27:54] [WARNING] This property is deprecated and will be removed in future release. Please use 'dofs_idx_local' instead.[0m
[38;5;226m[Genesis] [18:27:54] [WARNING] This property is deprecated and will be removed in future release. Please use 'dofs_idx_local' instead.[0m
[38;5;226m[Genesis] [18:27:54] [WARNING] This property is deprecated and will be removed in future release. Please use 'dofs_idx_local' instead.[0m
[38;5;226m[Genesis] [18:27:54] [WARNING] This property is deprecated and will be removed in future release. Please use 'dofs_idx_local' instead.[0m
[38;5;226m[Genesis] [18:27:54] [WARNING] This property is deprecated and will be removed in future release. Please use 'dofs_idx_local' instead.[0m
[38;5;226m[Genesis] [18:27:54] [WARNING] This property is deprecated and will be removed in future release. Please use 'dofs_idx_local' instead.[0m
[38;5;226m[Genesis] [18:27:54] [WARNING] This property is deprecated and will be removed in future release. Please use 'dofs_idx_local' instead.[0m
[38;5;226m[Genesis] [18:27:54] [WARNING] This property is deprecated and will be removed in future release. Please use 'dofs_idx_local' instead.[0m
[38;5;226m[Genesis] [18:27:54] [WARNING] This property is deprecated and will be removed in future release. Please use 'dofs_idx_local' instead.[0m
[38;5;226m[Genesis] [18:27:54] [WARNING] This property is deprecated and will be removed in future release. Please use 'dofs_idx_local' instead.[0m
[38;5;226m[Genesis] [18:27:54] [WARNING] This property is deprecated and will be removed in future release. Please use 'dofs_idx_local' instead.[0m
[38;5;226m[Genesis] [18:27:54] [WARNING] This property is deprecated and will be removed in future release. Please use 'dofs_idx_local' instead.[0m
[38;5;226m[Genesis] [18:27:54] [WARNING] This property is deprecated and will be removed in future release. Please use 'dofs_idx_local' instead.[0m
[38;5;226m[Genesis] [18:27:54] [WARNING] This property is deprecated and will be removed in future release. Please use 'dofs_idx_local' instead.[0m
[38;5;226m[Genesis] [18:27:54] [WARNING] This property is deprecated and will be removed in future release. Please use 'dofs_idx_local' instead.[0m
[38;5;226m[Genesis] [18:27:54] [WARNING] This property is deprecated and will be removed in future release. Please use 'dofs_idx_local' instead.[0m
[38;5;226m[Genesis] [18:27:54] [WARNING] This property is deprecated and will be removed in future release. Please use 'dofs_idx_local' instead.[0m
[38;5;226m[Genesis] [18:27:54] [WARNING] This property is deprecated and will be removed in future release. Please use 'dofs_idx_local' instead.[0m
[38;5;226m[Genesis] [18:27:54] [WARNING] This property is deprecated and will be removed in future release. Please use 'dofs_idx_local' instead.[0m
[38;5;226m[Genesis] [18:27:54] [WARNING] This property is deprecated and will be removed in future release. Please use 'dofs_idx_local' instead.[0m
Action space: Box(-1.0, 1.0, (16,), float32)
Generating 1 orbit video-only demos → /data/gck/maniladder/site/generated_demos/SpinPenHora-v1
[38;5;226m[Genesis] [18:27:59] [WARNING] This property is deprecated and will be removed in future release. Please use 'dofs_idx_local' instead.[0m
[38;5;226m[Genesis] [18:27:59] [WARNING] This property is deprecated and will be removed in future release. Please use 'dofs_idx_local' instead.[0m
[38;5;226m[Genesis] [18:27:59] [WARNING] This property is deprecated and will be removed in future release. Please use 'dofs_idx_local' instead.[0m
[38;5;226m[Genesis] [18:27:59] [WARNING] This property is deprecated and will be removed in future release. Please use 'dofs_idx_local' instead.[0m
[38;5;226m[Genesis] [18:27:59] [WARNING] This property is deprecated and will be removed in future release. Please use 'dofs_idx_local' instead.[0m
[38;5;226m[Genesis] [18:27:59] [WARNING] This property is deprecated and will be removed in future release. Please use 'dofs_idx_local' instead.[0m
[38;5;226m[Genesis] [18:27:59] [WARNING] This property is deprecated and will be removed in future release. Please use 'dofs_idx_local' instead.[0m
[38;5;226m[Genesis] [18:27:59] [WARNING] This property is deprecated and will be removed in future release. Please use 'dofs_idx_local' instead.[0m
[38;5;226m[Genesis] [18:27:59] [WARNING] This property is deprecated and will be removed in future release. Please use 'dofs_idx_local' instead.[0m
[38;5;226m[Genesis] [18:27:59] [WARNING] This property is deprecated and will be removed in future release. Please use 'dofs_idx_local' instead.[0m
[38;5;226m[Genesis] [18:27:59] [WARNING] This property is deprecated and will be removed in future release. Please use 'dofs_idx_local' instead.[0m
[38;5;226m[Genesis] [18:27:59] [WARNING] This property is deprecated and will be removed in future release. Please use 'dofs_idx_local' instead.[0m
[38;5;226m[Genesis] [18:27:59] [WARNING] This property is deprecated and will be removed in future release. Please use 'dofs_idx_local' instead.[0m
[38;5;226m[Genesis] [18:27:59] [WARNING] This property is deprecated and will be removed in future release. Please use 'dofs_idx_local' instead.[0m
[38;5;226m[Genesis] [18:27:59] [WARNING] This property is deprecated and will be removed in future release. Please use 'dofs_idx_local' instead.[0m
[38;5;226m[Genesis] [18:27:59] [WARNING] This property is deprecated and will be removed in future release. Please use 'dofs_idx_local' instead.[0m
  [ep 0/1, attempt 1] step 1/2000  terminated=False  truncated=False
  [ep 0/1, attempt 1] step 101/2000  terminated=False  truncated=False
  [ep 0/1, attempt 1] step 201/2000  terminated=False  truncated=False
  [ep 0/1, attempt 1] step 301/2000  terminated=False  truncated=False
  [ep 0/1, attempt 1] step 401/2000  terminated=False  truncated=False
  [ep 0/1, attempt 1] step 501/2000  terminated=False  truncated=False
  [ep 0/1, attempt 1] step 601/2000  terminated=False  truncated=False
  [ep 0/1, attempt 1] step 701/2000  terminated=False  truncated=False
  [ep 0/1, attempt 1] step 801/2000  terminated=False  truncated=False
  [ep 0/1, attempt 1] step 901/2000  terminated=False  truncated=False
  [ep 0/1, attempt 1] step 1001/2000  terminated=False  truncated=False
  [ep 0/1, attempt 1] step 1101/2000  terminated=False  truncated=False
  [ep 0/1, attempt 1] step 1201/2000  terminated=False  truncated=False
  [ep 0/1, attempt 1] step 1301/2000  terminated=False  truncated=False
  [ep 0/1, attempt 1] step 1401/2000  terminated=False  truncated=False
  [ep 0/1, attempt 1] step 1501/2000  terminated=False  truncated=False
  [ep 0/1, attempt 1] step 1601/2000  terminated=False  truncated=False
  [ep 0/1, attempt 1] step 1701/2000  terminated=False  truncated=False
  [ep 0/1, attempt 1] step 1801/2000  terminated=False  truncated=False
  [ep 0/1, attempt 1] step 1901/2000  terminated=False  truncated=False
  [ep 0/1, attempt 1] step 2000/2000  terminated=False  truncated=True
  [WARNING] Episode 0 attempt 1 truncated without success. Discarding and retrying...
  [Success Rate] overall: 0.0% (0/1) | moving avg (last 1): 0.0%
[38;5;226m[Genesis] [18:35:26] [WARNING] This property is deprecated and will be removed in future release. Please use 'dofs_idx_local' instead.[0m
[38;5;226m[Genesis] [18:35:26] [WARNING] This property is deprecated and will be removed in future release. Please use 'dofs_idx_local' instead.[0m
[38;5;226m[Genesis] [18:35:26] [WARNING] This property is deprecated and will be removed in future release. Please use 'dofs_idx_local' instead.[0m
[38;5;226m[Genesis] [18:35:26] [WARNING] This property is deprecated and will be removed in future release. Please use 'dofs_idx_local' instead.[0m
[38;5;226m[Genesis] [18:35:26] [WARNING] This property is deprecated and will be removed in future release. Please use 'dofs_idx_local' instead.[0m
[38;5;226m[Genesis] [18:35:26] [WARNING] This property is deprecated and will be removed in future release. Please use 'dofs_idx_local' instead.[0m
[38;5;226m[Genesis] [18:35:26] [WARNING] This property is deprecated and will be removed in future release. Please use 'dofs_idx_local' instead.[0m
[38;5;226m[Genesis] [18:35:26] [WARNING] This property is deprecated and will be removed in future release. Please use 'dofs_idx_local' instead.[0m
[38;5;226m[Genesis] [18:35:26] [WARNING] This property is deprecated and will be removed in future release. Please use 'dofs_idx_local' instead.[0m
[38;5;226m[Genesis] [18:35:26] [WARNING] This property is deprecated and will be removed in future release. Please use 'dofs_idx_local' instead.[0m
[38;5;226m[Genesis] [18:35:26] [WARNING] This property is deprecated and will be removed in future release. Please use 'dofs_idx_local' instead.[0m
[38;5;226m[Genesis] [18:35:26] [WARNING] This property is deprecated and will be removed in future release. Please use 'dofs_idx_local' instead.[0m
[38;5;226m[Genesis] [18:35:26] [WARNING] This property is deprecated and will be removed in future release. Please use 'dofs_idx_local' instead.[0m
[38;5;226m[Genesis] [18:35:26] [WARNING] This property is deprecated and will be removed in future release. Please use 'dofs_idx_local' instead.[0m
[38;5;226m[Genesis] [18:35:26] [WARNING] This property is deprecated and will be removed in future release. Please use 'dofs_idx_local' instead.[0m
[38;5;226m[Genesis] [18:35:26] [WARNING] This property is deprecated and will be removed in future release. Please use 'dofs_idx_local' instead.[0m
  [ep 0/1, attempt 2] step 1/2000  terminated=False  truncated=False
  [ep 0/1, attempt 2] step 101/2000  terminated=False  truncated=False
  [ep 0/1, attempt 2] step 201/2000  terminated=False  truncated=False
  [ep 0/1, attempt 2] step 301/2000  terminated=False  truncated=False
  [ep 0/1, attempt 2] step 401/2000  terminated=False  truncated=False
  [ep 0/1, attempt 2] step 501/2000  terminated=False  truncated=False
  [ep 0/1, attempt 2] step 601/2000  terminated=False  truncated=False
  [ep 0/1, attempt 2] step 701/2000  terminated=False  truncated=False
  [ep 0/1, attempt 2] step 801/2000  terminated=False  truncated=False
  [ep 0/1, attempt 2] step 901/2000  terminated=False  truncated=False
  [ep 0/1, attempt 2] step 1001/2000  terminated=False  truncated=False
  [ep 0/1, attempt 2] step 1101/2000  terminated=False  truncated=False
  [ep 0/1, attempt 2] step 1201/2000  terminated=False  truncated=False
  [ep 0/1, attempt 2] step 1301/2000  terminated=False  truncated=False
  [ep 0/1, attempt 2] step 1401/2000  terminated=False  truncated=False
  [ep 0/1, attempt 2] step 1501/2000  terminated=False  truncated=False
  [ep 0/1, attempt 2] step 1601/2000  terminated=False  truncated=False
  [ep 0/1, attempt 2] step 1701/2000  terminated=False  truncated=False
  [ep 0/1, attempt 2] step 1801/2000  terminated=False  truncated=False
  [ep 0/1, attempt 2] step 1901/2000  terminated=False  truncated=False
  [ep 0/1, attempt 2] step 2000/2000  terminated=False  truncated=True
  [WARNING] Episode 0 attempt 2 truncated without success. Discarding and retrying...
  [Success Rate] overall: 0.0% (0/2) | moving avg (last 2): 0.0%
[38;5;226m[Genesis] [18:38:35] [WARNING] This property is deprecated and will be removed in future release. Please use 'dofs_idx_local' instead.[0m
[38;5;226m[Genesis] [18:38:35] [WARNING] This property is deprecated and will be removed in future release. Please use 'dofs_idx_local' instead.[0m
[38;5;226m[Genesis] [18:38:36] [WARNING] This property is deprecated and will be removed in future release. Please use 'dofs_idx_local' instead.[0m
[38;5;226m[Genesis] [18:38:36] [WARNING] This property is deprecated and will be removed in future release. Please use 'dofs_idx_local' instead.[0m
[38;5;226m[Genesis] [18:38:36] [WARNING] This property is deprecated and will be removed in future release. Please use 'dofs_idx_local' instead.[0m
[38;5;226m[Genesis] [18:38:36] [WARNING] This property is deprecated and will be removed in future release. Please use 'dofs_idx_local' instead.[0m
[38;5;226m[Genesis] [18:38:36] [WARNING] This property is deprecated and will be removed in future release. Please use 'dofs_idx_local' instead.[0m
[38;5;226m[Genesis] [18:38:36] [WARNING] This property is deprecated and will be removed in future release. Please use 'dofs_idx_local' instead.[0m
[38;5;226m[Genesis] [18:38:36] [WARNING] This property is deprecated and will be removed in future release. Please use 'dofs_idx_local' instead.[0m
[38;5;226m[Genesis] [18:38:36] [WARNING] This property is deprecated and will be removed in future release. Please use 'dofs_idx_local' instead.[0m
[38;5;226m[Genesis] [18:38:36] [WARNING] This property is deprecated and will be removed in future release. Please use 'dofs_idx_local' instead.[0m
[38;5;226m[Genesis] [18:38:36] [WARNING] This property is deprecated and will be removed in future release. Please use 'dofs_idx_local' instead.[0m
[38;5;226m[Genesis] [18:38:36] [WARNING] This property is deprecated and will be removed in future release. Please use 'dofs_idx_local' instead.[0m
[38;5;226m[Genesis] [18:38:36] [WARNING] This property is deprecated and will be removed in future release. Please use 'dofs_idx_local' instead.[0m
[38;5;226m[Genesis] [18:38:36] [WARNING] This property is deprecated and will be removed in future release. Please use 'dofs_idx_local' instead.[0m
[38;5;226m[Genesis] [18:38:36] [WARNING] This property is deprecated and will be removed in future release. Please use 'dofs_idx_local' instead.[0m
  [ep 0/1, attempt 3] step 1/2000  terminated=False  truncated=False
  [ep 0/1, attempt 3] step 101/2000  terminated=False  truncated=False
  [ep 0/1, attempt 3] step 201/2000  terminated=False  truncated=False
  [ep 0/1, attempt 3] step 301/2000  terminated=False  truncated=False
  [ep 0/1, attempt 3] step 401/2000  terminated=False  truncated=False
  [ep 0/1, attempt 3] step 501/2000  terminated=False  truncated=False
  [ep 0/1, attempt 3] step 601/2000  terminated=False  truncated=False
  [ep 0/1, attempt 3] step 701/2000  terminated=False  truncated=False
  [ep 0/1, attempt 3] step 801/2000  terminated=False  truncated=False
  [ep 0/1, attempt 3] step 901/2000  terminated=False  truncated=False
  [ep 0/1, attempt 3] step 1001/2000  terminated=False  truncated=False
  [ep 0/1, attempt 3] step 1101/2000  terminated=False  truncated=False
  [ep 0/1, attempt 3] step 1201/2000  terminated=False  truncated=False
  [ep 0/1, attempt 3] step 1301/2000  terminated=False  truncated=False
  [ep 0/1, attempt 3] step 1401/2000  terminated=False  truncated=False
  [ep 0/1, attempt 3] step 1501/2000  terminated=False  truncated=False
  [ep 0/1, attempt 3] step 1601/2000  terminated=False  truncated=False
  [ep 0/1, attempt 3] step 1701/2000  terminated=False  truncated=False
  [ep 0/1, attempt 3] step 1801/2000  terminated=False  truncated=False
  [ep 0/1, attempt 3] step 1901/2000  terminated=False  truncated=False
  [ep 0/1, attempt 3] step 2000/2000  terminated=False  truncated=True
  [WARNING] Episode 0 attempt 3 truncated without success. Discarding and retrying...
  [Success Rate] overall: 0.0% (0/3) | moving avg (last 3): 0.0%
[38;5;226m[Genesis] [18:40:30] [WARNING] This property is deprecated and will be removed in future release. Please use 'dofs_idx_local' instead.[0m
[38;5;226m[Genesis] [18:40:30] [WARNING] This property is deprecated and will be removed in future release. Please use 'dofs_idx_local' instead.[0m
[38;5;226m[Genesis] [18:40:30] [WARNING] This property is deprecated and will be removed in future release. Please use 'dofs_idx_local' instead.[0m
[38;5;226m[Genesis] [18:40:30] [WARNING] This property is deprecated and will be removed in future release. Please use 'dofs_idx_local' instead.[0m
[38;5;226m[Genesis] [18:40:30] [WARNING] This property is deprecated and will be removed in future release. Please use 'dofs_idx_local' instead.[0m
[38;5;226m[Genesis] [18:40:30] [WARNING] This property is deprecated and will be removed in future release. Please use 'dofs_idx_local' instead.[0m
[38;5;226m[Genesis] [18:40:30] [WARNING] This property is deprecated and will be removed in future release. Please use 'dofs_idx_local' instead.[0m
[38;5;226m[Genesis] [18:40:30] [WARNING] This property is deprecated and will be removed in future release. Please use 'dofs_idx_local' instead.[0m
[38;5;226m[Genesis] [18:40:30] [WARNING] This property is deprecated and will be removed in future release. Please use 'dofs_idx_local' instead.[0m
[38;5;226m[Genesis] [18:40:30] [WARNING] This property is deprecated and will be removed in future release. Please use 'dofs_idx_local' instead.[0m
[38;5;226m[Genesis] [18:40:30] [WARNING] This property is deprecated and will be removed in future release. Please use 'dofs_idx_local' instead.[0m
[38;5;226m[Genesis] [18:40:30] [WARNING] This property is deprecated and will be removed in future release. Please use 'dofs_idx_local' instead.[0m
[38;5;226m[Genesis] [18:40:30] [WARNING] This property is deprecated and will be removed in future release. Please use 'dofs_idx_local' instead.[0m
[38;5;226m[Genesis] [18:40:30] [WARNING] This property is deprecated and will be removed in future release. Please use 'dofs_idx_local' instead.[0m
[38;5;226m[Genesis] [18:40:30] [WARNING] This property is deprecated and will be removed in future release. Please use 'dofs_idx_local' instead.[0m
[38;5;226m[Genesis] [18:40:30] [WARNING] This property is deprecated and will be removed in future release. Please use 'dofs_idx_local' instead.[0m

[TIMEOUT] exceeded --task_timeout_sec=900.0
