[38;5;159m[Genesis] [18:15:28] [INFO] [38;5;121m╭───────────────────────────────────────────────╮[0m[38;5;159m[0m
[38;5;159m[Genesis] [18:15:28] [INFO] [38;5;121m│┈┉┈┉┈┉┈┉┈┉┈┉┈┉┈┉┈┉┈[0m[38;5;159m [38;5;121m[1m[3mGenesis[0m[38;5;159m [38;5;121m┈┉┈┉┈┉┈┉┈┉┈┉┈┉┈┉┈┉┈│[0m[38;5;159m[0m
[38;5;159m[Genesis] [18:15:28] [INFO] [38;5;121m╰───────────────────────────────────────────────╯[0m[38;5;159m[0m
[38;5;159m[Genesis] [18:15:29] [INFO] Running on [38;5;121m[4m[NVIDIA A100-SXM4-80GB][0m[38;5;159m with backend [38;5;121m[4mgs.cuda[0m[38;5;159m. Device memory: [38;5;121m[4m79.25[0m[38;5;159m GB.[0m
[38;5;159m[Genesis] [18:15:29] [INFO] 🚀 Genesis initialized. 🔖 version: [38;5;121m[4m0.3.6[0m[38;5;159m, 🎨 theme: [38;5;121m[4mdark[0m[38;5;159m, 🌱 seed: [38;5;121m[4mNone[0m[38;5;159m, 🐛 debug: [38;5;121m[4mFalse[0m[38;5;159m, 📏 precision: [38;5;121m[4m32[0m[38;5;159m, 🏎️ performance: [38;5;121m[4mFalse[0m[38;5;159m, 💬 verbose: [38;5;121m[4mINFO[0m[38;5;159m[0m
[38;5;159m[Genesis] [18:15:32] [INFO] Scene [38;5;121m[3m<48d66d3>[0m[38;5;159m created.[0m
[38;5;159m[Genesis] [18:15:32] [INFO] Adding [38;5;121m<gs.RigidEntity>[0m[38;5;159m. idx: [38;5;121m0[0m[38;5;159m, uid: [38;5;121m[3m<b3aa310>[0m[38;5;159m, morph: [38;5;121m<gs.morphs.MJCF(file='/data/gck/maniladder/maniladder/assets/xml/franka_emika_panda/panda.xml')>[0m[38;5;159m, material: [38;5;121m<gs.materials.Rigid>[0m[38;5;159m.[0m
[38;5;226m[Genesis] [18:15:32] [WARNING] (MJCF) Approximating tendon by joint actuator for `finger_joint1`[0m
[38;5;226m[Genesis] [18:15:32] [WARNING] (MJCF) Actuator control gain and bias parameters cannot be reduced to a unique PD control position gain. Using max between gain and bias for joint `finger_joint1`.[0m
[38;5;226m[Genesis] [18:15:32] [WARNING] (MJCF) Approximating tendon by joint actuator for `finger_joint2`[0m
[38;5;226m[Genesis] [18:15:32] [WARNING] (MJCF) Actuator control gain and bias parameters cannot be reduced to a unique PD control position gain. Using max between gain and bias for joint `finger_joint2`.[0m
[38;5;159m[Genesis] [18:15:32] [INFO] Applying offset to base link's pose with user provided value in morph.[0m
[38;5;159m[Genesis] [18:15:32] [INFO] Adding [38;5;121m<gs.RigidEntity>[0m[38;5;159m. idx: [38;5;121m1[0m[38;5;159m, uid: [38;5;121m[3m<e1b594e>[0m[38;5;159m, morph: [38;5;121m<gs.morphs.Mesh(file='/data/gck/maniladder/maniladder/assets/models/table.glb')>[0m[38;5;159m, material: [38;5;121m<gs.materials.Rigid>[0m[38;5;159m.[0m
[38;5;226m[Genesis] [18:15:32] [WARNING] GLTF is using y-up while Genesis uses z-up. Please set parse_glb_with_zup=True in morph options if you find the mesh is 90-degree rotated. We will set parse_glb_with_zup=True and rotate glb mesh by default later and gradually enforce this option.[0m
/data/gck/miniconda3/envs/maniladder/lib/python3.10/site-packages/pygltflib/__init__.py:830: UserWarning: pygltflib currently does not remove image data from the buffer when converting to data uri.Please open an issue at https://gitlab.com/dodgyville/pygltflib/issues
  warnings.warn("pygltflib currently does not remove image data "
[38;5;159m[Genesis] [18:15:33] [INFO] Adding [38;5;121m<gs.RigidEntity>[0m[38;5;159m. idx: [38;5;121m2[0m[38;5;159m, uid: [38;5;121m[3m<50abb3c>[0m[38;5;159m, morph: [38;5;121m<gs.morphs.Box>[0m[38;5;159m, material: [38;5;121m<gs.materials.Rigid>[0m[38;5;159m.[0m
[38;5;159m[Genesis] [18:15:33] [INFO] Adding [38;5;121m<gs.RigidEntity>[0m[38;5;159m. idx: [38;5;121m3[0m[38;5;159m, uid: [38;5;121m[3m<d052cad>[0m[38;5;159m, morph: [38;5;121m<gs.morphs.Plane>[0m[38;5;159m, material: [38;5;121m<gs.materials.Rigid>[0m[38;5;159m.[0m
[38;5;159m[Genesis] [18:15:33] [INFO] Adding [38;5;121m<gs.RigidEntity>[0m[38;5;159m. idx: [38;5;121m4[0m[38;5;159m, uid: [38;5;121m[3m<d017982>[0m[38;5;159m, morph: [38;5;121m<gs.morphs.Box>[0m[38;5;159m, material: [38;5;121m<gs.materials.Rigid>[0m[38;5;159m.[0m
[38;5;159m[Genesis] [18:15:33] [INFO] Adding [38;5;121m<gs.RigidEntity>[0m[38;5;159m. idx: [38;5;121m5[0m[38;5;159m, uid: [38;5;121m[3m<236fd9a>[0m[38;5;159m, morph: [38;5;121m<gs.morphs.Box>[0m[38;5;159m, material: [38;5;121m<gs.materials.Rigid>[0m[38;5;159m.[0m
[38;5;159m[Genesis] [18:15:33] [INFO] Adding [38;5;121m<gs.RigidEntity>[0m[38;5;159m. idx: [38;5;121m6[0m[38;5;159m, uid: [38;5;121m[3m<70c6a13>[0m[38;5;159m, morph: [38;5;121m<gs.morphs.Box>[0m[38;5;159m, material: [38;5;121m<gs.materials.Rigid>[0m[38;5;159m.[0m
[38;5;159m[Genesis] [18:15:33] [INFO] Adding [38;5;121m<gs.MPMEntity>[0m[38;5;159m. idx: [38;5;121m7[0m[38;5;159m, uid: [38;5;121m[3m<d3ec909>[0m[38;5;159m, morph: [38;5;121m<gs.morphs.Box>[0m[38;5;159m, material: [38;5;121m<gs.materials.MPM.ElastoPlastic>[0m[38;5;159m.[0m
[38;5;159m[Genesis] [18:15:33] [INFO] Sampling particles with [38;5;121mpbs-32[0m[38;5;159m sampler and generating `.ptc` file:[0m
[38;5;159m[Genesis] [18:15:43] [INFO] Sampled [38;5;121m[4m2,683[0m[38;5;159m particles.[0m
[38;5;159m[Genesis] [18:15:43] [INFO] Adding [38;5;121m<gs.RigidEntity>[0m[38;5;159m. idx: [38;5;121m8[0m[38;5;159m, uid: [38;5;121m[3m<d7c445e>[0m[38;5;159m, morph: [38;5;121m<gs.morphs.Mesh(file='/data/gck/maniladder/maniladder/assets/meshes/deformable/stamp.obj')>[0m[38;5;159m, material: [38;5;121m<gs.materials.Rigid>[0m[38;5;159m.[0m
[38;5;159m[Genesis] [18:15:43] [INFO] Convex hull is not accurate enough for collision detection (1.118). Falling back to more expensive convex decomposition (see FileMorph options).[0m
[38;5;159m[Genesis] [18:15:43] [INFO] Preprocessing geom idx [38;5;121m[4m25[0m[38;5;159m.[0m
[38;5;159m[Genesis] [18:15:43] [INFO] Preprocessing geom idx [38;5;121m[4m26[0m[38;5;159m.[0m
[38;5;159m[Genesis] [18:15:43] [INFO] Preprocessing geom idx [38;5;121m[4m27[0m[38;5;159m.[0m
[38;5;159m[Genesis] [18:15:44] [INFO] Preprocessing geom idx [38;5;121m[4m28[0m[38;5;159m.[0m
[38;5;159m[Genesis] [18:15:44] [INFO] Preprocessing geom idx [38;5;121m[4m29[0m[38;5;159m.[0m
[38;5;159m[Genesis] [18:15:44] [INFO] Adding [38;5;121m<gs.RigidEntity>[0m[38;5;159m. idx: [38;5;121m9[0m[38;5;159m, uid: [38;5;121m[3m<c5b2a25>[0m[38;5;159m, morph: [38;5;121m<gs.morphs.Mesh(file='/data/gck/maniladder/maniladder/assets/meshes/deformable/roller.obj')>[0m[38;5;159m, material: [38;5;121m<gs.materials.Rigid>[0m[38;5;159m.[0m
[38;5;159m[Genesis] [18:15:44] [INFO] Convex hull is not accurate enough for collision detection (1.269). Falling back to more expensive convex decomposition (see FileMorph options).[0m
[38;5;159m[Genesis] [18:15:44] [INFO] Running convex decomposition.[0m
[2026-06-16 18:15:44.649] [CoACD] [info] threshold               0.1
[2026-06-16 18:15:44.650] [CoACD] [info] max # convex hull       -1
[2026-06-16 18:15:44.650] [CoACD] [info] preprocess mode         auto
[2026-06-16 18:15:44.650] [CoACD] [info] preprocess resolution   30
[2026-06-16 18:15:44.650] [CoACD] [info] pca                     false
[2026-06-16 18:15:44.650] [CoACD] [info] mcts max depth          3
[2026-06-16 18:15:44.650] [CoACD] [info] mcts nodes              20
[2026-06-16 18:15:44.650] [CoACD] [info] mcts iterations         100
[2026-06-16 18:15:44.650] [CoACD] [info] merge                   true
[2026-06-16 18:15:44.650] [CoACD] [info] decimate                false
[2026-06-16 18:15:44.650] [CoACD] [info] max_ch_vertex           256
[2026-06-16 18:15:44.650] [CoACD] [info] extrude                 false
[2026-06-16 18:15:44.650] [CoACD] [info] extrude margin          0.1
[2026-06-16 18:15:44.650] [CoACD] [info] approximate mode        ch
[2026-06-16 18:15:44.650] [CoACD] [info] seed                    0
[2026-06-16 18:15:44.650] [CoACD] [info]  - Manifold Check
[2026-06-16 18:15:44.659] [CoACD] [info] 	Unclosed mesh
[2026-06-16 18:15:44.659] [CoACD] [info] Manifold Check Time: 0.008064s
[2026-06-16 18:15:44.661] [CoACD] [info] Mesh Manifoldness: false
[2026-06-16 18:15:44.661] [CoACD] [info]  - Preprocess
[2026-06-16 18:15:44.662] [CoACD] [info] Preprocess resolution: 30
[2026-06-16 18:15:45.152] [CoACD] [info] Preprocess Time: 23.742962s
[2026-06-16 18:15:45.153] [CoACD] [info] # Points: 5696
[2026-06-16 18:15:45.153] [CoACD] [info] # Triangles: 11396
[2026-06-16 18:15:45.153] [CoACD] [info]  - Decomposition (MCTS)
[2026-06-16 18:15:45.153] [CoACD] [info] iter 0 ---- waiting pool: 1
[2026-06-16 18:15:45.155] [CoACD] [info] Processing [0.0%]
[2026-06-16 18:15:47.411] [CoACD] [info] Processing [100.0%]
[2026-06-16 18:15:47.411] [CoACD] [info] iter 1 ---- waiting pool: 2
[2026-06-16 18:15:47.412] [CoACD] [info] Processing [0.0%]
[2026-06-16 18:15:47.412] [CoACD] [info] Processing [50.0%]
[2026-06-16 18:15:49.174] [CoACD] [info] Processing [100.0%]
[2026-06-16 18:15:49.174] [CoACD] [info] iter 2 ---- waiting pool: 2
[2026-06-16 18:15:49.174] [CoACD] [info] Processing [50.0%]
[2026-06-16 18:15:49.174] [CoACD] [info] Processing [0.0%]
[2026-06-16 18:15:49.191] [CoACD] [info] Processing [100.0%]
[2026-06-16 18:15:49.191] [CoACD] [info]  - Merge Convex Hulls
[2026-06-16 18:15:49.314] [CoACD] [info] Compute Time: 4.161721327342093s
[2026-06-16 18:15:49.314] [CoACD] [info] # Convex Hulls: 3
[38;5;159m[Genesis] [18:15:49] [INFO] Preprocessing geom idx [38;5;121m[4m30[0m[38;5;159m.[0m
[38;5;159m[Genesis] [18:15:49] [INFO] Preprocessing geom idx [38;5;121m[4m31[0m[38;5;159m.[0m
[38;5;159m[Genesis] [18:15:49] [INFO] Preprocessing geom idx [38;5;121m[4m32[0m[38;5;159m.[0m
[38;5;159m[Genesis] [18:15:50] [INFO] Adding [38;5;121m<gs.RigidEntity>[0m[38;5;159m. idx: [38;5;121m10[0m[38;5;159m, uid: [38;5;121m[3m<5735287>[0m[38;5;159m, morph: [38;5;121m<gs.morphs.Cylinder>[0m[38;5;159m, material: [38;5;121m<gs.materials.Rigid>[0m[38;5;159m.[0m
[38;5;159m[Genesis] [18:15:50] [INFO] Building scene [38;5;121m[3m<48d66d3>[0m[38;5;159m...[0m
[38;5;226m[Genesis] [18:15:53] [WARNING] Reference robot position exceeds joint limits.[0m
[38;5;226m[Genesis] [18:15:56] [WARNING] max_collision_pairs 300 is smaller than the theoretical maximal possible pairs 455, it uses less memory but might lead to missing some collision pairs if there are too many collision pairs[0m
[38;5;159m[Genesis] [18:16:05] [INFO] Compiling simulation kernels...[0m
[38;5;159m[Genesis] [18:16:51] [INFO] Building visualizer...[0m
/data/gck/miniconda3/envs/maniladder/lib/python3.10/site-packages/torch/utils/_device.py:109: UserWarning: The given NumPy array is not writable, and PyTorch does not support non-writable tensors. This means writing to this tensor will result in undefined behavior. You may want to copy the array to protect its data or make it writable before converting it to a tensor. This type of warning will be suppressed for the rest of this program. (Triggered internally at /pytorch/torch/csrc/utils/tensor_numpy.cpp:213.)
  return func(*args, **kwargs)

[TIMEOUT] exceeded --task_timeout_sec=900.0
